<?xml version="1.0" encoding="UTF-8"?>
<!-- Generated by org.testng.reporters.JUnitReportReporter -->
<testsuite skipped="0" hostname="CLT-WIN-11717" name="tests_workroom_collaborate.DownloadSummarySchedulersPDF" tests="5" failures="0" timestamp="2021-05-21T07:33:28 EDT" time="52.402" errors="1">
  <testcase name="home_Page_Redirect" time="2.352" classname="tests_workroom_collaborate.DownloadSummarySchedulersPDF"/>
  <testcase name="login" time="5.790" classname="tests_workroom_collaborate.DownloadSummarySchedulersPDF"/>
  <testcase name="admin_Navigates_To_Schedulers" time="9.396" classname="tests_workroom_collaborate.DownloadSummarySchedulersPDF"/>
  <testcase name="view_Schedulers_Reponses_As_Admin" time="5.719" classname="tests_workroom_collaborate.DownloadSummarySchedulersPDF"/>
  <testcase name="download_Schedulers_As_PDF" time="29.145" classname="tests_workroom_collaborate.DownloadSummarySchedulersPDF">
    <error type="org.openqa.selenium.TimeoutException" message="Expected condition failed: waiting for at least one condition to be valid: element to be clickable: By.xpath: //a[@id=&#039;download_report_button&#039;] (tried for 25 second(s) with 600 milliseconds interval)
Build info: version: &#039;3.141.59&#039;, revision: &#039;e82be7d358&#039;, time: &#039;2018-11-14T08:17:03&#039;
System info: host: &#039;CLT-WIN-11717&#039;, ip: &#039;172.23.74.52&#039;, os.name: &#039;Windows 10&#039;, os.arch: &#039;amd64&#039;, os.version: &#039;10.0&#039;, java.version: &#039;1.8.0_211&#039;
Driver info: driver.version: unknown">
      <![CDATA[org.openqa.selenium.TimeoutException: Expected condition failed: waiting for at least one condition to be valid: element to be clickable: By.xpath: //a[@id='download_report_button'] (tried for 25 second(s) with 600 milliseconds interval)
Build info: version: '3.141.59', revision: 'e82be7d358', time: '2018-11-14T08:17:03'
System info: host: 'CLT-WIN-11717', ip: '172.23.74.52', os.name: 'Windows 10', os.arch: 'amd64', os.version: '10.0', java.version: '1.8.0_211'
Driver info: driver.version: unknown
at org.openqa.selenium.support.ui.FluentWait.timeoutException(FluentWait.java:304)
at org.openqa.selenium.support.ui.FluentWait.until(FluentWait.java:272)
at page_survey.SurveyPage.verify_Download_Report_Btn(SurveyPage.java:2858)
at page_survey.SurveyPage.switch_Tab_Verify_Job_Progress_Download_Btn(SurveyPage.java:2866)
at page_survey.SurveyPage.download_Schedulers_As_PDF(SurveyPage.java:2875)
at tests_workroom_collaborate.DownloadSummarySchedulersPDF.download_Schedulers_As_PDF(DownloadSummarySchedulersPDF.java:45)
at sun.reflect.NativeMethodAccessorImpl.invoke0(Native Method)
at sun.reflect.NativeMethodAccessorImpl.invoke(Unknown Source)
at sun.reflect.DelegatingMethodAccessorImpl.invoke(Unknown Source)
at java.lang.reflect.Method.invoke(Unknown Source)
at org.testng.internal.MethodInvocationHelper.invokeMethod(MethodInvocationHelper.java:133)
at org.testng.internal.TestInvoker.invokeMethod(TestInvoker.java:584)
at org.testng.internal.TestInvoker.invokeTestMethod(TestInvoker.java:172)
at org.testng.internal.MethodRunner.runInSequence(MethodRunner.java:46)
at org.testng.internal.TestInvoker$MethodInvocationAgent.invoke(TestInvoker.java:804)
at org.testng.internal.TestInvoker.invokeTestMethods(TestInvoker.java:145)
at org.testng.internal.TestMethodWorker.invokeTestMethods(TestMethodWorker.java:146)
at org.testng.internal.TestMethodWorker.run(TestMethodWorker.java:128)
at java.util.ArrayList.forEach(Unknown Source)
at org.testng.TestRunner.privateRun(TestRunner.java:770)
at org.testng.TestRunner.run(TestRunner.java:591)
at org.testng.SuiteRunner.runTest(SuiteRunner.java:402)
at org.testng.SuiteRunner.runSequentially(SuiteRunner.java:396)
at org.testng.SuiteRunner.privateRun(SuiteRunner.java:355)
at org.testng.SuiteRunner.run(SuiteRunner.java:304)
at org.testng.SuiteRunnerWorker.runSuite(SuiteRunnerWorker.java:53)
at org.testng.SuiteRunnerWorker.run(SuiteRunnerWorker.java:96)
at org.testng.TestNG.runSuitesSequentially(TestNG.java:1180)
at org.testng.TestNG.runSuitesLocally(TestNG.java:1102)
at org.testng.TestNG.runSuites(TestNG.java:1032)
at org.testng.TestNG.run(TestNG.java:1000)
at org.testng.remote.AbstractRemoteTestNG.run(AbstractRemoteTestNG.java:115)
at org.testng.remote.RemoteTestNG.initAndRun(RemoteTestNG.java:251)
at org.testng.remote.RemoteTestNG.main(RemoteTestNG.java:77)
]]>
    </error>
  </testcase> <!-- download_Schedulers_As_PDF -->
</testsuite> <!-- tests_workroom_collaborate.DownloadSummarySchedulersPDF -->
