<?xml version="1.0" encoding="UTF-8"?>
<!-- Generated by org.testng.reporters.JUnitReportReporter -->
<testsuite skipped="0" hostname="CLT-WIN-11717" name="tests_workroom_library.CreateBookAddBadFile" tests="11" failures="0" timestamp="2021-05-04T12:19:35 EDT" time="83.324" errors="1">
  <testcase name="autoUser_login" time="4.581" classname="tests_workroom_library.CreateBookAddBadFile"/>
  <testcase name="user_Can_Open_Library_Page_For_Workroom" time="7.899" classname="tests_workroom_library.CreateBookAddBadFile"/>
  <testcase name="user_Can_Create_Book_And_Add_Title" time="4.273" classname="tests_workroom_library.CreateBookAddBadFile"/>
  <testcase name="user_Can_Add_Cover_Page" time="4.970" classname="tests_workroom_library.CreateBookAddBadFile"/>
  <testcase name="user_Can_Add_Agenda" time="2.484" classname="tests_workroom_library.CreateBookAddBadFile"/>
  <testcase name="user_Can_Save_Book_And_Continue" time="2.981" classname="tests_workroom_library.CreateBookAddBadFile"/>
  <testcase name="user_Add_First_Catagory_To_Book" time="6.907" classname="tests_workroom_library.CreateBookAddBadFile"/>
  <testcase name="add_Bad_File_Verify_Error_Message" time="16.496" classname="tests_workroom_library.CreateBookAddBadFile"/>
  <testcase name="delete_Archived_Meeting_Book" time="14.396" classname="tests_workroom_library.CreateBookAddBadFile"/>
  <testcase name="delete_Copied_Archived_Meeting_Book" time="5.115" classname="tests_workroom_library.CreateBookAddBadFile">
    <error type="org.openqa.selenium.NoSuchElementException" message="no such element: Unable to locate element: {&quot;method&quot;:&quot;xpath&quot;,&quot;selector&quot;:&quot;//a[contains(text(),&#039;This is a Book Title&#039;)]/following::div[@class=&#039;dropdown header-actions&#039;]&quot;}
  (Session info: chrome=90.0.4430.93)
For documentation on this error, please visit: https://www.seleniumhq.org/exceptions/no_such_element.html
Build info: version: &#039;3.141.59&#039;, revision: &#039;e82be7d358&#039;, time: &#039;2018-11-14T08:17:03&#039;
System info: host: &#039;CLT-WIN-11717&#039;, ip: &#039;172.23.74.203&#039;, os.name: &#039;Windows 10&#039;, os.arch: &#039;amd64&#039;, os.version: &#039;10.0&#039;, java.version: &#039;1.8.0_211&#039;
Driver info: org.openqa.selenium.remote.RemoteWebDriver
Capabilities {acceptInsecureCerts: false, browserName: chrome, browserVersion: 90.0.4430.93, chrome: {chromedriverVersion: 89.0.4389.23 (61b08ee2c5002..., userDataDir: C:\Users\QATEST~1\AppData\L...}, goog:chromeOptions: {debuggerAddress: localhost:53673}, javascriptEnabled: true, networkConnectionEnabled: false, pageLoadStrategy: normal, platform: WINDOWS, platformName: WINDOWS, proxy: Proxy(), setWindowRect: true, strictFileInteractability: false, timeouts: {implicit: 0, pageLoad: 300000, script: 30000}, unhandledPromptBehavior: dismiss and notify, webauthn:extension:largeBlob: true, webauthn:virtualAuthenticators: true, webdriver.remote.sessionid: ece2569a3262ce38a22b6e3e54e...}
Session ID: ece2569a3262ce38a22b6e3e54e47269
*** Element info: {Using=xpath, value=//a[contains(text(),&#039;This is a Book Title&#039;)]/following::div[@class=&#039;dropdown header-actions&#039;]}">
      <![CDATA[org.openqa.selenium.NoSuchElementException: no such element: Unable to locate element: {"method":"xpath","selector":"//a[contains(text(),'This is a Book Title')]/following::div[@class='dropdown header-actions']"}
  (Session info: chrome=90.0.4430.93)
For documentation on this error, please visit: https://www.seleniumhq.org/exceptions/no_such_element.html
Build info: version: '3.141.59', revision: 'e82be7d358', time: '2018-11-14T08:17:03'
System info: host: 'CLT-WIN-11717', ip: '172.23.74.203', os.name: 'Windows 10', os.arch: 'amd64', os.version: '10.0', java.version: '1.8.0_211'
Driver info: org.openqa.selenium.remote.RemoteWebDriver
Capabilities {acceptInsecureCerts: false, browserName: chrome, browserVersion: 90.0.4430.93, chrome: {chromedriverVersion: 89.0.4389.23 (61b08ee2c5002..., userDataDir: C:\Users\QATEST~1\AppData\L...}, goog:chromeOptions: {debuggerAddress: localhost:53673}, javascriptEnabled: true, networkConnectionEnabled: false, pageLoadStrategy: normal, platform: WINDOWS, platformName: WINDOWS, proxy: Proxy(), setWindowRect: true, strictFileInteractability: false, timeouts: {implicit: 0, pageLoad: 300000, script: 30000}, unhandledPromptBehavior: dismiss and notify, webauthn:extension:largeBlob: true, webauthn:virtualAuthenticators: true, webdriver.remote.sessionid: ece2569a3262ce38a22b6e3e54e...}
Session ID: ece2569a3262ce38a22b6e3e54e47269
*** Element info: {Using=xpath, value=//a[contains(text(),'This is a Book Title')]/following::div[@class='dropdown header-actions']}
at sun.reflect.NativeConstructorAccessorImpl.newInstance0(Native Method)
at sun.reflect.NativeConstructorAccessorImpl.newInstance(Unknown Source)
at sun.reflect.DelegatingConstructorAccessorImpl.newInstance(Unknown Source)
at java.lang.reflect.Constructor.newInstance(Unknown Source)
at org.openqa.selenium.remote.http.W3CHttpResponseCodec.createException(W3CHttpResponseCodec.java:187)
at org.openqa.selenium.remote.http.W3CHttpResponseCodec.decode(W3CHttpResponseCodec.java:122)
at org.openqa.selenium.remote.http.W3CHttpResponseCodec.decode(W3CHttpResponseCodec.java:49)
at org.openqa.selenium.remote.HttpCommandExecutor.execute(HttpCommandExecutor.java:158)
at org.openqa.selenium.remote.RemoteWebDriver.execute(RemoteWebDriver.java:552)
at org.openqa.selenium.remote.RemoteWebDriver.findElement(RemoteWebDriver.java:323)
at org.openqa.selenium.remote.RemoteWebDriver.findElementByXPath(RemoteWebDriver.java:428)
at org.openqa.selenium.By$ByXPath.findElement(By.java:353)
at org.openqa.selenium.remote.RemoteWebDriver.findElement(RemoteWebDriver.java:315)
at page_workroom_library.BookPage.click_Book_Dropdown(BookPage.java:1792)
at page_workroom_library.BookPage.delete_Archived_Meeting_Book(BookPage.java:1927)
at tests_workroom_library.CreateBookAddBadFile.delete_Copied_Archived_Meeting_Book(CreateBookAddBadFile.java:90)
at sun.reflect.NativeMethodAccessorImpl.invoke0(Native Method)
at sun.reflect.NativeMethodAccessorImpl.invoke(Unknown Source)
at sun.reflect.DelegatingMethodAccessorImpl.invoke(Unknown Source)
at java.lang.reflect.Method.invoke(Unknown Source)
at org.testng.internal.MethodInvocationHelper.invokeMethod(MethodInvocationHelper.java:133)
at org.testng.internal.TestInvoker.invokeMethod(TestInvoker.java:584)
at org.testng.internal.TestInvoker.invokeTestMethod(TestInvoker.java:172)
at org.testng.internal.MethodRunner.runInSequence(MethodRunner.java:46)
at org.testng.internal.TestInvoker$MethodInvocationAgent.invoke(TestInvoker.java:804)
at org.testng.internal.TestInvoker.invokeTestMethods(TestInvoker.java:145)
at org.testng.internal.TestMethodWorker.invokeTestMethods(TestMethodWorker.java:146)
at org.testng.internal.TestMethodWorker.run(TestMethodWorker.java:128)
at java.util.ArrayList.forEach(Unknown Source)
at org.testng.TestRunner.privateRun(TestRunner.java:770)
at org.testng.TestRunner.run(TestRunner.java:591)
at org.testng.SuiteRunner.runTest(SuiteRunner.java:402)
at org.testng.SuiteRunner.runSequentially(SuiteRunner.java:396)
at org.testng.SuiteRunner.privateRun(SuiteRunner.java:355)
at org.testng.SuiteRunner.run(SuiteRunner.java:304)
at org.testng.SuiteRunnerWorker.runSuite(SuiteRunnerWorker.java:53)
at org.testng.SuiteRunnerWorker.run(SuiteRunnerWorker.java:96)
at org.testng.TestNG.runSuitesSequentially(TestNG.java:1180)
at org.testng.TestNG.runSuitesLocally(TestNG.java:1102)
at org.testng.TestNG.runSuites(TestNG.java:1032)
at org.testng.TestNG.run(TestNG.java:1000)
at org.testng.remote.AbstractRemoteTestNG.run(AbstractRemoteTestNG.java:115)
at org.testng.remote.RemoteTestNG.initAndRun(RemoteTestNG.java:251)
at org.testng.remote.RemoteTestNG.main(RemoteTestNG.java:77)
]]>
    </error>
  </testcase> <!-- delete_Copied_Archived_Meeting_Book -->
  <testcase name="verify_Meeting_Books_Deleted" time="13.222" classname="tests_workroom_library.CreateBookAddBadFile"/>
</testsuite> <!-- tests_workroom_library.CreateBookAddBadFile -->
