<?xml version="1.0" encoding="UTF-8"?>
<!-- Generated by org.testng.reporters.JUnitReportReporter -->
<testsuite skipped="0" hostname="CLT-WIN-11717" name="tests_resource_library.CopyFileLink" tests="12" failures="1" timestamp="2021-06-16T14:23:22 EDT" time="73.997" errors="0">
  <testcase name="systemAdmin_login" time="12.337" classname="tests_resource_library.CopyFileLink"/>
  <testcase name="user_Can_Open_Libraries_Form" time="5.005" classname="tests_resource_library.CopyFileLink"/>
  <testcase name="user_Can_Create_2nd_Resource_Library_Folder" time="8.400" classname="tests_resource_library.CopyFileLink"/>
  <testcase name="user_Can_Open_Libraries_Form_2nd_Time" time="4.472" classname="tests_resource_library.CopyFileLink"/>
  <testcase name="user_Can_Add_File_To_Folder_Copy_File_Link_Non_View_Only" time="10.541" classname="tests_resource_library.CopyFileLink"/>
  <testcase name="user_Can_Open_Libraries_Form_Again" time="3.314" classname="tests_resource_library.CopyFileLink"/>
  <testcase name="copy_File_Link_Non_View_Only_Folder" time="8.560" classname="tests_resource_library.CopyFileLink"/>
  <testcase name="open_File_Link" time="4.868" classname="tests_resource_library.CopyFileLink"/>
  <testcase name="user_Can_Open_Libraries_Form_3rd_Time" time="3.171" classname="tests_resource_library.CopyFileLink"/>
  <testcase name="delete_Resource_Library_Folder_Copy_File_Link" time="10.166" classname="tests_resource_library.CopyFileLink"/>
  <testcase name="user_Can_Open_Libraries_Form_4th_Time" time="3.036" classname="tests_resource_library.CopyFileLink"/>
  <testcase name="verify_Copy_Link_Folder_NOT_Present" time="0.127" classname="tests_resource_library.CopyFileLink">
    <failure type="java.lang.AssertionError" message="did not expect to find [true] but found [false]">
      <![CDATA[java.lang.AssertionError: did not expect to find [true] but found [false]
at org.testng.Assert.fail(Assert.java:97)
at org.testng.Assert.failNotEquals(Assert.java:969)
at org.testng.Assert.assertTrue(Assert.java:43)
at org.testng.Assert.assertTrue(Assert.java:53)
at page_resource_library.MoveResourceFolderPage.verify_Copy_Link_Folder_NOT_Present(MoveResourceFolderPage.java:3297)
at tests_resource_library.CopyFileLink.verify_Copy_Link_Folder_NOT_Present(CopyFileLink.java:110)
at sun.reflect.NativeMethodAccessorImpl.invoke0(Native Method)
at sun.reflect.NativeMethodAccessorImpl.invoke(NativeMethodAccessorImpl.java:62)
at sun.reflect.DelegatingMethodAccessorImpl.invoke(DelegatingMethodAccessorImpl.java:43)
at java.lang.reflect.Method.invoke(Method.java:498)
at org.testng.internal.MethodInvocationHelper.invokeMethod(MethodInvocationHelper.java:133)
at org.testng.internal.TestInvoker.invokeMethod(TestInvoker.java:584)
at org.testng.internal.TestInvoker.invokeTestMethod(TestInvoker.java:172)
at org.testng.internal.MethodRunner.runInSequence(MethodRunner.java:46)
at org.testng.internal.TestInvoker$MethodInvocationAgent.invoke(TestInvoker.java:804)
at org.testng.internal.TestInvoker.invokeTestMethods(TestInvoker.java:145)
at org.testng.internal.TestMethodWorker.invokeTestMethods(TestMethodWorker.java:146)
at org.testng.internal.TestMethodWorker.run(TestMethodWorker.java:128)
at java.util.ArrayList.forEach(ArrayList.java:1257)
at org.testng.TestRunner.privateRun(TestRunner.java:770)
at org.testng.TestRunner.run(TestRunner.java:591)
at org.testng.SuiteRunner.runTest(SuiteRunner.java:402)
at org.testng.SuiteRunner.access$000(SuiteRunner.java:41)
at org.testng.SuiteRunner$SuiteWorker.run(SuiteRunner.java:443)
at org.testng.internal.thread.ThreadUtil.lambda$execute$0(ThreadUtil.java:67)
at java.util.concurrent.FutureTask.run(FutureTask.java:266)
at java.util.concurrent.ThreadPoolExecutor.runWorker(ThreadPoolExecutor.java:1149)
at java.util.concurrent.ThreadPoolExecutor$Worker.run(ThreadPoolExecutor.java:624)
at java.lang.Thread.run(Thread.java:748)
]]>
    </failure>
  </testcase> <!-- verify_Copy_Link_Folder_NOT_Present -->
</testsuite> <!-- tests_resource_library.CopyFileLink -->
