<?xml version="1.0" encoding="UTF-8"?>
<!-- Generated by org.testng.reporters.JUnitXMLReporter -->
<testsuite hostname="CLT-WIN-11717" ignored="0" name="Test 10" tests="7" failures="1" timestamp="28 Jun 2021 18:15:39 GMT" time="64.689" errors="0">
  <testcase name="autoUser_login" time="6.947" classname="tests_critical_scenarios.CreateMessageWorkroom"/>
  <testcase name="user_Open_Workroom" time="8.985" classname="tests_critical_scenarios.CreateMessageWorkroom"/>
  <testcase name="user_Open_Message_Workroom_Window" time="2.333" classname="tests_critical_scenarios.CreateMessageWorkroom"/>
  <testcase name="user_Can_Remove_User_From_List" time="6.99" classname="tests_critical_scenarios.CreateMessageWorkroom"/>
  <testcase name="user_Can_Add_Manual_Email_To_List" time="2.964" classname="tests_critical_scenarios.CreateMessageWorkroom"/>
  <testcase name="user_Populate_Email_Form_Send_Message" time="5.172" classname="tests_critical_scenarios.CreateMessageWorkroom"/>
  <testcase name="verify_Email_Sent_Verification_Messages" time="8.293" classname="tests_critical_scenarios.CreateMessageWorkroom">
    <failure type="org.openqa.selenium.NoSuchElementException" message="no such element: Unable to locate element: {&amp;quot;method&amp;quot;:&amp;quot;xpath&amp;quot;,&amp;quot;selector&amp;quot;:&amp;quot;//p[contains(text(),&amp;apos;This message was sent to the following recipients:&amp;apos;)]&amp;quot;}
  (Session info: chrome=91.0.4472.114)
For documentation on this error, please visit: https://www.seleniumhq.org/exceptions/no_such_element.html
Build info: version: &amp;apos;3.141.59&amp;apos;, revision: &amp;apos;e82be7d358&amp;apos;, time: &amp;apos;2018-11-14T08:17:03&amp;apos;
System info: host: &amp;apos;CLT-WIN-11717&amp;apos;, ip: &amp;apos;172.23.74.39&amp;apos;, os.name: &amp;apos;Windows 10&amp;apos;, os.arch: &amp;apos;amd64&amp;apos;, os.version: &amp;apos;10.0&amp;apos;, java.version: &amp;apos;1.8.0_211&amp;apos;
Driver info: org.openqa.selenium.remote.RemoteWebDriver
Capabilities {acceptInsecureCerts: false, browserName: chrome, browserVersion: 91.0.4472.114, chrome: {chromedriverVersion: 91.0.4472.19 (1bf021f248676..., userDataDir: C:\Users\QATEST~1\AppData\L...}, goog:chromeOptions: {debuggerAddress: localhost:55824}, javascriptEnabled: true, networkConnectionEnabled: false, pageLoadStrategy: normal, platform: WINDOWS, platformName: WINDOWS, proxy: Proxy(), setWindowRect: true, strictFileInteractability: false, timeouts: {implicit: 0, pageLoad: 300000, script: 30000}, unhandledPromptBehavior: dismiss and notify, webauthn:extension:largeBlob: true, webauthn:virtualAuthenticators: true, webdriver.remote.sessionid: aaa17de57cace841d22d7b8a20d...}
Session ID: aaa17de57cace841d22d7b8a20da18eb
*** Element info: {Using=xpath, value=//p[contains(text(),&amp;apos;This message was sent to the following recipients:&amp;apos;)]}">
      <![CDATA[org.openqa.selenium.NoSuchElementException: no such element: Unable to locate element: {"method":"xpath","selector":"//p[contains(text(),'This message was sent to the following recipients:')]"}
  (Session info: chrome=91.0.4472.114)
For documentation on this error, please visit: https://www.seleniumhq.org/exceptions/no_such_element.html
Build info: version: '3.141.59', revision: 'e82be7d358', time: '2018-11-14T08:17:03'
System info: host: 'CLT-WIN-11717', ip: '172.23.74.39', os.name: 'Windows 10', os.arch: 'amd64', os.version: '10.0', java.version: '1.8.0_211'
Driver info: org.openqa.selenium.remote.RemoteWebDriver
Capabilities {acceptInsecureCerts: false, browserName: chrome, browserVersion: 91.0.4472.114, chrome: {chromedriverVersion: 91.0.4472.19 (1bf021f248676..., userDataDir: C:\Users\QATEST~1\AppData\L...}, goog:chromeOptions: {debuggerAddress: localhost:55824}, javascriptEnabled: true, networkConnectionEnabled: false, pageLoadStrategy: normal, platform: WINDOWS, platformName: WINDOWS, proxy: Proxy(), setWindowRect: true, strictFileInteractability: false, timeouts: {implicit: 0, pageLoad: 300000, script: 30000}, unhandledPromptBehavior: dismiss and notify, webauthn:extension:largeBlob: true, webauthn:virtualAuthenticators: true, webdriver.remote.sessionid: aaa17de57cace841d22d7b8a20d...}
Session ID: aaa17de57cace841d22d7b8a20da18eb
*** Element info: {Using=xpath, value=//p[contains(text(),'This message was sent to the following recipients:')]}
at org.openqa.selenium.remote.http.W3CHttpResponseCodec.createException(W3CHttpResponseCodec.java:187)
at org.openqa.selenium.remote.http.W3CHttpResponseCodec.decode(W3CHttpResponseCodec.java:122)
at org.openqa.selenium.remote.http.W3CHttpResponseCodec.decode(W3CHttpResponseCodec.java:49)
at org.openqa.selenium.remote.HttpCommandExecutor.execute(HttpCommandExecutor.java:158)
at org.openqa.selenium.remote.RemoteWebDriver.execute(RemoteWebDriver.java:552)
at org.openqa.selenium.remote.RemoteWebDriver.findElement(RemoteWebDriver.java:323)
at org.openqa.selenium.remote.RemoteWebDriver.findElementByXPath(RemoteWebDriver.java:428)
at org.openqa.selenium.By$ByXPath.findElement(By.java:353)
at org.openqa.selenium.remote.RemoteWebDriver.findElement(RemoteWebDriver.java:315)
at page_critical_scenarios.MessagePage.scroll_To_Sucess_Message_Container(MessagePage.java:201)
at page_critical_scenarios.MessagePage.verify_Email_Sent_Verification_Messages(MessagePage.java:218)
at tests_critical_scenarios.CreateMessageWorkroom.verify_Email_Sent_Verification_Messages(CreateMessageWorkroom.java:65)
at java.util.concurrent.FutureTask.run(FutureTask.java:266)
at java.util.concurrent.ThreadPoolExecutor.runWorker(ThreadPoolExecutor.java:1149)
at java.util.concurrent.ThreadPoolExecutor$Worker.run(ThreadPoolExecutor.java:624)
at java.lang.Thread.run(Thread.java:748)
... Removed 20 stack frames]]>
    </failure>
  </testcase> <!-- verify_Email_Sent_Verification_Messages -->
</testsuite> <!-- Test 10 -->
