<html>
<head>
<title>TestNG:  add_workroom_news_message</title>
<link href="../testng.css" rel="stylesheet" type="text/css" />
<link href="../my-testng.css" rel="stylesheet" type="text/css" />

<style type="text/css">
.log { display: none;} 
.stack-trace { display: none;} 
</style>
<script type="text/javascript">
<!--
function flip(e) {
  current = e.style.display;
  if (current == 'block') {
    e.style.display = 'none';
    return 0;
  }
  else {
    e.style.display = 'block';
    return 1;
  }
}

function toggleBox(szDivId, elem, msg1, msg2)
{
  var res = -1;  if (document.getElementById) {
    res = flip(document.getElementById(szDivId));
  }
  else if (document.all) {
    // this is the way old msie versions work
    res = flip(document.all[szDivId]);
  }
  if(elem) {
    if(res == 0) elem.innerHTML = msg1; else elem.innerHTML = msg2;
  }

}

function toggleAllBoxes() {
  if (document.getElementsByTagName) {
    d = document.getElementsByTagName('div');
    for (i = 0; i < d.length; i++) {
      if (d[i].className == 'log') {
        flip(d[i]);
      }
    }
  }
}

// -->
</script>

</head>
<body>
<h2 align='center'>add_workroom_news_message</h2><table border='1' align="center">
<tr>
<td>Tests passed/Failed/Skipped:</td><td>6/0/0</td>
</tr><tr>
<td>Started on:</td><td>Mon Jun 14 13:03:43 EDT 2021</td>
</tr>
<tr><td>Total time:</td><td>68 seconds (68140 ms)</td>
</tr><tr>
<td>Included groups:</td><td></td>
</tr><tr>
<td>Excluded groups:</td><td></td>
</tr>
</table><p/>
<small><i>(Hover the method name to see the test class name)</i></small><p/>
<table width='100%' border='1' class='invocation-failed'>
<tr><td colspan='4' align='center'><b>FAILED TESTS</b></td></tr>
<tr><td><b>Test method</b></td>
<td width="30%"><b>Exception</b></td>
<td width="10%"><b>Time (seconds)</b></td>
<td><b>Instance</b></td>
</tr>
<tr>
<td title='tests_workroom_home.AssignRemoveWorkroomAdministrator.disable_Workroom_Admin_As_Admin()'><b>disable_Workroom_Admin_As_Admin</b><br>Test class: tests_workroom_home.AssignRemoveWorkroomAdministrator<br>Test method: disable_Workroom_Admin_As_Admin</td>
<td><div><pre>org.openqa.selenium.NoSuchElementException: no such element: Unable to locate element: {&quot;method&quot;:&quot;xpath&quot;,&quot;selector&quot;:&quot;//div[contains(text(),&apos;Workroom Administrators&apos;)]/following::a[contains(text(),&apos;Workroom Admin&apos;)]&quot;}
  (Session info: chrome=91.0.4472.77)
For documentation on this error, please visit: https://www.seleniumhq.org/exceptions/no_such_element.html
Build info: version: &apos;3.141.59&apos;, revision: &apos;e82be7d358&apos;, time: &apos;2018-11-14T08:17:03&apos;
System info: host: &apos;CLT-WIN-11717&apos;, ip: &apos;172.23.74.148&apos;, os.name: &apos;Windows 10&apos;, os.arch: &apos;amd64&apos;, os.version: &apos;10.0&apos;, java.version: &apos;1.8.0_211&apos;
Driver info: org.openqa.selenium.remote.RemoteWebDriver
Capabilities {acceptInsecureCerts: false, browserName: chrome, browserVersion: 91.0.4472.77, chrome: {chromedriverVersion: 91.0.4472.19 (1bf021f248676..., userDataDir: C:\Users\QATEST~1\AppData\L...}, goog:chromeOptions: {debuggerAddress: localhost:59411}, javascriptEnabled: true, networkConnectionEnabled: false, pageLoadStrategy: normal, platform: WINDOWS, platformName: WINDOWS, proxy: Proxy(), setWindowRect: true, strictFileInteractability: false, timeouts: {implicit: 0, pageLoad: 300000, script: 30000}, unhandledPromptBehavior: dismiss and notify, webauthn:extension:largeBlob: true, webauthn:virtualAuthenticators: true, webdriver.remote.sessionid: 64870ceb5dd1d418f67fb1da8cc...}
Session ID: 64870ceb5dd1d418f67fb1da8cc031bf
*** Element info: {Using=xpath, value=//div[contains(text(),&apos;Workroom Administrators&apos;)]/following::a[contains(text(),&apos;Workroom Admin&apos;)]}
	at org.openqa.selenium.remote.http.W3CHttpResponseCodec.createException(W3CHttpResponseCodec.java:187)
	at org.openqa.selenium.remote.http.W3CHttpResponseCodec.decode(W3CHttpResponseCodec.java:122)
	at org.openqa.selenium.remote.http.W3CHttpResponseCodec.decode(W3CHttpResponseCodec.java:49)
	at org.openqa.selenium.remote.HttpCommandExecutor.execute(HttpCommandExecutor.java:158)
	at org.openqa.selenium.remote.RemoteWebDriver.execute(RemoteWebDriver.java:552)
	at org.openqa.selenium.remote.RemoteWebDriver.findElement(RemoteWebDriver.java:323)
	at org.openqa.selenium.remote.RemoteWebDriver.findElementByXPath(RemoteWebDriver.java:428)
	at org.openqa.selenium.By$ByXPath.findElement(By.java:353)
	at org.openqa.selenium.remote.RemoteWebDriver.findElement(RemoteWebDriver.java:315)
	at page_workroom_home.IframeVideoPage.hover_Over_WorkroomAdmin_Promoted_To_Admin(IframeVideoPage.java:174)
	at page_workroom_home.IframeVideoPage.disable_Workroom_Admin_As_Admin(IframeVideoPage.java:270)
	at tests_workroom_home.AssignRemoveWorkroomAdministrator.disable_Workroom_Admin_As_Admin(AssignRemoveWorkroomAdministrator.java:38)
	at java.util.ArrayList.forEach(ArrayList.java:1257)
	at java.util.concurrent.FutureTask.run(FutureTask.java:266)
	at java.util.concurrent.ThreadPoolExecutor.runWorker(ThreadPoolExecutor.java:1149)
	at java.util.concurrent.ThreadPoolExecutor$Worker.run(ThreadPoolExecutor.java:624)
	at java.lang.Thread.run(Thread.java:748)
... Removed 22 stack frames</pre></div><a href='#' onClick='toggleBox("stack-trace1251704329", this, "Click to show all stack frames", "Click to hide stack frames")'>Click to show all stack frames</a>
<div class='stack-trace' id='stack-trace1251704329'><pre>org.openqa.selenium.NoSuchElementException: no such element: Unable to locate element: {&quot;method&quot;:&quot;xpath&quot;,&quot;selector&quot;:&quot;//div[contains(text(),&apos;Workroom Administrators&apos;)]/following::a[contains(text(),&apos;Workroom Admin&apos;)]&quot;}
  (Session info: chrome=91.0.4472.77)
For documentation on this error, please visit: https://www.seleniumhq.org/exceptions/no_such_element.html
Build info: version: &apos;3.141.59&apos;, revision: &apos;e82be7d358&apos;, time: &apos;2018-11-14T08:17:03&apos;
System info: host: &apos;CLT-WIN-11717&apos;, ip: &apos;172.23.74.148&apos;, os.name: &apos;Windows 10&apos;, os.arch: &apos;amd64&apos;, os.version: &apos;10.0&apos;, java.version: &apos;1.8.0_211&apos;
Driver info: org.openqa.selenium.remote.RemoteWebDriver
Capabilities {acceptInsecureCerts: false, browserName: chrome, browserVersion: 91.0.4472.77, chrome: {chromedriverVersion: 91.0.4472.19 (1bf021f248676..., userDataDir: C:\Users\QATEST~1\AppData\L...}, goog:chromeOptions: {debuggerAddress: localhost:59411}, javascriptEnabled: true, networkConnectionEnabled: false, pageLoadStrategy: normal, platform: WINDOWS, platformName: WINDOWS, proxy: Proxy(), setWindowRect: true, strictFileInteractability: false, timeouts: {implicit: 0, pageLoad: 300000, script: 30000}, unhandledPromptBehavior: dismiss and notify, webauthn:extension:largeBlob: true, webauthn:virtualAuthenticators: true, webdriver.remote.sessionid: 64870ceb5dd1d418f67fb1da8cc...}
Session ID: 64870ceb5dd1d418f67fb1da8cc031bf
*** Element info: {Using=xpath, value=//div[contains(text(),&apos;Workroom Administrators&apos;)]/following::a[contains(text(),&apos;Workroom Admin&apos;)]}
	at sun.reflect.NativeConstructorAccessorImpl.newInstance0(Native Method)
	at sun.reflect.NativeConstructorAccessorImpl.newInstance(NativeConstructorAccessorImpl.java:62)
	at sun.reflect.DelegatingConstructorAccessorImpl.newInstance(DelegatingConstructorAccessorImpl.java:45)
	at java.lang.reflect.Constructor.newInstance(Constructor.java:423)
	at org.openqa.selenium.remote.http.W3CHttpResponseCodec.createException(W3CHttpResponseCodec.java:187)
	at org.openqa.selenium.remote.http.W3CHttpResponseCodec.decode(W3CHttpResponseCodec.java:122)
	at org.openqa.selenium.remote.http.W3CHttpResponseCodec.decode(W3CHttpResponseCodec.java:49)
	at org.openqa.selenium.remote.HttpCommandExecutor.execute(HttpCommandExecutor.java:158)
	at org.openqa.selenium.remote.RemoteWebDriver.execute(RemoteWebDriver.java:552)
	at org.openqa.selenium.remote.RemoteWebDriver.findElement(RemoteWebDriver.java:323)
	at org.openqa.selenium.remote.RemoteWebDriver.findElementByXPath(RemoteWebDriver.java:428)
	at org.openqa.selenium.By$ByXPath.findElement(By.java:353)
	at org.openqa.selenium.remote.RemoteWebDriver.findElement(RemoteWebDriver.java:315)
	at page_workroom_home.IframeVideoPage.hover_Over_WorkroomAdmin_Promoted_To_Admin(IframeVideoPage.java:174)
	at page_workroom_home.IframeVideoPage.disable_Workroom_Admin_As_Admin(IframeVideoPage.java:270)
	at tests_workroom_home.AssignRemoveWorkroomAdministrator.disable_Workroom_Admin_As_Admin(AssignRemoveWorkroomAdministrator.java:38)
	at sun.reflect.NativeMethodAccessorImpl.invoke0(Native Method)
	at sun.reflect.NativeMethodAccessorImpl.invoke(NativeMethodAccessorImpl.java:62)
	at sun.reflect.DelegatingMethodAccessorImpl.invoke(DelegatingMethodAccessorImpl.java:43)
	at java.lang.reflect.Method.invoke(Method.java:498)
	at org.testng.internal.MethodInvocationHelper.invokeMethod(MethodInvocationHelper.java:133)
	at org.testng.internal.TestInvoker.invokeMethod(TestInvoker.java:584)
	at org.testng.internal.TestInvoker.invokeTestMethod(TestInvoker.java:172)
	at org.testng.internal.MethodRunner.runInSequence(MethodRunner.java:46)
	at org.testng.internal.TestInvoker$MethodInvocationAgent.invoke(TestInvoker.java:804)
	at org.testng.internal.TestInvoker.invokeTestMethods(TestInvoker.java:145)
	at org.testng.internal.TestMethodWorker.invokeTestMethods(TestMethodWorker.java:146)
	at org.testng.internal.TestMethodWorker.run(TestMethodWorker.java:128)
	at java.util.ArrayList.forEach(ArrayList.java:1257)
	at org.testng.TestRunner.privateRun(TestRunner.java:770)
	at org.testng.TestRunner.run(TestRunner.java:591)
	at org.testng.SuiteRunner.runTest(SuiteRunner.java:402)
	at org.testng.SuiteRunner.access$000(SuiteRunner.java:41)
	at org.testng.SuiteRunner$SuiteWorker.run(SuiteRunner.java:443)
	at org.testng.internal.thread.ThreadUtil.lambda$execute$0(ThreadUtil.java:67)
	at java.util.concurrent.FutureTask.run(FutureTask.java:266)
	at java.util.concurrent.ThreadPoolExecutor.runWorker(ThreadPoolExecutor.java:1149)
	at java.util.concurrent.ThreadPoolExecutor$Worker.run(ThreadPoolExecutor.java:624)
	at java.lang.Thread.run(Thread.java:748)
</pre></div></td>
<td>5</td>
<td>tests_workroom_home.AssignRemoveWorkroomAdministrator@cb51256</td></tr>
<tr>
<td title='tests_workroom_home.AssignRemoveWorkroomAdministrator.verify_WorkroomAdmin_Enabled_As_Admin()'><b>verify_WorkroomAdmin_Enabled_As_Admin</b><br>Test class: tests_workroom_home.AssignRemoveWorkroomAdministrator<br>Test method: verify_WorkroomAdmin_Enabled_As_Admin</td>
<td><div><pre>org.openqa.selenium.NoSuchElementException: no such element: Unable to locate element: {&quot;method&quot;:&quot;xpath&quot;,&quot;selector&quot;:&quot;//div[contains(text(),&apos;Workroom Administrators&apos;)]/following::a[contains(text(),&apos;Workroom Admin&apos;)]&quot;}
  (Session info: chrome=91.0.4472.77)
For documentation on this error, please visit: https://www.seleniumhq.org/exceptions/no_such_element.html
Build info: version: &apos;3.141.59&apos;, revision: &apos;e82be7d358&apos;, time: &apos;2018-11-14T08:17:03&apos;
System info: host: &apos;CLT-WIN-11717&apos;, ip: &apos;172.23.74.148&apos;, os.name: &apos;Windows 10&apos;, os.arch: &apos;amd64&apos;, os.version: &apos;10.0&apos;, java.version: &apos;1.8.0_211&apos;
Driver info: org.openqa.selenium.remote.RemoteWebDriver
Capabilities {acceptInsecureCerts: false, browserName: chrome, browserVersion: 91.0.4472.77, chrome: {chromedriverVersion: 91.0.4472.19 (1bf021f248676..., userDataDir: C:\Users\QATEST~1\AppData\L...}, goog:chromeOptions: {debuggerAddress: localhost:59411}, javascriptEnabled: true, networkConnectionEnabled: false, pageLoadStrategy: normal, platform: WINDOWS, platformName: WINDOWS, proxy: Proxy(), setWindowRect: true, strictFileInteractability: false, timeouts: {implicit: 0, pageLoad: 300000, script: 30000}, unhandledPromptBehavior: dismiss and notify, webauthn:extension:largeBlob: true, webauthn:virtualAuthenticators: true, webdriver.remote.sessionid: 64870ceb5dd1d418f67fb1da8cc...}
Session ID: 64870ceb5dd1d418f67fb1da8cc031bf
*** Element info: {Using=xpath, value=//div[contains(text(),&apos;Workroom Administrators&apos;)]/following::a[contains(text(),&apos;Workroom Admin&apos;)]}
	at org.openqa.selenium.remote.http.W3CHttpResponseCodec.createException(W3CHttpResponseCodec.java:187)
	at org.openqa.selenium.remote.http.W3CHttpResponseCodec.decode(W3CHttpResponseCodec.java:122)
	at org.openqa.selenium.remote.http.W3CHttpResponseCodec.decode(W3CHttpResponseCodec.java:49)
	at org.openqa.selenium.remote.HttpCommandExecutor.execute(HttpCommandExecutor.java:158)
	at org.openqa.selenium.remote.RemoteWebDriver.execute(RemoteWebDriver.java:552)
	at org.openqa.selenium.remote.RemoteWebDriver.findElement(RemoteWebDriver.java:323)
	at org.openqa.selenium.remote.RemoteWebDriver.findElementByXPath(RemoteWebDriver.java:428)
	at org.openqa.selenium.By$ByXPath.findElement(By.java:353)
	at org.openqa.selenium.remote.RemoteWebDriver.findElement(RemoteWebDriver.java:315)
	at org.openqa.selenium.support.ui.ExpectedConditions$7.apply(ExpectedConditions.java:205)
	at org.openqa.selenium.support.ui.ExpectedConditions$7.apply(ExpectedConditions.java:201)
	at org.openqa.selenium.support.ui.ExpectedConditions$22.apply(ExpectedConditions.java:641)
	at org.openqa.selenium.support.ui.ExpectedConditions$22.apply(ExpectedConditions.java:638)
	at org.openqa.selenium.support.ui.ExpectedConditions$47.apply(ExpectedConditions.java:1370)
	at org.openqa.selenium.support.ui.ExpectedConditions$47.apply(ExpectedConditions.java:1364)
	at org.openqa.selenium.support.ui.FluentWait.until(FluentWait.java:249)
	at page_workroom_home.IframeVideoPage.verify_WorkroomAdmin_Promoted_To_Admin(IframeVideoPage.java:151)
	at page_workroom_home.IframeVideoPage.verify_WorkroomAdmin_Enabled_As_Admin(IframeVideoPage.java:264)
	at tests_workroom_home.AssignRemoveWorkroomAdministrator.verify_WorkroomAdmin_Enabled_As_Admin(AssignRemoveWorkroomAdministrator.java:30)
	at java.util.ArrayList.forEach(ArrayList.java:1257)
	at java.util.concurrent.FutureTask.run(FutureTask.java:266)
	at java.util.concurrent.ThreadPoolExecutor.runWorker(ThreadPoolExecutor.java:1149)
	at java.util.concurrent.ThreadPoolExecutor$Worker.run(ThreadPoolExecutor.java:624)
	at java.lang.Thread.run(Thread.java:748)
... Removed 22 stack frames</pre></div><a href='#' onClick='toggleBox("stack-trace438825116", this, "Click to show all stack frames", "Click to hide stack frames")'>Click to show all stack frames</a>
<div class='stack-trace' id='stack-trace438825116'><pre>org.openqa.selenium.NoSuchElementException: no such element: Unable to locate element: {&quot;method&quot;:&quot;xpath&quot;,&quot;selector&quot;:&quot;//div[contains(text(),&apos;Workroom Administrators&apos;)]/following::a[contains(text(),&apos;Workroom Admin&apos;)]&quot;}
  (Session info: chrome=91.0.4472.77)
For documentation on this error, please visit: https://www.seleniumhq.org/exceptions/no_such_element.html
Build info: version: &apos;3.141.59&apos;, revision: &apos;e82be7d358&apos;, time: &apos;2018-11-14T08:17:03&apos;
System info: host: &apos;CLT-WIN-11717&apos;, ip: &apos;172.23.74.148&apos;, os.name: &apos;Windows 10&apos;, os.arch: &apos;amd64&apos;, os.version: &apos;10.0&apos;, java.version: &apos;1.8.0_211&apos;
Driver info: org.openqa.selenium.remote.RemoteWebDriver
Capabilities {acceptInsecureCerts: false, browserName: chrome, browserVersion: 91.0.4472.77, chrome: {chromedriverVersion: 91.0.4472.19 (1bf021f248676..., userDataDir: C:\Users\QATEST~1\AppData\L...}, goog:chromeOptions: {debuggerAddress: localhost:59411}, javascriptEnabled: true, networkConnectionEnabled: false, pageLoadStrategy: normal, platform: WINDOWS, platformName: WINDOWS, proxy: Proxy(), setWindowRect: true, strictFileInteractability: false, timeouts: {implicit: 0, pageLoad: 300000, script: 30000}, unhandledPromptBehavior: dismiss and notify, webauthn:extension:largeBlob: true, webauthn:virtualAuthenticators: true, webdriver.remote.sessionid: 64870ceb5dd1d418f67fb1da8cc...}
Session ID: 64870ceb5dd1d418f67fb1da8cc031bf
*** Element info: {Using=xpath, value=//div[contains(text(),&apos;Workroom Administrators&apos;)]/following::a[contains(text(),&apos;Workroom Admin&apos;)]}
	at sun.reflect.NativeConstructorAccessorImpl.newInstance0(Native Method)
	at sun.reflect.NativeConstructorAccessorImpl.newInstance(NativeConstructorAccessorImpl.java:62)
	at sun.reflect.DelegatingConstructorAccessorImpl.newInstance(DelegatingConstructorAccessorImpl.java:45)
	at java.lang.reflect.Constructor.newInstance(Constructor.java:423)
	at org.openqa.selenium.remote.http.W3CHttpResponseCodec.createException(W3CHttpResponseCodec.java:187)
	at org.openqa.selenium.remote.http.W3CHttpResponseCodec.decode(W3CHttpResponseCodec.java:122)
	at org.openqa.selenium.remote.http.W3CHttpResponseCodec.decode(W3CHttpResponseCodec.java:49)
	at org.openqa.selenium.remote.HttpCommandExecutor.execute(HttpCommandExecutor.java:158)
	at org.openqa.selenium.remote.RemoteWebDriver.execute(RemoteWebDriver.java:552)
	at org.openqa.selenium.remote.RemoteWebDriver.findElement(RemoteWebDriver.java:323)
	at org.openqa.selenium.remote.RemoteWebDriver.findElementByXPath(RemoteWebDriver.java:428)
	at org.openqa.selenium.By$ByXPath.findElement(By.java:353)
	at org.openqa.selenium.remote.RemoteWebDriver.findElement(RemoteWebDriver.java:315)
	at org.openqa.selenium.support.ui.ExpectedConditions$7.apply(ExpectedConditions.java:205)
	at org.openqa.selenium.support.ui.ExpectedConditions$7.apply(ExpectedConditions.java:201)
	at org.openqa.selenium.support.ui.ExpectedConditions$22.apply(ExpectedConditions.java:641)
	at org.openqa.selenium.support.ui.ExpectedConditions$22.apply(ExpectedConditions.java:638)
	at org.openqa.selenium.support.ui.ExpectedConditions$47.apply(ExpectedConditions.java:1370)
	at org.openqa.selenium.support.ui.ExpectedConditions$47.apply(ExpectedConditions.java:1364)
	at org.openqa.selenium.support.ui.FluentWait.until(FluentWait.java:249)
	at page_workroom_home.IframeVideoPage.verify_WorkroomAdmin_Promoted_To_Admin(IframeVideoPage.java:151)
	at page_workroom_home.IframeVideoPage.verify_WorkroomAdmin_Enabled_As_Admin(IframeVideoPage.java:264)
	at tests_workroom_home.AssignRemoveWorkroomAdministrator.verify_WorkroomAdmin_Enabled_As_Admin(AssignRemoveWorkroomAdministrator.java:30)
	at sun.reflect.NativeMethodAccessorImpl.invoke0(Native Method)
	at sun.reflect.NativeMethodAccessorImpl.invoke(NativeMethodAccessorImpl.java:62)
	at sun.reflect.DelegatingMethodAccessorImpl.invoke(DelegatingMethodAccessorImpl.java:43)
	at java.lang.reflect.Method.invoke(Method.java:498)
	at org.testng.internal.MethodInvocationHelper.invokeMethod(MethodInvocationHelper.java:133)
	at org.testng.internal.TestInvoker.invokeMethod(TestInvoker.java:584)
	at org.testng.internal.TestInvoker.invokeTestMethod(TestInvoker.java:172)
	at org.testng.internal.MethodRunner.runInSequence(MethodRunner.java:46)
	at org.testng.internal.TestInvoker$MethodInvocationAgent.invoke(TestInvoker.java:804)
	at org.testng.internal.TestInvoker.invokeTestMethods(TestInvoker.java:145)
	at org.testng.internal.TestMethodWorker.invokeTestMethods(TestMethodWorker.java:146)
	at org.testng.internal.TestMethodWorker.run(TestMethodWorker.java:128)
	at java.util.ArrayList.forEach(ArrayList.java:1257)
	at org.testng.TestRunner.privateRun(TestRunner.java:770)
	at org.testng.TestRunner.run(TestRunner.java:591)
	at org.testng.SuiteRunner.runTest(SuiteRunner.java:402)
	at org.testng.SuiteRunner.access$000(SuiteRunner.java:41)
	at org.testng.SuiteRunner$SuiteWorker.run(SuiteRunner.java:443)
	at org.testng.internal.thread.ThreadUtil.lambda$execute$0(ThreadUtil.java:67)
	at java.util.concurrent.FutureTask.run(FutureTask.java:266)
	at java.util.concurrent.ThreadPoolExecutor.runWorker(ThreadPoolExecutor.java:1149)
	at java.util.concurrent.ThreadPoolExecutor$Worker.run(ThreadPoolExecutor.java:624)
	at java.lang.Thread.run(Thread.java:748)
</pre></div></td>
<td>8</td>
<td>tests_workroom_home.AssignRemoveWorkroomAdministrator@cb51256</td></tr>
</table><p>
<table width='100%' border='1' class='invocation-passed'>
<tr><td colspan='4' align='center'><b>PASSED TESTS</b></td></tr>
<tr><td><b>Test method</b></td>
<td width="30%"><b>Exception</b></td>
<td width="10%"><b>Time (seconds)</b></td>
<td><b>Instance</b></td>
</tr>
<tr>
<td title='tests_workroom_home.AddWorkroomNewsMessage.Add_Title_Insert_Custom_Message()'><b>Add_Title_Insert_Custom_Message</b><br>Test class: tests_workroom_home.AddWorkroomNewsMessage<br>Test method: Add_Title_Insert_Custom_Message</td>
<td></td>
<td>15</td>
<td>tests_workroom_home.AddWorkroomNewsMessage@1500955a</td></tr>
<tr>
<td title='tests_workroom_home.AddRemoveWorkroomAccounts.add_Back_WorkroomAdmin_Account()'><b>add_Back_WorkroomAdmin_Account</b><br>Test class: tests_workroom_home.AddRemoveWorkroomAccounts<br>Test method: add_Back_WorkroomAdmin_Account</td>
<td></td>
<td>11</td>
<td>tests_workroom_home.AddRemoveWorkroomAccounts@86be70a</td></tr>
<tr>
<td title='tests_workroom_home.AssignRemoveWorkroomAdministrator.autoUser_login()'><b>autoUser_login</b><br>Test class: tests_workroom_home.AssignRemoveWorkroomAdministrator<br>Test method: loginBE_AutoUser.</td>
<td></td>
<td>6</td>
<td>tests_workroom_home.AssignRemoveWorkroomAdministrator@cb51256</td></tr>
<tr>
<td title='tests_workroom_home.AddRemoveWorkroomAccounts.autoUser_login()'><b>autoUser_login</b><br>Test class: tests_workroom_home.AddRemoveWorkroomAccounts<br>Test method: loginBE_AutoUser.</td>
<td></td>
<td>7</td>
<td>tests_workroom_home.AddRemoveWorkroomAccounts@86be70a</td></tr>
<tr>
<td title='tests_workroom_home.AssignRemoveWorkroomChair.autoUser_login()'><b>autoUser_login</b><br>Test class: tests_workroom_home.AssignRemoveWorkroomChair<br>Test method: loginBE_AutoUser.</td>
<td></td>
<td>6</td>
<td>tests_workroom_home.AssignRemoveWorkroomChair@670b40af</td></tr>
<tr>
<td title='tests_workroom_home.AddWorkroomNewsMessage.autoUser_login()'><b>autoUser_login</b><br>Test class: tests_workroom_home.AddWorkroomNewsMessage<br>Test method: loginBE_AutoUser.</td>
<td></td>
<td>7</td>
<td>tests_workroom_home.AddWorkroomNewsMessage@1500955a</td></tr>
<tr>
<td title='tests_workroom_home.AddWorkroomNewsMessage.delete_Workroom_News_Message()'><b>delete_Workroom_News_Message</b><br>Test class: tests_workroom_home.AddWorkroomNewsMessage<br>Test method: delete_Workroom_News_Message</td>
<td></td>
<td>4</td>
<td>tests_workroom_home.AddWorkroomNewsMessage@1500955a</td></tr>
<tr>
<td title='tests_workroom_home.AssignRemoveWorkroomChair.disable_AutoDirector_As_Chair()'><b>disable_AutoDirector_As_Chair</b><br>Test class: tests_workroom_home.AssignRemoveWorkroomChair<br>Test method: disable_AutoDirector_As_Chair</td>
<td></td>
<td>6</td>
<td>tests_workroom_home.AssignRemoveWorkroomChair@670b40af</td></tr>
<tr>
<td title='tests_workroom_home.AssignRemoveWorkroomChair.enable_Auto_Director_As_Chair()'><b>enable_Auto_Director_As_Chair</b><br>Test class: tests_workroom_home.AssignRemoveWorkroomChair<br>Test method: enable_Auto_Director_As_Chair</td>
<td></td>
<td>13</td>
<td>tests_workroom_home.AssignRemoveWorkroomChair@670b40af</td></tr>
<tr>
<td title='tests_workroom_home.AssignRemoveWorkroomAdministrator.enable_Workroom_Admin_As_Admin()'><b>enable_Workroom_Admin_As_Admin</b><br>Test class: tests_workroom_home.AssignRemoveWorkroomAdministrator<br>Test method: remove_Workroom_Admin_As_Admin</td>
<td></td>
<td>13</td>
<td>tests_workroom_home.AssignRemoveWorkroomAdministrator@cb51256</td></tr>
<tr>
<td title='tests_workroom_home.AddWorkroomNewsMessage.user_Clicks_Workroom_News_Plus_Symbol()'><b>user_Clicks_Workroom_News_Plus_Symbol</b><br>Test class: tests_workroom_home.AddWorkroomNewsMessage<br>Test method: user_Clicks_Workroom_News_Plus_Symbol</td>
<td></td>
<td>9</td>
<td>tests_workroom_home.AddWorkroomNewsMessage@1500955a</td></tr>
<tr>
<td title='tests_workroom_home.AddRemoveWorkroomAccounts.user_Remove_Workroom_Account_Workroom_Admin()'><b>user_Remove_Workroom_Account_Workroom_Admin</b><br>Test class: tests_workroom_home.AddRemoveWorkroomAccounts<br>Test method: user_Remove_Workroom_Account_Workroom_Admin</td>
<td></td>
<td>14</td>
<td>tests_workroom_home.AddRemoveWorkroomAccounts@86be70a</td></tr>
<tr>
<td title='tests_workroom_home.AddRemoveWorkroomAccounts.verify_Account_Added_Back_To_Workroom()'><b>verify_Account_Added_Back_To_Workroom</b><br>Test class: tests_workroom_home.AddRemoveWorkroomAccounts<br>Test method: verify_Account_Added_Back_To_Workroom</td>
<td></td>
<td>9</td>
<td>tests_workroom_home.AddRemoveWorkroomAccounts@86be70a</td></tr>
<tr>
<td title='tests_workroom_home.AssignRemoveWorkroomChair.verify_AutoDirector_Disabled_As_Chair()'><b>verify_AutoDirector_Disabled_As_Chair</b><br>Test class: tests_workroom_home.AssignRemoveWorkroomChair<br>Test method: verify_AutoDirector_Disabled_As_Chair</td>
<td></td>
<td>10</td>
<td>tests_workroom_home.AssignRemoveWorkroomChair@670b40af</td></tr>
<tr>
<td title='tests_workroom_home.AssignRemoveWorkroomChair.verify_AutoDirector_Promoted_As_Chair()'><b>verify_AutoDirector_Promoted_As_Chair</b><br>Test class: tests_workroom_home.AssignRemoveWorkroomChair<br>Test method: verify_AutoDirector_Promoted_As_Chair</td>
<td></td>
<td>4</td>
<td>tests_workroom_home.AssignRemoveWorkroomChair@670b40af</td></tr>
<tr>
<td title='tests_workroom_home.AddRemoveWorkroomAccounts.verify_WorkroomAdmin_Account_Removed_From_Workroom()'><b>verify_WorkroomAdmin_Account_Removed_From_Workroom</b><br>Test class: tests_workroom_home.AddRemoveWorkroomAccounts<br>Test method: verify_WorkroomAdmin_Account_Removed_From_Workroom</td>
<td></td>
<td>13</td>
<td>tests_workroom_home.AddRemoveWorkroomAccounts@86be70a</td></tr>
<tr>
<td title='tests_workroom_home.AddWorkroomNewsMessage.verify_Workroom_Message_Appears()'><b>verify_Workroom_Message_Appears</b><br>Test class: tests_workroom_home.AddWorkroomNewsMessage<br>Test method: verify_Workroom_Message_Appears</td>
<td></td>
<td>0</td>
<td>tests_workroom_home.AddWorkroomNewsMessage@1500955a</td></tr>
<tr>
<td title='tests_workroom_home.AddWorkroomNewsMessage.verify_Workroom_News_NOT_Present()'><b>verify_Workroom_News_NOT_Present</b><br>Test class: tests_workroom_home.AddWorkroomNewsMessage<br>Test method: verify_Workroom_News_NOT_Present</td>
<td></td>
<td>5</td>
<td>tests_workroom_home.AddWorkroomNewsMessage@1500955a</td></tr>
</table><p>
</body>
</html>