<html>
<head>
<title>TestNG:  BoardMemberCantSeeSecuredFolder</title>
<link href="../testng.css" rel="stylesheet" type="text/css" />
<link href="../my-testng.css" rel="stylesheet" type="text/css" />

<style type="text/css">
.log { display: none;} 
.stack-trace { display: none;} 
</style>
<script type="text/javascript">
<!--
function flip(e) {
  current = e.style.display;
  if (current == 'block') {
    e.style.display = 'none';
    return 0;
  }
  else {
    e.style.display = 'block';
    return 1;
  }
}

function toggleBox(szDivId, elem, msg1, msg2)
{
  var res = -1;  if (document.getElementById) {
    res = flip(document.getElementById(szDivId));
  }
  else if (document.all) {
    // this is the way old msie versions work
    res = flip(document.all[szDivId]);
  }
  if(elem) {
    if(res == 0) elem.innerHTML = msg1; else elem.innerHTML = msg2;
  }

}

function toggleAllBoxes() {
  if (document.getElementsByTagName) {
    d = document.getElementsByTagName('div');
    for (i = 0; i < d.length; i++) {
      if (d[i].className == 'log') {
        flip(d[i]);
      }
    }
  }
}

// -->
</script>

</head>
<body>
<h2 align='center'>BoardMemberCantSeeSecuredFolder</h2><table border='1' align="center">
<tr>
<td>Tests passed/Failed/Skipped:</td><td>18/0/0</td>
</tr><tr>
<td>Started on:</td><td>Wed Jun 09 14:59:02 EDT 2021</td>
</tr>
<tr><td>Total time:</td><td>76 seconds (76082 ms)</td>
</tr><tr>
<td>Included groups:</td><td></td>
</tr><tr>
<td>Excluded groups:</td><td></td>
</tr>
</table><p/>
<small><i>(Hover the method name to see the test class name)</i></small><p/>
<table width='100%' border='1' class='invocation-failed'>
<tr><td colspan='4' align='center'><b>FAILED TESTS</b></td></tr>
<tr><td><b>Test method</b></td>
<td width="30%"><b>Exception</b></td>
<td width="10%"><b>Time (seconds)</b></td>
<td><b>Instance</b></td>
</tr>
<tr>
<td title='tests_boardmember_access.BoardMemberCantSeeSecuredFile.delete_Resource_Library_Folder_2()'><b>delete_Resource_Library_Folder_2</b><br>Test class: tests_boardmember_access.BoardMemberCantSeeSecuredFile<br>Test method: delete_Resource_Library_Folder_2</td>
<td><div><pre>org.openqa.selenium.NoSuchElementException: no such element: Unable to locate element: {&quot;method&quot;:&quot;xpath&quot;,&quot;selector&quot;:&quot;(//*[normalize-space(text()) =&apos;New Library Folder 2&apos;]/following::button[@class=&apos;btn btn-default btn-xs dropdown-toggle&apos;])[1]&quot;}
  (Session info: chrome=91.0.4472.77)
For documentation on this error, please visit: https://www.seleniumhq.org/exceptions/no_such_element.html
Build info: version: &apos;3.141.59&apos;, revision: &apos;e82be7d358&apos;, time: &apos;2018-11-14T08:17:03&apos;
System info: host: &apos;CLT-WIN-11717&apos;, ip: &apos;172.23.74.148&apos;, os.name: &apos;Windows 10&apos;, os.arch: &apos;amd64&apos;, os.version: &apos;10.0&apos;, java.version: &apos;1.8.0_211&apos;
Driver info: org.openqa.selenium.remote.RemoteWebDriver
Capabilities {acceptInsecureCerts: false, browserName: chrome, browserVersion: 91.0.4472.77, chrome: {chromedriverVersion: 91.0.4472.19 (1bf021f248676..., userDataDir: C:\Users\QATEST~1\AppData\L...}, goog:chromeOptions: {debuggerAddress: localhost:55747}, javascriptEnabled: true, networkConnectionEnabled: false, pageLoadStrategy: normal, platform: WINDOWS, platformName: WINDOWS, proxy: Proxy(), setWindowRect: true, strictFileInteractability: false, timeouts: {implicit: 0, pageLoad: 300000, script: 30000}, unhandledPromptBehavior: dismiss and notify, webauthn:extension:largeBlob: true, webauthn:virtualAuthenticators: true, webdriver.remote.sessionid: 1156cbe6dba4fd2974862ea0f24...}
Session ID: 1156cbe6dba4fd2974862ea0f244bb44
*** Element info: {Using=xpath, value=(//*[normalize-space(text()) =&apos;New Library Folder 2&apos;]/following::button[@class=&apos;btn btn-default btn-xs dropdown-toggle&apos;])[1]}
	at org.openqa.selenium.remote.http.W3CHttpResponseCodec.createException(W3CHttpResponseCodec.java:187)
	at org.openqa.selenium.remote.http.W3CHttpResponseCodec.decode(W3CHttpResponseCodec.java:122)
	at org.openqa.selenium.remote.http.W3CHttpResponseCodec.decode(W3CHttpResponseCodec.java:49)
	at org.openqa.selenium.remote.HttpCommandExecutor.execute(HttpCommandExecutor.java:158)
	at org.openqa.selenium.remote.RemoteWebDriver.execute(RemoteWebDriver.java:552)
	at org.openqa.selenium.remote.RemoteWebDriver.findElement(RemoteWebDriver.java:323)
	at org.openqa.selenium.remote.RemoteWebDriver.findElementByXPath(RemoteWebDriver.java:428)
	at org.openqa.selenium.By$ByXPath.findElement(By.java:353)
	at org.openqa.selenium.remote.RemoteWebDriver.findElement(RemoteWebDriver.java:315)
	at org.openqa.selenium.support.ui.ExpectedConditions$7.apply(ExpectedConditions.java:205)
	at org.openqa.selenium.support.ui.ExpectedConditions$7.apply(ExpectedConditions.java:201)
	at org.openqa.selenium.support.ui.ExpectedConditions$22.apply(ExpectedConditions.java:641)
	at org.openqa.selenium.support.ui.ExpectedConditions$22.apply(ExpectedConditions.java:638)
	at org.openqa.selenium.support.ui.ExpectedConditions$47.apply(ExpectedConditions.java:1370)
	at org.openqa.selenium.support.ui.ExpectedConditions$47.apply(ExpectedConditions.java:1364)
	at org.openqa.selenium.support.ui.FluentWait.until(FluentWait.java:249)
	at page_resource_library.MoveResourceFolderPage.verify_Resource_Library_Folder_2_Dropdown(MoveResourceFolderPage.java:2474)
	at page_resource_library.MoveResourceFolderPage.delete_Resource_Library_Folder_2(MoveResourceFolderPage.java:2717)
	at tests_boardmember_access.BoardMemberCantSeeSecuredFile.delete_Resource_Library_Folder_2(BoardMemberCantSeeSecuredFile.java:145)
	at java.util.ArrayList.forEach(ArrayList.java:1257)
	at java.util.concurrent.FutureTask.run(FutureTask.java:266)
	at java.util.concurrent.ThreadPoolExecutor.runWorker(ThreadPoolExecutor.java:1149)
	at java.util.concurrent.ThreadPoolExecutor$Worker.run(ThreadPoolExecutor.java:624)
	at java.lang.Thread.run(Thread.java:748)
... Removed 22 stack frames</pre></div><a href='#' onClick='toggleBox("stack-trace1606812668", this, "Click to show all stack frames", "Click to hide stack frames")'>Click to show all stack frames</a>
<div class='stack-trace' id='stack-trace1606812668'><pre>org.openqa.selenium.NoSuchElementException: no such element: Unable to locate element: {&quot;method&quot;:&quot;xpath&quot;,&quot;selector&quot;:&quot;(//*[normalize-space(text()) =&apos;New Library Folder 2&apos;]/following::button[@class=&apos;btn btn-default btn-xs dropdown-toggle&apos;])[1]&quot;}
  (Session info: chrome=91.0.4472.77)
For documentation on this error, please visit: https://www.seleniumhq.org/exceptions/no_such_element.html
Build info: version: &apos;3.141.59&apos;, revision: &apos;e82be7d358&apos;, time: &apos;2018-11-14T08:17:03&apos;
System info: host: &apos;CLT-WIN-11717&apos;, ip: &apos;172.23.74.148&apos;, os.name: &apos;Windows 10&apos;, os.arch: &apos;amd64&apos;, os.version: &apos;10.0&apos;, java.version: &apos;1.8.0_211&apos;
Driver info: org.openqa.selenium.remote.RemoteWebDriver
Capabilities {acceptInsecureCerts: false, browserName: chrome, browserVersion: 91.0.4472.77, chrome: {chromedriverVersion: 91.0.4472.19 (1bf021f248676..., userDataDir: C:\Users\QATEST~1\AppData\L...}, goog:chromeOptions: {debuggerAddress: localhost:55747}, javascriptEnabled: true, networkConnectionEnabled: false, pageLoadStrategy: normal, platform: WINDOWS, platformName: WINDOWS, proxy: Proxy(), setWindowRect: true, strictFileInteractability: false, timeouts: {implicit: 0, pageLoad: 300000, script: 30000}, unhandledPromptBehavior: dismiss and notify, webauthn:extension:largeBlob: true, webauthn:virtualAuthenticators: true, webdriver.remote.sessionid: 1156cbe6dba4fd2974862ea0f24...}
Session ID: 1156cbe6dba4fd2974862ea0f244bb44
*** Element info: {Using=xpath, value=(//*[normalize-space(text()) =&apos;New Library Folder 2&apos;]/following::button[@class=&apos;btn btn-default btn-xs dropdown-toggle&apos;])[1]}
	at sun.reflect.NativeConstructorAccessorImpl.newInstance0(Native Method)
	at sun.reflect.NativeConstructorAccessorImpl.newInstance(NativeConstructorAccessorImpl.java:62)
	at sun.reflect.DelegatingConstructorAccessorImpl.newInstance(DelegatingConstructorAccessorImpl.java:45)
	at java.lang.reflect.Constructor.newInstance(Constructor.java:423)
	at org.openqa.selenium.remote.http.W3CHttpResponseCodec.createException(W3CHttpResponseCodec.java:187)
	at org.openqa.selenium.remote.http.W3CHttpResponseCodec.decode(W3CHttpResponseCodec.java:122)
	at org.openqa.selenium.remote.http.W3CHttpResponseCodec.decode(W3CHttpResponseCodec.java:49)
	at org.openqa.selenium.remote.HttpCommandExecutor.execute(HttpCommandExecutor.java:158)
	at org.openqa.selenium.remote.RemoteWebDriver.execute(RemoteWebDriver.java:552)
	at org.openqa.selenium.remote.RemoteWebDriver.findElement(RemoteWebDriver.java:323)
	at org.openqa.selenium.remote.RemoteWebDriver.findElementByXPath(RemoteWebDriver.java:428)
	at org.openqa.selenium.By$ByXPath.findElement(By.java:353)
	at org.openqa.selenium.remote.RemoteWebDriver.findElement(RemoteWebDriver.java:315)
	at org.openqa.selenium.support.ui.ExpectedConditions$7.apply(ExpectedConditions.java:205)
	at org.openqa.selenium.support.ui.ExpectedConditions$7.apply(ExpectedConditions.java:201)
	at org.openqa.selenium.support.ui.ExpectedConditions$22.apply(ExpectedConditions.java:641)
	at org.openqa.selenium.support.ui.ExpectedConditions$22.apply(ExpectedConditions.java:638)
	at org.openqa.selenium.support.ui.ExpectedConditions$47.apply(ExpectedConditions.java:1370)
	at org.openqa.selenium.support.ui.ExpectedConditions$47.apply(ExpectedConditions.java:1364)
	at org.openqa.selenium.support.ui.FluentWait.until(FluentWait.java:249)
	at page_resource_library.MoveResourceFolderPage.verify_Resource_Library_Folder_2_Dropdown(MoveResourceFolderPage.java:2474)
	at page_resource_library.MoveResourceFolderPage.delete_Resource_Library_Folder_2(MoveResourceFolderPage.java:2717)
	at tests_boardmember_access.BoardMemberCantSeeSecuredFile.delete_Resource_Library_Folder_2(BoardMemberCantSeeSecuredFile.java:145)
	at sun.reflect.NativeMethodAccessorImpl.invoke0(Native Method)
	at sun.reflect.NativeMethodAccessorImpl.invoke(NativeMethodAccessorImpl.java:62)
	at sun.reflect.DelegatingMethodAccessorImpl.invoke(DelegatingMethodAccessorImpl.java:43)
	at java.lang.reflect.Method.invoke(Method.java:498)
	at org.testng.internal.MethodInvocationHelper.invokeMethod(MethodInvocationHelper.java:133)
	at org.testng.internal.TestInvoker.invokeMethod(TestInvoker.java:584)
	at org.testng.internal.TestInvoker.invokeTestMethod(TestInvoker.java:172)
	at org.testng.internal.MethodRunner.runInSequence(MethodRunner.java:46)
	at org.testng.internal.TestInvoker$MethodInvocationAgent.invoke(TestInvoker.java:804)
	at org.testng.internal.TestInvoker.invokeTestMethods(TestInvoker.java:145)
	at org.testng.internal.TestMethodWorker.invokeTestMethods(TestMethodWorker.java:146)
	at org.testng.internal.TestMethodWorker.run(TestMethodWorker.java:128)
	at java.util.ArrayList.forEach(ArrayList.java:1257)
	at org.testng.TestRunner.privateRun(TestRunner.java:770)
	at org.testng.TestRunner.run(TestRunner.java:591)
	at org.testng.SuiteRunner.runTest(SuiteRunner.java:402)
	at org.testng.SuiteRunner.access$000(SuiteRunner.java:41)
	at org.testng.SuiteRunner$SuiteWorker.run(SuiteRunner.java:443)
	at org.testng.internal.thread.ThreadUtil.lambda$execute$0(ThreadUtil.java:67)
	at java.util.concurrent.FutureTask.run(FutureTask.java:266)
	at java.util.concurrent.ThreadPoolExecutor.runWorker(ThreadPoolExecutor.java:1149)
	at java.util.concurrent.ThreadPoolExecutor$Worker.run(ThreadPoolExecutor.java:624)
	at java.lang.Thread.run(Thread.java:748)
</pre></div></td>
<td>5</td>
<td>tests_boardmember_access.BoardMemberCantSeeSecuredFile@710726a3</td></tr>
<tr>
<td title='tests_boardmember_access.BoardMemberCantSeeSecuredFile.systemAdmin_Login()'><b>systemAdmin_Login</b><br>Test class: tests_boardmember_access.BoardMemberCantSeeSecuredFile<br>Test method: systemAdmin_Login</td>
<td><div><pre>org.openqa.selenium.TimeoutException: Expected condition failed: waiting for at least one condition to be valid: element to be clickable: By.xpath: id(&quot;login_login&quot;) (tried for 10 second(s) with 500 milliseconds interval)
	at org.openqa.selenium.support.ui.WebDriverWait.timeoutException(WebDriverWait.java:95)
	at org.openqa.selenium.support.ui.FluentWait.until(FluentWait.java:272)
	at page_common_functions.LoginLogoutPage.verify_Username_Field(LoginLogoutPage.java:32)
	at page_common_functions.LoginLogoutPage.login_BE(LoginLogoutPage.java:66)
	at tests_boardmember_access.BoardMemberCantSeeSecuredFile.systemAdmin_Login(BoardMemberCantSeeSecuredFile.java:129)
	at java.util.ArrayList.forEach(ArrayList.java:1257)
	at java.util.concurrent.FutureTask.run(FutureTask.java:266)
	at java.util.concurrent.ThreadPoolExecutor.runWorker(ThreadPoolExecutor.java:1149)
	at java.util.concurrent.ThreadPoolExecutor$Worker.run(ThreadPoolExecutor.java:624)
	at java.lang.Thread.run(Thread.java:748)
Caused by: org.openqa.selenium.NoSuchElementException: no such element: Unable to locate element: {&quot;method&quot;:&quot;xpath&quot;,&quot;selector&quot;:&quot;id(&quot;login_login&quot;)&quot;}
  (Session info: chrome=91.0.4472.77)
For documentation on this error, please visit: https://www.seleniumhq.org/exceptions/no_such_element.html
Build info: version: &apos;3.141.59&apos;, revision: &apos;e82be7d358&apos;, time: &apos;2018-11-14T08:17:03&apos;
System info: host: &apos;CLT-WIN-11717&apos;, ip: &apos;172.23.74.148&apos;, os.name: &apos;Windows 10&apos;, os.arch: &apos;amd64&apos;, os.version: &apos;10.0&apos;, java.version: &apos;1.8.0_211&apos;
Driver info: org.openqa.selenium.remote.RemoteWebDriver
Capabilities {acceptInsecureCerts: false, browserName: chrome, browserVersion: 91.0.4472.77, chrome: {chromedriverVersion: 91.0.4472.19 (1bf021f248676..., userDataDir: C:\Users\QATEST~1\AppData\L...}, goog:chromeOptions: {debuggerAddress: localhost:55747}, javascriptEnabled: true, networkConnectionEnabled: false, pageLoadStrategy: normal, platform: WINDOWS, platformName: WINDOWS, proxy: Proxy(), setWindowRect: true, strictFileInteractability: false, timeouts: {implicit: 0, pageLoad: 300000, script: 30000}, unhandledPromptBehavior: dismiss and notify, webauthn:extension:largeBlob: true, webauthn:virtualAuthenticators: true, webdriver.remote.sessionid: 1156cbe6dba4fd2974862ea0f24...}
Session ID: 1156cbe6dba4fd2974862ea0f244bb44
*** Element info: {Using=xpath, value=id(&quot;login_login&quot;)}
	at org.openqa.selenium.remote.http.W3CHttpResponseCodec.createException(W3CHttpResponseCodec.java:187)
	at org.openqa.selenium.remote.http.W3CHttpResponseCodec.decode(W3CHttpResponseCodec.java:122)
	at org.openqa.selenium.remote.http.W3CHttpResponseCodec.decode(W3CHttpResponseCodec.java:49)
	at org.openqa.selenium.remote.HttpCommandExecutor.execute(HttpCommandExecutor.java:158)
	at org.openqa.selenium.remote.RemoteWebDriver.execute(RemoteWebDriver.java:552)
	at org.openqa.selenium.remote.RemoteWebDriver.findElement(RemoteWebDriver.java:323)
	at org.openqa.selenium.remote.RemoteWebDriver.findElementByXPath(RemoteWebDriver.java:428)
	at org.openqa.selenium.By$ByXPath.findElement(By.java:353)
	at org.openqa.selenium.remote.RemoteWebDriver.findElement(RemoteWebDriver.java:315)
	at org.openqa.selenium.support.ui.ExpectedConditions$7.apply(ExpectedConditions.java:205)
	at org.openqa.selenium.support.ui.ExpectedConditions$7.apply(ExpectedConditions.java:201)
	at org.openqa.selenium.support.ui.ExpectedConditions$22.apply(ExpectedConditions.java:641)
	at org.openqa.selenium.support.ui.ExpectedConditions$22.apply(ExpectedConditions.java:638)
	at org.openqa.selenium.support.ui.ExpectedConditions$47.apply(ExpectedConditions.java:1370)
	at org.openqa.selenium.support.ui.ExpectedConditions$47.apply(ExpectedConditions.java:1364)
	at org.openqa.selenium.support.ui.FluentWait.until(FluentWait.java:249)
	... 26 more
... Removed 22 stack frames</pre></div><a href='#' onClick='toggleBox("stack-trace2067326911", this, "Click to show all stack frames", "Click to hide stack frames")'>Click to show all stack frames</a>
<div class='stack-trace' id='stack-trace2067326911'><pre>org.openqa.selenium.TimeoutException: Expected condition failed: waiting for at least one condition to be valid: element to be clickable: By.xpath: id(&quot;login_login&quot;) (tried for 10 second(s) with 500 milliseconds interval)
	at org.openqa.selenium.support.ui.WebDriverWait.timeoutException(WebDriverWait.java:95)
	at org.openqa.selenium.support.ui.FluentWait.until(FluentWait.java:272)
	at page_common_functions.LoginLogoutPage.verify_Username_Field(LoginLogoutPage.java:32)
	at page_common_functions.LoginLogoutPage.login_BE(LoginLogoutPage.java:66)
	at tests_boardmember_access.BoardMemberCantSeeSecuredFile.systemAdmin_Login(BoardMemberCantSeeSecuredFile.java:129)
	at sun.reflect.NativeMethodAccessorImpl.invoke0(Native Method)
	at sun.reflect.NativeMethodAccessorImpl.invoke(NativeMethodAccessorImpl.java:62)
	at sun.reflect.DelegatingMethodAccessorImpl.invoke(DelegatingMethodAccessorImpl.java:43)
	at java.lang.reflect.Method.invoke(Method.java:498)
	at org.testng.internal.MethodInvocationHelper.invokeMethod(MethodInvocationHelper.java:133)
	at org.testng.internal.TestInvoker.invokeMethod(TestInvoker.java:584)
	at org.testng.internal.TestInvoker.invokeTestMethod(TestInvoker.java:172)
	at org.testng.internal.MethodRunner.runInSequence(MethodRunner.java:46)
	at org.testng.internal.TestInvoker$MethodInvocationAgent.invoke(TestInvoker.java:804)
	at org.testng.internal.TestInvoker.invokeTestMethods(TestInvoker.java:145)
	at org.testng.internal.TestMethodWorker.invokeTestMethods(TestMethodWorker.java:146)
	at org.testng.internal.TestMethodWorker.run(TestMethodWorker.java:128)
	at java.util.ArrayList.forEach(ArrayList.java:1257)
	at org.testng.TestRunner.privateRun(TestRunner.java:770)
	at org.testng.TestRunner.run(TestRunner.java:591)
	at org.testng.SuiteRunner.runTest(SuiteRunner.java:402)
	at org.testng.SuiteRunner.access$000(SuiteRunner.java:41)
	at org.testng.SuiteRunner$SuiteWorker.run(SuiteRunner.java:443)
	at org.testng.internal.thread.ThreadUtil.lambda$execute$0(ThreadUtil.java:67)
	at java.util.concurrent.FutureTask.run(FutureTask.java:266)
	at java.util.concurrent.ThreadPoolExecutor.runWorker(ThreadPoolExecutor.java:1149)
	at java.util.concurrent.ThreadPoolExecutor$Worker.run(ThreadPoolExecutor.java:624)
	at java.lang.Thread.run(Thread.java:748)
Caused by: org.openqa.selenium.NoSuchElementException: no such element: Unable to locate element: {&quot;method&quot;:&quot;xpath&quot;,&quot;selector&quot;:&quot;id(&quot;login_login&quot;)&quot;}
  (Session info: chrome=91.0.4472.77)
For documentation on this error, please visit: https://www.seleniumhq.org/exceptions/no_such_element.html
Build info: version: &apos;3.141.59&apos;, revision: &apos;e82be7d358&apos;, time: &apos;2018-11-14T08:17:03&apos;
System info: host: &apos;CLT-WIN-11717&apos;, ip: &apos;172.23.74.148&apos;, os.name: &apos;Windows 10&apos;, os.arch: &apos;amd64&apos;, os.version: &apos;10.0&apos;, java.version: &apos;1.8.0_211&apos;
Driver info: org.openqa.selenium.remote.RemoteWebDriver
Capabilities {acceptInsecureCerts: false, browserName: chrome, browserVersion: 91.0.4472.77, chrome: {chromedriverVersion: 91.0.4472.19 (1bf021f248676..., userDataDir: C:\Users\QATEST~1\AppData\L...}, goog:chromeOptions: {debuggerAddress: localhost:55747}, javascriptEnabled: true, networkConnectionEnabled: false, pageLoadStrategy: normal, platform: WINDOWS, platformName: WINDOWS, proxy: Proxy(), setWindowRect: true, strictFileInteractability: false, timeouts: {implicit: 0, pageLoad: 300000, script: 30000}, unhandledPromptBehavior: dismiss and notify, webauthn:extension:largeBlob: true, webauthn:virtualAuthenticators: true, webdriver.remote.sessionid: 1156cbe6dba4fd2974862ea0f24...}
Session ID: 1156cbe6dba4fd2974862ea0f244bb44
*** Element info: {Using=xpath, value=id(&quot;login_login&quot;)}
	at sun.reflect.NativeConstructorAccessorImpl.newInstance0(Native Method)
	at sun.reflect.NativeConstructorAccessorImpl.newInstance(NativeConstructorAccessorImpl.java:62)
	at sun.reflect.DelegatingConstructorAccessorImpl.newInstance(DelegatingConstructorAccessorImpl.java:45)
	at java.lang.reflect.Constructor.newInstance(Constructor.java:423)
	at org.openqa.selenium.remote.http.W3CHttpResponseCodec.createException(W3CHttpResponseCodec.java:187)
	at org.openqa.selenium.remote.http.W3CHttpResponseCodec.decode(W3CHttpResponseCodec.java:122)
	at org.openqa.selenium.remote.http.W3CHttpResponseCodec.decode(W3CHttpResponseCodec.java:49)
	at org.openqa.selenium.remote.HttpCommandExecutor.execute(HttpCommandExecutor.java:158)
	at org.openqa.selenium.remote.RemoteWebDriver.execute(RemoteWebDriver.java:552)
	at org.openqa.selenium.remote.RemoteWebDriver.findElement(RemoteWebDriver.java:323)
	at org.openqa.selenium.remote.RemoteWebDriver.findElementByXPath(RemoteWebDriver.java:428)
	at org.openqa.selenium.By$ByXPath.findElement(By.java:353)
	at org.openqa.selenium.remote.RemoteWebDriver.findElement(RemoteWebDriver.java:315)
	at org.openqa.selenium.support.ui.ExpectedConditions$7.apply(ExpectedConditions.java:205)
	at org.openqa.selenium.support.ui.ExpectedConditions$7.apply(ExpectedConditions.java:201)
	at org.openqa.selenium.support.ui.ExpectedConditions$22.apply(ExpectedConditions.java:641)
	at org.openqa.selenium.support.ui.ExpectedConditions$22.apply(ExpectedConditions.java:638)
	at org.openqa.selenium.support.ui.ExpectedConditions$47.apply(ExpectedConditions.java:1370)
	at org.openqa.selenium.support.ui.ExpectedConditions$47.apply(ExpectedConditions.java:1364)
	at org.openqa.selenium.support.ui.FluentWait.until(FluentWait.java:249)
	... 26 more
</pre></div></td>
<td>10</td>
<td>tests_boardmember_access.BoardMemberCantSeeSecuredFile@710726a3</td></tr>
<tr>
<td title='tests_boardmember_access.BoardMemberCantSeeSecuredFile.user_Can_Logout_()'><b>user_Can_Logout_</b><br>Test class: tests_boardmember_access.BoardMemberCantSeeSecuredFile<br>Test method: user_Can_Logout</td>
<td><div><pre>org.openqa.selenium.ElementClickInterceptedException: element click intercepted: Element &lt;a title=&quot;Sign Out&quot; href=&quot;/logout&quot;&gt;...&lt;/a&gt; is not clickable at point (128, 447). Other element would receive the click: &lt;a class=&quot; break-name&quot; data-remote=&quot;true&quot; href=&quot;/workrooms/5884/resources&quot;&gt;...&lt;/a&gt;
  (Session info: chrome=91.0.4472.77)
Build info: version: &apos;3.141.59&apos;, revision: &apos;e82be7d358&apos;, time: &apos;2018-11-14T08:17:03&apos;
System info: host: &apos;CLT-WIN-11717&apos;, ip: &apos;172.23.74.148&apos;, os.name: &apos;Windows 10&apos;, os.arch: &apos;amd64&apos;, os.version: &apos;10.0&apos;, java.version: &apos;1.8.0_211&apos;
Driver info: org.openqa.selenium.remote.RemoteWebDriver
Capabilities {acceptInsecureCerts: false, browserName: chrome, browserVersion: 91.0.4472.77, chrome: {chromedriverVersion: 91.0.4472.19 (1bf021f248676..., userDataDir: C:\Users\QATEST~1\AppData\L...}, goog:chromeOptions: {debuggerAddress: localhost:55747}, javascriptEnabled: true, networkConnectionEnabled: false, pageLoadStrategy: normal, platform: WINDOWS, platformName: WINDOWS, proxy: Proxy(), setWindowRect: true, strictFileInteractability: false, timeouts: {implicit: 0, pageLoad: 300000, script: 30000}, unhandledPromptBehavior: dismiss and notify, webauthn:extension:largeBlob: true, webauthn:virtualAuthenticators: true, webdriver.remote.sessionid: 1156cbe6dba4fd2974862ea0f24...}
Session ID: 1156cbe6dba4fd2974862ea0f244bb44
	at org.openqa.selenium.remote.http.W3CHttpResponseCodec.createException(W3CHttpResponseCodec.java:187)
	at org.openqa.selenium.remote.http.W3CHttpResponseCodec.decode(W3CHttpResponseCodec.java:122)
	at org.openqa.selenium.remote.http.W3CHttpResponseCodec.decode(W3CHttpResponseCodec.java:49)
	at org.openqa.selenium.remote.HttpCommandExecutor.execute(HttpCommandExecutor.java:158)
	at org.openqa.selenium.remote.RemoteWebDriver.execute(RemoteWebDriver.java:552)
	at org.openqa.selenium.remote.RemoteWebElement.execute(RemoteWebElement.java:285)
	at org.openqa.selenium.remote.RemoteWebElement.click(RemoteWebElement.java:84)
	at page_common_functions.AtlasNavBar.click_Sign_Out(AtlasNavBar.java:769)
	at page_common_functions.AtlasNavBar.user_Can_Sign_Out(AtlasNavBar.java:774)
	at tests_boardmember_access.BoardMemberCantSeeSecuredFile.user_Can_Logout_(BoardMemberCantSeeSecuredFile.java:121)
	at java.util.ArrayList.forEach(ArrayList.java:1257)
	at java.util.concurrent.FutureTask.run(FutureTask.java:266)
	at java.util.concurrent.ThreadPoolExecutor.runWorker(ThreadPoolExecutor.java:1149)
	at java.util.concurrent.ThreadPoolExecutor$Worker.run(ThreadPoolExecutor.java:624)
	at java.lang.Thread.run(Thread.java:748)
... Removed 22 stack frames</pre></div><a href='#' onClick='toggleBox("stack-trace643385295", this, "Click to show all stack frames", "Click to hide stack frames")'>Click to show all stack frames</a>
<div class='stack-trace' id='stack-trace643385295'><pre>org.openqa.selenium.ElementClickInterceptedException: element click intercepted: Element &lt;a title=&quot;Sign Out&quot; href=&quot;/logout&quot;&gt;...&lt;/a&gt; is not clickable at point (128, 447). Other element would receive the click: &lt;a class=&quot; break-name&quot; data-remote=&quot;true&quot; href=&quot;/workrooms/5884/resources&quot;&gt;...&lt;/a&gt;
  (Session info: chrome=91.0.4472.77)
Build info: version: &apos;3.141.59&apos;, revision: &apos;e82be7d358&apos;, time: &apos;2018-11-14T08:17:03&apos;
System info: host: &apos;CLT-WIN-11717&apos;, ip: &apos;172.23.74.148&apos;, os.name: &apos;Windows 10&apos;, os.arch: &apos;amd64&apos;, os.version: &apos;10.0&apos;, java.version: &apos;1.8.0_211&apos;
Driver info: org.openqa.selenium.remote.RemoteWebDriver
Capabilities {acceptInsecureCerts: false, browserName: chrome, browserVersion: 91.0.4472.77, chrome: {chromedriverVersion: 91.0.4472.19 (1bf021f248676..., userDataDir: C:\Users\QATEST~1\AppData\L...}, goog:chromeOptions: {debuggerAddress: localhost:55747}, javascriptEnabled: true, networkConnectionEnabled: false, pageLoadStrategy: normal, platform: WINDOWS, platformName: WINDOWS, proxy: Proxy(), setWindowRect: true, strictFileInteractability: false, timeouts: {implicit: 0, pageLoad: 300000, script: 30000}, unhandledPromptBehavior: dismiss and notify, webauthn:extension:largeBlob: true, webauthn:virtualAuthenticators: true, webdriver.remote.sessionid: 1156cbe6dba4fd2974862ea0f24...}
Session ID: 1156cbe6dba4fd2974862ea0f244bb44
	at sun.reflect.NativeConstructorAccessorImpl.newInstance0(Native Method)
	at sun.reflect.NativeConstructorAccessorImpl.newInstance(NativeConstructorAccessorImpl.java:62)
	at sun.reflect.DelegatingConstructorAccessorImpl.newInstance(DelegatingConstructorAccessorImpl.java:45)
	at java.lang.reflect.Constructor.newInstance(Constructor.java:423)
	at org.openqa.selenium.remote.http.W3CHttpResponseCodec.createException(W3CHttpResponseCodec.java:187)
	at org.openqa.selenium.remote.http.W3CHttpResponseCodec.decode(W3CHttpResponseCodec.java:122)
	at org.openqa.selenium.remote.http.W3CHttpResponseCodec.decode(W3CHttpResponseCodec.java:49)
	at org.openqa.selenium.remote.HttpCommandExecutor.execute(HttpCommandExecutor.java:158)
	at org.openqa.selenium.remote.RemoteWebDriver.execute(RemoteWebDriver.java:552)
	at org.openqa.selenium.remote.RemoteWebElement.execute(RemoteWebElement.java:285)
	at org.openqa.selenium.remote.RemoteWebElement.click(RemoteWebElement.java:84)
	at page_common_functions.AtlasNavBar.click_Sign_Out(AtlasNavBar.java:769)
	at page_common_functions.AtlasNavBar.user_Can_Sign_Out(AtlasNavBar.java:774)
	at tests_boardmember_access.BoardMemberCantSeeSecuredFile.user_Can_Logout_(BoardMemberCantSeeSecuredFile.java:121)
	at sun.reflect.NativeMethodAccessorImpl.invoke0(Native Method)
	at sun.reflect.NativeMethodAccessorImpl.invoke(NativeMethodAccessorImpl.java:62)
	at sun.reflect.DelegatingMethodAccessorImpl.invoke(DelegatingMethodAccessorImpl.java:43)
	at java.lang.reflect.Method.invoke(Method.java:498)
	at org.testng.internal.MethodInvocationHelper.invokeMethod(MethodInvocationHelper.java:133)
	at org.testng.internal.TestInvoker.invokeMethod(TestInvoker.java:584)
	at org.testng.internal.TestInvoker.invokeTestMethod(TestInvoker.java:172)
	at org.testng.internal.MethodRunner.runInSequence(MethodRunner.java:46)
	at org.testng.internal.TestInvoker$MethodInvocationAgent.invoke(TestInvoker.java:804)
	at org.testng.internal.TestInvoker.invokeTestMethods(TestInvoker.java:145)
	at org.testng.internal.TestMethodWorker.invokeTestMethods(TestMethodWorker.java:146)
	at org.testng.internal.TestMethodWorker.run(TestMethodWorker.java:128)
	at java.util.ArrayList.forEach(ArrayList.java:1257)
	at org.testng.TestRunner.privateRun(TestRunner.java:770)
	at org.testng.TestRunner.run(TestRunner.java:591)
	at org.testng.SuiteRunner.runTest(SuiteRunner.java:402)
	at org.testng.SuiteRunner.access$000(SuiteRunner.java:41)
	at org.testng.SuiteRunner$SuiteWorker.run(SuiteRunner.java:443)
	at org.testng.internal.thread.ThreadUtil.lambda$execute$0(ThreadUtil.java:67)
	at java.util.concurrent.FutureTask.run(FutureTask.java:266)
	at java.util.concurrent.ThreadPoolExecutor.runWorker(ThreadPoolExecutor.java:1149)
	at java.util.concurrent.ThreadPoolExecutor$Worker.run(ThreadPoolExecutor.java:624)
	at java.lang.Thread.run(Thread.java:748)
</pre></div></td>
<td>1</td>
<td>tests_boardmember_access.BoardMemberCantSeeSecuredFile@710726a3</td></tr>
<tr>
<td title='tests_boardmember_access.BoardMemberCantSeeSecuredFile.user_Can_Open_Libraries_Form_3rd_Time()'><b>user_Can_Open_Libraries_Form_3rd_Time</b><br>Test class: tests_boardmember_access.BoardMemberCantSeeSecuredFile<br>Test method: user_Can_Open_Libraries_Form_3rd_Time</td>
<td><div><pre>org.openqa.selenium.ElementClickInterceptedException: element click intercepted: Element &lt;a title=&quot;Library&quot; data-remote=&quot;true&quot; href=&quot;/resources&quot;&gt;...&lt;/a&gt; is not clickable at point (128, 223). Other element would receive the click: &lt;a class=&quot;&quot; data-remote=&quot;true&quot; href=&quot;/resources&quot;&gt;...&lt;/a&gt;
  (Session info: chrome=91.0.4472.77)
Build info: version: &apos;3.141.59&apos;, revision: &apos;e82be7d358&apos;, time: &apos;2018-11-14T08:17:03&apos;
System info: host: &apos;CLT-WIN-11717&apos;, ip: &apos;172.23.74.148&apos;, os.name: &apos;Windows 10&apos;, os.arch: &apos;amd64&apos;, os.version: &apos;10.0&apos;, java.version: &apos;1.8.0_211&apos;
Driver info: org.openqa.selenium.remote.RemoteWebDriver
Capabilities {acceptInsecureCerts: false, browserName: chrome, browserVersion: 91.0.4472.77, chrome: {chromedriverVersion: 91.0.4472.19 (1bf021f248676..., userDataDir: C:\Users\QATEST~1\AppData\L...}, goog:chromeOptions: {debuggerAddress: localhost:55747}, javascriptEnabled: true, networkConnectionEnabled: false, pageLoadStrategy: normal, platform: WINDOWS, platformName: WINDOWS, proxy: Proxy(), setWindowRect: true, strictFileInteractability: false, timeouts: {implicit: 0, pageLoad: 300000, script: 30000}, unhandledPromptBehavior: dismiss and notify, webauthn:extension:largeBlob: true, webauthn:virtualAuthenticators: true, webdriver.remote.sessionid: 1156cbe6dba4fd2974862ea0f24...}
Session ID: 1156cbe6dba4fd2974862ea0f244bb44
	at org.openqa.selenium.remote.http.W3CHttpResponseCodec.createException(W3CHttpResponseCodec.java:187)
	at org.openqa.selenium.remote.http.W3CHttpResponseCodec.decode(W3CHttpResponseCodec.java:122)
	at org.openqa.selenium.remote.http.W3CHttpResponseCodec.decode(W3CHttpResponseCodec.java:49)
	at org.openqa.selenium.remote.HttpCommandExecutor.execute(HttpCommandExecutor.java:158)
	at org.openqa.selenium.remote.RemoteWebDriver.execute(RemoteWebDriver.java:552)
	at org.openqa.selenium.remote.RemoteWebElement.execute(RemoteWebElement.java:285)
	at org.openqa.selenium.remote.RemoteWebElement.click(RemoteWebElement.java:84)
	at page_common_functions.AtlasNavBar.click_Library_RL(AtlasNavBar.java:677)
	at page_common_functions.AtlasNavBar.workroom_Member_Open_Resource_Library_AutoBE_WR(AtlasNavBar.java:722)
	at tests_boardmember_access.BoardMemberCantSeeSecuredFile.user_Can_Open_Libraries_Form_3rd_Time(BoardMemberCantSeeSecuredFile.java:137)
	at java.util.ArrayList.forEach(ArrayList.java:1257)
	at java.util.concurrent.FutureTask.run(FutureTask.java:266)
	at java.util.concurrent.ThreadPoolExecutor.runWorker(ThreadPoolExecutor.java:1149)
	at java.util.concurrent.ThreadPoolExecutor$Worker.run(ThreadPoolExecutor.java:624)
	at java.lang.Thread.run(Thread.java:748)
... Removed 22 stack frames</pre></div><a href='#' onClick='toggleBox("stack-trace357635525", this, "Click to show all stack frames", "Click to hide stack frames")'>Click to show all stack frames</a>
<div class='stack-trace' id='stack-trace357635525'><pre>org.openqa.selenium.ElementClickInterceptedException: element click intercepted: Element &lt;a title=&quot;Library&quot; data-remote=&quot;true&quot; href=&quot;/resources&quot;&gt;...&lt;/a&gt; is not clickable at point (128, 223). Other element would receive the click: &lt;a class=&quot;&quot; data-remote=&quot;true&quot; href=&quot;/resources&quot;&gt;...&lt;/a&gt;
  (Session info: chrome=91.0.4472.77)
Build info: version: &apos;3.141.59&apos;, revision: &apos;e82be7d358&apos;, time: &apos;2018-11-14T08:17:03&apos;
System info: host: &apos;CLT-WIN-11717&apos;, ip: &apos;172.23.74.148&apos;, os.name: &apos;Windows 10&apos;, os.arch: &apos;amd64&apos;, os.version: &apos;10.0&apos;, java.version: &apos;1.8.0_211&apos;
Driver info: org.openqa.selenium.remote.RemoteWebDriver
Capabilities {acceptInsecureCerts: false, browserName: chrome, browserVersion: 91.0.4472.77, chrome: {chromedriverVersion: 91.0.4472.19 (1bf021f248676..., userDataDir: C:\Users\QATEST~1\AppData\L...}, goog:chromeOptions: {debuggerAddress: localhost:55747}, javascriptEnabled: true, networkConnectionEnabled: false, pageLoadStrategy: normal, platform: WINDOWS, platformName: WINDOWS, proxy: Proxy(), setWindowRect: true, strictFileInteractability: false, timeouts: {implicit: 0, pageLoad: 300000, script: 30000}, unhandledPromptBehavior: dismiss and notify, webauthn:extension:largeBlob: true, webauthn:virtualAuthenticators: true, webdriver.remote.sessionid: 1156cbe6dba4fd2974862ea0f24...}
Session ID: 1156cbe6dba4fd2974862ea0f244bb44
	at sun.reflect.NativeConstructorAccessorImpl.newInstance0(Native Method)
	at sun.reflect.NativeConstructorAccessorImpl.newInstance(NativeConstructorAccessorImpl.java:62)
	at sun.reflect.DelegatingConstructorAccessorImpl.newInstance(DelegatingConstructorAccessorImpl.java:45)
	at java.lang.reflect.Constructor.newInstance(Constructor.java:423)
	at org.openqa.selenium.remote.http.W3CHttpResponseCodec.createException(W3CHttpResponseCodec.java:187)
	at org.openqa.selenium.remote.http.W3CHttpResponseCodec.decode(W3CHttpResponseCodec.java:122)
	at org.openqa.selenium.remote.http.W3CHttpResponseCodec.decode(W3CHttpResponseCodec.java:49)
	at org.openqa.selenium.remote.HttpCommandExecutor.execute(HttpCommandExecutor.java:158)
	at org.openqa.selenium.remote.RemoteWebDriver.execute(RemoteWebDriver.java:552)
	at org.openqa.selenium.remote.RemoteWebElement.execute(RemoteWebElement.java:285)
	at org.openqa.selenium.remote.RemoteWebElement.click(RemoteWebElement.java:84)
	at page_common_functions.AtlasNavBar.click_Library_RL(AtlasNavBar.java:677)
	at page_common_functions.AtlasNavBar.workroom_Member_Open_Resource_Library_AutoBE_WR(AtlasNavBar.java:722)
	at tests_boardmember_access.BoardMemberCantSeeSecuredFile.user_Can_Open_Libraries_Form_3rd_Time(BoardMemberCantSeeSecuredFile.java:137)
	at sun.reflect.NativeMethodAccessorImpl.invoke0(Native Method)
	at sun.reflect.NativeMethodAccessorImpl.invoke(NativeMethodAccessorImpl.java:62)
	at sun.reflect.DelegatingMethodAccessorImpl.invoke(DelegatingMethodAccessorImpl.java:43)
	at java.lang.reflect.Method.invoke(Method.java:498)
	at org.testng.internal.MethodInvocationHelper.invokeMethod(MethodInvocationHelper.java:133)
	at org.testng.internal.TestInvoker.invokeMethod(TestInvoker.java:584)
	at org.testng.internal.TestInvoker.invokeTestMethod(TestInvoker.java:172)
	at org.testng.internal.MethodRunner.runInSequence(MethodRunner.java:46)
	at org.testng.internal.TestInvoker$MethodInvocationAgent.invoke(TestInvoker.java:804)
	at org.testng.internal.TestInvoker.invokeTestMethods(TestInvoker.java:145)
	at org.testng.internal.TestMethodWorker.invokeTestMethods(TestMethodWorker.java:146)
	at org.testng.internal.TestMethodWorker.run(TestMethodWorker.java:128)
	at java.util.ArrayList.forEach(ArrayList.java:1257)
	at org.testng.TestRunner.privateRun(TestRunner.java:770)
	at org.testng.TestRunner.run(TestRunner.java:591)
	at org.testng.SuiteRunner.runTest(SuiteRunner.java:402)
	at org.testng.SuiteRunner.access$000(SuiteRunner.java:41)
	at org.testng.SuiteRunner$SuiteWorker.run(SuiteRunner.java:443)
	at org.testng.internal.thread.ThreadUtil.lambda$execute$0(ThreadUtil.java:67)
	at java.util.concurrent.FutureTask.run(FutureTask.java:266)
	at java.util.concurrent.ThreadPoolExecutor.runWorker(ThreadPoolExecutor.java:1149)
	at java.util.concurrent.ThreadPoolExecutor$Worker.run(ThreadPoolExecutor.java:624)
	at java.lang.Thread.run(Thread.java:748)
</pre></div></td>
<td>1</td>
<td>tests_boardmember_access.BoardMemberCantSeeSecuredFile@710726a3</td></tr>
<tr>
<td title='tests_boardmember_access.BoardMemberCantSeeSecuredFile.user_Can_Open_Libraries_Form_4th_Time()'><b>user_Can_Open_Libraries_Form_4th_Time</b><br>Test class: tests_boardmember_access.BoardMemberCantSeeSecuredFile<br>Test method: user_Can_Open_Libraries_Form_4th_Time</td>
<td><div><pre>org.openqa.selenium.ElementClickInterceptedException: element click intercepted: Element &lt;a title=&quot;Library&quot; data-remote=&quot;true&quot; href=&quot;/resources&quot;&gt;...&lt;/a&gt; is not clickable at point (128, 223). Other element would receive the click: &lt;a class=&quot;&quot; data-remote=&quot;true&quot; href=&quot;/resources&quot;&gt;...&lt;/a&gt;
  (Session info: chrome=91.0.4472.77)
Build info: version: &apos;3.141.59&apos;, revision: &apos;e82be7d358&apos;, time: &apos;2018-11-14T08:17:03&apos;
System info: host: &apos;CLT-WIN-11717&apos;, ip: &apos;172.23.74.148&apos;, os.name: &apos;Windows 10&apos;, os.arch: &apos;amd64&apos;, os.version: &apos;10.0&apos;, java.version: &apos;1.8.0_211&apos;
Driver info: org.openqa.selenium.remote.RemoteWebDriver
Capabilities {acceptInsecureCerts: false, browserName: chrome, browserVersion: 91.0.4472.77, chrome: {chromedriverVersion: 91.0.4472.19 (1bf021f248676..., userDataDir: C:\Users\QATEST~1\AppData\L...}, goog:chromeOptions: {debuggerAddress: localhost:55747}, javascriptEnabled: true, networkConnectionEnabled: false, pageLoadStrategy: normal, platform: WINDOWS, platformName: WINDOWS, proxy: Proxy(), setWindowRect: true, strictFileInteractability: false, timeouts: {implicit: 0, pageLoad: 300000, script: 30000}, unhandledPromptBehavior: dismiss and notify, webauthn:extension:largeBlob: true, webauthn:virtualAuthenticators: true, webdriver.remote.sessionid: 1156cbe6dba4fd2974862ea0f24...}
Session ID: 1156cbe6dba4fd2974862ea0f244bb44
	at org.openqa.selenium.remote.http.W3CHttpResponseCodec.createException(W3CHttpResponseCodec.java:187)
	at org.openqa.selenium.remote.http.W3CHttpResponseCodec.decode(W3CHttpResponseCodec.java:122)
	at org.openqa.selenium.remote.http.W3CHttpResponseCodec.decode(W3CHttpResponseCodec.java:49)
	at org.openqa.selenium.remote.HttpCommandExecutor.execute(HttpCommandExecutor.java:158)
	at org.openqa.selenium.remote.RemoteWebDriver.execute(RemoteWebDriver.java:552)
	at org.openqa.selenium.remote.RemoteWebElement.execute(RemoteWebElement.java:285)
	at org.openqa.selenium.remote.RemoteWebElement.click(RemoteWebElement.java:84)
	at page_common_functions.AtlasNavBar.click_Library_RL(AtlasNavBar.java:677)
	at page_common_functions.AtlasNavBar.workroom_Member_Open_Resource_Library_AutoBE_WR(AtlasNavBar.java:722)
	at tests_boardmember_access.BoardMemberCantSeeSecuredFile.user_Can_Open_Libraries_Form_4th_Time(BoardMemberCantSeeSecuredFile.java:154)
	at java.util.ArrayList.forEach(ArrayList.java:1257)
	at java.util.concurrent.FutureTask.run(FutureTask.java:266)
	at java.util.concurrent.ThreadPoolExecutor.runWorker(ThreadPoolExecutor.java:1149)
	at java.util.concurrent.ThreadPoolExecutor$Worker.run(ThreadPoolExecutor.java:624)
	at java.lang.Thread.run(Thread.java:748)
... Removed 22 stack frames</pre></div><a href='#' onClick='toggleBox("stack-trace1107172477", this, "Click to show all stack frames", "Click to hide stack frames")'>Click to show all stack frames</a>
<div class='stack-trace' id='stack-trace1107172477'><pre>org.openqa.selenium.ElementClickInterceptedException: element click intercepted: Element &lt;a title=&quot;Library&quot; data-remote=&quot;true&quot; href=&quot;/resources&quot;&gt;...&lt;/a&gt; is not clickable at point (128, 223). Other element would receive the click: &lt;a class=&quot;&quot; data-remote=&quot;true&quot; href=&quot;/resources&quot;&gt;...&lt;/a&gt;
  (Session info: chrome=91.0.4472.77)
Build info: version: &apos;3.141.59&apos;, revision: &apos;e82be7d358&apos;, time: &apos;2018-11-14T08:17:03&apos;
System info: host: &apos;CLT-WIN-11717&apos;, ip: &apos;172.23.74.148&apos;, os.name: &apos;Windows 10&apos;, os.arch: &apos;amd64&apos;, os.version: &apos;10.0&apos;, java.version: &apos;1.8.0_211&apos;
Driver info: org.openqa.selenium.remote.RemoteWebDriver
Capabilities {acceptInsecureCerts: false, browserName: chrome, browserVersion: 91.0.4472.77, chrome: {chromedriverVersion: 91.0.4472.19 (1bf021f248676..., userDataDir: C:\Users\QATEST~1\AppData\L...}, goog:chromeOptions: {debuggerAddress: localhost:55747}, javascriptEnabled: true, networkConnectionEnabled: false, pageLoadStrategy: normal, platform: WINDOWS, platformName: WINDOWS, proxy: Proxy(), setWindowRect: true, strictFileInteractability: false, timeouts: {implicit: 0, pageLoad: 300000, script: 30000}, unhandledPromptBehavior: dismiss and notify, webauthn:extension:largeBlob: true, webauthn:virtualAuthenticators: true, webdriver.remote.sessionid: 1156cbe6dba4fd2974862ea0f24...}
Session ID: 1156cbe6dba4fd2974862ea0f244bb44
	at sun.reflect.NativeConstructorAccessorImpl.newInstance0(Native Method)
	at sun.reflect.NativeConstructorAccessorImpl.newInstance(NativeConstructorAccessorImpl.java:62)
	at sun.reflect.DelegatingConstructorAccessorImpl.newInstance(DelegatingConstructorAccessorImpl.java:45)
	at java.lang.reflect.Constructor.newInstance(Constructor.java:423)
	at org.openqa.selenium.remote.http.W3CHttpResponseCodec.createException(W3CHttpResponseCodec.java:187)
	at org.openqa.selenium.remote.http.W3CHttpResponseCodec.decode(W3CHttpResponseCodec.java:122)
	at org.openqa.selenium.remote.http.W3CHttpResponseCodec.decode(W3CHttpResponseCodec.java:49)
	at org.openqa.selenium.remote.HttpCommandExecutor.execute(HttpCommandExecutor.java:158)
	at org.openqa.selenium.remote.RemoteWebDriver.execute(RemoteWebDriver.java:552)
	at org.openqa.selenium.remote.RemoteWebElement.execute(RemoteWebElement.java:285)
	at org.openqa.selenium.remote.RemoteWebElement.click(RemoteWebElement.java:84)
	at page_common_functions.AtlasNavBar.click_Library_RL(AtlasNavBar.java:677)
	at page_common_functions.AtlasNavBar.workroom_Member_Open_Resource_Library_AutoBE_WR(AtlasNavBar.java:722)
	at tests_boardmember_access.BoardMemberCantSeeSecuredFile.user_Can_Open_Libraries_Form_4th_Time(BoardMemberCantSeeSecuredFile.java:154)
	at sun.reflect.NativeMethodAccessorImpl.invoke0(Native Method)
	at sun.reflect.NativeMethodAccessorImpl.invoke(NativeMethodAccessorImpl.java:62)
	at sun.reflect.DelegatingMethodAccessorImpl.invoke(DelegatingMethodAccessorImpl.java:43)
	at java.lang.reflect.Method.invoke(Method.java:498)
	at org.testng.internal.MethodInvocationHelper.invokeMethod(MethodInvocationHelper.java:133)
	at org.testng.internal.TestInvoker.invokeMethod(TestInvoker.java:584)
	at org.testng.internal.TestInvoker.invokeTestMethod(TestInvoker.java:172)
	at org.testng.internal.MethodRunner.runInSequence(MethodRunner.java:46)
	at org.testng.internal.TestInvoker$MethodInvocationAgent.invoke(TestInvoker.java:804)
	at org.testng.internal.TestInvoker.invokeTestMethods(TestInvoker.java:145)
	at org.testng.internal.TestMethodWorker.invokeTestMethods(TestMethodWorker.java:146)
	at org.testng.internal.TestMethodWorker.run(TestMethodWorker.java:128)
	at java.util.ArrayList.forEach(ArrayList.java:1257)
	at org.testng.TestRunner.privateRun(TestRunner.java:770)
	at org.testng.TestRunner.run(TestRunner.java:591)
	at org.testng.SuiteRunner.runTest(SuiteRunner.java:402)
	at org.testng.SuiteRunner.access$000(SuiteRunner.java:41)
	at org.testng.SuiteRunner$SuiteWorker.run(SuiteRunner.java:443)
	at org.testng.internal.thread.ThreadUtil.lambda$execute$0(ThreadUtil.java:67)
	at java.util.concurrent.FutureTask.run(FutureTask.java:266)
	at java.util.concurrent.ThreadPoolExecutor.runWorker(ThreadPoolExecutor.java:1149)
	at java.util.concurrent.ThreadPoolExecutor$Worker.run(ThreadPoolExecutor.java:624)
	at java.lang.Thread.run(Thread.java:748)
</pre></div></td>
<td>2</td>
<td>tests_boardmember_access.BoardMemberCantSeeSecuredFile@710726a3</td></tr>
<tr>
<td title='tests_boardmember_access.BoardMemberCantSeeSecuredFile.verify_File_Not_In_New_Library_Folder_2()'><b>verify_File_Not_In_New_Library_Folder_2</b><br>Test class: tests_boardmember_access.BoardMemberCantSeeSecuredFile<br>Test method: verify_File_Not_In_New_Library_Folder_2</td>
<td><div><pre>org.openqa.selenium.NoSuchElementException: no such element: Unable to locate element: {&quot;method&quot;:&quot;xpath&quot;,&quot;selector&quot;:&quot;//*[normalize-space(text()) = &apos;New Library Folder 2&apos;]&quot;}
  (Session info: chrome=91.0.4472.77)
For documentation on this error, please visit: https://www.seleniumhq.org/exceptions/no_such_element.html
Build info: version: &apos;3.141.59&apos;, revision: &apos;e82be7d358&apos;, time: &apos;2018-11-14T08:17:03&apos;
System info: host: &apos;CLT-WIN-11717&apos;, ip: &apos;172.23.74.148&apos;, os.name: &apos;Windows 10&apos;, os.arch: &apos;amd64&apos;, os.version: &apos;10.0&apos;, java.version: &apos;1.8.0_211&apos;
Driver info: org.openqa.selenium.remote.RemoteWebDriver
Capabilities {acceptInsecureCerts: false, browserName: chrome, browserVersion: 91.0.4472.77, chrome: {chromedriverVersion: 91.0.4472.19 (1bf021f248676..., userDataDir: C:\Users\QATEST~1\AppData\L...}, goog:chromeOptions: {debuggerAddress: localhost:55747}, javascriptEnabled: true, networkConnectionEnabled: false, pageLoadStrategy: normal, platform: WINDOWS, platformName: WINDOWS, proxy: Proxy(), setWindowRect: true, strictFileInteractability: false, timeouts: {implicit: 0, pageLoad: 300000, script: 30000}, unhandledPromptBehavior: dismiss and notify, webauthn:extension:largeBlob: true, webauthn:virtualAuthenticators: true, webdriver.remote.sessionid: 1156cbe6dba4fd2974862ea0f24...}
Session ID: 1156cbe6dba4fd2974862ea0f244bb44
*** Element info: {Using=xpath, value=//*[normalize-space(text()) = &apos;New Library Folder 2&apos;]}
	at org.openqa.selenium.remote.http.W3CHttpResponseCodec.createException(W3CHttpResponseCodec.java:187)
	at org.openqa.selenium.remote.http.W3CHttpResponseCodec.decode(W3CHttpResponseCodec.java:122)
	at org.openqa.selenium.remote.http.W3CHttpResponseCodec.decode(W3CHttpResponseCodec.java:49)
	at org.openqa.selenium.remote.HttpCommandExecutor.execute(HttpCommandExecutor.java:158)
	at org.openqa.selenium.remote.RemoteWebDriver.execute(RemoteWebDriver.java:552)
	at org.openqa.selenium.remote.RemoteWebDriver.findElement(RemoteWebDriver.java:323)
	at org.openqa.selenium.remote.RemoteWebDriver.findElementByXPath(RemoteWebDriver.java:428)
	at org.openqa.selenium.By$ByXPath.findElement(By.java:353)
	at org.openqa.selenium.remote.RemoteWebDriver.findElement(RemoteWebDriver.java:315)
	at page_resource_library.MoveResourceFolderPage.click_Library_Folder_2(MoveResourceFolderPage.java:2536)
	at page_resource_library.MoveResourceFolderPage.verify_File_Not_In_Library_Folder_2(MoveResourceFolderPage.java:2556)
	at tests_boardmember_access.BoardMemberCantSeeSecuredFile.verify_File_Not_In_New_Library_Folder_2(BoardMemberCantSeeSecuredFile.java:112)
	at java.util.ArrayList.forEach(ArrayList.java:1257)
	at java.util.concurrent.FutureTask.run(FutureTask.java:266)
	at java.util.concurrent.ThreadPoolExecutor.runWorker(ThreadPoolExecutor.java:1149)
	at java.util.concurrent.ThreadPoolExecutor$Worker.run(ThreadPoolExecutor.java:624)
	at java.lang.Thread.run(Thread.java:748)
... Removed 22 stack frames</pre></div><a href='#' onClick='toggleBox("stack-trace1081943554", this, "Click to show all stack frames", "Click to hide stack frames")'>Click to show all stack frames</a>
<div class='stack-trace' id='stack-trace1081943554'><pre>org.openqa.selenium.NoSuchElementException: no such element: Unable to locate element: {&quot;method&quot;:&quot;xpath&quot;,&quot;selector&quot;:&quot;//*[normalize-space(text()) = &apos;New Library Folder 2&apos;]&quot;}
  (Session info: chrome=91.0.4472.77)
For documentation on this error, please visit: https://www.seleniumhq.org/exceptions/no_such_element.html
Build info: version: &apos;3.141.59&apos;, revision: &apos;e82be7d358&apos;, time: &apos;2018-11-14T08:17:03&apos;
System info: host: &apos;CLT-WIN-11717&apos;, ip: &apos;172.23.74.148&apos;, os.name: &apos;Windows 10&apos;, os.arch: &apos;amd64&apos;, os.version: &apos;10.0&apos;, java.version: &apos;1.8.0_211&apos;
Driver info: org.openqa.selenium.remote.RemoteWebDriver
Capabilities {acceptInsecureCerts: false, browserName: chrome, browserVersion: 91.0.4472.77, chrome: {chromedriverVersion: 91.0.4472.19 (1bf021f248676..., userDataDir: C:\Users\QATEST~1\AppData\L...}, goog:chromeOptions: {debuggerAddress: localhost:55747}, javascriptEnabled: true, networkConnectionEnabled: false, pageLoadStrategy: normal, platform: WINDOWS, platformName: WINDOWS, proxy: Proxy(), setWindowRect: true, strictFileInteractability: false, timeouts: {implicit: 0, pageLoad: 300000, script: 30000}, unhandledPromptBehavior: dismiss and notify, webauthn:extension:largeBlob: true, webauthn:virtualAuthenticators: true, webdriver.remote.sessionid: 1156cbe6dba4fd2974862ea0f24...}
Session ID: 1156cbe6dba4fd2974862ea0f244bb44
*** Element info: {Using=xpath, value=//*[normalize-space(text()) = &apos;New Library Folder 2&apos;]}
	at sun.reflect.NativeConstructorAccessorImpl.newInstance0(Native Method)
	at sun.reflect.NativeConstructorAccessorImpl.newInstance(NativeConstructorAccessorImpl.java:62)
	at sun.reflect.DelegatingConstructorAccessorImpl.newInstance(DelegatingConstructorAccessorImpl.java:45)
	at java.lang.reflect.Constructor.newInstance(Constructor.java:423)
	at org.openqa.selenium.remote.http.W3CHttpResponseCodec.createException(W3CHttpResponseCodec.java:187)
	at org.openqa.selenium.remote.http.W3CHttpResponseCodec.decode(W3CHttpResponseCodec.java:122)
	at org.openqa.selenium.remote.http.W3CHttpResponseCodec.decode(W3CHttpResponseCodec.java:49)
	at org.openqa.selenium.remote.HttpCommandExecutor.execute(HttpCommandExecutor.java:158)
	at org.openqa.selenium.remote.RemoteWebDriver.execute(RemoteWebDriver.java:552)
	at org.openqa.selenium.remote.RemoteWebDriver.findElement(RemoteWebDriver.java:323)
	at org.openqa.selenium.remote.RemoteWebDriver.findElementByXPath(RemoteWebDriver.java:428)
	at org.openqa.selenium.By$ByXPath.findElement(By.java:353)
	at org.openqa.selenium.remote.RemoteWebDriver.findElement(RemoteWebDriver.java:315)
	at page_resource_library.MoveResourceFolderPage.click_Library_Folder_2(MoveResourceFolderPage.java:2536)
	at page_resource_library.MoveResourceFolderPage.verify_File_Not_In_Library_Folder_2(MoveResourceFolderPage.java:2556)
	at tests_boardmember_access.BoardMemberCantSeeSecuredFile.verify_File_Not_In_New_Library_Folder_2(BoardMemberCantSeeSecuredFile.java:112)
	at sun.reflect.NativeMethodAccessorImpl.invoke0(Native Method)
	at sun.reflect.NativeMethodAccessorImpl.invoke(NativeMethodAccessorImpl.java:62)
	at sun.reflect.DelegatingMethodAccessorImpl.invoke(DelegatingMethodAccessorImpl.java:43)
	at java.lang.reflect.Method.invoke(Method.java:498)
	at org.testng.internal.MethodInvocationHelper.invokeMethod(MethodInvocationHelper.java:133)
	at org.testng.internal.TestInvoker.invokeMethod(TestInvoker.java:584)
	at org.testng.internal.TestInvoker.invokeTestMethod(TestInvoker.java:172)
	at org.testng.internal.MethodRunner.runInSequence(MethodRunner.java:46)
	at org.testng.internal.TestInvoker$MethodInvocationAgent.invoke(TestInvoker.java:804)
	at org.testng.internal.TestInvoker.invokeTestMethods(TestInvoker.java:145)
	at org.testng.internal.TestMethodWorker.invokeTestMethods(TestMethodWorker.java:146)
	at org.testng.internal.TestMethodWorker.run(TestMethodWorker.java:128)
	at java.util.ArrayList.forEach(ArrayList.java:1257)
	at org.testng.TestRunner.privateRun(TestRunner.java:770)
	at org.testng.TestRunner.run(TestRunner.java:591)
	at org.testng.SuiteRunner.runTest(SuiteRunner.java:402)
	at org.testng.SuiteRunner.access$000(SuiteRunner.java:41)
	at org.testng.SuiteRunner$SuiteWorker.run(SuiteRunner.java:443)
	at org.testng.internal.thread.ThreadUtil.lambda$execute$0(ThreadUtil.java:67)
	at java.util.concurrent.FutureTask.run(FutureTask.java:266)
	at java.util.concurrent.ThreadPoolExecutor.runWorker(ThreadPoolExecutor.java:1149)
	at java.util.concurrent.ThreadPoolExecutor$Worker.run(ThreadPoolExecutor.java:624)
	at java.lang.Thread.run(Thread.java:748)
</pre></div></td>
<td>5</td>
<td>tests_boardmember_access.BoardMemberCantSeeSecuredFile@710726a3</td></tr>
</table><p>
<table width='100%' border='1' class='invocation-passed'>
<tr><td colspan='4' align='center'><b>PASSED TESTS</b></td></tr>
<tr><td><b>Test method</b></td>
<td width="30%"><b>Exception</b></td>
<td width="10%"><b>Time (seconds)</b></td>
<td><b>Instance</b></td>
</tr>
<tr>
<td title='tests_general_settings.EnableDisableDirectoryExcelExport.Disable_Directory_Excel_Export()'><b>Disable_Directory_Excel_Export</b><br>Test class: tests_general_settings.EnableDisableDirectoryExcelExport<br>Test method: Disable_Directory_Excel_Export</td>
<td></td>
<td>4</td>
<td>tests_general_settings.EnableDisableDirectoryExcelExport@cb0ed20</td></tr>
<tr>
<td title='tests_general_settings.EnableDisableDirectoryExcelExport.Enable_Directory_Excel_Export()'><b>Enable_Directory_Excel_Export</b><br>Test class: tests_general_settings.EnableDisableDirectoryExcelExport<br>Test method: Enable_Directory_Excel_Export</td>
<td></td>
<td>3</td>
<td>tests_general_settings.EnableDisableDirectoryExcelExport@cb0ed20</td></tr>
<tr>
<td title='tests_general_settings.EnableDisableDirectoryExcelExport.System_Admin_Logout()'><b>System_Admin_Logout</b><br>Test class: tests_general_settings.EnableDisableDirectoryExcelExport<br>Test method: System_Admin_Logout</td>
<td></td>
<td>4</td>
<td>tests_general_settings.EnableDisableDirectoryExcelExport@cb0ed20</td></tr>
<tr>
<td title='tests_general_settings.EnableDisableDirectoryExcelExport.System_Admin_Logout_Again()'><b>System_Admin_Logout_Again</b><br>Test class: tests_general_settings.EnableDisableDirectoryExcelExport<br>Test method: System_Admin_Logout_Again</td>
<td></td>
<td>5</td>
<td>tests_general_settings.EnableDisableDirectoryExcelExport@cb0ed20</td></tr>
<tr>
<td title='tests_boardmember_access.BoardMemberCanAddFilesToWorkroom.add_File_To_Attach_Folder()'><b>add_File_To_Attach_Folder</b><br>Test class: tests_boardmember_access.BoardMemberCanAddFilesToWorkroom<br>Test method: add_File_To_Attach_Folder</td>
<td></td>
<td>8</td>
<td>tests_boardmember_access.BoardMemberCanAddFilesToWorkroom@401e7803</td></tr>
<tr>
<td title='tests_boardmember_access.BoardMemberAddFileToPrivateFolder.add_File_To_Private_Folder()'><b>add_File_To_Private_Folder</b><br>Test class: tests_boardmember_access.BoardMemberAddFileToPrivateFolder<br>Test method: Board-Member-Access >> Add-File-To-Private-Folder</td>
<td></td>
<td>9</td>
<td>tests_boardmember_access.BoardMemberAddFileToPrivateFolder@64485a47</td></tr>
<tr>
<td title='tests_general_settings.AddRemoveLogoAndLogoUrl.add_Logo_And_Logo_URL()'><b>add_Logo_And_Logo_URL</b><br>Test class: tests_general_settings.AddRemoveLogoAndLogoUrl<br>Test method: add_Logo_And_Logo_URL</td>
<td></td>
<td>9</td>
<td>tests_general_settings.AddRemoveLogoAndLogoUrl@44c8afef</td></tr>
<tr>
<td title='tests_boardmember_access.AttachCreateNewPolltoEventExistingSiteData.add_Poll_Respondents()'><b>add_Poll_Respondents</b><br>Test class: tests_boardmember_access.AttachCreateNewPolltoEventExistingSiteData<br>Test method: add_Poll_Respondents</td>
<td></td>
<td>10</td>
<td>tests_boardmember_access.AttachCreateNewPolltoEventExistingSiteData@289d1c02</td></tr>
<tr>
<td title='tests_general_settings.AddRemovePrintLogo.add_Print_Logo()'><b>add_Print_Logo</b><br>Test class: tests_general_settings.AddRemovePrintLogo<br>Test method: add_Print_Logo</td>
<td></td>
<td>5</td>
<td>tests_general_settings.AddRemovePrintLogo@50d0686</td></tr>
<tr>
<td title='tests_boardmember_access.BoardMemberCantSeeSecuredFolder.add_Security_BoardMember_Folder()'><b>add_Security_BoardMember_Folder</b><br>Test class: tests_boardmember_access.BoardMemberCantSeeSecuredFolder<br>Test method: add_Security_BoardMember_Folder</td>
<td></td>
<td>9</td>
<td>tests_boardmember_access.BoardMemberCantSeeSecuredFolder@548ad73b</td></tr>
<tr>
<td title='tests_boardmember_access.BoardMemberCantSeeSecuredFile.add_Security_To_File_Board_member()'><b>add_Security_To_File_Board_member</b><br>Test class: tests_boardmember_access.BoardMemberCantSeeSecuredFile<br>Test method: add_Security_To_File_Board_member</td>
<td></td>
<td>7</td>
<td>tests_boardmember_access.BoardMemberCantSeeSecuredFile@710726a3</td></tr>
<tr>
<td title='tests_boardmember_access.AttachCreateNewSurveytoEventExistingSiteData.add_Survey_Respondents()'><b>add_Survey_Respondents</b><br>Test class: tests_boardmember_access.AttachCreateNewSurveytoEventExistingSiteData<br>Test method: add_Survey_Respondents</td>
<td></td>
<td>11</td>
<td>tests_boardmember_access.AttachCreateNewSurveytoEventExistingSiteData@12c8a2c0</td></tr>
<tr>
<td title='tests_general_settings.AddRemovePrintLogo.admin_Open_Workroom_Constellation_Library_Page()'><b>admin_Open_Workroom_Constellation_Library_Page</b><br>Test class: tests_general_settings.AddRemovePrintLogo<br>Test method: user_Can_Open_Library_Page_For_Workroom</td>
<td></td>
<td>7</td>
<td>tests_general_settings.AddRemovePrintLogo@50d0686</td></tr>
<tr>
<td title='tests_boardmember_access.BoardMemberCantSeeSecuredFile.autoDirector_Login()'><b>autoDirector_Login</b><br>Test class: tests_boardmember_access.BoardMemberCantSeeSecuredFile<br>Test method: autoDirector_Login</td>
<td></td>
<td>5</td>
<td>tests_boardmember_access.BoardMemberCantSeeSecuredFile@710726a3</td></tr>
<tr>
<td title='tests_boardmember_access.BoardMemberCantSeeSecuredFolder.autoUser1Staging_Login()'><b>autoUser1Staging_Login</b><br>Test class: tests_boardmember_access.BoardMemberCantSeeSecuredFolder<br>Test method: autoUser1Stagingr_Login</td>
<td></td>
<td>4</td>
<td>tests_boardmember_access.BoardMemberCantSeeSecuredFolder@548ad73b</td></tr>
<tr>
<td title='tests_boardmember_access.AttachCreateNewBookToEventExistingSiteData.autoUser_login()'><b>autoUser_login</b><br>Test class: tests_boardmember_access.AttachCreateNewBookToEventExistingSiteData<br>Test method: Scenario Login AutoUser UserName Password.</td>
<td></td>
<td>4</td>
<td>tests_boardmember_access.AttachCreateNewBookToEventExistingSiteData@13eb8acf</td></tr>
<tr>
<td title='tests_boardmember_access.AttachCreateNewPolltoEventExistingSiteData.autoUser_login()'><b>autoUser_login</b><br>Test class: tests_boardmember_access.AttachCreateNewPolltoEventExistingSiteData<br>Test method: Scenario Login AutoUser UserName Password.</td>
<td></td>
<td>5</td>
<td>tests_boardmember_access.AttachCreateNewPolltoEventExistingSiteData@289d1c02</td></tr>
<tr>
<td title='tests_boardmember_access.AttachCreateNewSurveytoEventExistingSiteData.autoUser_login()'><b>autoUser_login</b><br>Test class: tests_boardmember_access.AttachCreateNewSurveytoEventExistingSiteData<br>Test method: Scenario Login AutoUser UserName Password.</td>
<td></td>
<td>5</td>
<td>tests_boardmember_access.AttachCreateNewSurveytoEventExistingSiteData@12c8a2c0</td></tr>
<tr>
<td title='tests_general_settings.EnableDisableDirectoryExcelExport.auto_Director_Login_Again()'><b>auto_Director_Login_Again</b><br>Test class: tests_general_settings.EnableDisableDirectoryExcelExport<br>Test method: system_Admin_Login</td>
<td></td>
<td>4</td>
<td>tests_general_settings.EnableDisableDirectoryExcelExport@cb0ed20</td></tr>
<tr>
<td title='tests_boardmember_access.AttachCreateNewPolltoEventExistingSiteData.build_Poll_Make_Visible()'><b>build_Poll_Make_Visible</b><br>Test class: tests_boardmember_access.AttachCreateNewPolltoEventExistingSiteData<br>Test method: Scenario - Build Poll and Make Visible.</td>
<td></td>
<td>8</td>
<td>tests_boardmember_access.AttachCreateNewPolltoEventExistingSiteData@289d1c02</td></tr>
<tr>
<td title='tests_boardmember_access.AttachCreateNewSurveytoEventExistingSiteData.build_Survey_Make_Visible_On_Staging_1()'><b>build_Survey_Make_Visible_On_Staging_1</b><br>Test class: tests_boardmember_access.AttachCreateNewSurveytoEventExistingSiteData<br>Test method: build_Survey_Make_Visible_On_Staging_1</td>
<td></td>
<td>12</td>
<td>tests_boardmember_access.AttachCreateNewSurveytoEventExistingSiteData@12c8a2c0</td></tr>
<tr>
<td title='tests_general_settings.AddRemovePrintLogo.clean_Up_Meeting_Books_Constellation_WR()'><b>clean_Up_Meeting_Books_Constellation_WR</b><br>Test class: tests_general_settings.AddRemovePrintLogo<br>Test method: clean_Up_Meeting_Books_Constellation_WR</td>
<td></td>
<td>10</td>
<td>tests_general_settings.AddRemovePrintLogo@50d0686</td></tr>
<tr>
<td title='tests_general_settings.AddUpdateBasicInformation.clear_Basic_Information_Form()'><b>clear_Basic_Information_Form</b><br>Test class: tests_general_settings.AddUpdateBasicInformation<br>Test method: clear_Basic_Information_Form</td>
<td></td>
<td>9</td>
<td>tests_general_settings.AddUpdateBasicInformation@4671e53b</td></tr>
<tr>
<td title='tests_intergrations.ConfigureZoom.clear_Zoom_Form()'><b>clear_Zoom_Form</b><br>Test class: tests_intergrations.ConfigureZoom<br>Test method: clear_Zoom_Form</td>
<td></td>
<td>10</td>
<td>tests_intergrations.ConfigureZoom@2a556333</td></tr>
<tr>
<td title='tests_intergrations.ConfigureZoom.configure_Zoom()'><b>configure_Zoom</b><br>Test class: tests_intergrations.ConfigureZoom<br>Test method: configure_Zoom</td>
<td></td>
<td>18</td>
<td>tests_intergrations.ConfigureZoom@2a556333</td></tr>
<tr>
<td title='tests_boardmember_access.AttachCreateNewSurveytoEventExistingSiteData.create_CheckBox_Question()'><b>create_CheckBox_Question</b><br>Test class: tests_boardmember_access.AttachCreateNewSurveytoEventExistingSiteData<br>Test method: create_CheckBox_Question</td>
<td></td>
<td>13</td>
<td>tests_boardmember_access.AttachCreateNewSurveytoEventExistingSiteData@12c8a2c0</td></tr>
<tr>
<td title='tests_boardmember_access.AttachCreateNewBookToEventExistingSiteData.create_New_Event_On_JH_Staging()'><b>create_New_Event_On_JH_Staging</b><br>Test class: tests_boardmember_access.AttachCreateNewBookToEventExistingSiteData<br>Test method: create_New_Event_On_JH_Staging</td>
<td></td>
<td>23</td>
<td>tests_boardmember_access.AttachCreateNewBookToEventExistingSiteData@13eb8acf</td></tr>
<tr>
<td title='tests_boardmember_access.AttachCreateNewPolltoEventExistingSiteData.create_Poll_Question()'><b>create_Poll_Question</b><br>Test class: tests_boardmember_access.AttachCreateNewPolltoEventExistingSiteData<br>Test method: Scenario - Create Workroom Poll Question.</td>
<td></td>
<td>8</td>
<td>tests_boardmember_access.AttachCreateNewPolltoEventExistingSiteData@289d1c02</td></tr>
<tr>
<td title='tests_boardmember_access.AttachCreateNewSurveytoEventExistingSiteData.create_TextField_Question()'><b>create_TextField_Question</b><br>Test class: tests_boardmember_access.AttachCreateNewSurveytoEventExistingSiteData<br>Test method: create_TextField_Question</td>
<td></td>
<td>9</td>
<td>tests_boardmember_access.AttachCreateNewSurveytoEventExistingSiteData@12c8a2c0</td></tr>
<tr>
<td title='tests_boardmember_access.AttachCreateNewPolltoEventExistingSiteData.creating_Poll_For_Event()'><b>creating_Poll_For_Event</b><br>Test class: tests_boardmember_access.AttachCreateNewPolltoEventExistingSiteData<br>Test method: creating_Poll_For_Event</td>
<td></td>
<td>5</td>
<td>tests_boardmember_access.AttachCreateNewPolltoEventExistingSiteData@289d1c02</td></tr>
<tr>
<td title='tests_boardmember_access.AttachCreateNewSurveytoEventExistingSiteData.creating_Survey_For_Event()'><b>creating_Survey_For_Event</b><br>Test class: tests_boardmember_access.AttachCreateNewSurveytoEventExistingSiteData<br>Test method: creating_Survey_For_Event</td>
<td></td>
<td>4</td>
<td>tests_boardmember_access.AttachCreateNewSurveytoEventExistingSiteData@12c8a2c0</td></tr>
<tr>
<td title='tests_general_settings.AddRemovePrintLogo.delete_Book_Add_Remove_Print_Logo()'><b>delete_Book_Add_Remove_Print_Logo</b><br>Test class: tests_general_settings.AddRemovePrintLogo<br>Test method: delete_Book_Add_Remove_Print_Logo</td>
<td></td>
<td>8</td>
<td>tests_general_settings.AddRemovePrintLogo@50d0686</td></tr>
<tr>
<td title='tests_boardmember_access.AttachCreateNewBookToEventExistingSiteData.delete_Book_On_Staging_Board_Member_Access_1()'><b>delete_Book_On_Staging_Board_Member_Access_1</b><br>Test class: tests_boardmember_access.AttachCreateNewBookToEventExistingSiteData<br>Test method: delete_Book_On_Staging_Board_Member_Access_1</td>
<td></td>
<td>11</td>
<td>tests_boardmember_access.AttachCreateNewBookToEventExistingSiteData@13eb8acf</td></tr>
<tr>
<td title='tests_boardmember_access.AttachCreateNewBookToEventExistingSiteData.delete_Event_Title_On_Staging_1()'><b>delete_Event_Title_On_Staging_1</b><br>Test class: tests_boardmember_access.AttachCreateNewBookToEventExistingSiteData<br>Test method: delete_Event_Title_On_Staging_1</td>
<td></td>
<td>10</td>
<td>tests_boardmember_access.AttachCreateNewBookToEventExistingSiteData@13eb8acf</td></tr>
<tr>
<td title='tests_boardmember_access.AttachCreateNewPolltoEventExistingSiteData.delete_Event_Title_On_Staging_2()'><b>delete_Event_Title_On_Staging_2</b><br>Test class: tests_boardmember_access.AttachCreateNewPolltoEventExistingSiteData<br>Test method: delete_Event_Title_On_Staging_2</td>
<td></td>
<td>12</td>
<td>tests_boardmember_access.AttachCreateNewPolltoEventExistingSiteData@289d1c02</td></tr>
<tr>
<td title='tests_boardmember_access.AttachCreateNewSurveytoEventExistingSiteData.delete_Event_Title_On_Staging_3()'><b>delete_Event_Title_On_Staging_3</b><br>Test class: tests_boardmember_access.AttachCreateNewSurveytoEventExistingSiteData<br>Test method: delete_Event_Title_On_Staging_3</td>
<td></td>
<td>12</td>
<td>tests_boardmember_access.AttachCreateNewSurveytoEventExistingSiteData@12c8a2c0</td></tr>
<tr>
<td title='tests_boardmember_access.AttachCreateNewPolltoEventExistingSiteData.delete_Poll_On_Staging_Board_Member_Access_1()'><b>delete_Poll_On_Staging_Board_Member_Access_1</b><br>Test class: tests_boardmember_access.AttachCreateNewPolltoEventExistingSiteData<br>Test method: delete_Poll_On_Staging_Board_Member_Access_1</td>
<td></td>
<td>8</td>
<td>tests_boardmember_access.AttachCreateNewPolltoEventExistingSiteData@289d1c02</td></tr>
<tr>
<td title='tests_boardmember_access.AttachCreateNewSurveytoEventExistingSiteData.delete_Survey_Board_Member_Access_1()'><b>delete_Survey_Board_Member_Access_1</b><br>Test class: tests_boardmember_access.AttachCreateNewSurveytoEventExistingSiteData<br>Test method: delete_Survey_Board_Member_Access_1</td>
<td></td>
<td>8</td>
<td>tests_boardmember_access.AttachCreateNewSurveytoEventExistingSiteData@12c8a2c0</td></tr>
<tr>
<td title='tests_general_settings.SetDirectoryDisplayColumns.disable_Directory_Display_Columns_Option()'><b>disable_Directory_Display_Columns_Option</b><br>Test class: tests_general_settings.SetDirectoryDisplayColumns<br>Test method: disable_Directory_Display_Columns_Option</td>
<td></td>
<td>6</td>
<td>tests_general_settings.SetDirectoryDisplayColumns@3aeaafa6</td></tr>
<tr>
<td title='tests_general_settings.DisplayDirectoryByUserCategory.disable_Display_Columns_By_User_Catergory()'><b>disable_Display_Columns_By_User_Catergory</b><br>Test class: tests_general_settings.DisplayDirectoryByUserCategory<br>Test method: disable_Display_Columns_By_User_Catergory</td>
<td></td>
<td>4</td>
<td>tests_general_settings.DisplayDirectoryByUserCategory@3ecd23d9</td></tr>
<tr>
<td title='tests_general_settings.AddRemoveLogoAndLogoUrl.disable_Logo_And_Logo_URL()'><b>disable_Logo_And_Logo_URL</b><br>Test class: tests_general_settings.AddRemoveLogoAndLogoUrl<br>Test method: disable_Logo_And_Logo_URL</td>
<td></td>
<td>4</td>
<td>tests_general_settings.AddRemoveLogoAndLogoUrl@44c8afef</td></tr>
<tr>
<td title='tests_general_settings.AddRemovePrintLogo.disable_Print_Logo()'><b>disable_Print_Logo</b><br>Test class: tests_general_settings.AddRemovePrintLogo<br>Test method: disable_Print_Logo</td>
<td></td>
<td>4</td>
<td>tests_general_settings.AddRemovePrintLogo@50d0686</td></tr>
<tr>
<td title='tests_general_settings.SetDateTimeFormat.home_Page_Redirect()'><b>home_Page_Redirect</b><br>Test class: tests_general_settings.SetDateTimeFormat<br>Test method: home_Page_Redirect</td>
<td></td>
<td>2</td>
<td>tests_general_settings.SetDateTimeFormat@612fc6eb</td></tr>
<tr>
<td title='tests_general_settings.SetTimeZone.home_Page_Redirect()'><b>home_Page_Redirect</b><br>Test class: tests_general_settings.SetTimeZone<br>Test method: home_Page_Redirect</td>
<td></td>
<td>3</td>
<td>tests_general_settings.SetTimeZone@6a1aab78</td></tr>
<tr>
<td title='tests_boardmember_access.AttachCreateNewBookToEventExistingSiteData.home_Page_Redirect()'><b>home_Page_Redirect</b><br>Test class: tests_boardmember_access.AttachCreateNewBookToEventExistingSiteData<br>Test method: home_Page_Redirect</td>
<td></td>
<td>3</td>
<td>tests_boardmember_access.AttachCreateNewBookToEventExistingSiteData@13eb8acf</td></tr>
<tr>
<td title='tests_boardmember_access.AttachCreateNewPolltoEventExistingSiteData.home_Page_Redirect()'><b>home_Page_Redirect</b><br>Test class: tests_boardmember_access.AttachCreateNewPolltoEventExistingSiteData<br>Test method: home_Page_Redirect</td>
<td></td>
<td>1</td>
<td>tests_boardmember_access.AttachCreateNewPolltoEventExistingSiteData@289d1c02</td></tr>
<tr>
<td title='tests_boardmember_access.AttachCreateNewSurveytoEventExistingSiteData.home_Page_Redirect()'><b>home_Page_Redirect</b><br>Test class: tests_boardmember_access.AttachCreateNewSurveytoEventExistingSiteData<br>Test method: home_Page_Redirect</td>
<td></td>
<td>1</td>
<td>tests_boardmember_access.AttachCreateNewSurveytoEventExistingSiteData@12c8a2c0</td></tr>
<tr>
<td title='tests_boardmember_access.BoardMemberAddFileToPrivateFolder.home_Page_Redirect()'><b>home_Page_Redirect</b><br>Test class: tests_boardmember_access.BoardMemberAddFileToPrivateFolder<br>Test method: home_Page_Redirect</td>
<td></td>
<td>2</td>
<td>tests_boardmember_access.BoardMemberAddFileToPrivateFolder@64485a47</td></tr>
<tr>
<td title='tests_boardmember_access.BoardMemberCanAddFilesToWorkroom.home_Page_Redirect()'><b>home_Page_Redirect</b><br>Test class: tests_boardmember_access.BoardMemberCanAddFilesToWorkroom<br>Test method: home_Page_Redirect</td>
<td></td>
<td>1</td>
<td>tests_boardmember_access.BoardMemberCanAddFilesToWorkroom@401e7803</td></tr>
<tr>
<td title='tests_boardmember_access.BoardMemberCanSeeFilesByAdmin.home_Page_Redirect()'><b>home_Page_Redirect</b><br>Test class: tests_boardmember_access.BoardMemberCanSeeFilesByAdmin<br>Test method: home_Page_Redirect</td>
<td></td>
<td>1</td>
<td>tests_boardmember_access.BoardMemberCanSeeFilesByAdmin@6eceb130</td></tr>
<tr>
<td title='tests_boardmember_access.BoardMemberCantSeeSecuredFile.home_Page_Redirect()'><b>home_Page_Redirect</b><br>Test class: tests_boardmember_access.BoardMemberCantSeeSecuredFile<br>Test method: home_Page_Redirect</td>
<td></td>
<td>2</td>
<td>tests_boardmember_access.BoardMemberCantSeeSecuredFile@710726a3</td></tr>
<tr>
<td title='tests_boardmember_access.BoardMemberCantSeeSecuredFolder.home_Page_Redirect()'><b>home_Page_Redirect</b><br>Test class: tests_boardmember_access.BoardMemberCantSeeSecuredFolder<br>Test method: home_Page_Redirect</td>
<td></td>
<td>1</td>
<td>tests_boardmember_access.BoardMemberCantSeeSecuredFolder@548ad73b</td></tr>
<tr>
<td title='tests_general_settings.AddRemoveLogoAndLogoUrl.login()'><b>login</b><br>Test class: tests_general_settings.AddRemoveLogoAndLogoUrl<br>Test method: login</td>
<td></td>
<td>7</td>
<td>tests_general_settings.AddRemoveLogoAndLogoUrl@44c8afef</td></tr>
<tr>
<td title='tests_general_settings.SetDirectoryDisplayColumns.login()'><b>login</b><br>Test class: tests_general_settings.SetDirectoryDisplayColumns<br>Test method: login</td>
<td></td>
<td>9</td>
<td>tests_general_settings.SetDirectoryDisplayColumns@3aeaafa6</td></tr>
<tr>
<td title='tests_general_settings.AddRemovePrintLogo.login()'><b>login</b><br>Test class: tests_general_settings.AddRemovePrintLogo<br>Test method: login</td>
<td></td>
<td>9</td>
<td>tests_general_settings.AddRemovePrintLogo@50d0686</td></tr>
<tr>
<td title='tests_general_settings.AddUpdateBasicInformation.login()'><b>login</b><br>Test class: tests_general_settings.AddUpdateBasicInformation<br>Test method: login</td>
<td></td>
<td>6</td>
<td>tests_general_settings.AddUpdateBasicInformation@4671e53b</td></tr>
<tr>
<td title='tests_general_settings.DisplayDirectoryByUserCategory.login()'><b>login</b><br>Test class: tests_general_settings.DisplayDirectoryByUserCategory<br>Test method: login</td>
<td></td>
<td>5</td>
<td>tests_general_settings.DisplayDirectoryByUserCategory@3ecd23d9</td></tr>
<tr>
<td title='tests_intergrations.ConfigureZoom.loginBE_SystemAdmin()'><b>loginBE_SystemAdmin</b><br>Test class: tests_intergrations.ConfigureZoom<br>Test method: Login AutoUser UserName Password.</td>
<td></td>
<td>6</td>
<td>tests_intergrations.ConfigureZoom@2a556333</td></tr>
<tr>
<td title='tests_general_settings.SetDateTimeFormat.loginBE_SystemAdmin()'><b>loginBE_SystemAdmin</b><br>Test class: tests_general_settings.SetDateTimeFormat<br>Test method: Login systemAdmin UserName Password.</td>
<td></td>
<td>6</td>
<td>tests_general_settings.SetDateTimeFormat@612fc6eb</td></tr>
<tr>
<td title='tests_general_settings.SetTimeZone.loginBE_SystemAdmin()'><b>loginBE_SystemAdmin</b><br>Test class: tests_general_settings.SetTimeZone<br>Test method: Login systemAdmin UserName Password.</td>
<td></td>
<td>6</td>
<td>tests_general_settings.SetTimeZone@6a1aab78</td></tr>
<tr>
<td title='tests_general_settings.AddRemovePrintLogo.make_Book_Add_Remove_Print_Logo_Visible()'><b>make_Book_Add_Remove_Print_Logo_Visible</b><br>Test class: tests_general_settings.AddRemovePrintLogo<br>Test method: make_Book_Add_Remove_Print_Logo_Visible</td>
<td></td>
<td>8</td>
<td>tests_general_settings.AddRemovePrintLogo@50d0686</td></tr>
<tr>
<td title='tests_boardmember_access.AttachCreateNewBookToEventExistingSiteData.make_Book_Board_Member_Access_1_Visible()'><b>make_Book_Board_Member_Access_1_Visible</b><br>Test class: tests_boardmember_access.AttachCreateNewBookToEventExistingSiteData<br>Test method: make_Book_Board_Member_Access_1_Visible</td>
<td></td>
<td>6</td>
<td>tests_boardmember_access.AttachCreateNewBookToEventExistingSiteData@13eb8acf</td></tr>
<tr>
<td title='tests_boardmember_access.BoardMemberCantSeeSecuredFile.navigate_Back_To_Workroom()'><b>navigate_Back_To_Workroom</b><br>Test class: tests_boardmember_access.BoardMemberCantSeeSecuredFile<br>Test method: navigate_Back_To_Workroom</td>
<td></td>
<td>3</td>
<td>tests_boardmember_access.BoardMemberCantSeeSecuredFile@710726a3</td></tr>
<tr>
<td title='tests_boardmember_access.BoardMemberCantSeeSecuredFolder.navigate_Back_To_Workroom()'><b>navigate_Back_To_Workroom</b><br>Test class: tests_boardmember_access.BoardMemberCantSeeSecuredFolder<br>Test method: navigate_Back_To_Workroom</td>
<td></td>
<td>2</td>
<td>tests_boardmember_access.BoardMemberCantSeeSecuredFolder@548ad73b</td></tr>
<tr>
<td title='tests_boardmember_access.BoardMemberCantSeeSecuredFile.navigate_Back_To_Workroom_BoardMember()'><b>navigate_Back_To_Workroom_BoardMember</b><br>Test class: tests_boardmember_access.BoardMemberCantSeeSecuredFile<br>Test method: navigate_Back_To_Workroom_BoardMember</td>
<td></td>
<td>2</td>
<td>tests_boardmember_access.BoardMemberCantSeeSecuredFile@710726a3</td></tr>
<tr>
<td title='tests_general_settings.AddRemoveLogoAndLogoUrl.navigate_To_General_Look_Feel()'><b>navigate_To_General_Look_Feel</b><br>Test class: tests_general_settings.AddRemoveLogoAndLogoUrl<br>Test method: navigate_To_General_Look_Feel</td>
<td></td>
<td>2</td>
<td>tests_general_settings.AddRemoveLogoAndLogoUrl@44c8afef</td></tr>
<tr>
<td title='tests_general_settings.AddRemovePrintLogo.navigate_To_General_Look_Feel()'><b>navigate_To_General_Look_Feel</b><br>Test class: tests_general_settings.AddRemovePrintLogo<br>Test method: navigate_To_General_Look_Feel</td>
<td></td>
<td>3</td>
<td>tests_general_settings.AddRemovePrintLogo@50d0686</td></tr>
<tr>
<td title='tests_general_settings.SetDirectoryDisplayColumns.navigate_To_General_Look_Feel()'><b>navigate_To_General_Look_Feel</b><br>Test class: tests_general_settings.SetDirectoryDisplayColumns<br>Test method: navigate_To_General_Look_Feel</td>
<td></td>
<td>4</td>
<td>tests_general_settings.SetDirectoryDisplayColumns@3aeaafa6</td></tr>
<tr>
<td title='tests_general_settings.DisplayDirectoryByUserCategory.navigate_To_General_Look_Feel()'><b>navigate_To_General_Look_Feel</b><br>Test class: tests_general_settings.DisplayDirectoryByUserCategory<br>Test method: navigate_To_General_Look_Feel</td>
<td></td>
<td>3</td>
<td>tests_general_settings.DisplayDirectoryByUserCategory@3ecd23d9</td></tr>
<tr>
<td title='tests_general_settings.EnableDisableDirectoryExcelExport.navigate_To_General_Look_Feel()'><b>navigate_To_General_Look_Feel</b><br>Test class: tests_general_settings.EnableDisableDirectoryExcelExport<br>Test method: navigate_To_General_Look_Feel</td>
<td></td>
<td>4</td>
<td>tests_general_settings.EnableDisableDirectoryExcelExport@cb0ed20</td></tr>
<tr>
<td title='tests_general_settings.AddRemoveLogoAndLogoUrl.navigate_To_General_Look_Feel_2nd_Time()'><b>navigate_To_General_Look_Feel_2nd_Time</b><br>Test class: tests_general_settings.AddRemoveLogoAndLogoUrl<br>Test method: navigate_To_General_Look_Feel_2nd_Time</td>
<td></td>
<td>3</td>
<td>tests_general_settings.AddRemoveLogoAndLogoUrl@44c8afef</td></tr>
<tr>
<td title='tests_general_settings.AddRemovePrintLogo.navigate_To_General_Look_Feel_2nd_Time()'><b>navigate_To_General_Look_Feel_2nd_Time</b><br>Test class: tests_general_settings.AddRemovePrintLogo<br>Test method: navigate_To_General_Look_Feel_2nd_Time</td>
<td></td>
<td>3</td>
<td>tests_general_settings.AddRemovePrintLogo@50d0686</td></tr>
<tr>
<td title='tests_general_settings.EnableDisableDirectoryExcelExport.navigate_To_General_Look_Feel_Again()'><b>navigate_To_General_Look_Feel_Again</b><br>Test class: tests_general_settings.EnableDisableDirectoryExcelExport<br>Test method: navigate_To_General_Look_Feel_Again</td>
<td></td>
<td>3</td>
<td>tests_general_settings.EnableDisableDirectoryExcelExport@cb0ed20</td></tr>
<tr>
<td title='tests_general_settings.SetDirectoryDisplayColumns.navigate_To_General_Look_Feel_Agian()'><b>navigate_To_General_Look_Feel_Agian</b><br>Test class: tests_general_settings.SetDirectoryDisplayColumns<br>Test method: navigate_To_General_Look_Feel_Agian</td>
<td></td>
<td>3</td>
<td>tests_general_settings.SetDirectoryDisplayColumns@3aeaafa6</td></tr>
<tr>
<td title='tests_general_settings.DisplayDirectoryByUserCategory.navigate_To_General_Look_Feel_Agian()'><b>navigate_To_General_Look_Feel_Agian</b><br>Test class: tests_general_settings.DisplayDirectoryByUserCategory<br>Test method: navigate_To_General_Look_Feel_Agian</td>
<td></td>
<td>3</td>
<td>tests_general_settings.DisplayDirectoryByUserCategory@3ecd23d9</td></tr>
<tr>
<td title='tests_general_settings.AddUpdateBasicInformation.navigate_To_General_Settings()'><b>navigate_To_General_Settings</b><br>Test class: tests_general_settings.AddUpdateBasicInformation<br>Test method: navigate_To_General_Settings</td>
<td></td>
<td>1</td>
<td>tests_general_settings.AddUpdateBasicInformation@4671e53b</td></tr>
<tr>
<td title='tests_general_settings.AddUpdateBasicInformation.navigate_To_General_Settings_2nd_Time()'><b>navigate_To_General_Settings_2nd_Time</b><br>Test class: tests_general_settings.AddUpdateBasicInformation<br>Test method: navigate_To_General_Settings_2nd_Time</td>
<td></td>
<td>2</td>
<td>tests_general_settings.AddUpdateBasicInformation@4671e53b</td></tr>
<tr>
<td title='tests_general_settings.SetDateTimeFormat.navigate_To_Look_And_Feel()'><b>navigate_To_Look_And_Feel</b><br>Test class: tests_general_settings.SetDateTimeFormat<br>Test method: navigate_To_Look_And_Feel</td>
<td></td>
<td>3</td>
<td>tests_general_settings.SetDateTimeFormat@612fc6eb</td></tr>
<tr>
<td title='tests_general_settings.SetTimeZone.navigate_To_Look_And_Feel()'><b>navigate_To_Look_And_Feel</b><br>Test class: tests_general_settings.SetTimeZone<br>Test method: navigate_To_Look_And_Feel</td>
<td></td>
<td>4</td>
<td>tests_general_settings.SetTimeZone@6a1aab78</td></tr>
<tr>
<td title='tests_general_settings.SetDateTimeFormat.navigate_To_Look_And_Feel_Agian()'><b>navigate_To_Look_And_Feel_Agian</b><br>Test class: tests_general_settings.SetDateTimeFormat<br>Test method: navigate_To_Look_And_Feel_Agian</td>
<td></td>
<td>3</td>
<td>tests_general_settings.SetDateTimeFormat@612fc6eb</td></tr>
<tr>
<td title='tests_general_settings.SetTimeZone.navigate_To_Look_And_Feel_Agian()'><b>navigate_To_Look_And_Feel_Agian</b><br>Test class: tests_general_settings.SetTimeZone<br>Test method: navigate_To_Look_And_Feel_Agian</td>
<td></td>
<td>3</td>
<td>tests_general_settings.SetTimeZone@6a1aab78</td></tr>
<tr>
<td title='tests_intergrations.ConfigureZoom.navigate_To_Video_Conferencing()'><b>navigate_To_Video_Conferencing</b><br>Test class: tests_intergrations.ConfigureZoom<br>Test method: navigate_To_Video_Conferencing</td>
<td></td>
<td>5</td>
<td>tests_intergrations.ConfigureZoom@2a556333</td></tr>
<tr>
<td title='tests_intergrations.ConfigureZoom.navigate_To_Video_Conferencing_2nd_time()'><b>navigate_To_Video_Conferencing_2nd_time</b><br>Test class: tests_intergrations.ConfigureZoom<br>Test method: navigate_To_Video_Conferencing</td>
<td></td>
<td>5</td>
<td>tests_intergrations.ConfigureZoom@2a556333</td></tr>
<tr>
<td title='tests_general_settings.AddRemovePrintLogo.open_Book_Add_Remove_Print_Logo_In_Viewer()'><b>open_Book_Add_Remove_Print_Logo_In_Viewer</b><br>Test class: tests_general_settings.AddRemovePrintLogo<br>Test method: open_Book_Add_Remove_Print_Logo_In_Viewer</td>
<td></td>
<td>17</td>
<td>tests_general_settings.AddRemovePrintLogo@50d0686</td></tr>
<tr>
<td title='tests_google.SysAdminCanSeeWhatsNew.open_Interact_With_WhatsNew()'><b>open_Interact_With_WhatsNew</b><br>Test class: tests_google.SysAdminCanSeeWhatsNew<br>Test method: open_Interact_With_WhatsNew</td>
<td></td>
<td>7</td>
<td>tests_google.SysAdminCanSeeWhatsNew@e874448</td></tr>
<tr>
<td title='tests_google.NonAdminCanNotSeeWhatsNew.open_Interact_With_WhatsNew()'><b>open_Interact_With_WhatsNew</b><br>Test class: tests_google.NonAdminCanNotSeeWhatsNew<br>Test method: open_Interact_With_WhatsNew</td>
<td></td>
<td>8</td>
<td>tests_google.NonAdminCanNotSeeWhatsNew@59906517</td></tr>
<tr>
<td title='tests_general_settings.DisplayDirectoryByUserCategory.select_Display_Columns_By_User_Catergory()'><b>select_Display_Columns_By_User_Catergory</b><br>Test class: tests_general_settings.DisplayDirectoryByUserCategory<br>Test method: select_Display_Columns_By_User_Catergory</td>
<td></td>
<td>3</td>
<td>tests_general_settings.DisplayDirectoryByUserCategory@3ecd23d9</td></tr>
<tr>
<td title='tests_general_settings.SetDateTimeFormat.set_Back_To_Orginal_Date_Time_Format()'><b>set_Back_To_Orginal_Date_Time_Format</b><br>Test class: tests_general_settings.SetDateTimeFormat<br>Test method: set_Back_To_Orginal_Date_Time_Format</td>
<td></td>
<td>10</td>
<td>tests_general_settings.SetDateTimeFormat@612fc6eb</td></tr>
<tr>
<td title='tests_general_settings.SetDirectoryDisplayColumns.set_Directory_Display_Columns()'><b>set_Directory_Display_Columns</b><br>Test class: tests_general_settings.SetDirectoryDisplayColumns<br>Test method: set_Directory_Display_Columns</td>
<td></td>
<td>10</td>
<td>tests_general_settings.SetDirectoryDisplayColumns@3aeaafa6</td></tr>
<tr>
<td title='tests_general_settings.SetDateTimeFormat.set_New_Date_Time_Format()'><b>set_New_Date_Time_Format</b><br>Test class: tests_general_settings.SetDateTimeFormat<br>Test method: set_New_Date_Time_Format</td>
<td></td>
<td>10</td>
<td>tests_general_settings.SetDateTimeFormat@612fc6eb</td></tr>
<tr>
<td title='tests_general_settings.SetTimeZone.set_New_Time_Zone_Back_To_Eastern_Time()'><b>set_New_Time_Zone_Back_To_Eastern_Time</b><br>Test class: tests_general_settings.SetTimeZone<br>Test method: set_New_Time_Zone_Back_To_Eastern_Time</td>
<td></td>
<td>10</td>
<td>tests_general_settings.SetTimeZone@6a1aab78</td></tr>
<tr>
<td title='tests_general_settings.SetTimeZone.set_Time_Zone_To_Pacific_Time()'><b>set_Time_Zone_To_Pacific_Time</b><br>Test class: tests_general_settings.SetTimeZone<br>Test method: set_Time_Zone_To_Pacific_Time</td>
<td></td>
<td>9</td>
<td>tests_general_settings.SetTimeZone@6a1aab78</td></tr>
<tr>
<td title='tests_boardmember_access.AttachCreateNewSurveytoEventExistingSiteData.switch_To_Create_Survey_For_Event_Title_On_Staging_3()'><b>switch_To_Create_Survey_For_Event_Title_On_Staging_3</b><br>Test class: tests_boardmember_access.AttachCreateNewSurveytoEventExistingSiteData<br>Test method: switch_To_Create_Survey_For_Event_Title_On_Staging_3</td>
<td></td>
<td>8</td>
<td>tests_boardmember_access.AttachCreateNewSurveytoEventExistingSiteData@12c8a2c0</td></tr>
<tr>
<td title='tests_boardmember_access.AttachCreateNewBookToEventExistingSiteData.switch_To_Creating_Book()'><b>switch_To_Creating_Book</b><br>Test class: tests_boardmember_access.AttachCreateNewBookToEventExistingSiteData<br>Test method: switch_To_Creating_Book</td>
<td></td>
<td>8</td>
<td>tests_boardmember_access.AttachCreateNewBookToEventExistingSiteData@13eb8acf</td></tr>
<tr>
<td title='tests_boardmember_access.AttachCreateNewPolltoEventExistingSiteData.switch_To_Creating_Poll()'><b>switch_To_Creating_Poll</b><br>Test class: tests_boardmember_access.AttachCreateNewPolltoEventExistingSiteData<br>Test method: switch_To_Creating_Poll</td>
<td></td>
<td>11</td>
<td>tests_boardmember_access.AttachCreateNewPolltoEventExistingSiteData@289d1c02</td></tr>
<tr>
<td title='tests_google.SysAdminCanSeeWhatsNew.sysAdmin_Login()'><b>sysAdmin_Login</b><br>Test class: tests_google.SysAdminCanSeeWhatsNew<br>Test method: sysAdmin_Login</td>
<td></td>
<td>7</td>
<td>tests_google.SysAdminCanSeeWhatsNew@e874448</td></tr>
<tr>
<td title='tests_google.NonAdminCanNotSeeWhatsNew.sysAdmin_Login()'><b>sysAdmin_Login</b><br>Test class: tests_google.NonAdminCanNotSeeWhatsNew<br>Test method: sysAdmin_Login</td>
<td></td>
<td>7</td>
<td>tests_google.NonAdminCanNotSeeWhatsNew@59906517</td></tr>
<tr>
<td title='tests_general_settings.EnableDisableDirectoryExcelExport.sysAdmin_Login()'><b>sysAdmin_Login</b><br>Test class: tests_general_settings.EnableDisableDirectoryExcelExport<br>Test method: sysAdmin_Login</td>
<td></td>
<td>5</td>
<td>tests_general_settings.EnableDisableDirectoryExcelExport@cb0ed20</td></tr>
<tr>
<td title='tests_boardmember_access.BoardMemberCantSeeSecuredFolder.systemAdmin_Login()'><b>systemAdmin_Login</b><br>Test class: tests_boardmember_access.BoardMemberCantSeeSecuredFolder<br>Test method: systemAdmin_Login</td>
<td></td>
<td>4</td>
<td>tests_boardmember_access.BoardMemberCantSeeSecuredFolder@548ad73b</td></tr>
<tr>
<td title='tests_boardmember_access.BoardMemberAddFileToPrivateFolder.systemAdmin_login()'><b>systemAdmin_login</b><br>Test class: tests_boardmember_access.BoardMemberAddFileToPrivateFolder<br>Test method: Login System Admin UserName Password.</td>
<td></td>
<td>5</td>
<td>tests_boardmember_access.BoardMemberAddFileToPrivateFolder@64485a47</td></tr>
<tr>
<td title='tests_boardmember_access.BoardMemberCanAddFilesToWorkroom.systemAdmin_login()'><b>systemAdmin_login</b><br>Test class: tests_boardmember_access.BoardMemberCanAddFilesToWorkroom<br>Test method: Login System Admin UserName Password.</td>
<td></td>
<td>4</td>
<td>tests_boardmember_access.BoardMemberCanAddFilesToWorkroom@401e7803</td></tr>
<tr>
<td title='tests_boardmember_access.BoardMemberCanSeeFilesByAdmin.systemAdmin_login()'><b>systemAdmin_login</b><br>Test class: tests_boardmember_access.BoardMemberCanSeeFilesByAdmin<br>Test method: Login System Admin UserName Password.</td>
<td></td>
<td>7</td>
<td>tests_boardmember_access.BoardMemberCanSeeFilesByAdmin@6eceb130</td></tr>
<tr>
<td title='tests_boardmember_access.BoardMemberCantSeeSecuredFile.systemAdmin_login()'><b>systemAdmin_login</b><br>Test class: tests_boardmember_access.BoardMemberCantSeeSecuredFile<br>Test method: Login System Admin UserName Password.</td>
<td></td>
<td>5</td>
<td>tests_boardmember_access.BoardMemberCantSeeSecuredFile@710726a3</td></tr>
<tr>
<td title='tests_boardmember_access.BoardMemberCantSeeSecuredFolder.systemAdmin_login()'><b>systemAdmin_login</b><br>Test class: tests_boardmember_access.BoardMemberCantSeeSecuredFolder<br>Test method: Login System Admin UserName Password.</td>
<td></td>
<td>6</td>
<td>tests_boardmember_access.BoardMemberCantSeeSecuredFolder@548ad73b</td></tr>
<tr>
<td title='tests_general_settings.EnableDisableDirectoryExcelExport.system_Admin_Login()'><b>system_Admin_Login</b><br>Test class: tests_general_settings.EnableDisableDirectoryExcelExport<br>Test method: system_Admin_Login</td>
<td></td>
<td>4</td>
<td>tests_general_settings.EnableDisableDirectoryExcelExport@cb0ed20</td></tr>
<tr>
<td title='tests_general_settings.AddRemovePrintLogo.user_Add_File_1_To_First_Catagory()'><b>user_Add_File_1_To_First_Catagory</b><br>Test class: tests_general_settings.AddRemovePrintLogo<br>Test method: user_Add_File_1_To_First_Catagory</td>
<td></td>
<td>18</td>
<td>tests_general_settings.AddRemovePrintLogo@50d0686</td></tr>
<tr>
<td title='tests_boardmember_access.AttachCreateNewBookToEventExistingSiteData.user_Add_File_1_To_First_Catagory()'><b>user_Add_File_1_To_First_Catagory</b><br>Test class: tests_boardmember_access.AttachCreateNewBookToEventExistingSiteData<br>Test method: user_Add_File_1_To_First_Catagory</td>
<td></td>
<td>20</td>
<td>tests_boardmember_access.AttachCreateNewBookToEventExistingSiteData@13eb8acf</td></tr>
<tr>
<td title='tests_general_settings.AddRemovePrintLogo.user_Add_First_Catagory_To_Book()'><b>user_Add_First_Catagory_To_Book</b><br>Test class: tests_general_settings.AddRemovePrintLogo<br>Test method: user_Add_First_Catagory_To_Book</td>
<td></td>
<td>7</td>
<td>tests_general_settings.AddRemovePrintLogo@50d0686</td></tr>
<tr>
<td title='tests_boardmember_access.AttachCreateNewBookToEventExistingSiteData.user_Add_First_Catagory_To_Book()'><b>user_Add_First_Catagory_To_Book</b><br>Test class: tests_boardmember_access.AttachCreateNewBookToEventExistingSiteData<br>Test method: user_Add_First_Catagory_To_Book</td>
<td></td>
<td>8</td>
<td>tests_boardmember_access.AttachCreateNewBookToEventExistingSiteData@13eb8acf</td></tr>
<tr>
<td title='tests_general_settings.AddRemovePrintLogo.user_Can_Add_Agenda()'><b>user_Can_Add_Agenda</b><br>Test class: tests_general_settings.AddRemovePrintLogo<br>Test method: user_Can_Add_Agenda</td>
<td></td>
<td>3</td>
<td>tests_general_settings.AddRemovePrintLogo@50d0686</td></tr>
<tr>
<td title='tests_boardmember_access.AttachCreateNewBookToEventExistingSiteData.user_Can_Add_Agenda()'><b>user_Can_Add_Agenda</b><br>Test class: tests_boardmember_access.AttachCreateNewBookToEventExistingSiteData<br>Test method: user_Can_Add_Agenda</td>
<td></td>
<td>2</td>
<td>tests_boardmember_access.AttachCreateNewBookToEventExistingSiteData@13eb8acf</td></tr>
<tr>
<td title='tests_general_settings.AddRemovePrintLogo.user_Can_Add_Cover_Page()'><b>user_Can_Add_Cover_Page</b><br>Test class: tests_general_settings.AddRemovePrintLogo<br>Test method: user_Can_Add_Cover_Page</td>
<td></td>
<td>9</td>
<td>tests_general_settings.AddRemovePrintLogo@50d0686</td></tr>
<tr>
<td title='tests_boardmember_access.AttachCreateNewBookToEventExistingSiteData.user_Can_Add_Cover_Page()'><b>user_Can_Add_Cover_Page</b><br>Test class: tests_boardmember_access.AttachCreateNewBookToEventExistingSiteData<br>Test method: user_Can_Add_Cover_Page</td>
<td></td>
<td>7</td>
<td>tests_boardmember_access.AttachCreateNewBookToEventExistingSiteData@13eb8acf</td></tr>
<tr>
<td title='tests_boardmember_access.BoardMemberCantSeeSecuredFile.user_Can_Add_File_To_Library_Folder_2()'><b>user_Can_Add_File_To_Library_Folder_2</b><br>Test class: tests_boardmember_access.BoardMemberCantSeeSecuredFile<br>Test method: user_Can_Add_File_To_Library_Folder_2</td>
<td></td>
<td>9</td>
<td>tests_boardmember_access.BoardMemberCantSeeSecuredFile@710726a3</td></tr>
<tr>
<td title='tests_general_settings.AddRemovePrintLogo.user_Can_Build_Book()'><b>user_Can_Build_Book</b><br>Test class: tests_general_settings.AddRemovePrintLogo<br>Test method: user_Can_Build_Book</td>
<td></td>
<td>16</td>
<td>tests_general_settings.AddRemovePrintLogo@50d0686</td></tr>
<tr>
<td title='tests_boardmember_access.AttachCreateNewBookToEventExistingSiteData.user_Can_Build_Book()'><b>user_Can_Build_Book</b><br>Test class: tests_boardmember_access.AttachCreateNewBookToEventExistingSiteData<br>Test method: user_Can_Build_Book</td>
<td></td>
<td>16</td>
<td>tests_boardmember_access.AttachCreateNewBookToEventExistingSiteData@13eb8acf</td></tr>
<tr>
<td title='tests_boardmember_access.BoardMemberCantSeeSecuredFile.user_Can_Create_2nd_Resource_Library_Folder()'><b>user_Can_Create_2nd_Resource_Library_Folder</b><br>Test class: tests_boardmember_access.BoardMemberCantSeeSecuredFile<br>Test method: user_Can_Create_2nd_Resource_Library_Folder</td>
<td></td>
<td>5</td>
<td>tests_boardmember_access.BoardMemberCantSeeSecuredFile@710726a3</td></tr>
<tr>
<td title='tests_boardmember_access.BoardMemberCantSeeSecuredFolder.user_Can_Create_2nd_Resource_Library_Folder()'><b>user_Can_Create_2nd_Resource_Library_Folder</b><br>Test class: tests_boardmember_access.BoardMemberCantSeeSecuredFolder<br>Test method: user_Can_Create_2nd_Resource_Library_Folder</td>
<td></td>
<td>4</td>
<td>tests_boardmember_access.BoardMemberCantSeeSecuredFolder@548ad73b</td></tr>
<tr>
<td title='tests_general_settings.AddRemovePrintLogo.user_Can_Create_Book_And_Add_Title()'><b>user_Can_Create_Book_And_Add_Title</b><br>Test class: tests_general_settings.AddRemovePrintLogo<br>Test method: create_Book_Add_Remove_Print_Logo</td>
<td></td>
<td>6</td>
<td>tests_general_settings.AddRemovePrintLogo@50d0686</td></tr>
<tr>
<td title='tests_boardmember_access.AttachCreateNewBookToEventExistingSiteData.user_Can_Create_Book_And_Add_Title()'><b>user_Can_Create_Book_And_Add_Title</b><br>Test class: tests_boardmember_access.AttachCreateNewBookToEventExistingSiteData<br>Test method: user_Can_Create_Book_And_Add_Title</td>
<td></td>
<td>1</td>
<td>tests_boardmember_access.AttachCreateNewBookToEventExistingSiteData@13eb8acf</td></tr>
<tr>
<td title='tests_boardmember_access.AttachCreateNewPolltoEventExistingSiteData.user_Can_Create_New_Event()'><b>user_Can_Create_New_Event</b><br>Test class: tests_boardmember_access.AttachCreateNewPolltoEventExistingSiteData<br>Test method: user_Can_Create_New_Event_RSVPS</td>
<td></td>
<td>22</td>
<td>tests_boardmember_access.AttachCreateNewPolltoEventExistingSiteData@289d1c02</td></tr>
<tr>
<td title='tests_boardmember_access.AttachCreateNewSurveytoEventExistingSiteData.user_Can_Create_New_Event()'><b>user_Can_Create_New_Event</b><br>Test class: tests_boardmember_access.AttachCreateNewSurveytoEventExistingSiteData<br>Test method: user_Can_Create_New_Event_RSVPS</td>
<td></td>
<td>22</td>
<td>tests_boardmember_access.AttachCreateNewSurveytoEventExistingSiteData@12c8a2c0</td></tr>
<tr>
<td title='tests_boardmember_access.BoardMemberAddFileToPrivateFolder.user_Can_Delete_Private_Folder_File()'><b>user_Can_Delete_Private_Folder_File</b><br>Test class: tests_boardmember_access.BoardMemberAddFileToPrivateFolder<br>Test method: user_Can_Delete_Private_Folder_File</td>
<td></td>
<td>8</td>
<td>tests_boardmember_access.BoardMemberAddFileToPrivateFolder@64485a47</td></tr>
<tr>
<td title='tests_general_settings.AddUpdateBasicInformation.user_Can_Fill_Out_Basic_Information()'><b>user_Can_Fill_Out_Basic_Information</b><br>Test class: tests_general_settings.AddUpdateBasicInformation<br>Test method: user_Can_Fill_Out_Basic_Information</td>
<td></td>
<td>15</td>
<td>tests_general_settings.AddUpdateBasicInformation@4671e53b</td></tr>
<tr>
<td title='tests_boardmember_access.BoardMemberCantSeeSecuredFile.user_Can_Logout()'><b>user_Can_Logout</b><br>Test class: tests_boardmember_access.BoardMemberCantSeeSecuredFile<br>Test method: user_Can_Logout</td>
<td></td>
<td>3</td>
<td>tests_boardmember_access.BoardMemberCantSeeSecuredFile@710726a3</td></tr>
<tr>
<td title='tests_boardmember_access.BoardMemberCantSeeSecuredFolder.user_Can_Logout()'><b>user_Can_Logout</b><br>Test class: tests_boardmember_access.BoardMemberCantSeeSecuredFolder<br>Test method: user_Can_Logout</td>
<td></td>
<td>2</td>
<td>tests_boardmember_access.BoardMemberCantSeeSecuredFolder@548ad73b</td></tr>
<tr>
<td title='tests_boardmember_access.BoardMemberCantSeeSecuredFolder.user_Can_Logout_()'><b>user_Can_Logout_</b><br>Test class: tests_boardmember_access.BoardMemberCantSeeSecuredFolder<br>Test method: user_Can_Logout</td>
<td></td>
<td>6</td>
<td>tests_boardmember_access.BoardMemberCantSeeSecuredFolder@548ad73b</td></tr>
<tr>
<td title='tests_general_settings.SetDateTimeFormat.user_Can_Open_Dirctory()'><b>user_Can_Open_Dirctory</b><br>Test class: tests_general_settings.SetDateTimeFormat<br>Test method: user_Can_Open_Settings</td>
<td></td>
<td>2</td>
<td>tests_general_settings.SetDateTimeFormat@612fc6eb</td></tr>
<tr>
<td title='tests_general_settings.SetTimeZone.user_Can_Open_Dirctory()'><b>user_Can_Open_Dirctory</b><br>Test class: tests_general_settings.SetTimeZone<br>Test method: user_Can_Open_Settings</td>
<td></td>
<td>1</td>
<td>tests_general_settings.SetTimeZone@6a1aab78</td></tr>
<tr>
<td title='tests_general_settings.SetDateTimeFormat.user_Can_Open_Dirctory_Agian()'><b>user_Can_Open_Dirctory_Agian</b><br>Test class: tests_general_settings.SetDateTimeFormat<br>Test method: user_Can_Open_Settings</td>
<td></td>
<td>2</td>
<td>tests_general_settings.SetDateTimeFormat@612fc6eb</td></tr>
<tr>
<td title='tests_general_settings.SetTimeZone.user_Can_Open_Dirctory_Agian()'><b>user_Can_Open_Dirctory_Agian</b><br>Test class: tests_general_settings.SetTimeZone<br>Test method: user_Can_Open_Settings</td>
<td></td>
<td>1</td>
<td>tests_general_settings.SetTimeZone@6a1aab78</td></tr>
<tr>
<td title='tests_general_settings.SetDirectoryDisplayColumns.user_Can_Open_Directory()'><b>user_Can_Open_Directory</b><br>Test class: tests_general_settings.SetDirectoryDisplayColumns<br>Test method: user_Can_Open_Directory</td>
<td></td>
<td>2</td>
<td>tests_general_settings.SetDirectoryDisplayColumns@3aeaafa6</td></tr>
<tr>
<td title='tests_general_settings.DisplayDirectoryByUserCategory.user_Can_Open_Directory()'><b>user_Can_Open_Directory</b><br>Test class: tests_general_settings.DisplayDirectoryByUserCategory<br>Test method: user_Can_Open_Directory</td>
<td></td>
<td>1</td>
<td>tests_general_settings.DisplayDirectoryByUserCategory@3ecd23d9</td></tr>
<tr>
<td title='tests_general_settings.EnableDisableDirectoryExcelExport.user_Can_Open_Directory()'><b>user_Can_Open_Directory</b><br>Test class: tests_general_settings.EnableDisableDirectoryExcelExport<br>Test method: user_Can_Open_Directory</td>
<td></td>
<td>3</td>
<td>tests_general_settings.EnableDisableDirectoryExcelExport@cb0ed20</td></tr>
<tr>
<td title='tests_general_settings.SetDirectoryDisplayColumns.user_Can_Open_Directory_3rd_Time()'><b>user_Can_Open_Directory_3rd_Time</b><br>Test class: tests_general_settings.SetDirectoryDisplayColumns<br>Test method: user_Can_Open_Directory_3rd_Time</td>
<td></td>
<td>2</td>
<td>tests_general_settings.SetDirectoryDisplayColumns@3aeaafa6</td></tr>
<tr>
<td title='tests_general_settings.EnableDisableDirectoryExcelExport.user_Can_Open_Directory_Again()'><b>user_Can_Open_Directory_Again</b><br>Test class: tests_general_settings.EnableDisableDirectoryExcelExport<br>Test method: user_Can_Open_Directory_Again</td>
<td></td>
<td>1</td>
<td>tests_general_settings.EnableDisableDirectoryExcelExport@cb0ed20</td></tr>
<tr>
<td title='tests_boardmember_access.BoardMemberCanSeeFilesByAdmin.user_Can_Open_Libraries_Form()'><b>user_Can_Open_Libraries_Form</b><br>Test class: tests_boardmember_access.BoardMemberCanSeeFilesByAdmin<br>Test method: user_Can_Open_Libraries_Form</td>
<td></td>
<td>2</td>
<td>tests_boardmember_access.BoardMemberCanSeeFilesByAdmin@6eceb130</td></tr>
<tr>
<td title='tests_boardmember_access.BoardMemberCantSeeSecuredFile.user_Can_Open_Libraries_Form()'><b>user_Can_Open_Libraries_Form</b><br>Test class: tests_boardmember_access.BoardMemberCantSeeSecuredFile<br>Test method: user_Can_Open_Libraries_Form</td>
<td></td>
<td>2</td>
<td>tests_boardmember_access.BoardMemberCantSeeSecuredFile@710726a3</td></tr>
<tr>
<td title='tests_boardmember_access.BoardMemberCantSeeSecuredFolder.user_Can_Open_Libraries_Form()'><b>user_Can_Open_Libraries_Form</b><br>Test class: tests_boardmember_access.BoardMemberCantSeeSecuredFolder<br>Test method: user_Can_Open_Libraries_Form</td>
<td></td>
<td>2</td>
<td>tests_boardmember_access.BoardMemberCantSeeSecuredFolder@548ad73b</td></tr>
<tr>
<td title='tests_boardmember_access.BoardMemberAddFileToPrivateFolder.user_Can_Open_Libraries_Form_2nd_Time()'><b>user_Can_Open_Libraries_Form_2nd_Time</b><br>Test class: tests_boardmember_access.BoardMemberAddFileToPrivateFolder<br>Test method: user_Can_Open_Libraries_Form_2nd_Time</td>
<td></td>
<td>3</td>
<td>tests_boardmember_access.BoardMemberAddFileToPrivateFolder@64485a47</td></tr>
<tr>
<td title='tests_boardmember_access.BoardMemberCantSeeSecuredFolder.user_Can_Open_Libraries_Form_2nd_Time()'><b>user_Can_Open_Libraries_Form_2nd_Time</b><br>Test class: tests_boardmember_access.BoardMemberCantSeeSecuredFolder<br>Test method: user_Can_Open_Libraries_Form_2nd_Time</td>
<td></td>
<td>2</td>
<td>tests_boardmember_access.BoardMemberCantSeeSecuredFolder@548ad73b</td></tr>
<tr>
<td title='tests_boardmember_access.BoardMemberAddFileToPrivateFolder.user_Can_Open_Libraries_Form_3rd_Time()'><b>user_Can_Open_Libraries_Form_3rd_Time</b><br>Test class: tests_boardmember_access.BoardMemberAddFileToPrivateFolder<br>Test method: user_Can_Open_Libraries_Form_3rd_Time</td>
<td></td>
<td>1</td>
<td>tests_boardmember_access.BoardMemberAddFileToPrivateFolder@64485a47</td></tr>
<tr>
<td title='tests_boardmember_access.BoardMemberCanAddFilesToWorkroom.user_Can_Open_Libraries_Form_3rd_Time()'><b>user_Can_Open_Libraries_Form_3rd_Time</b><br>Test class: tests_boardmember_access.BoardMemberCanAddFilesToWorkroom<br>Test method: user_Can_Open_Libraries_Form_3rd_Time</td>
<td></td>
<td>2</td>
<td>tests_boardmember_access.BoardMemberCanAddFilesToWorkroom@401e7803</td></tr>
<tr>
<td title='tests_boardmember_access.BoardMemberCantSeeSecuredFolder.user_Can_Open_Libraries_Form_3rd_Time()'><b>user_Can_Open_Libraries_Form_3rd_Time</b><br>Test class: tests_boardmember_access.BoardMemberCantSeeSecuredFolder<br>Test method: user_Can_Open_Libraries_Form_3rd_Time</td>
<td></td>
<td>2</td>
<td>tests_boardmember_access.BoardMemberCantSeeSecuredFolder@548ad73b</td></tr>
<tr>
<td title='tests_boardmember_access.BoardMemberCantSeeSecuredFolder.user_Can_Open_Libraries_Form_4th_Time()'><b>user_Can_Open_Libraries_Form_4th_Time</b><br>Test class: tests_boardmember_access.BoardMemberCantSeeSecuredFolder<br>Test method: user_Can_Open_Libraries_Form_4th_Time</td>
<td></td>
<td>2</td>
<td>tests_boardmember_access.BoardMemberCantSeeSecuredFolder@548ad73b</td></tr>
<tr>
<td title='tests_boardmember_access.BoardMemberCanAddFilesToWorkroom.user_Can_Open_Libraries_Form_Again()'><b>user_Can_Open_Libraries_Form_Again</b><br>Test class: tests_boardmember_access.BoardMemberCanAddFilesToWorkroom<br>Test method: user_Can_Open_Libraries_Form_Again</td>
<td></td>
<td>1</td>
<td>tests_boardmember_access.BoardMemberCanAddFilesToWorkroom@401e7803</td></tr>
<tr>
<td title='tests_boardmember_access.BoardMemberCanSeeFilesByAdmin.user_Can_Open_Libraries_Form_Again()'><b>user_Can_Open_Libraries_Form_Again</b><br>Test class: tests_boardmember_access.BoardMemberCanSeeFilesByAdmin<br>Test method: user_Can_Open_Libraries_Form_Again</td>
<td></td>
<td>2</td>
<td>tests_boardmember_access.BoardMemberCanSeeFilesByAdmin@6eceb130</td></tr>
<tr>
<td title='tests_boardmember_access.AttachCreateNewBookToEventExistingSiteData.user_Can_Open_Library_Page_For_Workroom()'><b>user_Can_Open_Library_Page_For_Workroom</b><br>Test class: tests_boardmember_access.AttachCreateNewBookToEventExistingSiteData<br>Test method: user_Can_Open_Library_Page_For_Workroom</td>
<td></td>
<td>8</td>
<td>tests_boardmember_access.AttachCreateNewBookToEventExistingSiteData@13eb8acf</td></tr>
<tr>
<td title='tests_boardmember_access.AttachCreateNewPolltoEventExistingSiteData.user_Can_Open_Library_Page_For_Workroom()'><b>user_Can_Open_Library_Page_For_Workroom</b><br>Test class: tests_boardmember_access.AttachCreateNewPolltoEventExistingSiteData<br>Test method: user_Can_Open_Library_Page_For_Workroom</td>
<td></td>
<td>7</td>
<td>tests_boardmember_access.AttachCreateNewPolltoEventExistingSiteData@289d1c02</td></tr>
<tr>
<td title='tests_boardmember_access.AttachCreateNewSurveytoEventExistingSiteData.user_Can_Open_Library_Page_For_Workroom()'><b>user_Can_Open_Library_Page_For_Workroom</b><br>Test class: tests_boardmember_access.AttachCreateNewSurveytoEventExistingSiteData<br>Test method: user_Can_Open_Library_Page_For_Workroom</td>
<td></td>
<td>9</td>
<td>tests_boardmember_access.AttachCreateNewSurveytoEventExistingSiteData@12c8a2c0</td></tr>
<tr>
<td title='tests_boardmember_access.BoardMemberAddFileToPrivateFolder.user_Can_Open_Library_Page_For_Workroom()'><b>user_Can_Open_Library_Page_For_Workroom</b><br>Test class: tests_boardmember_access.BoardMemberAddFileToPrivateFolder<br>Test method: user_Can_Open_Library_Page_For_Workroom</td>
<td></td>
<td>1</td>
<td>tests_boardmember_access.BoardMemberAddFileToPrivateFolder@64485a47</td></tr>
<tr>
<td title='tests_boardmember_access.BoardMemberCanAddFilesToWorkroom.user_Can_Open_Library_Page_For_Workroom()'><b>user_Can_Open_Library_Page_For_Workroom</b><br>Test class: tests_boardmember_access.BoardMemberCanAddFilesToWorkroom<br>Test method: user_Can_Open_Library_Page_For_Workroom</td>
<td></td>
<td>1</td>
<td>tests_boardmember_access.BoardMemberCanAddFilesToWorkroom@401e7803</td></tr>
<tr>
<td title='tests_intergrations.ConfigureZoom.user_Can_Open_Settings()'><b>user_Can_Open_Settings</b><br>Test class: tests_intergrations.ConfigureZoom<br>Test method: user_Can_Open_Settings</td>
<td></td>
<td>1</td>
<td>tests_intergrations.ConfigureZoom@2a556333</td></tr>
<tr>
<td title='tests_general_settings.AddRemoveLogoAndLogoUrl.user_Can_Open_Settings()'><b>user_Can_Open_Settings</b><br>Test class: tests_general_settings.AddRemoveLogoAndLogoUrl<br>Test method: user_Can_Open_Settings</td>
<td></td>
<td>2</td>
<td>tests_general_settings.AddRemoveLogoAndLogoUrl@44c8afef</td></tr>
<tr>
<td title='tests_general_settings.AddRemovePrintLogo.user_Can_Open_Settings()'><b>user_Can_Open_Settings</b><br>Test class: tests_general_settings.AddRemovePrintLogo<br>Test method: user_Can_Open_Settings</td>
<td></td>
<td>2</td>
<td>tests_general_settings.AddRemovePrintLogo@50d0686</td></tr>
<tr>
<td title='tests_general_settings.SetDirectoryDisplayColumns.user_Can_Open_Settings()'><b>user_Can_Open_Settings</b><br>Test class: tests_general_settings.SetDirectoryDisplayColumns<br>Test method: user_Can_Open_Settings</td>
<td></td>
<td>2</td>
<td>tests_general_settings.SetDirectoryDisplayColumns@3aeaafa6</td></tr>
<tr>
<td title='tests_general_settings.AddUpdateBasicInformation.user_Can_Open_Settings()'><b>user_Can_Open_Settings</b><br>Test class: tests_general_settings.AddUpdateBasicInformation<br>Test method: user_Can_Open_Settings</td>
<td></td>
<td>1</td>
<td>tests_general_settings.AddUpdateBasicInformation@4671e53b</td></tr>
<tr>
<td title='tests_general_settings.DisplayDirectoryByUserCategory.user_Can_Open_Settings()'><b>user_Can_Open_Settings</b><br>Test class: tests_general_settings.DisplayDirectoryByUserCategory<br>Test method: user_Can_Open_Settings</td>
<td></td>
<td>2</td>
<td>tests_general_settings.DisplayDirectoryByUserCategory@3ecd23d9</td></tr>
<tr>
<td title='tests_general_settings.EnableDisableDirectoryExcelExport.user_Can_Open_Settings()'><b>user_Can_Open_Settings</b><br>Test class: tests_general_settings.EnableDisableDirectoryExcelExport<br>Test method: user_Can_Open_Settings</td>
<td></td>
<td>1</td>
<td>tests_general_settings.EnableDisableDirectoryExcelExport@cb0ed20</td></tr>
<tr>
<td title='tests_intergrations.ConfigureZoom.user_Can_Open_Settings_2nd_Time()'><b>user_Can_Open_Settings_2nd_Time</b><br>Test class: tests_intergrations.ConfigureZoom<br>Test method: user_Can_Open_Settings</td>
<td></td>
<td>1</td>
<td>tests_intergrations.ConfigureZoom@2a556333</td></tr>
<tr>
<td title='tests_general_settings.AddRemoveLogoAndLogoUrl.user_Can_Open_Settings_2nd_Time()'><b>user_Can_Open_Settings_2nd_Time</b><br>Test class: tests_general_settings.AddRemoveLogoAndLogoUrl<br>Test method: user_Can_Open_Settings_2nd_Time</td>
<td></td>
<td>3</td>
<td>tests_general_settings.AddRemoveLogoAndLogoUrl@44c8afef</td></tr>
<tr>
<td title='tests_general_settings.SetDirectoryDisplayColumns.user_Can_Open_Settings_2nd_Time()'><b>user_Can_Open_Settings_2nd_Time</b><br>Test class: tests_general_settings.SetDirectoryDisplayColumns<br>Test method: user_Can_Open_Settings_2nd_Time</td>
<td></td>
<td>3</td>
<td>tests_general_settings.SetDirectoryDisplayColumns@3aeaafa6</td></tr>
<tr>
<td title='tests_general_settings.AddUpdateBasicInformation.user_Can_Open_Settings_2nd_Time()'><b>user_Can_Open_Settings_2nd_Time</b><br>Test class: tests_general_settings.AddUpdateBasicInformation<br>Test method: user_Can_Open_Settings_2nd_Time</td>
<td></td>
<td>2</td>
<td>tests_general_settings.AddUpdateBasicInformation@4671e53b</td></tr>
<tr>
<td title='tests_general_settings.DisplayDirectoryByUserCategory.user_Can_Open_Settings_2nd_Time()'><b>user_Can_Open_Settings_2nd_Time</b><br>Test class: tests_general_settings.DisplayDirectoryByUserCategory<br>Test method: user_Can_Open_Settings_2nd_Time</td>
<td></td>
<td>2</td>
<td>tests_general_settings.DisplayDirectoryByUserCategory@3ecd23d9</td></tr>
<tr>
<td title='tests_general_settings.AddRemovePrintLogo.user_Can_Open_Settings_2nd_Time()'><b>user_Can_Open_Settings_2nd_Time</b><br>Test class: tests_general_settings.AddRemovePrintLogo<br>Test method: user_Can_Open_Settings_2nd_Time</td>
<td></td>
<td>1</td>
<td>tests_general_settings.AddRemovePrintLogo@50d0686</td></tr>
<tr>
<td title='tests_general_settings.EnableDisableDirectoryExcelExport.user_Can_Open_Settings_Again()'><b>user_Can_Open_Settings_Again</b><br>Test class: tests_general_settings.EnableDisableDirectoryExcelExport<br>Test method: user_Can_Open_Settings_Again</td>
<td></td>
<td>1</td>
<td>tests_general_settings.EnableDisableDirectoryExcelExport@cb0ed20</td></tr>
<tr>
<td title='tests_general_settings.AddRemovePrintLogo.user_Can_Save_Book_And_Continue()'><b>user_Can_Save_Book_And_Continue</b><br>Test class: tests_general_settings.AddRemovePrintLogo<br>Test method: user_Can_Add_Agenda</td>
<td></td>
<td>3</td>
<td>tests_general_settings.AddRemovePrintLogo@50d0686</td></tr>
<tr>
<td title='tests_boardmember_access.AttachCreateNewBookToEventExistingSiteData.user_Can_Save_Book_And_Continue()'><b>user_Can_Save_Book_And_Continue</b><br>Test class: tests_boardmember_access.AttachCreateNewBookToEventExistingSiteData<br>Test method: user_Can_Add_Agenda</td>
<td></td>
<td>5</td>
<td>tests_boardmember_access.AttachCreateNewBookToEventExistingSiteData@13eb8acf</td></tr>
<tr>
<td title='tests_boardmember_access.BoardMemberAddFileToPrivateFolder.user_Close_Library_Folder()'><b>user_Close_Library_Folder</b><br>Test class: tests_boardmember_access.BoardMemberAddFileToPrivateFolder<br>Test method: user_Close_Library_Folder</td>
<td></td>
<td>1</td>
<td>tests_boardmember_access.BoardMemberAddFileToPrivateFolder@64485a47</td></tr>
<tr>
<td title='tests_boardmember_access.BoardMemberAddFileToPrivateFolder.user_Close_Library_Folder_2nd_Time()'><b>user_Close_Library_Folder_2nd_Time</b><br>Test class: tests_boardmember_access.BoardMemberAddFileToPrivateFolder<br>Test method: user_Close_Library_Folder_2nd_Time</td>
<td></td>
<td>1</td>
<td>tests_boardmember_access.BoardMemberAddFileToPrivateFolder@64485a47</td></tr>
<tr>
<td title='tests_boardmember_access.BoardMemberCantSeeSecuredFolder.user_Delete_Resource_Library_Folder_3()'><b>user_Delete_Resource_Library_Folder_3</b><br>Test class: tests_boardmember_access.BoardMemberCantSeeSecuredFolder<br>Test method: user_Delete_Resource_Library_Folder_3</td>
<td></td>
<td>6</td>
<td>tests_boardmember_access.BoardMemberCantSeeSecuredFolder@548ad73b</td></tr>
<tr>
<td title='tests_general_settings.EnableDisableDirectoryExcelExport.user_Login()'><b>user_Login</b><br>Test class: tests_general_settings.EnableDisableDirectoryExcelExport<br>Test method: user_Login</td>
<td></td>
<td>4</td>
<td>tests_general_settings.EnableDisableDirectoryExcelExport@cb0ed20</td></tr>
<tr>
<td title='tests_general_settings.EnableDisableDirectoryExcelExport.user_Logout()'><b>user_Logout</b><br>Test class: tests_general_settings.EnableDisableDirectoryExcelExport<br>Test method: user_Logout</td>
<td></td>
<td>3</td>
<td>tests_general_settings.EnableDisableDirectoryExcelExport@cb0ed20</td></tr>
<tr>
<td title='tests_boardmember_access.AttachCreateNewBookToEventExistingSiteData.user_navigates_To_Book()'><b>user_navigates_To_Book</b><br>Test class: tests_boardmember_access.AttachCreateNewBookToEventExistingSiteData<br>Test method: user_navigates_To_Book</td>
<td></td>
<td>5</td>
<td>tests_boardmember_access.AttachCreateNewBookToEventExistingSiteData@13eb8acf</td></tr>
<tr>
<td title='tests_boardmember_access.AttachCreateNewPolltoEventExistingSiteData.user_navigates_To_Poll()'><b>user_navigates_To_Poll</b><br>Test class: tests_boardmember_access.AttachCreateNewPolltoEventExistingSiteData<br>Test method: user_navigates_To_Poll</td>
<td></td>
<td>5</td>
<td>tests_boardmember_access.AttachCreateNewPolltoEventExistingSiteData@289d1c02</td></tr>
<tr>
<td title='tests_boardmember_access.AttachCreateNewSurveytoEventExistingSiteData.user_navigates_To_Survey()'><b>user_navigates_To_Survey</b><br>Test class: tests_boardmember_access.AttachCreateNewSurveytoEventExistingSiteData<br>Test method: user_navigates_To_Survey</td>
<td></td>
<td>6</td>
<td>tests_boardmember_access.AttachCreateNewSurveytoEventExistingSiteData@12c8a2c0</td></tr>
<tr>
<td title='tests_boardmember_access.BoardMemberCanSeeFilesByAdmin.verify_Attach_Folder_Files_Present()'><b>verify_Attach_Folder_Files_Present</b><br>Test class: tests_boardmember_access.BoardMemberCanSeeFilesByAdmin<br>Test method: verify_Attach_Folder_Files_Present</td>
<td></td>
<td>3</td>
<td>tests_boardmember_access.BoardMemberCanSeeFilesByAdmin@6eceb130</td></tr>
<tr>
<td title='tests_google.SysAdminCanSeeWhatsNew.verify_AutoBE()'><b>verify_AutoBE</b><br>Test class: tests_google.SysAdminCanSeeWhatsNew<br>Test method: verify_AutoBE</td>
<td></td>
<td>0</td>
<td>tests_google.SysAdminCanSeeWhatsNew@e874448</td></tr>
<tr>
<td title='tests_boardmember_access.BoardMemberCanAddFilesToWorkroom.verify_BoardMember_Folders_Present()'><b>verify_BoardMember_Folders_Present</b><br>Test class: tests_boardmember_access.BoardMemberCanAddFilesToWorkroom<br>Test method: verify_BoardMember_Folders_Present</td>
<td></td>
<td>0</td>
<td>tests_boardmember_access.BoardMemberCanAddFilesToWorkroom@401e7803</td></tr>
<tr>
<td title='tests_boardmember_access.BoardMemberCanSeeFilesByAdmin.verify_BoardMember_Folders_Present()'><b>verify_BoardMember_Folders_Present</b><br>Test class: tests_boardmember_access.BoardMemberCanSeeFilesByAdmin<br>Test method: verify_BoardMember_Folders_Present</td>
<td></td>
<td>0</td>
<td>tests_boardmember_access.BoardMemberCanSeeFilesByAdmin@6eceb130</td></tr>
<tr>
<td title='tests_boardmember_access.BoardMemberCantSeeSecuredFile.verify_BoardMember_Folders_Present()'><b>verify_BoardMember_Folders_Present</b><br>Test class: tests_boardmember_access.BoardMemberCantSeeSecuredFile<br>Test method: verify_BoardMember_Folders_Present</td>
<td></td>
<td>0</td>
<td>tests_boardmember_access.BoardMemberCantSeeSecuredFile@710726a3</td></tr>
<tr>
<td title='tests_boardmember_access.BoardMemberCantSeeSecuredFolder.verify_BoardMember_Folders_Present()'><b>verify_BoardMember_Folders_Present</b><br>Test class: tests_boardmember_access.BoardMemberCantSeeSecuredFolder<br>Test method: verify_BoardMember_Folders_Present</td>
<td></td>
<td>0</td>
<td>tests_boardmember_access.BoardMemberCantSeeSecuredFolder@548ad73b</td></tr>
<tr>
<td title='tests_boardmember_access.BoardMemberCantSeeSecuredFolder.verify_BoardMember_Folders_Present_2nd_Time()'><b>verify_BoardMember_Folders_Present_2nd_Time</b><br>Test class: tests_boardmember_access.BoardMemberCantSeeSecuredFolder<br>Test method: verify_BoardMember_Folders_Present_2nd_Time</td>
<td></td>
<td>0</td>
<td>tests_boardmember_access.BoardMemberCantSeeSecuredFolder@548ad73b</td></tr>
<tr>
<td title='tests_boardmember_access.BoardMemberCanAddFilesToWorkroom.verify_BoardMember_Folders_Present_3rd_Time()'><b>verify_BoardMember_Folders_Present_3rd_Time</b><br>Test class: tests_boardmember_access.BoardMemberCanAddFilesToWorkroom<br>Test method: verify_BoardMember_Folders_Present_3rd_Time</td>
<td></td>
<td>0</td>
<td>tests_boardmember_access.BoardMemberCanAddFilesToWorkroom@401e7803</td></tr>
<tr>
<td title='tests_boardmember_access.BoardMemberCanAddFilesToWorkroom.verify_BoardMember_Folders_Present_Again()'><b>verify_BoardMember_Folders_Present_Again</b><br>Test class: tests_boardmember_access.BoardMemberCanAddFilesToWorkroom<br>Test method: verify_BoardMember_Folders_Present_Again</td>
<td></td>
<td>0</td>
<td>tests_boardmember_access.BoardMemberCanAddFilesToWorkroom@401e7803</td></tr>
<tr>
<td title='tests_boardmember_access.BoardMemberCanSeeFilesByAdmin.verify_BoardMember_Folders_Present_Again()'><b>verify_BoardMember_Folders_Present_Again</b><br>Test class: tests_boardmember_access.BoardMemberCanSeeFilesByAdmin<br>Test method: verify_BoardMember_Folders_Present_Again</td>
<td></td>
<td>0</td>
<td>tests_boardmember_access.BoardMemberCanSeeFilesByAdmin@6eceb130</td></tr>
<tr>
<td title='tests_boardmember_access.AttachCreateNewBookToEventExistingSiteData.verify_Book_Added_To_Event_Staging_1()'><b>verify_Book_Added_To_Event_Staging_1</b><br>Test class: tests_boardmember_access.AttachCreateNewBookToEventExistingSiteData<br>Test method: verify_Book_Added_To_Event_Staging_1</td>
<td></td>
<td>16</td>
<td>tests_boardmember_access.AttachCreateNewBookToEventExistingSiteData@13eb8acf</td></tr>
<tr>
<td title='tests_general_settings.AddRemovePrintLogo.verify_Book_Deleted()'><b>verify_Book_Deleted</b><br>Test class: tests_general_settings.AddRemovePrintLogo<br>Test method: verify_Book_Deleted</td>
<td></td>
<td>9</td>
<td>tests_general_settings.AddRemovePrintLogo@50d0686</td></tr>
<tr>
<td title='tests_boardmember_access.AttachCreateNewBookToEventExistingSiteData.verify_Book_Title_On_Staging_1_NOT_VISIBLE()'><b>verify_Book_Title_On_Staging_1_NOT_VISIBLE</b><br>Test class: tests_boardmember_access.AttachCreateNewBookToEventExistingSiteData<br>Test method: verify_Book_Title_On_Staging_1_NOT_VISIBLE</td>
<td></td>
<td>5</td>
<td>tests_boardmember_access.AttachCreateNewBookToEventExistingSiteData@13eb8acf</td></tr>
<tr>
<td title='tests_boardmember_access.BoardMemberCanAddFilesToWorkroom.verify_Created_File_And_Delete_Created_File()'><b>verify_Created_File_And_Delete_Created_File</b><br>Test class: tests_boardmember_access.BoardMemberCanAddFilesToWorkroom<br>Test method: verify_Created_File_And_Delete_Created_File</td>
<td></td>
<td>8</td>
<td>tests_boardmember_access.BoardMemberCanAddFilesToWorkroom@401e7803</td></tr>
<tr>
<td title='tests_general_settings.EnableDisableDirectoryExcelExport.verify_Download_As_Excel_Disabled()'><b>verify_Download_As_Excel_Disabled</b><br>Test class: tests_general_settings.EnableDisableDirectoryExcelExport<br>Test method: verify_Download_As_Excel_Disabled</td>
<td></td>
<td>8</td>
<td>tests_general_settings.EnableDisableDirectoryExcelExport@cb0ed20</td></tr>
<tr>
<td title='tests_general_settings.EnableDisableDirectoryExcelExport.verify_Download_As_Excel_Enabled()'><b>verify_Download_As_Excel_Enabled</b><br>Test class: tests_general_settings.EnableDisableDirectoryExcelExport<br>Test method: verify_Download_As_Excel_Enabled</td>
<td></td>
<td>3</td>
<td>tests_general_settings.EnableDisableDirectoryExcelExport@cb0ed20</td></tr>
<tr>
<td title='tests_boardmember_access.AttachCreateNewBookToEventExistingSiteData.verify_Event_Deleted_2()'><b>verify_Event_Deleted_2</b><br>Test class: tests_boardmember_access.AttachCreateNewBookToEventExistingSiteData<br>Test method: verify_Event_Deleted_2</td>
<td></td>
<td>5</td>
<td>tests_boardmember_access.AttachCreateNewBookToEventExistingSiteData@13eb8acf</td></tr>
<tr>
<td title='tests_boardmember_access.AttachCreateNewPolltoEventExistingSiteData.verify_Event_Title_On_Staging_2_Deleted()'><b>verify_Event_Title_On_Staging_2_Deleted</b><br>Test class: tests_boardmember_access.AttachCreateNewPolltoEventExistingSiteData<br>Test method: verify_Event_Title_On_Staging_2_Deleted</td>
<td></td>
<td>5</td>
<td>tests_boardmember_access.AttachCreateNewPolltoEventExistingSiteData@289d1c02</td></tr>
<tr>
<td title='tests_boardmember_access.AttachCreateNewSurveytoEventExistingSiteData.verify_Event_Title_On_Staging_3_Deleted()'><b>verify_Event_Title_On_Staging_3_Deleted</b><br>Test class: tests_boardmember_access.AttachCreateNewSurveytoEventExistingSiteData<br>Test method: verify_Event_Title_On_Staging_3_Deleted</td>
<td></td>
<td>5</td>
<td>tests_boardmember_access.AttachCreateNewSurveytoEventExistingSiteData@12c8a2c0</td></tr>
<tr>
<td title='tests_boardmember_access.BoardMemberCanAddFilesToWorkroom.verify_File_Deleted()'><b>verify_File_Deleted</b><br>Test class: tests_boardmember_access.BoardMemberCanAddFilesToWorkroom<br>Test method: verify_File_Deleted</td>
<td></td>
<td>6</td>
<td>tests_boardmember_access.BoardMemberCanAddFilesToWorkroom@401e7803</td></tr>
<tr>
<td title='tests_general_settings.AddRemoveLogoAndLogoUrl.verify_HP_Logo_Removed()'><b>verify_HP_Logo_Removed</b><br>Test class: tests_general_settings.AddRemoveLogoAndLogoUrl<br>Test method: verify_HP_Logo_Removed</td>
<td></td>
<td>5</td>
<td>tests_general_settings.AddRemoveLogoAndLogoUrl@44c8afef</td></tr>
<tr>
<td title='tests_boardmember_access.BoardMemberCanSeeFilesByAdmin.verify_Large_Book_Folder_Files_Present()'><b>verify_Large_Book_Folder_Files_Present</b><br>Test class: tests_boardmember_access.BoardMemberCanSeeFilesByAdmin<br>Test method: verify_Large_Book_Folder_Files_Present</td>
<td></td>
<td>5</td>
<td>tests_boardmember_access.BoardMemberCanSeeFilesByAdmin@6eceb130</td></tr>
<tr>
<td title='tests_general_settings.AddRemoveLogoAndLogoUrl.verify_Logo_And_URL_Added()'><b>verify_Logo_And_URL_Added</b><br>Test class: tests_general_settings.AddRemoveLogoAndLogoUrl<br>Test method: verify_Logo_And_URL_Added</td>
<td></td>
<td>12</td>
<td>tests_general_settings.AddRemoveLogoAndLogoUrl@44c8afef</td></tr>
<tr>
<td title='tests_general_settings.AddRemovePrintLogo.verify_Logo_Removed()'><b>verify_Logo_Removed</b><br>Test class: tests_general_settings.AddRemovePrintLogo<br>Test method: verify_Logo_Removed</td>
<td></td>
<td>10</td>
<td>tests_general_settings.AddRemovePrintLogo@50d0686</td></tr>
<tr>
<td title='tests_boardmember_access.AttachCreateNewPolltoEventExistingSiteData.verify_Poll_Added_To_Event_On_Staging_2()'><b>verify_Poll_Added_To_Event_On_Staging_2</b><br>Test class: tests_boardmember_access.AttachCreateNewPolltoEventExistingSiteData<br>Test method: verify_Poll_Added_To_Event_On_Staging_2</td>
<td></td>
<td>16</td>
<td>tests_boardmember_access.AttachCreateNewPolltoEventExistingSiteData@289d1c02</td></tr>
<tr>
<td title='tests_boardmember_access.AttachCreateNewPolltoEventExistingSiteData.verify_Poll_Board_Member_Access_1_NOT_EXIST()'><b>verify_Poll_Board_Member_Access_1_NOT_EXIST</b><br>Test class: tests_boardmember_access.AttachCreateNewPolltoEventExistingSiteData<br>Test method: verify_Poll_Board_Member_Access_1_NOT_EXIST</td>
<td></td>
<td>6</td>
<td>tests_boardmember_access.AttachCreateNewPolltoEventExistingSiteData@289d1c02</td></tr>
<tr>
<td title='tests_boardmember_access.BoardMemberCantSeeSecuredFile.verify_Resource_Library_Folder_2_NOT_Present()'><b>verify_Resource_Library_Folder_2_NOT_Present</b><br>Test class: tests_boardmember_access.BoardMemberCantSeeSecuredFile<br>Test method: verify_Resource_Library_Folder_2_NOT_Present</td>
<td></td>
<td>5</td>
<td>tests_boardmember_access.BoardMemberCantSeeSecuredFile@710726a3</td></tr>
<tr>
<td title='tests_boardmember_access.BoardMemberCantSeeSecuredFolder.verify_Resource_Library_Folder_3_NOT_Present()'><b>verify_Resource_Library_Folder_3_NOT_Present</b><br>Test class: tests_boardmember_access.BoardMemberCantSeeSecuredFolder<br>Test method: verify_Resource_Library_Folder_3_NOT_Present</td>
<td></td>
<td>5</td>
<td>tests_boardmember_access.BoardMemberCantSeeSecuredFolder@548ad73b</td></tr>
<tr>
<td title='tests_general_settings.SetDirectoryDisplayColumns.verify_Role_Column()'><b>verify_Role_Column</b><br>Test class: tests_general_settings.SetDirectoryDisplayColumns<br>Test method: verify_Role_Column</td>
<td></td>
<td>1</td>
<td>tests_general_settings.SetDirectoryDisplayColumns@3aeaafa6</td></tr>
<tr>
<td title='tests_general_settings.SetDirectoryDisplayColumns.verify_Role_Column_NOT_Present()'><b>verify_Role_Column_NOT_Present</b><br>Test class: tests_general_settings.SetDirectoryDisplayColumns<br>Test method: verify_Role_Column_NOT_Present</td>
<td></td>
<td>5</td>
<td>tests_general_settings.SetDirectoryDisplayColumns@3aeaafa6</td></tr>
<tr>
<td title='tests_general_settings.AddUpdateBasicInformation.verify_Saved_Form_Data()'><b>verify_Saved_Form_Data</b><br>Test class: tests_general_settings.AddUpdateBasicInformation<br>Test method: verify_Saved_Form_Data</td>
<td></td>
<td>1</td>
<td>tests_general_settings.AddUpdateBasicInformation@4671e53b</td></tr>
<tr>
<td title='tests_boardmember_access.BoardMemberCantSeeSecuredFolder.verify_Secured_Folder_Not_Present()'><b>verify_Secured_Folder_Not_Present</b><br>Test class: tests_boardmember_access.BoardMemberCantSeeSecuredFolder<br>Test method: verify_Secured_Folder_Not_Present</td>
<td></td>
<td>5</td>
<td>tests_boardmember_access.BoardMemberCantSeeSecuredFolder@548ad73b</td></tr>
<tr>
<td title='tests_boardmember_access.AttachCreateNewSurveytoEventExistingSiteData.verify_Survey_Added_To_Event_Title_On_Staging_3()'><b>verify_Survey_Added_To_Event_Title_On_Staging_3</b><br>Test class: tests_boardmember_access.AttachCreateNewSurveytoEventExistingSiteData<br>Test method: verify_Survey_Added_To_Event_Title_On_Staging_3</td>
<td></td>
<td>21</td>
<td>tests_boardmember_access.AttachCreateNewSurveytoEventExistingSiteData@12c8a2c0</td></tr>
<tr>
<td title='tests_boardmember_access.AttachCreateNewSurveytoEventExistingSiteData.verify_Survey_Deleted()'><b>verify_Survey_Deleted</b><br>Test class: tests_boardmember_access.AttachCreateNewSurveytoEventExistingSiteData<br>Test method: verify_Survey_Deleted</td>
<td></td>
<td>5</td>
<td>tests_boardmember_access.AttachCreateNewSurveytoEventExistingSiteData@12c8a2c0</td></tr>
<tr>
<td title='tests_general_settings.DisplayDirectoryByUserCategory.verify_User_Categories()'><b>verify_User_Categories</b><br>Test class: tests_general_settings.DisplayDirectoryByUserCategory<br>Test method: verify_User_Categories</td>
<td></td>
<td>4</td>
<td>tests_general_settings.DisplayDirectoryByUserCategory@3ecd23d9</td></tr>
<tr>
<td title='tests_google.NonAdminCanNotSeeWhatsNew.verify_WhatsNew_Link()'><b>verify_WhatsNew_Link</b><br>Test class: tests_google.NonAdminCanNotSeeWhatsNew<br>Test method: verify_WhatsNew_Link</td>
<td></td>
<td>0</td>
<td>tests_google.NonAdminCanNotSeeWhatsNew@59906517</td></tr>
<tr>
<td title='tests_google.SysAdminCanSeeWhatsNew.verify_WhatsNew_Link()'><b>verify_WhatsNew_Link</b><br>Test class: tests_google.SysAdminCanSeeWhatsNew<br>Test method: verify_WhatsNew_Link</td>
<td></td>
<td>0</td>
<td>tests_google.SysAdminCanSeeWhatsNew@e874448</td></tr>
<tr>
<td title='tests_boardmember_access.BoardMemberAddFileToPrivateFolder.verify_Word_1_Docx_NOT_Present()'><b>verify_Word_1_Docx_NOT_Present</b><br>Test class: tests_boardmember_access.BoardMemberAddFileToPrivateFolder<br>Test method: verify_Word_1_Docx_NOT_Present</td>
<td></td>
<td>7</td>
<td>tests_boardmember_access.BoardMemberAddFileToPrivateFolder@64485a47</td></tr>
<tr>
<td title='tests_intergrations.ConfigureZoom.verify_Zoom_Deactivation()'><b>verify_Zoom_Deactivation</b><br>Test class: tests_intergrations.ConfigureZoom<br>Test method: verify_Zoom_Deactivation</td>
<td></td>
<td>4</td>
<td>tests_intergrations.ConfigureZoom@2a556333</td></tr>
</table><p>
</body>
</html>