<?xml version="1.0" encoding="UTF-8"?>
<!-- Generated by org.testng.reporters.JUnitXMLReporter -->
<testsuite hostname="CLT-WIN-11717" ignored="0" name="CreateBookSecuredCategory" tests="60" failures="2" timestamp="2021-06-03T10:45:03 EDT" time="172.925" errors="0">
  <testcase name="systemAdmin_login" time="6.313" classname="tests_critical_scenarios.CreateDeleteWorkroom"/>
  <testcase name="systemAdmin_login" time="6.45" classname="tests_critical_scenarios.CreateDeleteWorkgroup"/>
  <testcase name="user_Opens_Settings_Opens_Workroom_And_Group_Settings" time="2.835" classname="tests_critical_scenarios.CreateDeleteWorkroom"/>
  <testcase name="user_Opens_Settings_Opens_Workroom_And_Group_Settings" time="2.904" classname="tests_critical_scenarios.CreateDeleteWorkgroup"/>
  <testcase name="user_Can_Create_New_Workroom" time="9.303" classname="tests_critical_scenarios.CreateDeleteWorkroom"/>
  <testcase name="user_Can_Create_New_Group" time="10.999" classname="tests_critical_scenarios.CreateDeleteWorkgroup"/>
  <testcase name="user_Can_Deactivate_Workroom" time="8.304" classname="tests_critical_scenarios.CreateDeleteWorkroom"/>
  <testcase name="user_Opens_Settings_Opens_Workroom_And_Group_Settings_Again" time="2.802" classname="tests_critical_scenarios.CreateDeleteWorkroom"/>
  <testcase name="user_Can_Delete_New_Group" time="13.538" classname="tests_critical_scenarios.CreateDeleteWorkgroup"/>
  <testcase name="user_Opens_Settings_Opens_Workroom_And_Group_Settings_Again" time="2.794" classname="tests_critical_scenarios.CreateDeleteWorkgroup"/>
  <testcase name="navigate_To_Workgroups_Tab" time="3.356" classname="tests_critical_scenarios.CreateDeleteWorkgroup"/>
  <testcase name="user_Can_Delete_Workroom" time="11.123" classname="tests_critical_scenarios.CreateDeleteWorkroom"/>
  <testcase name="verify_Group_Deleted" time="5.12" classname="tests_critical_scenarios.CreateDeleteWorkgroup"/>
  <testcase name="verify_Workroom_Deleted" time="10.707" classname="tests_critical_scenarios.CreateDeleteWorkroom"/>
  <testcase name="autoUser_login" time="6.62" classname="tests_critical_scenarios.CreateBookCreateEventAttachBookAttachResource"/>
  <testcase name="autoUser_login" time="5.342" classname="tests_critical_scenarios.CreateBookSecuredCategory"/>
  <testcase name="user_Can_Open_Library_Page_For_Workroom" time="7.646" classname="tests_critical_scenarios.CreateBookCreateEventAttachBookAttachResource"/>
  <testcase name="create_Book_Add_Title_A" time="4.236" classname="tests_critical_scenarios.CreateBookCreateEventAttachBookAttachResource"/>
  <testcase name="Workroom_Admin_Can_Open_Library_Page_For_Workroom" time="8.321" classname="tests_critical_scenarios.CreateBookSecuredCategory"/>
  <testcase name="user_Can_Add_Cover_Page" time="5.064" classname="tests_critical_scenarios.CreateBookCreateEventAttachBookAttachResource"/>
  <testcase name="user_Can_Add_Agenda" time="1.504" classname="tests_critical_scenarios.CreateBookCreateEventAttachBookAttachResource"/>
  <testcase name="Workroom_Admin_Can_Create_New_Book_And_Add_Title" time="3.904" classname="tests_critical_scenarios.CreateBookSecuredCategory"/>
  <testcase name="Workroom_Admin_Can_Add_Agenda" time="2.576" classname="tests_critical_scenarios.CreateBookSecuredCategory"/>
  <testcase name="user_Can_Save_Book_And_Continue" time="3.282" classname="tests_critical_scenarios.CreateBookCreateEventAttachBookAttachResource"/>
  <testcase name="Workroom_Admin_Click_Save_Continue_Btn" time="4.681" classname="tests_critical_scenarios.CreateBookSecuredCategory"/>
  <testcase name="user_Add_First_Catagory_To_Book" time="6.005" classname="tests_critical_scenarios.CreateBookCreateEventAttachBookAttachResource"/>
  <testcase name="Workroom_Admin_Add_First_Catagory_To_Book" time="7.329" classname="tests_critical_scenarios.CreateBookSecuredCategory"/>
  <testcase name="user_Add_File_To_First_Catagory" time="8.881" classname="tests_critical_scenarios.CreateBookCreateEventAttachBookAttachResource"/>
  <testcase name="Workroom_Admin_Add_File_To_First_Catagory" time="6.574" classname="tests_critical_scenarios.CreateBookSecuredCategory"/>
  <testcase name="Workroom_Admin_Can_Open_Secured_Category" time="4.864" classname="tests_critical_scenarios.CreateBookSecuredCategory"/>
  <testcase name="Workroom_Admin_Can_Add_User_As_Secured_Category_User" time="9.181" classname="tests_critical_scenarios.CreateBookSecuredCategory"/>
  <testcase name="Workroom_Admin_Add_Second_Catagory_To_Book" time="7.13" classname="tests_critical_scenarios.CreateBookSecuredCategory"/>
  <testcase name="user_Can_Build_Book" time="26.298" classname="tests_critical_scenarios.CreateBookCreateEventAttachBookAttachResource"/>
  <testcase name="make_Book_Visible" time="5.215" classname="tests_critical_scenarios.CreateBookCreateEventAttachBookAttachResource"/>
  <testcase name="Workroom_Admin_add_File_To_Second_Catagory" time="9.698" classname="tests_critical_scenarios.CreateBookSecuredCategory"/>
  <testcase name="create_New_Event_A" time="16.915" classname="tests_critical_scenarios.CreateBookCreateEventAttachBookAttachResource"/>
  <testcase name="user_Click_Attach_Create_And_Click_Resource_Tab" time="2.814" classname="tests_critical_scenarios.CreateBookCreateEventAttachBookAttachResource"/>
  <testcase name="user_Can_Build_Book" time="25.22" classname="tests_critical_scenarios.CreateBookSecuredCategory"/>
  <testcase name="user_Can_Attach_Resource_To_Event_And_Save" time="11.283" classname="tests_critical_scenarios.CreateBookCreateEventAttachBookAttachResource"/>
  <testcase name="make_Book_Visible" time="4.778" classname="tests_critical_scenarios.CreateBookSecuredCategory"/>
  <testcase name="workroomAdmin_Close_And_Logout" time="3.189" classname="tests_critical_scenarios.CreateBookSecuredCategory"/>
  <testcase name="workroom_Member_Login_To_BoardEffect" time="5.048" classname="tests_critical_scenarios.CreateBookSecuredCategory"/>
  <testcase name="user_Can_Attach_Book_To_Event" time="11.446" classname="tests_critical_scenarios.CreateBookCreateEventAttachBookAttachResource"/>
  <testcase name="verify_Book_And_Resource_Tabs_Appear_On_Event_Card" time="2.868" classname="tests_critical_scenarios.CreateBookCreateEventAttachBookAttachResource"/>
  <testcase name="workroom_Member_Open_Workroom_AutoBE_Library_Page" time="6.476" classname="tests_critical_scenarios.CreateBookSecuredCategory"/>
  <testcase name="verify_Book_And_Resource_Tabs_Appear_On_Event_Details" time="6.485" classname="tests_critical_scenarios.CreateBookCreateEventAttachBookAttachResource"/>
  <testcase name="workroom_Member_Secured_Category_Not_Displayed" time="9.79" classname="tests_critical_scenarios.CreateBookSecuredCategory"/>
  <testcase name="workroom_Member_Sees_New_Category_2_Present" time="0.055" classname="tests_critical_scenarios.CreateBookSecuredCategory"/>
  <testcase name="autoDirector_Close_And_Logout" time="2.778" classname="tests_critical_scenarios.CreateBookSecuredCategory"/>
  <testcase name="delete_Event_Verify_Deleted" time="11.941" classname="tests_critical_scenarios.CreateBookCreateEventAttachBookAttachResource"/>
  <testcase name="loginBE_WorkroomAdmin" time="4.229" classname="tests_critical_scenarios.CreateBookSecuredCategory"/>
  <testcase name="workroom_Member_Open_Library_Page_For_Workroom_2nd_Time" time="5.618" classname="tests_critical_scenarios.CreateBookSecuredCategory"/>
  <testcase name="delete_Book" time="10.516" classname="tests_critical_scenarios.CreateBookCreateEventAttachBookAttachResource"/>
  <testcase name="workroom_Member_NewCatagory_And_NewCatagory2_Is_Displayed" time="4.911" classname="tests_critical_scenarios.CreateBookSecuredCategory"/>
  <testcase name="workroomAdmin_Close_And_Logout_2nd_Time" time="2.865" classname="tests_critical_scenarios.CreateBookSecuredCategory"/>
  <testcase name="autoUser_login_2nd_Time" time="4.39" classname="tests_critical_scenarios.CreateBookSecuredCategory"/>
  <testcase name="verify_Book_Deleted" time="8.494" classname="tests_critical_scenarios.CreateBookCreateEventAttachBookAttachResource"/>
  <testcase name="workroom_Member_Open_Library_Page_For_Workroom_3rd_Time" time="5.981" classname="tests_critical_scenarios.CreateBookSecuredCategory"/>
  <testcase name="user_Can_Delete_Book" time="6.535" classname="tests_critical_scenarios.CreateBookSecuredCategory">
    <failure type="org.openqa.selenium.NoSuchElementException" message="no such element: Unable to locate element: {&amp;quot;method&amp;quot;:&amp;quot;xpath&amp;quot;,&amp;quot;selector&amp;quot;:&amp;quot;//span[contains(text(),&amp;apos;Delete&amp;apos;)]&amp;quot;}
  (Session info: chrome=91.0.4472.77)
For documentation on this error, please visit: https://www.seleniumhq.org/exceptions/no_such_element.html
Build info: version: &amp;apos;3.141.59&amp;apos;, revision: &amp;apos;e82be7d358&amp;apos;, time: &amp;apos;2018-11-14T08:17:03&amp;apos;
System info: host: &amp;apos;CLT-WIN-11717&amp;apos;, ip: &amp;apos;172.23.74.86&amp;apos;, os.name: &amp;apos;Windows 10&amp;apos;, os.arch: &amp;apos;amd64&amp;apos;, os.version: &amp;apos;10.0&amp;apos;, java.version: &amp;apos;1.8.0_211&amp;apos;
Driver info: org.openqa.selenium.remote.RemoteWebDriver
Capabilities {acceptInsecureCerts: false, browserName: chrome, browserVersion: 91.0.4472.77, chrome: {chromedriverVersion: 91.0.4472.19 (1bf021f248676..., userDataDir: C:\Users\QATEST~1\AppData\L...}, goog:chromeOptions: {debuggerAddress: localhost:56583}, javascriptEnabled: true, networkConnectionEnabled: false, pageLoadStrategy: normal, platform: WINDOWS, platformName: WINDOWS, proxy: Proxy(), setWindowRect: true, strictFileInteractability: false, timeouts: {implicit: 0, pageLoad: 300000, script: 30000}, unhandledPromptBehavior: dismiss and notify, webauthn:extension:largeBlob: true, webauthn:virtualAuthenticators: true, webdriver.remote.sessionid: e4383aca8bf8456e4b2ef6d9f9e...}
Session ID: e4383aca8bf8456e4b2ef6d9f9e51d6e
*** Element info: {Using=xpath, value=//span[contains(text(),&amp;apos;Delete&amp;apos;)]}">
      <![CDATA[org.openqa.selenium.NoSuchElementException: no such element: Unable to locate element: {"method":"xpath","selector":"//span[contains(text(),'Delete')]"}
  (Session info: chrome=91.0.4472.77)
For documentation on this error, please visit: https://www.seleniumhq.org/exceptions/no_such_element.html
Build info: version: '3.141.59', revision: 'e82be7d358', time: '2018-11-14T08:17:03'
System info: host: 'CLT-WIN-11717', ip: '172.23.74.86', os.name: 'Windows 10', os.arch: 'amd64', os.version: '10.0', java.version: '1.8.0_211'
Driver info: org.openqa.selenium.remote.RemoteWebDriver
Capabilities {acceptInsecureCerts: false, browserName: chrome, browserVersion: 91.0.4472.77, chrome: {chromedriverVersion: 91.0.4472.19 (1bf021f248676..., userDataDir: C:\Users\QATEST~1\AppData\L...}, goog:chromeOptions: {debuggerAddress: localhost:56583}, javascriptEnabled: true, networkConnectionEnabled: false, pageLoadStrategy: normal, platform: WINDOWS, platformName: WINDOWS, proxy: Proxy(), setWindowRect: true, strictFileInteractability: false, timeouts: {implicit: 0, pageLoad: 300000, script: 30000}, unhandledPromptBehavior: dismiss and notify, webauthn:extension:largeBlob: true, webauthn:virtualAuthenticators: true, webdriver.remote.sessionid: e4383aca8bf8456e4b2ef6d9f9e...}
Session ID: e4383aca8bf8456e4b2ef6d9f9e51d6e
*** Element info: {Using=xpath, value=//span[contains(text(),'Delete')]}
at org.openqa.selenium.remote.http.W3CHttpResponseCodec.createException(W3CHttpResponseCodec.java:187)
at org.openqa.selenium.remote.http.W3CHttpResponseCodec.decode(W3CHttpResponseCodec.java:122)
at org.openqa.selenium.remote.http.W3CHttpResponseCodec.decode(W3CHttpResponseCodec.java:49)
at org.openqa.selenium.remote.HttpCommandExecutor.execute(HttpCommandExecutor.java:158)
at org.openqa.selenium.remote.RemoteWebDriver.execute(RemoteWebDriver.java:552)
at org.openqa.selenium.remote.RemoteWebDriver.findElement(RemoteWebDriver.java:323)
at org.openqa.selenium.remote.RemoteWebDriver.findElementByXPath(RemoteWebDriver.java:428)
at org.openqa.selenium.By$ByXPath.findElement(By.java:353)
at org.openqa.selenium.remote.RemoteWebDriver.findElement(RemoteWebDriver.java:315)
at org.openqa.selenium.support.ui.ExpectedConditions$7.apply(ExpectedConditions.java:205)
at org.openqa.selenium.support.ui.ExpectedConditions$7.apply(ExpectedConditions.java:201)
at org.openqa.selenium.support.ui.ExpectedConditions$22.apply(ExpectedConditions.java:641)
at org.openqa.selenium.support.ui.ExpectedConditions$22.apply(ExpectedConditions.java:638)
at org.openqa.selenium.support.ui.ExpectedConditions$47.apply(ExpectedConditions.java:1370)
at org.openqa.selenium.support.ui.ExpectedConditions$47.apply(ExpectedConditions.java:1364)
at org.openqa.selenium.support.ui.FluentWait.until(FluentWait.java:249)
at page_critical_scenarios.SecuredCategoryPage.verify_Delete_Option_Inside(SecuredCategoryPage.java:878)
at page_critical_scenarios.SecuredCategoryPage.delete_Book_Secured_Category(SecuredCategoryPage.java:916)
at tests_critical_scenarios.CreateBookSecuredCategory.user_Can_Delete_Book(CreateBookSecuredCategory.java:246)
at java.util.ArrayList.forEach(ArrayList.java:1257)
at java.util.concurrent.FutureTask.run(FutureTask.java:266)
at java.util.concurrent.ThreadPoolExecutor.runWorker(ThreadPoolExecutor.java:1149)
at java.util.concurrent.ThreadPoolExecutor$Worker.run(ThreadPoolExecutor.java:624)
at java.lang.Thread.run(Thread.java:748)
... Removed 22 stack frames]]>
    </failure>
  </testcase> <!-- user_Can_Delete_Book -->
  <testcase name="verify_Book_Deleted" time="4.113" classname="tests_critical_scenarios.CreateBookSecuredCategory">
    <failure type="java.lang.AssertionError" message="did not expect to find [true] but found [false]">
      <![CDATA[java.lang.AssertionError: did not expect to find [true] but found [false]
at page_critical_scenarios.SecuredCategoryPage.verify_Book_NOT_Displayed(SecuredCategoryPage.java:929)
at page_critical_scenarios.SecuredCategoryPage.verify_Book_Deleted(SecuredCategoryPage.java:937)
at tests_critical_scenarios.CreateBookSecuredCategory.verify_Book_Deleted(CreateBookSecuredCategory.java:255)
at java.util.ArrayList.forEach(ArrayList.java:1257)
at java.util.concurrent.FutureTask.run(FutureTask.java:266)
at java.util.concurrent.ThreadPoolExecutor.runWorker(ThreadPoolExecutor.java:1149)
at java.util.concurrent.ThreadPoolExecutor$Worker.run(ThreadPoolExecutor.java:624)
at java.lang.Thread.run(Thread.java:748)
... Removed 22 stack frames]]>
    </failure>
  </testcase> <!-- verify_Book_Deleted -->
</testsuite> <!-- CreateBookSecuredCategory -->
