<html>
<head>
<title>TestNG:  Test 2</title>
<link href="../testng.css" rel="stylesheet" type="text/css" />
<link href="../my-testng.css" rel="stylesheet" type="text/css" />

<style type="text/css">
.log { display: none;} 
.stack-trace { display: none;} 
</style>
<script type="text/javascript">
<!--
function flip(e) {
  current = e.style.display;
  if (current == 'block') {
    e.style.display = 'none';
    return 0;
  }
  else {
    e.style.display = 'block';
    return 1;
  }
}

function toggleBox(szDivId, elem, msg1, msg2)
{
  var res = -1;  if (document.getElementById) {
    res = flip(document.getElementById(szDivId));
  }
  else if (document.all) {
    // this is the way old msie versions work
    res = flip(document.all[szDivId]);
  }
  if(elem) {
    if(res == 0) elem.innerHTML = msg1; else elem.innerHTML = msg2;
  }

}

function toggleAllBoxes() {
  if (document.getElementsByTagName) {
    d = document.getElementsByTagName('div');
    for (i = 0; i < d.length; i++) {
      if (d[i].className == 'log') {
        flip(d[i]);
      }
    }
  }
}

// -->
</script>

</head>
<body>
<h2 align='center'>Test 2</h2><table border='1' align="center">
<tr>
<td>Tests passed/Failed/Skipped:</td><td>7/0/0</td>
</tr><tr>
<td>Started on:</td><td>Mon Jun 21 17:31:06 EDT 2021</td>
</tr>
<tr><td>Total time:</td><td>136 seconds (136115 ms)</td>
</tr><tr>
<td>Included groups:</td><td></td>
</tr><tr>
<td>Excluded groups:</td><td></td>
</tr>
</table><p/>
<small><i>(Hover the method name to see the test class name)</i></small><p/>
<table width='100%' border='1' class='invocation-failed'>
<tr><td colspan='4' align='center'><b>FAILED TESTS</b></td></tr>
<tr><td><b>Test method</b></td>
<td width="30%"><b>Exception</b></td>
<td width="10%"><b>Time (seconds)</b></td>
<td><b>Instance</b></td>
</tr>
<tr>
<td title='tests_critical_scenarios.CreateEditDeleteHandbook.build_Handbook()'><b>build_Handbook</b><br>Test class: tests_critical_scenarios.CreateEditDeleteHandbook<br>Test method: build_Handbook</td>
<td><div><pre>org.openqa.selenium.TimeoutException: Expected condition failed: waiting for at least one condition to be valid: element to be clickable: By.xpath: //button[contains(text(),&apos;Done&apos;)] (tried for 20 second(s) with 600 milliseconds interval)
Build info: version: &apos;3.141.59&apos;, revision: &apos;e82be7d358&apos;, time: &apos;2018-11-14T08:17:03&apos;
System info: host: &apos;CLT-WIN-11717&apos;, ip: &apos;172.23.74.254&apos;, os.name: &apos;Windows 10&apos;, os.arch: &apos;amd64&apos;, os.version: &apos;10.0&apos;, java.version: &apos;1.8.0_211&apos;
Driver info: driver.version: unknown
	at org.openqa.selenium.support.ui.FluentWait.timeoutException(FluentWait.java:304)
	at org.openqa.selenium.support.ui.FluentWait.until(FluentWait.java:272)
	at page_critical_scenarios.HandbookPage.verify_Build_DoneBtn(HandbookPage.java:422)
	at page_critical_scenarios.HandbookPage.build_Handbook(HandbookPage.java:446)
	at tests_critical_scenarios.CreateEditDeleteHandbook.build_Handbook(CreateEditDeleteHandbook.java:96)
	at java.util.ArrayList.forEach(ArrayList.java:1257)
	at java.util.concurrent.FutureTask.run(FutureTask.java:266)
	at java.util.concurrent.ThreadPoolExecutor.runWorker(ThreadPoolExecutor.java:1149)
	at java.util.concurrent.ThreadPoolExecutor$Worker.run(ThreadPoolExecutor.java:624)
	at java.lang.Thread.run(Thread.java:748)
... Removed 18 stack frames</pre></div><a href='#' onClick='toggleBox("stack-trace290504944", this, "Click to show all stack frames", "Click to hide stack frames")'>Click to show all stack frames</a>
<div class='stack-trace' id='stack-trace290504944'><pre>org.openqa.selenium.TimeoutException: Expected condition failed: waiting for at least one condition to be valid: element to be clickable: By.xpath: //button[contains(text(),&apos;Done&apos;)] (tried for 20 second(s) with 600 milliseconds interval)
Build info: version: &apos;3.141.59&apos;, revision: &apos;e82be7d358&apos;, time: &apos;2018-11-14T08:17:03&apos;
System info: host: &apos;CLT-WIN-11717&apos;, ip: &apos;172.23.74.254&apos;, os.name: &apos;Windows 10&apos;, os.arch: &apos;amd64&apos;, os.version: &apos;10.0&apos;, java.version: &apos;1.8.0_211&apos;
Driver info: driver.version: unknown
	at org.openqa.selenium.support.ui.FluentWait.timeoutException(FluentWait.java:304)
	at org.openqa.selenium.support.ui.FluentWait.until(FluentWait.java:272)
	at page_critical_scenarios.HandbookPage.verify_Build_DoneBtn(HandbookPage.java:422)
	at page_critical_scenarios.HandbookPage.build_Handbook(HandbookPage.java:446)
	at tests_critical_scenarios.CreateEditDeleteHandbook.build_Handbook(CreateEditDeleteHandbook.java:96)
	at sun.reflect.NativeMethodAccessorImpl.invoke0(Native Method)
	at sun.reflect.NativeMethodAccessorImpl.invoke(NativeMethodAccessorImpl.java:62)
	at sun.reflect.DelegatingMethodAccessorImpl.invoke(DelegatingMethodAccessorImpl.java:43)
	at java.lang.reflect.Method.invoke(Method.java:498)
	at org.testng.internal.MethodInvocationHelper.invokeMethod(MethodInvocationHelper.java:133)
	at org.testng.internal.TestInvoker.invokeMethod(TestInvoker.java:584)
	at org.testng.internal.TestInvoker.invokeTestMethod(TestInvoker.java:172)
	at org.testng.internal.MethodRunner.runInSequence(MethodRunner.java:46)
	at org.testng.internal.TestInvoker$MethodInvocationAgent.invoke(TestInvoker.java:804)
	at org.testng.internal.TestInvoker.invokeTestMethods(TestInvoker.java:145)
	at org.testng.internal.TestMethodWorker.invokeTestMethods(TestMethodWorker.java:146)
	at org.testng.internal.TestMethodWorker.run(TestMethodWorker.java:128)
	at java.util.ArrayList.forEach(ArrayList.java:1257)
	at org.testng.TestRunner.privateRun(TestRunner.java:770)
	at org.testng.TestRunner.run(TestRunner.java:591)
	at org.testng.SuiteRunner.runTest(SuiteRunner.java:402)
	at org.testng.SuiteRunner.access$000(SuiteRunner.java:41)
	at org.testng.SuiteRunner$SuiteWorker.run(SuiteRunner.java:443)
	at org.testng.internal.thread.ThreadUtil.lambda$execute$0(ThreadUtil.java:67)
	at java.util.concurrent.FutureTask.run(FutureTask.java:266)
	at java.util.concurrent.ThreadPoolExecutor.runWorker(ThreadPoolExecutor.java:1149)
	at java.util.concurrent.ThreadPoolExecutor$Worker.run(ThreadPoolExecutor.java:624)
	at java.lang.Thread.run(Thread.java:748)
</pre></div></td>
<td>41</td>
<td>tests_critical_scenarios.CreateEditDeleteHandbook@8646db9</td></tr>
<tr>
<td title='tests_critical_scenarios.CreateEditDeleteHandbook.delete_Edited_Handbook()'><b>delete_Edited_Handbook</b><br>Test class: tests_critical_scenarios.CreateEditDeleteHandbook<br>Test method: delete_Edited_Handbook</td>
<td><div><pre>org.openqa.selenium.NoSuchElementException: no such element: Unable to locate element: {&quot;method&quot;:&quot;xpath&quot;,&quot;selector&quot;:&quot;//*[contains(text(),&apos;This is an Edited Handbook&apos;)]/following::div[@class=&apos;dropdown header-actions&apos;]&quot;}
  (Session info: chrome=91.0.4472.106)
For documentation on this error, please visit: https://www.seleniumhq.org/exceptions/no_such_element.html
Build info: version: &apos;3.141.59&apos;, revision: &apos;e82be7d358&apos;, time: &apos;2018-11-14T08:17:03&apos;
System info: host: &apos;CLT-WIN-11717&apos;, ip: &apos;172.23.74.254&apos;, os.name: &apos;Windows 10&apos;, os.arch: &apos;amd64&apos;, os.version: &apos;10.0&apos;, java.version: &apos;1.8.0_211&apos;
Driver info: org.openqa.selenium.remote.RemoteWebDriver
Capabilities {acceptInsecureCerts: false, browserName: chrome, browserVersion: 91.0.4472.106, chrome: {chromedriverVersion: 91.0.4472.19 (1bf021f248676..., userDataDir: C:\Users\QATEST~1\AppData\L...}, goog:chromeOptions: {debuggerAddress: localhost:55208}, javascriptEnabled: true, networkConnectionEnabled: false, pageLoadStrategy: normal, platform: WINDOWS, platformName: WINDOWS, proxy: Proxy(), setWindowRect: true, strictFileInteractability: false, timeouts: {implicit: 0, pageLoad: 300000, script: 30000}, unhandledPromptBehavior: dismiss and notify, webauthn:extension:largeBlob: true, webauthn:virtualAuthenticators: true, webdriver.remote.sessionid: 4df8a02bbe5ed9f9d6456d87eea...}
Session ID: 4df8a02bbe5ed9f9d6456d87eeabd085
*** Element info: {Using=xpath, value=//*[contains(text(),&apos;This is an Edited Handbook&apos;)]/following::div[@class=&apos;dropdown header-actions&apos;]}
	at org.openqa.selenium.remote.http.W3CHttpResponseCodec.createException(W3CHttpResponseCodec.java:187)
	at org.openqa.selenium.remote.http.W3CHttpResponseCodec.decode(W3CHttpResponseCodec.java:122)
	at org.openqa.selenium.remote.http.W3CHttpResponseCodec.decode(W3CHttpResponseCodec.java:49)
	at org.openqa.selenium.remote.HttpCommandExecutor.execute(HttpCommandExecutor.java:158)
	at org.openqa.selenium.remote.RemoteWebDriver.execute(RemoteWebDriver.java:552)
	at org.openqa.selenium.remote.RemoteWebDriver.findElement(RemoteWebDriver.java:323)
	at org.openqa.selenium.remote.RemoteWebDriver.findElementByXPath(RemoteWebDriver.java:428)
	at org.openqa.selenium.By$ByXPath.findElement(By.java:353)
	at org.openqa.selenium.remote.RemoteWebDriver.findElement(RemoteWebDriver.java:315)
	at page_critical_scenarios.HandbookPage.click_Edited_Handbook_Dropdown(HandbookPage.java:518)
	at page_critical_scenarios.HandbookPage.delete_Edited_Handbook(HandbookPage.java:666)
	at tests_critical_scenarios.CreateEditDeleteHandbook.delete_Edited_Handbook(CreateEditDeleteHandbook.java:120)
	at java.util.ArrayList.forEach(ArrayList.java:1257)
	at java.util.concurrent.FutureTask.run(FutureTask.java:266)
	at java.util.concurrent.ThreadPoolExecutor.runWorker(ThreadPoolExecutor.java:1149)
	at java.util.concurrent.ThreadPoolExecutor$Worker.run(ThreadPoolExecutor.java:624)
	at java.lang.Thread.run(Thread.java:748)
... Removed 22 stack frames</pre></div><a href='#' onClick='toggleBox("stack-trace115847878", this, "Click to show all stack frames", "Click to hide stack frames")'>Click to show all stack frames</a>
<div class='stack-trace' id='stack-trace115847878'><pre>org.openqa.selenium.NoSuchElementException: no such element: Unable to locate element: {&quot;method&quot;:&quot;xpath&quot;,&quot;selector&quot;:&quot;//*[contains(text(),&apos;This is an Edited Handbook&apos;)]/following::div[@class=&apos;dropdown header-actions&apos;]&quot;}
  (Session info: chrome=91.0.4472.106)
For documentation on this error, please visit: https://www.seleniumhq.org/exceptions/no_such_element.html
Build info: version: &apos;3.141.59&apos;, revision: &apos;e82be7d358&apos;, time: &apos;2018-11-14T08:17:03&apos;
System info: host: &apos;CLT-WIN-11717&apos;, ip: &apos;172.23.74.254&apos;, os.name: &apos;Windows 10&apos;, os.arch: &apos;amd64&apos;, os.version: &apos;10.0&apos;, java.version: &apos;1.8.0_211&apos;
Driver info: org.openqa.selenium.remote.RemoteWebDriver
Capabilities {acceptInsecureCerts: false, browserName: chrome, browserVersion: 91.0.4472.106, chrome: {chromedriverVersion: 91.0.4472.19 (1bf021f248676..., userDataDir: C:\Users\QATEST~1\AppData\L...}, goog:chromeOptions: {debuggerAddress: localhost:55208}, javascriptEnabled: true, networkConnectionEnabled: false, pageLoadStrategy: normal, platform: WINDOWS, platformName: WINDOWS, proxy: Proxy(), setWindowRect: true, strictFileInteractability: false, timeouts: {implicit: 0, pageLoad: 300000, script: 30000}, unhandledPromptBehavior: dismiss and notify, webauthn:extension:largeBlob: true, webauthn:virtualAuthenticators: true, webdriver.remote.sessionid: 4df8a02bbe5ed9f9d6456d87eea...}
Session ID: 4df8a02bbe5ed9f9d6456d87eeabd085
*** Element info: {Using=xpath, value=//*[contains(text(),&apos;This is an Edited Handbook&apos;)]/following::div[@class=&apos;dropdown header-actions&apos;]}
	at sun.reflect.NativeConstructorAccessorImpl.newInstance0(Native Method)
	at sun.reflect.NativeConstructorAccessorImpl.newInstance(NativeConstructorAccessorImpl.java:62)
	at sun.reflect.DelegatingConstructorAccessorImpl.newInstance(DelegatingConstructorAccessorImpl.java:45)
	at java.lang.reflect.Constructor.newInstance(Constructor.java:423)
	at org.openqa.selenium.remote.http.W3CHttpResponseCodec.createException(W3CHttpResponseCodec.java:187)
	at org.openqa.selenium.remote.http.W3CHttpResponseCodec.decode(W3CHttpResponseCodec.java:122)
	at org.openqa.selenium.remote.http.W3CHttpResponseCodec.decode(W3CHttpResponseCodec.java:49)
	at org.openqa.selenium.remote.HttpCommandExecutor.execute(HttpCommandExecutor.java:158)
	at org.openqa.selenium.remote.RemoteWebDriver.execute(RemoteWebDriver.java:552)
	at org.openqa.selenium.remote.RemoteWebDriver.findElement(RemoteWebDriver.java:323)
	at org.openqa.selenium.remote.RemoteWebDriver.findElementByXPath(RemoteWebDriver.java:428)
	at org.openqa.selenium.By$ByXPath.findElement(By.java:353)
	at org.openqa.selenium.remote.RemoteWebDriver.findElement(RemoteWebDriver.java:315)
	at page_critical_scenarios.HandbookPage.click_Edited_Handbook_Dropdown(HandbookPage.java:518)
	at page_critical_scenarios.HandbookPage.delete_Edited_Handbook(HandbookPage.java:666)
	at tests_critical_scenarios.CreateEditDeleteHandbook.delete_Edited_Handbook(CreateEditDeleteHandbook.java:120)
	at sun.reflect.NativeMethodAccessorImpl.invoke0(Native Method)
	at sun.reflect.NativeMethodAccessorImpl.invoke(NativeMethodAccessorImpl.java:62)
	at sun.reflect.DelegatingMethodAccessorImpl.invoke(DelegatingMethodAccessorImpl.java:43)
	at java.lang.reflect.Method.invoke(Method.java:498)
	at org.testng.internal.MethodInvocationHelper.invokeMethod(MethodInvocationHelper.java:133)
	at org.testng.internal.TestInvoker.invokeMethod(TestInvoker.java:584)
	at org.testng.internal.TestInvoker.invokeTestMethod(TestInvoker.java:172)
	at org.testng.internal.MethodRunner.runInSequence(MethodRunner.java:46)
	at org.testng.internal.TestInvoker$MethodInvocationAgent.invoke(TestInvoker.java:804)
	at org.testng.internal.TestInvoker.invokeTestMethods(TestInvoker.java:145)
	at org.testng.internal.TestMethodWorker.invokeTestMethods(TestMethodWorker.java:146)
	at org.testng.internal.TestMethodWorker.run(TestMethodWorker.java:128)
	at java.util.ArrayList.forEach(ArrayList.java:1257)
	at org.testng.TestRunner.privateRun(TestRunner.java:770)
	at org.testng.TestRunner.run(TestRunner.java:591)
	at org.testng.SuiteRunner.runTest(SuiteRunner.java:402)
	at org.testng.SuiteRunner.access$000(SuiteRunner.java:41)
	at org.testng.SuiteRunner$SuiteWorker.run(SuiteRunner.java:443)
	at org.testng.internal.thread.ThreadUtil.lambda$execute$0(ThreadUtil.java:67)
	at java.util.concurrent.FutureTask.run(FutureTask.java:266)
	at java.util.concurrent.ThreadPoolExecutor.runWorker(ThreadPoolExecutor.java:1149)
	at java.util.concurrent.ThreadPoolExecutor$Worker.run(ThreadPoolExecutor.java:624)
	at java.lang.Thread.run(Thread.java:748)
</pre></div></td>
<td>5</td>
<td>tests_critical_scenarios.CreateEditDeleteHandbook@8646db9</td></tr>
<tr>
<td title='tests_critical_scenarios.CreateEditDeleteHandbook.edit_Handbook()'><b>edit_Handbook</b><br>Test class: tests_critical_scenarios.CreateEditDeleteHandbook<br>Test method: edit_Handbook</td>
<td><div><pre>org.openqa.selenium.NoSuchElementException: no such element: Unable to locate element: {&quot;method&quot;:&quot;xpath&quot;,&quot;selector&quot;:&quot;//*[contains(text(),&apos;This is a Handbook&apos;)]/following::div[@class=&apos;dropdown header-actions&apos;]&quot;}
  (Session info: chrome=91.0.4472.106)
For documentation on this error, please visit: https://www.seleniumhq.org/exceptions/no_such_element.html
Build info: version: &apos;3.141.59&apos;, revision: &apos;e82be7d358&apos;, time: &apos;2018-11-14T08:17:03&apos;
System info: host: &apos;CLT-WIN-11717&apos;, ip: &apos;172.23.74.254&apos;, os.name: &apos;Windows 10&apos;, os.arch: &apos;amd64&apos;, os.version: &apos;10.0&apos;, java.version: &apos;1.8.0_211&apos;
Driver info: org.openqa.selenium.remote.RemoteWebDriver
Capabilities {acceptInsecureCerts: false, browserName: chrome, browserVersion: 91.0.4472.106, chrome: {chromedriverVersion: 91.0.4472.19 (1bf021f248676..., userDataDir: C:\Users\QATEST~1\AppData\L...}, goog:chromeOptions: {debuggerAddress: localhost:55208}, javascriptEnabled: true, networkConnectionEnabled: false, pageLoadStrategy: normal, platform: WINDOWS, platformName: WINDOWS, proxy: Proxy(), setWindowRect: true, strictFileInteractability: false, timeouts: {implicit: 0, pageLoad: 300000, script: 30000}, unhandledPromptBehavior: dismiss and notify, webauthn:extension:largeBlob: true, webauthn:virtualAuthenticators: true, webdriver.remote.sessionid: 4df8a02bbe5ed9f9d6456d87eea...}
Session ID: 4df8a02bbe5ed9f9d6456d87eeabd085
*** Element info: {Using=xpath, value=//*[contains(text(),&apos;This is a Handbook&apos;)]/following::div[@class=&apos;dropdown header-actions&apos;]}
	at org.openqa.selenium.remote.http.W3CHttpResponseCodec.createException(W3CHttpResponseCodec.java:187)
	at org.openqa.selenium.remote.http.W3CHttpResponseCodec.decode(W3CHttpResponseCodec.java:122)
	at org.openqa.selenium.remote.http.W3CHttpResponseCodec.decode(W3CHttpResponseCodec.java:49)
	at org.openqa.selenium.remote.HttpCommandExecutor.execute(HttpCommandExecutor.java:158)
	at org.openqa.selenium.remote.RemoteWebDriver.execute(RemoteWebDriver.java:552)
	at org.openqa.selenium.remote.RemoteWebDriver.findElement(RemoteWebDriver.java:323)
	at org.openqa.selenium.remote.RemoteWebDriver.findElementByXPath(RemoteWebDriver.java:428)
	at org.openqa.selenium.By$ByXPath.findElement(By.java:353)
	at org.openqa.selenium.remote.RemoteWebDriver.findElement(RemoteWebDriver.java:315)
	at page_critical_scenarios.HandbookPage.click_Handbook_Dropdown(HandbookPage.java:513)
	at page_critical_scenarios.HandbookPage.edit_Handbook(HandbookPage.java:604)
	at tests_critical_scenarios.CreateEditDeleteHandbook.edit_Handbook(CreateEditDeleteHandbook.java:112)
	at java.util.ArrayList.forEach(ArrayList.java:1257)
	at java.util.concurrent.FutureTask.run(FutureTask.java:266)
	at java.util.concurrent.ThreadPoolExecutor.runWorker(ThreadPoolExecutor.java:1149)
	at java.util.concurrent.ThreadPoolExecutor$Worker.run(ThreadPoolExecutor.java:624)
	at java.lang.Thread.run(Thread.java:748)
... Removed 22 stack frames</pre></div><a href='#' onClick='toggleBox("stack-trace378968025", this, "Click to show all stack frames", "Click to hide stack frames")'>Click to show all stack frames</a>
<div class='stack-trace' id='stack-trace378968025'><pre>org.openqa.selenium.NoSuchElementException: no such element: Unable to locate element: {&quot;method&quot;:&quot;xpath&quot;,&quot;selector&quot;:&quot;//*[contains(text(),&apos;This is a Handbook&apos;)]/following::div[@class=&apos;dropdown header-actions&apos;]&quot;}
  (Session info: chrome=91.0.4472.106)
For documentation on this error, please visit: https://www.seleniumhq.org/exceptions/no_such_element.html
Build info: version: &apos;3.141.59&apos;, revision: &apos;e82be7d358&apos;, time: &apos;2018-11-14T08:17:03&apos;
System info: host: &apos;CLT-WIN-11717&apos;, ip: &apos;172.23.74.254&apos;, os.name: &apos;Windows 10&apos;, os.arch: &apos;amd64&apos;, os.version: &apos;10.0&apos;, java.version: &apos;1.8.0_211&apos;
Driver info: org.openqa.selenium.remote.RemoteWebDriver
Capabilities {acceptInsecureCerts: false, browserName: chrome, browserVersion: 91.0.4472.106, chrome: {chromedriverVersion: 91.0.4472.19 (1bf021f248676..., userDataDir: C:\Users\QATEST~1\AppData\L...}, goog:chromeOptions: {debuggerAddress: localhost:55208}, javascriptEnabled: true, networkConnectionEnabled: false, pageLoadStrategy: normal, platform: WINDOWS, platformName: WINDOWS, proxy: Proxy(), setWindowRect: true, strictFileInteractability: false, timeouts: {implicit: 0, pageLoad: 300000, script: 30000}, unhandledPromptBehavior: dismiss and notify, webauthn:extension:largeBlob: true, webauthn:virtualAuthenticators: true, webdriver.remote.sessionid: 4df8a02bbe5ed9f9d6456d87eea...}
Session ID: 4df8a02bbe5ed9f9d6456d87eeabd085
*** Element info: {Using=xpath, value=//*[contains(text(),&apos;This is a Handbook&apos;)]/following::div[@class=&apos;dropdown header-actions&apos;]}
	at sun.reflect.NativeConstructorAccessorImpl.newInstance0(Native Method)
	at sun.reflect.NativeConstructorAccessorImpl.newInstance(NativeConstructorAccessorImpl.java:62)
	at sun.reflect.DelegatingConstructorAccessorImpl.newInstance(DelegatingConstructorAccessorImpl.java:45)
	at java.lang.reflect.Constructor.newInstance(Constructor.java:423)
	at org.openqa.selenium.remote.http.W3CHttpResponseCodec.createException(W3CHttpResponseCodec.java:187)
	at org.openqa.selenium.remote.http.W3CHttpResponseCodec.decode(W3CHttpResponseCodec.java:122)
	at org.openqa.selenium.remote.http.W3CHttpResponseCodec.decode(W3CHttpResponseCodec.java:49)
	at org.openqa.selenium.remote.HttpCommandExecutor.execute(HttpCommandExecutor.java:158)
	at org.openqa.selenium.remote.RemoteWebDriver.execute(RemoteWebDriver.java:552)
	at org.openqa.selenium.remote.RemoteWebDriver.findElement(RemoteWebDriver.java:323)
	at org.openqa.selenium.remote.RemoteWebDriver.findElementByXPath(RemoteWebDriver.java:428)
	at org.openqa.selenium.By$ByXPath.findElement(By.java:353)
	at org.openqa.selenium.remote.RemoteWebDriver.findElement(RemoteWebDriver.java:315)
	at page_critical_scenarios.HandbookPage.click_Handbook_Dropdown(HandbookPage.java:513)
	at page_critical_scenarios.HandbookPage.edit_Handbook(HandbookPage.java:604)
	at tests_critical_scenarios.CreateEditDeleteHandbook.edit_Handbook(CreateEditDeleteHandbook.java:112)
	at sun.reflect.NativeMethodAccessorImpl.invoke0(Native Method)
	at sun.reflect.NativeMethodAccessorImpl.invoke(NativeMethodAccessorImpl.java:62)
	at sun.reflect.DelegatingMethodAccessorImpl.invoke(DelegatingMethodAccessorImpl.java:43)
	at java.lang.reflect.Method.invoke(Method.java:498)
	at org.testng.internal.MethodInvocationHelper.invokeMethod(MethodInvocationHelper.java:133)
	at org.testng.internal.TestInvoker.invokeMethod(TestInvoker.java:584)
	at org.testng.internal.TestInvoker.invokeTestMethod(TestInvoker.java:172)
	at org.testng.internal.MethodRunner.runInSequence(MethodRunner.java:46)
	at org.testng.internal.TestInvoker$MethodInvocationAgent.invoke(TestInvoker.java:804)
	at org.testng.internal.TestInvoker.invokeTestMethods(TestInvoker.java:145)
	at org.testng.internal.TestMethodWorker.invokeTestMethods(TestMethodWorker.java:146)
	at org.testng.internal.TestMethodWorker.run(TestMethodWorker.java:128)
	at java.util.ArrayList.forEach(ArrayList.java:1257)
	at org.testng.TestRunner.privateRun(TestRunner.java:770)
	at org.testng.TestRunner.run(TestRunner.java:591)
	at org.testng.SuiteRunner.runTest(SuiteRunner.java:402)
	at org.testng.SuiteRunner.access$000(SuiteRunner.java:41)
	at org.testng.SuiteRunner$SuiteWorker.run(SuiteRunner.java:443)
	at org.testng.internal.thread.ThreadUtil.lambda$execute$0(ThreadUtil.java:67)
	at java.util.concurrent.FutureTask.run(FutureTask.java:266)
	at java.util.concurrent.ThreadPoolExecutor.runWorker(ThreadPoolExecutor.java:1149)
	at java.util.concurrent.ThreadPoolExecutor$Worker.run(ThreadPoolExecutor.java:624)
	at java.lang.Thread.run(Thread.java:748)
</pre></div></td>
<td>5</td>
<td>tests_critical_scenarios.CreateEditDeleteHandbook@8646db9</td></tr>
<tr>
<td title='tests_critical_scenarios.CreateEditDeleteHandbook.make_Handbook_Visible()'><b>make_Handbook_Visible</b><br>Test class: tests_critical_scenarios.CreateEditDeleteHandbook<br>Test method: make_Handbook_Visible</td>
<td><div><pre>org.openqa.selenium.NoSuchElementException: no such element: Unable to locate element: {&quot;method&quot;:&quot;xpath&quot;,&quot;selector&quot;:&quot;//a[@class=&apos;primary-action-btn btn-sidebar be-blue&apos;][contains(text(),&apos;Edit Book&apos;)]&quot;}
  (Session info: chrome=91.0.4472.106)
For documentation on this error, please visit: https://www.seleniumhq.org/exceptions/no_such_element.html
Build info: version: &apos;3.141.59&apos;, revision: &apos;e82be7d358&apos;, time: &apos;2018-11-14T08:17:03&apos;
System info: host: &apos;CLT-WIN-11717&apos;, ip: &apos;172.23.74.254&apos;, os.name: &apos;Windows 10&apos;, os.arch: &apos;amd64&apos;, os.version: &apos;10.0&apos;, java.version: &apos;1.8.0_211&apos;
Driver info: org.openqa.selenium.remote.RemoteWebDriver
Capabilities {acceptInsecureCerts: false, browserName: chrome, browserVersion: 91.0.4472.106, chrome: {chromedriverVersion: 91.0.4472.19 (1bf021f248676..., userDataDir: C:\Users\QATEST~1\AppData\L...}, goog:chromeOptions: {debuggerAddress: localhost:55208}, javascriptEnabled: true, networkConnectionEnabled: false, pageLoadStrategy: normal, platform: WINDOWS, platformName: WINDOWS, proxy: Proxy(), setWindowRect: true, strictFileInteractability: false, timeouts: {implicit: 0, pageLoad: 300000, script: 30000}, unhandledPromptBehavior: dismiss and notify, webauthn:extension:largeBlob: true, webauthn:virtualAuthenticators: true, webdriver.remote.sessionid: 4df8a02bbe5ed9f9d6456d87eea...}
Session ID: 4df8a02bbe5ed9f9d6456d87eeabd085
*** Element info: {Using=xpath, value=//a[@class=&apos;primary-action-btn btn-sidebar be-blue&apos;][contains(text(),&apos;Edit Book&apos;)]}
	at org.openqa.selenium.remote.http.W3CHttpResponseCodec.createException(W3CHttpResponseCodec.java:187)
	at org.openqa.selenium.remote.http.W3CHttpResponseCodec.decode(W3CHttpResponseCodec.java:122)
	at org.openqa.selenium.remote.http.W3CHttpResponseCodec.decode(W3CHttpResponseCodec.java:49)
	at org.openqa.selenium.remote.HttpCommandExecutor.execute(HttpCommandExecutor.java:158)
	at org.openqa.selenium.remote.RemoteWebDriver.execute(RemoteWebDriver.java:552)
	at org.openqa.selenium.remote.RemoteWebDriver.findElement(RemoteWebDriver.java:323)
	at org.openqa.selenium.remote.RemoteWebDriver.findElementByXPath(RemoteWebDriver.java:428)
	at org.openqa.selenium.By$ByXPath.findElement(By.java:353)
	at org.openqa.selenium.remote.RemoteWebDriver.findElement(RemoteWebDriver.java:315)
	at org.openqa.selenium.support.ui.ExpectedConditions$7.apply(ExpectedConditions.java:205)
	at org.openqa.selenium.support.ui.ExpectedConditions$7.apply(ExpectedConditions.java:201)
	at org.openqa.selenium.support.ui.ExpectedConditions$22.apply(ExpectedConditions.java:641)
	at org.openqa.selenium.support.ui.ExpectedConditions$22.apply(ExpectedConditions.java:638)
	at org.openqa.selenium.support.ui.ExpectedConditions$47.apply(ExpectedConditions.java:1370)
	at org.openqa.selenium.support.ui.ExpectedConditions$47.apply(ExpectedConditions.java:1364)
	at org.openqa.selenium.support.ui.FluentWait.until(FluentWait.java:249)
	at page_critical_scenarios.HandbookPage.verify_Edit_BookBtn(HandbookPage.java:460)
	at page_critical_scenarios.HandbookPage.make_Handbook_Visible(HandbookPage.java:481)
	at tests_critical_scenarios.CreateEditDeleteHandbook.make_Handbook_Visible(CreateEditDeleteHandbook.java:104)
	at java.util.ArrayList.forEach(ArrayList.java:1257)
	at java.util.concurrent.FutureTask.run(FutureTask.java:266)
	at java.util.concurrent.ThreadPoolExecutor.runWorker(ThreadPoolExecutor.java:1149)
	at java.util.concurrent.ThreadPoolExecutor$Worker.run(ThreadPoolExecutor.java:624)
	at java.lang.Thread.run(Thread.java:748)
... Removed 22 stack frames</pre></div><a href='#' onClick='toggleBox("stack-trace131964030", this, "Click to show all stack frames", "Click to hide stack frames")'>Click to show all stack frames</a>
<div class='stack-trace' id='stack-trace131964030'><pre>org.openqa.selenium.NoSuchElementException: no such element: Unable to locate element: {&quot;method&quot;:&quot;xpath&quot;,&quot;selector&quot;:&quot;//a[@class=&apos;primary-action-btn btn-sidebar be-blue&apos;][contains(text(),&apos;Edit Book&apos;)]&quot;}
  (Session info: chrome=91.0.4472.106)
For documentation on this error, please visit: https://www.seleniumhq.org/exceptions/no_such_element.html
Build info: version: &apos;3.141.59&apos;, revision: &apos;e82be7d358&apos;, time: &apos;2018-11-14T08:17:03&apos;
System info: host: &apos;CLT-WIN-11717&apos;, ip: &apos;172.23.74.254&apos;, os.name: &apos;Windows 10&apos;, os.arch: &apos;amd64&apos;, os.version: &apos;10.0&apos;, java.version: &apos;1.8.0_211&apos;
Driver info: org.openqa.selenium.remote.RemoteWebDriver
Capabilities {acceptInsecureCerts: false, browserName: chrome, browserVersion: 91.0.4472.106, chrome: {chromedriverVersion: 91.0.4472.19 (1bf021f248676..., userDataDir: C:\Users\QATEST~1\AppData\L...}, goog:chromeOptions: {debuggerAddress: localhost:55208}, javascriptEnabled: true, networkConnectionEnabled: false, pageLoadStrategy: normal, platform: WINDOWS, platformName: WINDOWS, proxy: Proxy(), setWindowRect: true, strictFileInteractability: false, timeouts: {implicit: 0, pageLoad: 300000, script: 30000}, unhandledPromptBehavior: dismiss and notify, webauthn:extension:largeBlob: true, webauthn:virtualAuthenticators: true, webdriver.remote.sessionid: 4df8a02bbe5ed9f9d6456d87eea...}
Session ID: 4df8a02bbe5ed9f9d6456d87eeabd085
*** Element info: {Using=xpath, value=//a[@class=&apos;primary-action-btn btn-sidebar be-blue&apos;][contains(text(),&apos;Edit Book&apos;)]}
	at sun.reflect.NativeConstructorAccessorImpl.newInstance0(Native Method)
	at sun.reflect.NativeConstructorAccessorImpl.newInstance(NativeConstructorAccessorImpl.java:62)
	at sun.reflect.DelegatingConstructorAccessorImpl.newInstance(DelegatingConstructorAccessorImpl.java:45)
	at java.lang.reflect.Constructor.newInstance(Constructor.java:423)
	at org.openqa.selenium.remote.http.W3CHttpResponseCodec.createException(W3CHttpResponseCodec.java:187)
	at org.openqa.selenium.remote.http.W3CHttpResponseCodec.decode(W3CHttpResponseCodec.java:122)
	at org.openqa.selenium.remote.http.W3CHttpResponseCodec.decode(W3CHttpResponseCodec.java:49)
	at org.openqa.selenium.remote.HttpCommandExecutor.execute(HttpCommandExecutor.java:158)
	at org.openqa.selenium.remote.RemoteWebDriver.execute(RemoteWebDriver.java:552)
	at org.openqa.selenium.remote.RemoteWebDriver.findElement(RemoteWebDriver.java:323)
	at org.openqa.selenium.remote.RemoteWebDriver.findElementByXPath(RemoteWebDriver.java:428)
	at org.openqa.selenium.By$ByXPath.findElement(By.java:353)
	at org.openqa.selenium.remote.RemoteWebDriver.findElement(RemoteWebDriver.java:315)
	at org.openqa.selenium.support.ui.ExpectedConditions$7.apply(ExpectedConditions.java:205)
	at org.openqa.selenium.support.ui.ExpectedConditions$7.apply(ExpectedConditions.java:201)
	at org.openqa.selenium.support.ui.ExpectedConditions$22.apply(ExpectedConditions.java:641)
	at org.openqa.selenium.support.ui.ExpectedConditions$22.apply(ExpectedConditions.java:638)
	at org.openqa.selenium.support.ui.ExpectedConditions$47.apply(ExpectedConditions.java:1370)
	at org.openqa.selenium.support.ui.ExpectedConditions$47.apply(ExpectedConditions.java:1364)
	at org.openqa.selenium.support.ui.FluentWait.until(FluentWait.java:249)
	at page_critical_scenarios.HandbookPage.verify_Edit_BookBtn(HandbookPage.java:460)
	at page_critical_scenarios.HandbookPage.make_Handbook_Visible(HandbookPage.java:481)
	at tests_critical_scenarios.CreateEditDeleteHandbook.make_Handbook_Visible(CreateEditDeleteHandbook.java:104)
	at sun.reflect.NativeMethodAccessorImpl.invoke0(Native Method)
	at sun.reflect.NativeMethodAccessorImpl.invoke(NativeMethodAccessorImpl.java:62)
	at sun.reflect.DelegatingMethodAccessorImpl.invoke(DelegatingMethodAccessorImpl.java:43)
	at java.lang.reflect.Method.invoke(Method.java:498)
	at org.testng.internal.MethodInvocationHelper.invokeMethod(MethodInvocationHelper.java:133)
	at org.testng.internal.TestInvoker.invokeMethod(TestInvoker.java:584)
	at org.testng.internal.TestInvoker.invokeTestMethod(TestInvoker.java:172)
	at org.testng.internal.MethodRunner.runInSequence(MethodRunner.java:46)
	at org.testng.internal.TestInvoker$MethodInvocationAgent.invoke(TestInvoker.java:804)
	at org.testng.internal.TestInvoker.invokeTestMethods(TestInvoker.java:145)
	at org.testng.internal.TestMethodWorker.invokeTestMethods(TestMethodWorker.java:146)
	at org.testng.internal.TestMethodWorker.run(TestMethodWorker.java:128)
	at java.util.ArrayList.forEach(ArrayList.java:1257)
	at org.testng.TestRunner.privateRun(TestRunner.java:770)
	at org.testng.TestRunner.run(TestRunner.java:591)
	at org.testng.SuiteRunner.runTest(SuiteRunner.java:402)
	at org.testng.SuiteRunner.access$000(SuiteRunner.java:41)
	at org.testng.SuiteRunner$SuiteWorker.run(SuiteRunner.java:443)
	at org.testng.internal.thread.ThreadUtil.lambda$execute$0(ThreadUtil.java:67)
	at java.util.concurrent.FutureTask.run(FutureTask.java:266)
	at java.util.concurrent.ThreadPoolExecutor.runWorker(ThreadPoolExecutor.java:1149)
	at java.util.concurrent.ThreadPoolExecutor$Worker.run(ThreadPoolExecutor.java:624)
	at java.lang.Thread.run(Thread.java:748)
</pre></div></td>
<td>5</td>
<td>tests_critical_scenarios.CreateEditDeleteHandbook@8646db9</td></tr>
<tr>
<td title='tests_critical_scenarios.CreateEditDeleteHandbook.verify_Handbook_Deleted()'><b>verify_Handbook_Deleted</b><br>Test class: tests_critical_scenarios.CreateEditDeleteHandbook<br>Test method: verify_handbook_Deleted</td>
<td><div><pre>org.openqa.selenium.ElementClickInterceptedException: element click intercepted: Element &lt;a href=&quot;/workrooms/2305/books/manuals&quot;&gt;...&lt;/a&gt; is not clickable at point (654, 163). Other element would receive the click: &lt;div class=&quot;modal-body center&quot;&gt;...&lt;/div&gt;
  (Session info: chrome=91.0.4472.106)
Build info: version: &apos;3.141.59&apos;, revision: &apos;e82be7d358&apos;, time: &apos;2018-11-14T08:17:03&apos;
System info: host: &apos;CLT-WIN-11717&apos;, ip: &apos;172.23.74.254&apos;, os.name: &apos;Windows 10&apos;, os.arch: &apos;amd64&apos;, os.version: &apos;10.0&apos;, java.version: &apos;1.8.0_211&apos;
Driver info: org.openqa.selenium.remote.RemoteWebDriver
Capabilities {acceptInsecureCerts: false, browserName: chrome, browserVersion: 91.0.4472.106, chrome: {chromedriverVersion: 91.0.4472.19 (1bf021f248676..., userDataDir: C:\Users\QATEST~1\AppData\L...}, goog:chromeOptions: {debuggerAddress: localhost:55208}, javascriptEnabled: true, networkConnectionEnabled: false, pageLoadStrategy: normal, platform: WINDOWS, platformName: WINDOWS, proxy: Proxy(), setWindowRect: true, strictFileInteractability: false, timeouts: {implicit: 0, pageLoad: 300000, script: 30000}, unhandledPromptBehavior: dismiss and notify, webauthn:extension:largeBlob: true, webauthn:virtualAuthenticators: true, webdriver.remote.sessionid: 4df8a02bbe5ed9f9d6456d87eea...}
Session ID: 4df8a02bbe5ed9f9d6456d87eeabd085
	at org.openqa.selenium.remote.http.W3CHttpResponseCodec.createException(W3CHttpResponseCodec.java:187)
	at org.openqa.selenium.remote.http.W3CHttpResponseCodec.decode(W3CHttpResponseCodec.java:122)
	at org.openqa.selenium.remote.http.W3CHttpResponseCodec.decode(W3CHttpResponseCodec.java:49)
	at org.openqa.selenium.remote.HttpCommandExecutor.execute(HttpCommandExecutor.java:158)
	at org.openqa.selenium.remote.RemoteWebDriver.execute(RemoteWebDriver.java:552)
	at org.openqa.selenium.remote.RemoteWebElement.execute(RemoteWebElement.java:285)
	at org.openqa.selenium.remote.RemoteWebElement.click(RemoteWebElement.java:84)
	at page_critical_scenarios.HandbookPage.click_Handbook_Crumb(HandbookPage.java:475)
	at page_critical_scenarios.HandbookPage.verify_Handbook_Deleted(HandbookPage.java:682)
	at tests_critical_scenarios.CreateEditDeleteHandbook.verify_Handbook_Deleted(CreateEditDeleteHandbook.java:128)
	at java.util.ArrayList.forEach(ArrayList.java:1257)
	at java.util.concurrent.FutureTask.run(FutureTask.java:266)
	at java.util.concurrent.ThreadPoolExecutor.runWorker(ThreadPoolExecutor.java:1149)
	at java.util.concurrent.ThreadPoolExecutor$Worker.run(ThreadPoolExecutor.java:624)
	at java.lang.Thread.run(Thread.java:748)
... Removed 22 stack frames</pre></div><a href='#' onClick='toggleBox("stack-trace1284193887", this, "Click to show all stack frames", "Click to hide stack frames")'>Click to show all stack frames</a>
<div class='stack-trace' id='stack-trace1284193887'><pre>org.openqa.selenium.ElementClickInterceptedException: element click intercepted: Element &lt;a href=&quot;/workrooms/2305/books/manuals&quot;&gt;...&lt;/a&gt; is not clickable at point (654, 163). Other element would receive the click: &lt;div class=&quot;modal-body center&quot;&gt;...&lt;/div&gt;
  (Session info: chrome=91.0.4472.106)
Build info: version: &apos;3.141.59&apos;, revision: &apos;e82be7d358&apos;, time: &apos;2018-11-14T08:17:03&apos;
System info: host: &apos;CLT-WIN-11717&apos;, ip: &apos;172.23.74.254&apos;, os.name: &apos;Windows 10&apos;, os.arch: &apos;amd64&apos;, os.version: &apos;10.0&apos;, java.version: &apos;1.8.0_211&apos;
Driver info: org.openqa.selenium.remote.RemoteWebDriver
Capabilities {acceptInsecureCerts: false, browserName: chrome, browserVersion: 91.0.4472.106, chrome: {chromedriverVersion: 91.0.4472.19 (1bf021f248676..., userDataDir: C:\Users\QATEST~1\AppData\L...}, goog:chromeOptions: {debuggerAddress: localhost:55208}, javascriptEnabled: true, networkConnectionEnabled: false, pageLoadStrategy: normal, platform: WINDOWS, platformName: WINDOWS, proxy: Proxy(), setWindowRect: true, strictFileInteractability: false, timeouts: {implicit: 0, pageLoad: 300000, script: 30000}, unhandledPromptBehavior: dismiss and notify, webauthn:extension:largeBlob: true, webauthn:virtualAuthenticators: true, webdriver.remote.sessionid: 4df8a02bbe5ed9f9d6456d87eea...}
Session ID: 4df8a02bbe5ed9f9d6456d87eeabd085
	at sun.reflect.NativeConstructorAccessorImpl.newInstance0(Native Method)
	at sun.reflect.NativeConstructorAccessorImpl.newInstance(NativeConstructorAccessorImpl.java:62)
	at sun.reflect.DelegatingConstructorAccessorImpl.newInstance(DelegatingConstructorAccessorImpl.java:45)
	at java.lang.reflect.Constructor.newInstance(Constructor.java:423)
	at org.openqa.selenium.remote.http.W3CHttpResponseCodec.createException(W3CHttpResponseCodec.java:187)
	at org.openqa.selenium.remote.http.W3CHttpResponseCodec.decode(W3CHttpResponseCodec.java:122)
	at org.openqa.selenium.remote.http.W3CHttpResponseCodec.decode(W3CHttpResponseCodec.java:49)
	at org.openqa.selenium.remote.HttpCommandExecutor.execute(HttpCommandExecutor.java:158)
	at org.openqa.selenium.remote.RemoteWebDriver.execute(RemoteWebDriver.java:552)
	at org.openqa.selenium.remote.RemoteWebElement.execute(RemoteWebElement.java:285)
	at org.openqa.selenium.remote.RemoteWebElement.click(RemoteWebElement.java:84)
	at page_critical_scenarios.HandbookPage.click_Handbook_Crumb(HandbookPage.java:475)
	at page_critical_scenarios.HandbookPage.verify_Handbook_Deleted(HandbookPage.java:682)
	at tests_critical_scenarios.CreateEditDeleteHandbook.verify_Handbook_Deleted(CreateEditDeleteHandbook.java:128)
	at sun.reflect.NativeMethodAccessorImpl.invoke0(Native Method)
	at sun.reflect.NativeMethodAccessorImpl.invoke(NativeMethodAccessorImpl.java:62)
	at sun.reflect.DelegatingMethodAccessorImpl.invoke(DelegatingMethodAccessorImpl.java:43)
	at java.lang.reflect.Method.invoke(Method.java:498)
	at org.testng.internal.MethodInvocationHelper.invokeMethod(MethodInvocationHelper.java:133)
	at org.testng.internal.TestInvoker.invokeMethod(TestInvoker.java:584)
	at org.testng.internal.TestInvoker.invokeTestMethod(TestInvoker.java:172)
	at org.testng.internal.MethodRunner.runInSequence(MethodRunner.java:46)
	at org.testng.internal.TestInvoker$MethodInvocationAgent.invoke(TestInvoker.java:804)
	at org.testng.internal.TestInvoker.invokeTestMethods(TestInvoker.java:145)
	at org.testng.internal.TestMethodWorker.invokeTestMethods(TestMethodWorker.java:146)
	at org.testng.internal.TestMethodWorker.run(TestMethodWorker.java:128)
	at java.util.ArrayList.forEach(ArrayList.java:1257)
	at org.testng.TestRunner.privateRun(TestRunner.java:770)
	at org.testng.TestRunner.run(TestRunner.java:591)
	at org.testng.SuiteRunner.runTest(SuiteRunner.java:402)
	at org.testng.SuiteRunner.access$000(SuiteRunner.java:41)
	at org.testng.SuiteRunner$SuiteWorker.run(SuiteRunner.java:443)
	at org.testng.internal.thread.ThreadUtil.lambda$execute$0(ThreadUtil.java:67)
	at java.util.concurrent.FutureTask.run(FutureTask.java:266)
	at java.util.concurrent.ThreadPoolExecutor.runWorker(ThreadPoolExecutor.java:1149)
	at java.util.concurrent.ThreadPoolExecutor$Worker.run(ThreadPoolExecutor.java:624)
	at java.lang.Thread.run(Thread.java:748)
</pre></div></td>
<td>4</td>
<td>tests_critical_scenarios.CreateEditDeleteHandbook@8646db9</td></tr>
</table><p>
<table width='100%' border='1' class='invocation-passed'>
<tr><td colspan='4' align='center'><b>PASSED TESTS</b></td></tr>
<tr><td><b>Test method</b></td>
<td width="30%"><b>Exception</b></td>
<td width="10%"><b>Time (seconds)</b></td>
<td><b>Instance</b></td>
</tr>
<tr>
<td title='tests_critical_scenarios.CreateDiscussionSenarios1.Workroom_Admin_Can_Open_Library_Page_For_Workroom()'><b>Workroom_Admin_Can_Open_Library_Page_For_Workroom</b><br>Test class: tests_critical_scenarios.CreateDiscussionSenarios1<br>Test method: user_Can_Open_Library_Page_For_Workroom</td>
<td></td>
<td>10</td>
<td>tests_critical_scenarios.CreateDiscussionSenarios1@371a67ec</td></tr>
<tr>
<td title='tests_critical_scenarios.CreateEditDeleteBookTemplate.add_File_To_Second_Catagory()'><b>add_File_To_Second_Catagory</b><br>Test class: tests_critical_scenarios.CreateEditDeleteBookTemplate<br>Test method: add_File_To_Second_Catagory</td>
<td></td>
<td>9</td>
<td>tests_critical_scenarios.CreateEditDeleteBookTemplate@670b40af</td></tr>
<tr>
<td title='tests_critical_scenarios.CreateEditDeleteHandbook.add_File_To_Second_Catagory()'><b>add_File_To_Second_Catagory</b><br>Test class: tests_critical_scenarios.CreateEditDeleteHandbook<br>Test method: add_File_To_Second_Catagory</td>
<td></td>
<td>9</td>
<td>tests_critical_scenarios.CreateEditDeleteHandbook@8646db9</td></tr>
<tr>
<td title='tests_critical_scenarios.CreatePollQuestionAndDelete.add_Poll_Respondents()'><b>add_Poll_Respondents</b><br>Test class: tests_critical_scenarios.CreatePollQuestionAndDelete<br>Test method: Scenario - Add Workroom Poll Respondents.</td>
<td></td>
<td>17</td>
<td>tests_critical_scenarios.CreatePollQuestionAndDelete@491cc5c9</td></tr>
<tr>
<td title='tests_critical_scenarios.CreateEditCopyDeleteEvent.admin_Open_Workroom_AutoBE_Events()'><b>admin_Open_Workroom_AutoBE_Events</b><br>Test class: tests_critical_scenarios.CreateEditCopyDeleteEvent<br>Test method: admin_Open_Workroom_AutoBE_Events</td>
<td></td>
<td>11</td>
<td>tests_critical_scenarios.CreateEditCopyDeleteEvent@77f99a05</td></tr>
<tr>
<td title='tests_critical_scenarios.CreateDiscussionSenarios1.archive_Discussion()'><b>archive_Discussion</b><br>Test class: tests_critical_scenarios.CreateDiscussionSenarios1<br>Test method: archive_Discussion</td>
<td></td>
<td>9</td>
<td>tests_critical_scenarios.CreateDiscussionSenarios1@371a67ec</td></tr>
<tr>
<td title='tests_critical_scenarios.CreateEditDeleteBookTemplate.autoUser_login()'><b>autoUser_login</b><br>Test class: tests_critical_scenarios.CreateEditDeleteBookTemplate<br>Test method: Login UserName Password.</td>
<td></td>
<td>11</td>
<td>tests_critical_scenarios.CreateEditDeleteBookTemplate@670b40af</td></tr>
<tr>
<td title='tests_critical_scenarios.CreateEditCopyDeleteEvent.autoUser_login()'><b>autoUser_login</b><br>Test class: tests_critical_scenarios.CreateEditCopyDeleteEvent<br>Test method: Scenario Login AutoUser UserName Password.</td>
<td></td>
<td>7</td>
<td>tests_critical_scenarios.CreateEditCopyDeleteEvent@77f99a05</td></tr>
<tr>
<td title='tests_critical_scenarios.CreateMessageWorkroom.autoUser_login()'><b>autoUser_login</b><br>Test class: tests_critical_scenarios.CreateMessageWorkroom<br>Test method: Login UserName Password.</td>
<td></td>
<td>7</td>
<td>tests_critical_scenarios.CreateMessageWorkroom@7cbd213e</td></tr>
<tr>
<td title='tests_critical_scenarios.CreateBookCreateEventAttachBookAttachResource.autoUser_login()'><b>autoUser_login</b><br>Test class: tests_critical_scenarios.CreateBookCreateEventAttachBookAttachResource<br>Test method: Login UserName Password.</td>
<td></td>
<td>10</td>
<td>tests_critical_scenarios.CreateBookCreateEventAttachBookAttachResource@cb51256</td></tr>
<tr>
<td title='tests_critical_scenarios.CreateEditDeleteHandbook.autoUser_login()'><b>autoUser_login</b><br>Test class: tests_critical_scenarios.CreateEditDeleteHandbook<br>Test method: Login System Admin UserName Password.</td>
<td></td>
<td>7</td>
<td>tests_critical_scenarios.CreateEditDeleteHandbook@8646db9</td></tr>
<tr>
<td title='tests_critical_scenarios.CreatePollQuestionAndDelete.build_Poll_Make_Visible()'><b>build_Poll_Make_Visible</b><br>Test class: tests_critical_scenarios.CreatePollQuestionAndDelete<br>Test method: Scenario - Build Poll and Make Visible.</td>
<td></td>
<td>12</td>
<td>tests_critical_scenarios.CreatePollQuestionAndDelete@491cc5c9</td></tr>
<tr>
<td title='tests_critical_scenarios.CreateDiscussionSenarios1.close_Open_Upcoming_Discussions()'><b>close_Open_Upcoming_Discussions</b><br>Test class: tests_critical_scenarios.CreateDiscussionSenarios1<br>Test method: close_Open_Upcoming_Discussions</td>
<td></td>
<td>27</td>
<td>tests_critical_scenarios.CreateDiscussionSenarios1@371a67ec</td></tr>
<tr>
<td title='tests_critical_scenarios.CreateBookCreateEventAttachBookAttachResource.create_Book_Add_Title_A()'><b>create_Book_Add_Title_A</b><br>Test class: tests_critical_scenarios.CreateBookCreateEventAttachBookAttachResource<br>Test method: create_Book_Add_Title_A</td>
<td></td>
<td>5</td>
<td>tests_critical_scenarios.CreateBookCreateEventAttachBookAttachResource@cb51256</td></tr>
<tr>
<td title='tests_critical_scenarios.CreateDiscussionSenarios1.create_Discussion_MainTopic()'><b>create_Discussion_MainTopic</b><br>Test class: tests_critical_scenarios.CreateDiscussionSenarios1<br>Test method: Create_Discussion_MainTopic</td>
<td></td>
<td>11</td>
<td>tests_critical_scenarios.CreateDiscussionSenarios1@371a67ec</td></tr>
<tr>
<td title='tests_critical_scenarios.CreateBookCreateEventAttachBookAttachResource.create_New_Event_A()'><b>create_New_Event_A</b><br>Test class: tests_critical_scenarios.CreateBookCreateEventAttachBookAttachResource<br>Test method: create_New_Event_A</td>
<td></td>
<td>24</td>
<td>tests_critical_scenarios.CreateBookCreateEventAttachBookAttachResource@cb51256</td></tr>
<tr>
<td title='tests_critical_scenarios.CreateDiscussionSenarios1.create_Open_Discussion_Current_Date_AssignUsers()'><b>create_Open_Discussion_Current_Date_AssignUsers</b><br>Test class: tests_critical_scenarios.CreateDiscussionSenarios1<br>Test method: create_Open_Discussion_AssignUsers</td>
<td></td>
<td>26</td>
<td>tests_critical_scenarios.CreateDiscussionSenarios1@371a67ec</td></tr>
<tr>
<td title='tests_critical_scenarios.CreatePollQuestionAndDelete.create_Poll()'><b>create_Poll</b><br>Test class: tests_critical_scenarios.CreatePollQuestionAndDelete<br>Test method: Scenario - Create Workroom Poll.</td>
<td></td>
<td>32</td>
<td>tests_critical_scenarios.CreatePollQuestionAndDelete@491cc5c9</td></tr>
<tr>
<td title='tests_critical_scenarios.CreatePollQuestionAndDelete.create_Poll_Question()'><b>create_Poll_Question</b><br>Test class: tests_critical_scenarios.CreatePollQuestionAndDelete<br>Test method: Scenario - Create Workroom Poll Question.</td>
<td></td>
<td>8</td>
<td>tests_critical_scenarios.CreatePollQuestionAndDelete@491cc5c9</td></tr>
<tr>
<td title='tests_critical_scenarios.CreateDiscussionSenarios1.create_Topic_Reply_And_Attachment()'><b>create_Topic_Reply_And_Attachment</b><br>Test class: tests_critical_scenarios.CreateDiscussionSenarios1<br>Test method: create_Topic_Reply_And_Attachment</td>
<td></td>
<td>13</td>
<td>tests_critical_scenarios.CreateDiscussionSenarios1@371a67ec</td></tr>
<tr>
<td title='tests_critical_scenarios.CreateDiscussionSenarios1.create_Upcoming_Discussion_Future_Date()'><b>create_Upcoming_Discussion_Future_Date</b><br>Test class: tests_critical_scenarios.CreateDiscussionSenarios1<br>Test method: Create Upcoming Discussion Future Date.</td>
<td></td>
<td>49</td>
<td>tests_critical_scenarios.CreateDiscussionSenarios1@371a67ec</td></tr>
<tr>
<td title='tests_critical_scenarios.CreateBookCreateEventAttachBookAttachResource.delete_Book()'><b>delete_Book</b><br>Test class: tests_critical_scenarios.CreateBookCreateEventAttachBookAttachResource<br>Test method: delete_Book</td>
<td></td>
<td>15</td>
<td>tests_critical_scenarios.CreateBookCreateEventAttachBookAttachResource@cb51256</td></tr>
<tr>
<td title='tests_critical_scenarios.CreateDiscussionSenarios1.delete_Discussion_Topic()'><b>delete_Discussion_Topic</b><br>Test class: tests_critical_scenarios.CreateDiscussionSenarios1<br>Test method: delete_Discussion_Topic</td>
<td></td>
<td>23</td>
<td>tests_critical_scenarios.CreateDiscussionSenarios1@371a67ec</td></tr>
<tr>
<td title='tests_critical_scenarios.CreateEditDeleteBookTemplate.delete_Edited_Book_Template()'><b>delete_Edited_Book_Template</b><br>Test class: tests_critical_scenarios.CreateEditDeleteBookTemplate<br>Test method: delete_Edited_Book_Template</td>
<td></td>
<td>7</td>
<td>tests_critical_scenarios.CreateEditDeleteBookTemplate@670b40af</td></tr>
<tr>
<td title='tests_critical_scenarios.CreateEditDeleteBookScannedPDF.delete_Edited_Scanned_Book()'><b>delete_Edited_Scanned_Book</b><br>Test class: tests_critical_scenarios.CreateEditDeleteBookScannedPDF<br>Test method: delete_Edited_Scanned_Book</td>
<td></td>
<td>11</td>
<td>tests_critical_scenarios.CreateEditDeleteBookScannedPDF@4eb7f003</td></tr>
<tr>
<td title='tests_critical_scenarios.CreateBookCreateEventAttachBookAttachResource.delete_Event_Verify_Deleted()'><b>delete_Event_Verify_Deleted</b><br>Test class: tests_critical_scenarios.CreateBookCreateEventAttachBookAttachResource<br>Test method: delete_Event_Verify_Deleted</td>
<td></td>
<td>14</td>
<td>tests_critical_scenarios.CreateBookCreateEventAttachBookAttachResource@cb51256</td></tr>
<tr>
<td title='tests_critical_scenarios.CreatePollQuestionAndDelete.delete_Poll()'><b>delete_Poll</b><br>Test class: tests_critical_scenarios.CreatePollQuestionAndDelete<br>Test method: Scenario - Delete Poll.</td>
<td></td>
<td>9</td>
<td>tests_critical_scenarios.CreatePollQuestionAndDelete@491cc5c9</td></tr>
<tr>
<td title='tests_critical_scenarios.CreateDiscussionSenarios1.delete_Reply_To_Discussion_Topic()'><b>delete_Reply_To_Discussion_Topic</b><br>Test class: tests_critical_scenarios.CreateDiscussionSenarios1<br>Test method: delete_Reply_To_Discussion_Topic</td>
<td></td>
<td>20</td>
<td>tests_critical_scenarios.CreateDiscussionSenarios1@371a67ec</td></tr>
<tr>
<td title='tests_critical_scenarios.CreateDiscussionSenarios1.discussion_Search_4_Reply()'><b>discussion_Search_4_Reply</b><br>Test class: tests_critical_scenarios.CreateDiscussionSenarios1<br>Test method: discussion_Search_4_Reply</td>
<td></td>
<td>13</td>
<td>tests_critical_scenarios.CreateDiscussionSenarios1@371a67ec</td></tr>
<tr>
<td title='tests_critical_scenarios.CreateEditDeleteBookTemplate.edit_Book_Template()'><b>edit_Book_Template</b><br>Test class: tests_critical_scenarios.CreateEditDeleteBookTemplate<br>Test method: edit_Book_Template</td>
<td></td>
<td>38</td>
<td>tests_critical_scenarios.CreateEditDeleteBookTemplate@670b40af</td></tr>
<tr>
<td title='tests_critical_scenarios.CreateDiscussionSenarios1.edit_Discussion_Topic()'><b>edit_Discussion_Topic</b><br>Test class: tests_critical_scenarios.CreateDiscussionSenarios1<br>Test method: edit_Discussion_Topic</td>
<td></td>
<td>18</td>
<td>tests_critical_scenarios.CreateDiscussionSenarios1@371a67ec</td></tr>
<tr>
<td title='tests_critical_scenarios.CreateDiscussionSenarios1.edit_Discussion_Topic_Reply()'><b>edit_Discussion_Topic_Reply</b><br>Test class: tests_critical_scenarios.CreateDiscussionSenarios1<br>Test method: edit_Discussion_Topic_Reply</td>
<td></td>
<td>34</td>
<td>tests_critical_scenarios.CreateDiscussionSenarios1@371a67ec</td></tr>
<tr>
<td title='tests_critical_scenarios.CreateEditDeleteBookScannedPDF.edit_Scanned_Book()'><b>edit_Scanned_Book</b><br>Test class: tests_critical_scenarios.CreateEditDeleteBookScannedPDF<br>Test method: edit_Scanned_Book</td>
<td></td>
<td>71</td>
<td>tests_critical_scenarios.CreateEditDeleteBookScannedPDF@4eb7f003</td></tr>
<tr>
<td title='tests_critical_scenarios.CreateDiscussionSenarios1.login()'><b>login</b><br>Test class: tests_critical_scenarios.CreateDiscussionSenarios1<br>Test method: Login Scenario with valid username and password.</td>
<td></td>
<td>9</td>
<td>tests_critical_scenarios.CreateDiscussionSenarios1@371a67ec</td></tr>
<tr>
<td title='tests_critical_scenarios.CreatePollQuestionAndDelete.login()'><b>login</b><br>Test class: tests_critical_scenarios.CreatePollQuestionAndDelete<br>Test method: Scenario Login Username and Password.</td>
<td></td>
<td>7</td>
<td>tests_critical_scenarios.CreatePollQuestionAndDelete@491cc5c9</td></tr>
<tr>
<td title='tests_critical_scenarios.CreateBookCreateEventAttachBookAttachResource.make_Book_Visible()'><b>make_Book_Visible</b><br>Test class: tests_critical_scenarios.CreateBookCreateEventAttachBookAttachResource<br>Test method: make_Book_A_Visible</td>
<td></td>
<td>9</td>
<td>tests_critical_scenarios.CreateBookCreateEventAttachBookAttachResource@cb51256</td></tr>
<tr>
<td title='tests_critical_scenarios.CreateEditDeleteBookScannedPDF.make_Scanned_Book_Visible()'><b>make_Scanned_Book_Visible</b><br>Test class: tests_critical_scenarios.CreateEditDeleteBookScannedPDF<br>Test method: make_Scanned_Book_Visible</td>
<td></td>
<td>5</td>
<td>tests_critical_scenarios.CreateEditDeleteBookScannedPDF@4eb7f003</td></tr>
<tr>
<td title='tests_critical_scenarios.CreateDeleteWorkgroup.navigate_To_Workgroups_Tab()'><b>navigate_To_Workgroups_Tab</b><br>Test class: tests_critical_scenarios.CreateDeleteWorkgroup<br>Test method: navigate_To_Workgroups_Tab</td>
<td></td>
<td>4</td>
<td>tests_critical_scenarios.CreateDeleteWorkgroup@1500955a</td></tr>
<tr>
<td title='tests_critical_scenarios.CreateEditDeleteBookTemplate.open_Book_From_Templates_Page()'><b>open_Book_From_Templates_Page</b><br>Test class: tests_critical_scenarios.CreateEditDeleteBookTemplate<br>Test method: open_Book_From_Templates_Page</td>
<td></td>
<td>3</td>
<td>tests_critical_scenarios.CreateEditDeleteBookTemplate@670b40af</td></tr>
<tr>
<td title='tests_critical_scenarios.CreateEditDeleteBookTemplate.open_Library_Page_for_Workroom()'><b>open_Library_Page_for_Workroom</b><br>Test class: tests_critical_scenarios.CreateEditDeleteBookTemplate<br>Test method: open_Library_Page_for_Workroom</td>
<td></td>
<td>12</td>
<td>tests_critical_scenarios.CreateEditDeleteBookTemplate@670b40af</td></tr>
<tr>
<td title='tests_critical_scenarios.CreateDiscussionSenarios1.restore_Archived_Discussion()'><b>restore_Archived_Discussion</b><br>Test class: tests_critical_scenarios.CreateDiscussionSenarios1<br>Test method: restore_Archived_Discussion</td>
<td></td>
<td>8</td>
<td>tests_critical_scenarios.CreateDiscussionSenarios1@371a67ec</td></tr>
<tr>
<td title='tests_critical_scenarios.SetUserWorkroomMemberNoEventPermission.systemAdmin_Can_Login_To_BoardEffect_2nd_Time()'><b>systemAdmin_Can_Login_To_BoardEffect_2nd_Time</b><br>Test class: tests_critical_scenarios.SetUserWorkroomMemberNoEventPermission<br>Test method: systemAdmin_Can_Login_To_BoardEffect_2nd_Time</td>
<td></td>
<td>10</td>
<td>tests_critical_scenarios.SetUserWorkroomMemberNoEventPermission@2a556333</td></tr>
<tr>
<td title='tests_critical_scenarios.SetUserWorkroomMemberNoEventPermission.systemAdmin_Can_Login_To_BoardEffect_3rd_Time()'><b>systemAdmin_Can_Login_To_BoardEffect_3rd_Time</b><br>Test class: tests_critical_scenarios.SetUserWorkroomMemberNoEventPermission<br>Test method: systemAdmin_Can_Login_To_BoardEffect_2nd_Time</td>
<td></td>
<td>4</td>
<td>tests_critical_scenarios.SetUserWorkroomMemberNoEventPermission@2a556333</td></tr>
<tr>
<td title='tests_critical_scenarios.SetUserWorkroomMemberNoEventPermission.systemAdmin_Can_Login_To_BoardEffect_4th_Time()'><b>systemAdmin_Can_Login_To_BoardEffect_4th_Time</b><br>Test class: tests_critical_scenarios.SetUserWorkroomMemberNoEventPermission<br>Test method: systemAdmin_Can_Login_To_BoardEffect_4th_Time</td>
<td></td>
<td>10</td>
<td>tests_critical_scenarios.SetUserWorkroomMemberNoEventPermission@2a556333</td></tr>
<tr>
<td title='tests_critical_scenarios.SetUserWorkroomMemberNoEventPermission.systemAdmin_Close_And_Logout()'><b>systemAdmin_Close_And_Logout</b><br>Test class: tests_critical_scenarios.SetUserWorkroomMemberNoEventPermission<br>Test method: systemAdmin_Close_And_Logout</td>
<td></td>
<td>8</td>
<td>tests_critical_scenarios.SetUserWorkroomMemberNoEventPermission@2a556333</td></tr>
<tr>
<td title='tests_critical_scenarios.SetUserWorkroomMemberNoEventPermission.systemAdmin_Close_And_Logout_2nd_Time()'><b>systemAdmin_Close_And_Logout_2nd_Time</b><br>Test class: tests_critical_scenarios.SetUserWorkroomMemberNoEventPermission<br>Test method: systemAdmin_Close_And_Logout</td>
<td></td>
<td>26</td>
<td>tests_critical_scenarios.SetUserWorkroomMemberNoEventPermission@2a556333</td></tr>
<tr>
<td title='tests_critical_scenarios.SetUserWorkroomMemberNoEventPermission.systemAdmin_Close_And_Logout_Agian_2nd_Time()'><b>systemAdmin_Close_And_Logout_Agian_2nd_Time</b><br>Test class: tests_critical_scenarios.SetUserWorkroomMemberNoEventPermission<br>Test method: systemAdmin_Close_And_Logout_2nd_Time</td>
<td></td>
<td>6</td>
<td>tests_critical_scenarios.SetUserWorkroomMemberNoEventPermission@2a556333</td></tr>
<tr>
<td title='tests_critical_scenarios.SetUserWorkroomMemberNoEventPermission.systemAdmin_Enable_Events_For_Workroom_Member()'><b>systemAdmin_Enable_Events_For_Workroom_Member</b><br>Test class: tests_critical_scenarios.SetUserWorkroomMemberNoEventPermission<br>Test method: systemAdmin_Enable_Events_For_Workroom_Member</td>
<td></td>
<td>22</td>
<td>tests_critical_scenarios.SetUserWorkroomMemberNoEventPermission@2a556333</td></tr>
<tr>
<td title='tests_critical_scenarios.SetUserWorkroomMemberNoEventPermission.systemAdmin_Open_Settings_Then_Workroom_And_Group_Settings()'><b>systemAdmin_Open_Settings_Then_Workroom_And_Group_Settings</b><br>Test class: tests_critical_scenarios.SetUserWorkroomMemberNoEventPermission<br>Test method: user_Open_Settings_Then_Workroom_And_Group_Settings</td>
<td></td>
<td>4</td>
<td>tests_critical_scenarios.SetUserWorkroomMemberNoEventPermission@2a556333</td></tr>
<tr>
<td title='tests_critical_scenarios.SetUserWorkroomMemberNoEventPermission.systemAdmin_Open_Settings_Then_Workroom_And_Group_Settings_2nd_Time()'><b>systemAdmin_Open_Settings_Then_Workroom_And_Group_Settings_2nd_Time</b><br>Test class: tests_critical_scenarios.SetUserWorkroomMemberNoEventPermission<br>Test method: systemAdmin_Open_Settings_Then_Workroom_And_Group_Settings_2nd_Time</td>
<td></td>
<td>3</td>
<td>tests_critical_scenarios.SetUserWorkroomMemberNoEventPermission@2a556333</td></tr>
<tr>
<td title='tests_critical_scenarios.SetUserWorkroomMemberNoEventPermission.systemAdmin_Open_Settings_Then_Workroom_And_Group_Settings_3rd_Time()'><b>systemAdmin_Open_Settings_Then_Workroom_And_Group_Settings_3rd_Time</b><br>Test class: tests_critical_scenarios.SetUserWorkroomMemberNoEventPermission<br>Test method: systemAdmin_Open_Settings_Then_Workroom_And_Group_Settings_3rd_Time</td>
<td></td>
<td>4</td>
<td>tests_critical_scenarios.SetUserWorkroomMemberNoEventPermission@2a556333</td></tr>
<tr>
<td title='tests_critical_scenarios.SetUserWorkroomMemberNoEventPermission.systemAdmin_Open_Settings_Then_Workroom_And_Group_Settings_4th_Time()'><b>systemAdmin_Open_Settings_Then_Workroom_And_Group_Settings_4th_Time</b><br>Test class: tests_critical_scenarios.SetUserWorkroomMemberNoEventPermission<br>Test method: systemAdmin_Open_Settings_Then_Workroom_And_Group_Settings_4th_Time</td>
<td></td>
<td>3</td>
<td>tests_critical_scenarios.SetUserWorkroomMemberNoEventPermission@2a556333</td></tr>
<tr>
<td title='tests_critical_scenarios.SetUserWorkroomMemberNoEventPermission.systemAdmin_Restrict_User_Access_From_Events()'><b>systemAdmin_Restrict_User_Access_From_Events</b><br>Test class: tests_critical_scenarios.SetUserWorkroomMemberNoEventPermission<br>Test method: systemAdmin_Restrict_User_Access_From_Events</td>
<td></td>
<td>24</td>
<td>tests_critical_scenarios.SetUserWorkroomMemberNoEventPermission@2a556333</td></tr>
<tr>
<td title='tests_critical_scenarios.SetUserWorkroomMemberNoEventPermission.systemAdmin_Set_User_As_Workroom_Admin()'><b>systemAdmin_Set_User_As_Workroom_Admin</b><br>Test class: tests_critical_scenarios.SetUserWorkroomMemberNoEventPermission<br>Test method: systemAdmin_Set_User_As_Workroom_Admin</td>
<td></td>
<td>19</td>
<td>tests_critical_scenarios.SetUserWorkroomMemberNoEventPermission@2a556333</td></tr>
<tr>
<td title='tests_critical_scenarios.SetUserWorkroomMemberNoEventPermission.systemAdmin_Set_User_As_Workroom_Member()'><b>systemAdmin_Set_User_As_Workroom_Member</b><br>Test class: tests_critical_scenarios.SetUserWorkroomMemberNoEventPermission<br>Test method: systemAdmin_Set_User_As_Workroom_Member</td>
<td></td>
<td>13</td>
<td>tests_critical_scenarios.SetUserWorkroomMemberNoEventPermission@2a556333</td></tr>
<tr>
<td title='tests_critical_scenarios.SetUserWorkroomMemberNoEventPermission.systemAdmin_login()'><b>systemAdmin_login</b><br>Test class: tests_critical_scenarios.SetUserWorkroomMemberNoEventPermission<br>Test method: Login UserName Password.</td>
<td></td>
<td>7</td>
<td>tests_critical_scenarios.SetUserWorkroomMemberNoEventPermission@2a556333</td></tr>
<tr>
<td title='tests_critical_scenarios.CreateEditDeleteBookScannedPDF.systemAdmin_login()'><b>systemAdmin_login</b><br>Test class: tests_critical_scenarios.CreateEditDeleteBookScannedPDF<br>Test method: Login System Admin UserName Password.</td>
<td></td>
<td>11</td>
<td>tests_critical_scenarios.CreateEditDeleteBookScannedPDF@4eb7f003</td></tr>
<tr>
<td title='tests_critical_scenarios.CreateDeleteWorkgroup.systemAdmin_login()'><b>systemAdmin_login</b><br>Test class: tests_critical_scenarios.CreateDeleteWorkgroup<br>Test method: Login System Admin UserName Password.</td>
<td></td>
<td>9</td>
<td>tests_critical_scenarios.CreateDeleteWorkgroup@1500955a</td></tr>
<tr>
<td title='tests_critical_scenarios.CreateEditDeleteHandbook.user_Add_Agenda_To_HandBook()'><b>user_Add_Agenda_To_HandBook</b><br>Test class: tests_critical_scenarios.CreateEditDeleteHandbook<br>Test method: user_Add_Agenda_To_HandBook</td>
<td></td>
<td>1</td>
<td>tests_critical_scenarios.CreateEditDeleteHandbook@8646db9</td></tr>
<tr>
<td title='tests_critical_scenarios.CreateEditDeleteBookTemplate.user_Add_Agenda_To_Template()'><b>user_Add_Agenda_To_Template</b><br>Test class: tests_critical_scenarios.CreateEditDeleteBookTemplate<br>Test method: user_Add_Agenda_To_Template</td>
<td></td>
<td>1</td>
<td>tests_critical_scenarios.CreateEditDeleteBookTemplate@670b40af</td></tr>
<tr>
<td title='tests_critical_scenarios.CreateEditDeleteBookScannedPDF.user_Add_Agenda_To_Template()'><b>user_Add_Agenda_To_Template</b><br>Test class: tests_critical_scenarios.CreateEditDeleteBookScannedPDF<br>Test method: user_Add_Agenda_To_Template</td>
<td></td>
<td>3</td>
<td>tests_critical_scenarios.CreateEditDeleteBookScannedPDF@4eb7f003</td></tr>
<tr>
<td title='tests_critical_scenarios.CreateEditDeleteHandbook.user_Add_CoverPage_To_HandBook()'><b>user_Add_CoverPage_To_HandBook</b><br>Test class: tests_critical_scenarios.CreateEditDeleteHandbook<br>Test method: user_Add_CoverPage_To_HandBook</td>
<td></td>
<td>10</td>
<td>tests_critical_scenarios.CreateEditDeleteHandbook@8646db9</td></tr>
<tr>
<td title='tests_critical_scenarios.CreateEditDeleteBookTemplate.user_Add_Coverpage_To_Book_Template()'><b>user_Add_Coverpage_To_Book_Template</b><br>Test class: tests_critical_scenarios.CreateEditDeleteBookTemplate<br>Test method: user_Add_Coverpage_To_Book_Template</td>
<td></td>
<td>8</td>
<td>tests_critical_scenarios.CreateEditDeleteBookTemplate@670b40af</td></tr>
<tr>
<td title='tests_critical_scenarios.CreateEditDeleteBookTemplate.user_Add_File_To_First_Catagory()'><b>user_Add_File_To_First_Catagory</b><br>Test class: tests_critical_scenarios.CreateEditDeleteBookTemplate<br>Test method: user_Add_File_To_First_Catagory</td>
<td></td>
<td>10</td>
<td>tests_critical_scenarios.CreateEditDeleteBookTemplate@670b40af</td></tr>
<tr>
<td title='tests_critical_scenarios.CreateBookCreateEventAttachBookAttachResource.user_Add_File_To_First_Catagory()'><b>user_Add_File_To_First_Catagory</b><br>Test class: tests_critical_scenarios.CreateBookCreateEventAttachBookAttachResource<br>Test method: user_Add_File_To_First_Catagory</td>
<td></td>
<td>10</td>
<td>tests_critical_scenarios.CreateBookCreateEventAttachBookAttachResource@cb51256</td></tr>
<tr>
<td title='tests_critical_scenarios.CreateEditDeleteHandbook.user_Add_File_To_First_Catagory()'><b>user_Add_File_To_First_Catagory</b><br>Test class: tests_critical_scenarios.CreateEditDeleteHandbook<br>Test method: user_Add_File_To_First_Catagory</td>
<td></td>
<td>10</td>
<td>tests_critical_scenarios.CreateEditDeleteHandbook@8646db9</td></tr>
<tr>
<td title='tests_critical_scenarios.CreateBookCreateEventAttachBookAttachResource.user_Add_First_Catagory_To_Book()'><b>user_Add_First_Catagory_To_Book</b><br>Test class: tests_critical_scenarios.CreateBookCreateEventAttachBookAttachResource<br>Test method: user_Add_First_Catagory_To_Book</td>
<td></td>
<td>9</td>
<td>tests_critical_scenarios.CreateBookCreateEventAttachBookAttachResource@cb51256</td></tr>
<tr>
<td title='tests_critical_scenarios.CreateEditDeleteBookTemplate.user_Add_First_Catagory_To_Book_Template()'><b>user_Add_First_Catagory_To_Book_Template</b><br>Test class: tests_critical_scenarios.CreateEditDeleteBookTemplate<br>Test method: user_Add_First_Catagory_To_Book_Template</td>
<td></td>
<td>10</td>
<td>tests_critical_scenarios.CreateEditDeleteBookTemplate@670b40af</td></tr>
<tr>
<td title='tests_critical_scenarios.CreateEditDeleteHandbook.user_Add_First_Catagory_To_HandBook()'><b>user_Add_First_Catagory_To_HandBook</b><br>Test class: tests_critical_scenarios.CreateEditDeleteHandbook<br>Test method: user_Add_First_Catagory_To_HandBook</td>
<td></td>
<td>13</td>
<td>tests_critical_scenarios.CreateEditDeleteHandbook@8646db9</td></tr>
<tr>
<td title='tests_critical_scenarios.CreateEditDeleteBookScannedPDF.user_Add_First_Catagory_To_Scanned_Book()'><b>user_Add_First_Catagory_To_Scanned_Book</b><br>Test class: tests_critical_scenarios.CreateEditDeleteBookScannedPDF<br>Test method: user_Add_File_To_First_Catagory</td>
<td></td>
<td>9</td>
<td>tests_critical_scenarios.CreateEditDeleteBookScannedPDF@4eb7f003</td></tr>
<tr>
<td title='tests_critical_scenarios.CreateEditDeleteBookScannedPDF.user_Add_Scanned_Book_To_New_Catagory()'><b>user_Add_Scanned_Book_To_New_Catagory</b><br>Test class: tests_critical_scenarios.CreateEditDeleteBookScannedPDF<br>Test method: user_Add_Scanned_Book_To_New_Catagory</td>
<td></td>
<td>11</td>
<td>tests_critical_scenarios.CreateEditDeleteBookScannedPDF@4eb7f003</td></tr>
<tr>
<td title='tests_critical_scenarios.CreateEditDeleteBookTemplate.user_Add_Second_Catagory_To_Handbook()'><b>user_Add_Second_Catagory_To_Handbook</b><br>Test class: tests_critical_scenarios.CreateEditDeleteBookTemplate<br>Test method: user_Add_Second_Catagory</td>
<td></td>
<td>7</td>
<td>tests_critical_scenarios.CreateEditDeleteBookTemplate@670b40af</td></tr>
<tr>
<td title='tests_critical_scenarios.CreateEditDeleteHandbook.user_Add_Second_Catagory_To_Handbook()'><b>user_Add_Second_Catagory_To_Handbook</b><br>Test class: tests_critical_scenarios.CreateEditDeleteHandbook<br>Test method: user_Add_Second_Catagory</td>
<td></td>
<td>6</td>
<td>tests_critical_scenarios.CreateEditDeleteHandbook@8646db9</td></tr>
<tr>
<td title='tests_critical_scenarios.CreateBookCreateEventAttachBookAttachResource.user_Can_Add_Agenda()'><b>user_Can_Add_Agenda</b><br>Test class: tests_critical_scenarios.CreateBookCreateEventAttachBookAttachResource<br>Test method: user_Can_Add_Agenda</td>
<td></td>
<td>3</td>
<td>tests_critical_scenarios.CreateBookCreateEventAttachBookAttachResource@cb51256</td></tr>
<tr>
<td title='tests_critical_scenarios.CreateEditDeleteBookScannedPDF.user_Can_Add_CoverPage()'><b>user_Can_Add_CoverPage</b><br>Test class: tests_critical_scenarios.CreateEditDeleteBookScannedPDF<br>Test method: user_Can_Add_CoverPage</td>
<td></td>
<td>7</td>
<td>tests_critical_scenarios.CreateEditDeleteBookScannedPDF@4eb7f003</td></tr>
<tr>
<td title='tests_critical_scenarios.CreateBookCreateEventAttachBookAttachResource.user_Can_Add_Cover_Page()'><b>user_Can_Add_Cover_Page</b><br>Test class: tests_critical_scenarios.CreateBookCreateEventAttachBookAttachResource<br>Test method: user_Can_Add_Cover_Page</td>
<td></td>
<td>6</td>
<td>tests_critical_scenarios.CreateBookCreateEventAttachBookAttachResource@cb51256</td></tr>
<tr>
<td title='tests_critical_scenarios.CreateMessageWorkroom.user_Can_Add_Manual_Email_To_List()'><b>user_Can_Add_Manual_Email_To_List</b><br>Test class: tests_critical_scenarios.CreateMessageWorkroom<br>Test method: user_Can_Add_Manual_Email_To_List</td>
<td></td>
<td>2</td>
<td>tests_critical_scenarios.CreateMessageWorkroom@7cbd213e</td></tr>
<tr>
<td title='tests_critical_scenarios.CreateBookCreateEventAttachBookAttachResource.user_Can_Attach_Book_To_Event()'><b>user_Can_Attach_Book_To_Event</b><br>Test class: tests_critical_scenarios.CreateBookCreateEventAttachBookAttachResource<br>Test method: user_Can_Attach_Book_To_Event</td>
<td></td>
<td>17</td>
<td>tests_critical_scenarios.CreateBookCreateEventAttachBookAttachResource@cb51256</td></tr>
<tr>
<td title='tests_critical_scenarios.CreateBookCreateEventAttachBookAttachResource.user_Can_Attach_Resource_To_Event_And_Save()'><b>user_Can_Attach_Resource_To_Event_And_Save</b><br>Test class: tests_critical_scenarios.CreateBookCreateEventAttachBookAttachResource<br>Test method: user_Can_Attach_Resource_To_Event_And_Save</td>
<td></td>
<td>16</td>
<td>tests_critical_scenarios.CreateBookCreateEventAttachBookAttachResource@cb51256</td></tr>
<tr>
<td title='tests_critical_scenarios.CreateEditDeleteBookScannedPDF.user_Can_Build_Book()'><b>user_Can_Build_Book</b><br>Test class: tests_critical_scenarios.CreateEditDeleteBookScannedPDF<br>Test method: user_Can_Build_Book</td>
<td></td>
<td>15</td>
<td>tests_critical_scenarios.CreateEditDeleteBookScannedPDF@4eb7f003</td></tr>
<tr>
<td title='tests_critical_scenarios.CreateBookCreateEventAttachBookAttachResource.user_Can_Build_Book()'><b>user_Can_Build_Book</b><br>Test class: tests_critical_scenarios.CreateBookCreateEventAttachBookAttachResource<br>Test method: user_Can_Build_Book</td>
<td></td>
<td>24</td>
<td>tests_critical_scenarios.CreateBookCreateEventAttachBookAttachResource@cb51256</td></tr>
<tr>
<td title='tests_critical_scenarios.CreateEditCopyDeleteEvent.user_Can_Copy_Event()'><b>user_Can_Copy_Event</b><br>Test class: tests_critical_scenarios.CreateEditCopyDeleteEvent<br>Test method: user_Can_Copy_Event</td>
<td></td>
<td>5</td>
<td>tests_critical_scenarios.CreateEditCopyDeleteEvent@77f99a05</td></tr>
<tr>
<td title='tests_critical_scenarios.CreateEditDeleteBookScannedPDF.user_Can_Create_New_Book_Add_Title()'><b>user_Can_Create_New_Book_Add_Title</b><br>Test class: tests_critical_scenarios.CreateEditDeleteBookScannedPDF<br>Test method: user_Can_Create_New_Book_Add_Title</td>
<td></td>
<td>7</td>
<td>tests_critical_scenarios.CreateEditDeleteBookScannedPDF@4eb7f003</td></tr>
<tr>
<td title='tests_critical_scenarios.CreateEditCopyDeleteEvent.user_Can_Create_New_Event()'><b>user_Can_Create_New_Event</b><br>Test class: tests_critical_scenarios.CreateEditCopyDeleteEvent<br>Test method: user_Can_Create_New_Event</td>
<td></td>
<td>26</td>
<td>tests_critical_scenarios.CreateEditCopyDeleteEvent@77f99a05</td></tr>
<tr>
<td title='tests_critical_scenarios.CreateDeleteWorkgroup.user_Can_Create_New_Group()'><b>user_Can_Create_New_Group</b><br>Test class: tests_critical_scenarios.CreateDeleteWorkgroup<br>Test method: user_Can_Create_New_Group</td>
<td></td>
<td>13</td>
<td>tests_critical_scenarios.CreateDeleteWorkgroup@1500955a</td></tr>
<tr>
<td title='tests_critical_scenarios.CreateEditDeleteHandbook.user_Can_Create_New_Handbook()'><b>user_Can_Create_New_Handbook</b><br>Test class: tests_critical_scenarios.CreateEditDeleteHandbook<br>Test method: user_Can_Create_New_Handbook</td>
<td></td>
<td>6</td>
<td>tests_critical_scenarios.CreateEditDeleteHandbook@8646db9</td></tr>
<tr>
<td title='tests_critical_scenarios.CreateEditCopyDeleteEvent.user_Can_Delete_Copied_Event()'><b>user_Can_Delete_Copied_Event</b><br>Test class: tests_critical_scenarios.CreateEditCopyDeleteEvent<br>Test method: user_Can_Delete_Copied_Event</td>
<td></td>
<td>2</td>
<td>tests_critical_scenarios.CreateEditCopyDeleteEvent@77f99a05</td></tr>
<tr>
<td title='tests_critical_scenarios.CreateDeleteWorkgroup.user_Can_Delete_New_Group()'><b>user_Can_Delete_New_Group</b><br>Test class: tests_critical_scenarios.CreateDeleteWorkgroup<br>Test method: user_Can_Delete_New_Group</td>
<td></td>
<td>15</td>
<td>tests_critical_scenarios.CreateDeleteWorkgroup@1500955a</td></tr>
<tr>
<td title='tests_critical_scenarios.CreateEditCopyDeleteEvent.user_Can_Edit_Event()'><b>user_Can_Edit_Event</b><br>Test class: tests_critical_scenarios.CreateEditCopyDeleteEvent<br>Test method: user_Can_Edit_Event</td>
<td></td>
<td>20</td>
<td>tests_critical_scenarios.CreateEditCopyDeleteEvent@77f99a05</td></tr>
<tr>
<td title='tests_critical_scenarios.CreateBookCreateEventAttachBookAttachResource.user_Can_Open_Library_Page_For_Workroom()'><b>user_Can_Open_Library_Page_For_Workroom</b><br>Test class: tests_critical_scenarios.CreateBookCreateEventAttachBookAttachResource<br>Test method: user_Can_Open_Library_Page_For_Workroom</td>
<td></td>
<td>11</td>
<td>tests_critical_scenarios.CreateBookCreateEventAttachBookAttachResource@cb51256</td></tr>
<tr>
<td title='tests_critical_scenarios.CreateMessageWorkroom.user_Can_Remove_User_From_List()'><b>user_Can_Remove_User_From_List</b><br>Test class: tests_critical_scenarios.CreateMessageWorkroom<br>Test method: user_Can_Remove_User_From_List</td>
<td></td>
<td>5</td>
<td>tests_critical_scenarios.CreateMessageWorkroom@7cbd213e</td></tr>
<tr>
<td title='tests_critical_scenarios.CreateBookCreateEventAttachBookAttachResource.user_Can_Save_Book_And_Continue()'><b>user_Can_Save_Book_And_Continue</b><br>Test class: tests_critical_scenarios.CreateBookCreateEventAttachBookAttachResource<br>Test method: user_Can_Add_Agenda</td>
<td></td>
<td>5</td>
<td>tests_critical_scenarios.CreateBookCreateEventAttachBookAttachResource@cb51256</td></tr>
<tr>
<td title='tests_critical_scenarios.CreateEditDeleteBookScannedPDF.user_Can_Save_Scanned_Book()'><b>user_Can_Save_Scanned_Book</b><br>Test class: tests_critical_scenarios.CreateEditDeleteBookScannedPDF<br>Test method: user_Can_Save_Scanned_Book</td>
<td></td>
<td>6</td>
<td>tests_critical_scenarios.CreateEditDeleteBookScannedPDF@4eb7f003</td></tr>
<tr>
<td title='tests_critical_scenarios.CreateBookCreateEventAttachBookAttachResource.user_Click_Attach_Create_And_Click_Resource_Tab()'><b>user_Click_Attach_Create_And_Click_Resource_Tab</b><br>Test class: tests_critical_scenarios.CreateBookCreateEventAttachBookAttachResource<br>Test method: user_Click_Attach_Create_And_Click_Resource_Tab</td>
<td></td>
<td>4</td>
<td>tests_critical_scenarios.CreateBookCreateEventAttachBookAttachResource@cb51256</td></tr>
<tr>
<td title='tests_critical_scenarios.CreateEditDeleteBookTemplate.user_Create_New_BookTemplate()'><b>user_Create_New_BookTemplate</b><br>Test class: tests_critical_scenarios.CreateEditDeleteBookTemplate<br>Test method: user_Create_New_BookTemplate</td>
<td></td>
<td>19</td>
<td>tests_critical_scenarios.CreateEditDeleteBookTemplate@670b40af</td></tr>
<tr>
<td title='tests_critical_scenarios.CreateEditCopyDeleteEvent.user_Delete_Event()'><b>user_Delete_Event</b><br>Test class: tests_critical_scenarios.CreateEditCopyDeleteEvent<br>Test method: user_Delete_Event</td>
<td></td>
<td>22</td>
<td>tests_critical_scenarios.CreateEditCopyDeleteEvent@77f99a05</td></tr>
<tr>
<td title='tests_critical_scenarios.CreateEditDeleteBookScannedPDF.user_Open_Library_Page_For_Workroom()'><b>user_Open_Library_Page_For_Workroom</b><br>Test class: tests_critical_scenarios.CreateEditDeleteBookScannedPDF<br>Test method: user_Open_Library_Page_For_Workroom</td>
<td></td>
<td>18</td>
<td>tests_critical_scenarios.CreateEditDeleteBookScannedPDF@4eb7f003</td></tr>
<tr>
<td title='tests_critical_scenarios.CreateMessageWorkroom.user_Open_Message_Workroom_Window()'><b>user_Open_Message_Workroom_Window</b><br>Test class: tests_critical_scenarios.CreateMessageWorkroom<br>Test method: user_Open_Message_Workroom_Window</td>
<td></td>
<td>3</td>
<td>tests_critical_scenarios.CreateMessageWorkroom@7cbd213e</td></tr>
<tr>
<td title='tests_critical_scenarios.CreateMessageWorkroom.user_Open_Workroom()'><b>user_Open_Workroom</b><br>Test class: tests_critical_scenarios.CreateMessageWorkroom<br>Test method: user_Open_Workroom</td>
<td></td>
<td>9</td>
<td>tests_critical_scenarios.CreateMessageWorkroom@7cbd213e</td></tr>
<tr>
<td title='tests_critical_scenarios.CreateEditDeleteHandbook.user_Opens_Library_Page_For_Workroom()'><b>user_Opens_Library_Page_For_Workroom</b><br>Test class: tests_critical_scenarios.CreateEditDeleteHandbook<br>Test method: user can open library page for workroom</td>
<td></td>
<td>11</td>
<td>tests_critical_scenarios.CreateEditDeleteHandbook@8646db9</td></tr>
<tr>
<td title='tests_critical_scenarios.CreateEditDeleteBookScannedPDF.user_Opens_Meeting_Book_Viewer_And_Scroll()'><b>user_Opens_Meeting_Book_Viewer_And_Scroll</b><br>Test class: tests_critical_scenarios.CreateEditDeleteBookScannedPDF<br>Test method: user_Opens_Meeting_Book_Viewer_And_Scroll</td>
<td></td>
<td>29</td>
<td>tests_critical_scenarios.CreateEditDeleteBookScannedPDF@4eb7f003</td></tr>
<tr>
<td title='tests_critical_scenarios.CreateDeleteWorkgroup.user_Opens_Settings_Opens_Workroom_And_Group_Settings()'><b>user_Opens_Settings_Opens_Workroom_And_Group_Settings</b><br>Test class: tests_critical_scenarios.CreateDeleteWorkgroup<br>Test method: admin_opens_Site_Settings_Workrooms_And_Groups</td>
<td></td>
<td>3</td>
<td>tests_critical_scenarios.CreateDeleteWorkgroup@1500955a</td></tr>
<tr>
<td title='tests_critical_scenarios.CreateDeleteWorkgroup.user_Opens_Settings_Opens_Workroom_And_Group_Settings_Again()'><b>user_Opens_Settings_Opens_Workroom_And_Group_Settings_Again</b><br>Test class: tests_critical_scenarios.CreateDeleteWorkgroup<br>Test method: user_Opens_Settings_Opens_Workroom_And_Group_Settings_Again</td>
<td></td>
<td>3</td>
<td>tests_critical_scenarios.CreateDeleteWorkgroup@1500955a</td></tr>
<tr>
<td title='tests_critical_scenarios.CreateMessageWorkroom.user_Populate_Email_Form_Send_Message()'><b>user_Populate_Email_Form_Send_Message</b><br>Test class: tests_critical_scenarios.CreateMessageWorkroom<br>Test method: user_Populate_Email_Form_Send_Message</td>
<td></td>
<td>4</td>
<td>tests_critical_scenarios.CreateMessageWorkroom@7cbd213e</td></tr>
<tr>
<td title='tests_critical_scenarios.CreateEditDeleteBookTemplate.user_Save_Book_Template()'><b>user_Save_Book_Template</b><br>Test class: tests_critical_scenarios.CreateEditDeleteBookTemplate<br>Test method: user_Save_Book_Template</td>
<td></td>
<td>4</td>
<td>tests_critical_scenarios.CreateEditDeleteBookTemplate@670b40af</td></tr>
<tr>
<td title='tests_critical_scenarios.CreateEditDeleteHandbook.user_Save_HandBook()'><b>user_Save_HandBook</b><br>Test class: tests_critical_scenarios.CreateEditDeleteHandbook<br>Test method: user_Save_HandBook</td>
<td></td>
<td>5</td>
<td>tests_critical_scenarios.CreateEditDeleteHandbook@8646db9</td></tr>
<tr>
<td title='tests_critical_scenarios.CreateBookCreateEventAttachBookAttachResource.verify_Book_A_Deleted()'><b>verify_Book_A_Deleted</b><br>Test class: tests_critical_scenarios.CreateBookCreateEventAttachBookAttachResource<br>Test method: verify_Book_Deleted</td>
<td></td>
<td>8</td>
<td>tests_critical_scenarios.CreateBookCreateEventAttachBookAttachResource@cb51256</td></tr>
<tr>
<td title='tests_critical_scenarios.CreateBookCreateEventAttachBookAttachResource.verify_Book_And_Resource_Tabs_Appear_On_Event_Card()'><b>verify_Book_And_Resource_Tabs_Appear_On_Event_Card</b><br>Test class: tests_critical_scenarios.CreateBookCreateEventAttachBookAttachResource<br>Test method: verify_Book_And_Resource_Tabs_Appear_On_Event_Card</td>
<td></td>
<td>4</td>
<td>tests_critical_scenarios.CreateBookCreateEventAttachBookAttachResource@cb51256</td></tr>
<tr>
<td title='tests_critical_scenarios.CreateBookCreateEventAttachBookAttachResource.verify_Book_And_Resource_Tabs_Appear_On_Event_Details()'><b>verify_Book_And_Resource_Tabs_Appear_On_Event_Details</b><br>Test class: tests_critical_scenarios.CreateBookCreateEventAttachBookAttachResource<br>Test method: verify_Book_And_Resource_Tabs_Appear_On_Event_Details</td>
<td></td>
<td>8</td>
<td>tests_critical_scenarios.CreateBookCreateEventAttachBookAttachResource@cb51256</td></tr>
<tr>
<td title='tests_critical_scenarios.CreateEditDeleteBookTemplate.verify_Edited_Book_Template_Deleted()'><b>verify_Edited_Book_Template_Deleted</b><br>Test class: tests_critical_scenarios.CreateEditDeleteBookTemplate<br>Test method: verify_Edited_Book_Template_Deleted</td>
<td></td>
<td>12</td>
<td>tests_critical_scenarios.CreateEditDeleteBookTemplate@670b40af</td></tr>
<tr>
<td title='tests_critical_scenarios.CreateEditDeleteBookScannedPDF.verify_Edited_Scanned_Book_Deleted()'><b>verify_Edited_Scanned_Book_Deleted</b><br>Test class: tests_critical_scenarios.CreateEditDeleteBookScannedPDF<br>Test method: verify_Scanned_Book_Deleted</td>
<td></td>
<td>10</td>
<td>tests_critical_scenarios.CreateEditDeleteBookScannedPDF@4eb7f003</td></tr>
<tr>
<td title='tests_critical_scenarios.CreateMessageWorkroom.verify_Email_Sent_Verification_Messages()'><b>verify_Email_Sent_Verification_Messages</b><br>Test class: tests_critical_scenarios.CreateMessageWorkroom<br>Test method: verify_Email_Sent_Message</td>
<td></td>
<td>9</td>
<td>tests_critical_scenarios.CreateMessageWorkroom@7cbd213e</td></tr>
<tr>
<td title='tests_critical_scenarios.CreateDeleteWorkgroup.verify_Group_Deleted()'><b>verify_Group_Deleted</b><br>Test class: tests_critical_scenarios.CreateDeleteWorkgroup<br>Test method: verify_Group_Deleted</td>
<td></td>
<td>5</td>
<td>tests_critical_scenarios.CreateDeleteWorkgroup@1500955a</td></tr>
<tr>
<td title='tests_critical_scenarios.CreateDiscussionSenarios1.verify_restored_Archived_Discussion()'><b>verify_restored_Archived_Discussion</b><br>Test class: tests_critical_scenarios.CreateDiscussionSenarios1<br>Test method: verify_restored_Archived_Discussion</td>
<td></td>
<td>2</td>
<td>tests_critical_scenarios.CreateDiscussionSenarios1@371a67ec</td></tr>
<tr>
<td title='tests_critical_scenarios.SetUserWorkroomMemberNoEventPermission.workroom_Admin_Not_See_Event_Due_To_Permissions()'><b>workroom_Admin_Not_See_Event_Due_To_Permissions</b><br>Test class: tests_critical_scenarios.SetUserWorkroomMemberNoEventPermission<br>Test method: workroom_Admin_Not_See_Event_Due_To_Permissions</td>
<td></td>
<td>19</td>
<td>tests_critical_scenarios.SetUserWorkroomMemberNoEventPermission@2a556333</td></tr>
<tr>
<td title='tests_critical_scenarios.SetUserWorkroomMemberNoEventPermission.workroom_Member_Can_Logout()'><b>workroom_Member_Can_Logout</b><br>Test class: tests_critical_scenarios.SetUserWorkroomMemberNoEventPermission<br>Test method: workroom_User_Can_Logout</td>
<td></td>
<td>11</td>
<td>tests_critical_scenarios.SetUserWorkroomMemberNoEventPermission@2a556333</td></tr>
<tr>
<td title='tests_critical_scenarios.SetUserWorkroomMemberNoEventPermission.workroom_Member_Can_Logout_2nd_Time()'><b>workroom_Member_Can_Logout_2nd_Time</b><br>Test class: tests_critical_scenarios.SetUserWorkroomMemberNoEventPermission<br>Test method: workroom_User_Can_Logout</td>
<td></td>
<td>15</td>
<td>tests_critical_scenarios.SetUserWorkroomMemberNoEventPermission@2a556333</td></tr>
<tr>
<td title='tests_critical_scenarios.SetUserWorkroomMemberNoEventPermission.workroom_Member_Can_Logout_3rd_Time()'><b>workroom_Member_Can_Logout_3rd_Time</b><br>Test class: tests_critical_scenarios.SetUserWorkroomMemberNoEventPermission<br>Test method: workroom_Member_Can_Logout_3rd_Time</td>
<td></td>
<td>10</td>
<td>tests_critical_scenarios.SetUserWorkroomMemberNoEventPermission@2a556333</td></tr>
<tr>
<td title='tests_critical_scenarios.SetUserWorkroomMemberNoEventPermission.workroom_Member_Login_To_BoardEffect()'><b>workroom_Member_Login_To_BoardEffect</b><br>Test class: tests_critical_scenarios.SetUserWorkroomMemberNoEventPermission<br>Test method: workroom_Member_Login_To_BoardEffect</td>
<td></td>
<td>6</td>
<td>tests_critical_scenarios.SetUserWorkroomMemberNoEventPermission@2a556333</td></tr>
<tr>
<td title='tests_critical_scenarios.SetUserWorkroomMemberNoEventPermission.workroom_Member_Login_To_BoardEffect_2nd_Time()'><b>workroom_Member_Login_To_BoardEffect_2nd_Time</b><br>Test class: tests_critical_scenarios.SetUserWorkroomMemberNoEventPermission<br>Test method: workroom_Member_Login_To_BoardEffect</td>
<td></td>
<td>15</td>
<td>tests_critical_scenarios.SetUserWorkroomMemberNoEventPermission@2a556333</td></tr>
<tr>
<td title='tests_critical_scenarios.SetUserWorkroomMemberNoEventPermission.workroom_Member_Login_To_BoardEffect_3rd_Time()'><b>workroom_Member_Login_To_BoardEffect_3rd_Time</b><br>Test class: tests_critical_scenarios.SetUserWorkroomMemberNoEventPermission<br>Test method: workroom_Member_Login_To_BoardEffect_3rd_Time</td>
<td></td>
<td>10</td>
<td>tests_critical_scenarios.SetUserWorkroomMemberNoEventPermission@2a556333</td></tr>
<tr>
<td title='tests_critical_scenarios.SetUserWorkroomMemberNoEventPermission.workroom_Member_Open_Library_For_Workroom_Has_New_Book_Button()'><b>workroom_Member_Open_Library_For_Workroom_Has_New_Book_Button</b><br>Test class: tests_critical_scenarios.SetUserWorkroomMemberNoEventPermission<br>Test method: workroom_Member_Open_Library_For_Workroom_Has_New_Book_Button</td>
<td></td>
<td>13</td>
<td>tests_critical_scenarios.SetUserWorkroomMemberNoEventPermission@2a556333</td></tr>
<tr>
<td title='tests_critical_scenarios.SetUserWorkroomMemberNoEventPermission.workroom_Member_Sees_Event_Due_To_Permissions()'><b>workroom_Member_Sees_Event_Due_To_Permissions</b><br>Test class: tests_critical_scenarios.SetUserWorkroomMemberNoEventPermission<br>Test method: workroom_Admin_Not_See_Event_Due_To_Permissions</td>
<td></td>
<td>26</td>
<td>tests_critical_scenarios.SetUserWorkroomMemberNoEventPermission@2a556333</td></tr>
</table><p>
</body>
</html>