<?xml version="1.0" encoding="UTF-8"?>
<!-- Generated by org.testng.reporters.JUnitXMLReporter -->
<testsuite hostname="CLT-WIN-11717" ignored="0" name="Test 9" tests="35" failures="5" timestamp="2021-06-21T17:35:29 EDT" time="262.54" errors="0">
  <testcase name="user_Can_Build_Book" time="24.577" classname="tests_critical_scenarios.CreateBookCreateEventAttachBookAttachResource"/>
  <testcase name="create_Discussion_MainTopic" time="11.925" classname="tests_critical_scenarios.CreateDiscussionSenarios1"/>
  <testcase name="make_Book_Visible" time="9.669" classname="tests_critical_scenarios.CreateBookCreateEventAttachBookAttachResource"/>
  <testcase name="user_Add_First_Catagory_To_HandBook" time="13.204" classname="tests_critical_scenarios.CreateEditDeleteHandbook"/>
  <testcase name="create_Topic_Reply_And_Attachment" time="13.665" classname="tests_critical_scenarios.CreateDiscussionSenarios1"/>
  <testcase name="systemAdmin_Enable_Events_For_Workroom_Member" time="22.23" classname="tests_critical_scenarios.SetUserWorkroomMemberNoEventPermission"/>
  <testcase name="user_Add_File_To_First_Catagory" time="10.836" classname="tests_critical_scenarios.CreateEditDeleteHandbook"/>
  <testcase name="edit_Book_Template" time="38.818" classname="tests_critical_scenarios.CreateEditDeleteBookTemplate"/>
  <testcase name="discussion_Search_4_Reply" time="13.569" classname="tests_critical_scenarios.CreateDiscussionSenarios1"/>
  <testcase name="user_Add_Second_Catagory_To_Handbook" time="6.226" classname="tests_critical_scenarios.CreateEditDeleteHandbook"/>
  <testcase name="delete_Edited_Book_Template" time="7.086" classname="tests_critical_scenarios.CreateEditDeleteBookTemplate"/>
  <testcase name="create_New_Event_A" time="24.701" classname="tests_critical_scenarios.CreateBookCreateEventAttachBookAttachResource"/>
  <testcase name="add_File_To_Second_Catagory" time="9.415" classname="tests_critical_scenarios.CreateEditDeleteHandbook"/>
  <testcase name="user_Click_Attach_Create_And_Click_Resource_Tab" time="4.518" classname="tests_critical_scenarios.CreateBookCreateEventAttachBookAttachResource"/>
  <testcase name="systemAdmin_Close_And_Logout_2nd_Time" time="26.365" classname="tests_critical_scenarios.SetUserWorkroomMemberNoEventPermission"/>
  <testcase name="edit_Discussion_Topic" time="18.285" classname="tests_critical_scenarios.CreateDiscussionSenarios1"/>
  <testcase name="verify_Edited_Book_Template_Deleted" time="12.755" classname="tests_critical_scenarios.CreateEditDeleteBookTemplate"/>
  <testcase name="user_Can_Attach_Resource_To_Event_And_Save" time="16.058" classname="tests_critical_scenarios.CreateBookCreateEventAttachBookAttachResource"/>
  <testcase name="workroom_Member_Login_To_BoardEffect_2nd_Time" time="15.04" classname="tests_critical_scenarios.SetUserWorkroomMemberNoEventPermission"/>
  <testcase name="edit_Scanned_Book" time="71.519" classname="tests_critical_scenarios.CreateEditDeleteBookScannedPDF"/>
  <testcase name="user_Can_Attach_Book_To_Event" time="17.076" classname="tests_critical_scenarios.CreateBookCreateEventAttachBookAttachResource"/>
  <testcase name="verify_Book_And_Resource_Tabs_Appear_On_Event_Card" time="4.736" classname="tests_critical_scenarios.CreateBookCreateEventAttachBookAttachResource"/>
  <testcase name="build_Handbook" time="41.54" classname="tests_critical_scenarios.CreateEditDeleteHandbook">
    <failure type="org.openqa.selenium.TimeoutException" message="Expected condition failed: waiting for at least one condition to be valid: element to be clickable: By.xpath: //button[contains(text(),&amp;apos;Done&amp;apos;)] (tried for 20 second(s) with 600 milliseconds interval)
Build info: version: &amp;apos;3.141.59&amp;apos;, revision: &amp;apos;e82be7d358&amp;apos;, time: &amp;apos;2018-11-14T08:17:03&amp;apos;
System info: host: &amp;apos;CLT-WIN-11717&amp;apos;, ip: &amp;apos;172.23.74.254&amp;apos;, os.name: &amp;apos;Windows 10&amp;apos;, os.arch: &amp;apos;amd64&amp;apos;, os.version: &amp;apos;10.0&amp;apos;, java.version: &amp;apos;1.8.0_211&amp;apos;
Driver info: driver.version: unknown">
      <![CDATA[org.openqa.selenium.TimeoutException: Expected condition failed: waiting for at least one condition to be valid: element to be clickable: By.xpath: //button[contains(text(),'Done')] (tried for 20 second(s) with 600 milliseconds interval)
Build info: version: '3.141.59', revision: 'e82be7d358', time: '2018-11-14T08:17:03'
System info: host: 'CLT-WIN-11717', ip: '172.23.74.254', os.name: 'Windows 10', os.arch: 'amd64', os.version: '10.0', java.version: '1.8.0_211'
Driver info: driver.version: unknown
at org.openqa.selenium.support.ui.FluentWait.timeoutException(FluentWait.java:304)
at org.openqa.selenium.support.ui.FluentWait.until(FluentWait.java:272)
at page_critical_scenarios.HandbookPage.verify_Build_DoneBtn(HandbookPage.java:422)
at page_critical_scenarios.HandbookPage.build_Handbook(HandbookPage.java:446)
at tests_critical_scenarios.CreateEditDeleteHandbook.build_Handbook(CreateEditDeleteHandbook.java:96)
at java.util.ArrayList.forEach(ArrayList.java:1257)
at java.util.concurrent.FutureTask.run(FutureTask.java:266)
at java.util.concurrent.ThreadPoolExecutor.runWorker(ThreadPoolExecutor.java:1149)
at java.util.concurrent.ThreadPoolExecutor$Worker.run(ThreadPoolExecutor.java:624)
at java.lang.Thread.run(Thread.java:748)
... Removed 18 stack frames]]>
    </failure>
  </testcase> <!-- build_Handbook -->
  <testcase name="edit_Discussion_Topic_Reply" time="34.54" classname="tests_critical_scenarios.CreateDiscussionSenarios1"/>
  <testcase name="workroom_Member_Sees_Event_Due_To_Permissions" time="26.56" classname="tests_critical_scenarios.SetUserWorkroomMemberNoEventPermission"/>
  <testcase name="verify_Book_And_Resource_Tabs_Appear_On_Event_Details" time="8.469" classname="tests_critical_scenarios.CreateBookCreateEventAttachBookAttachResource"/>
  <testcase name="make_Handbook_Visible" time="5.355" classname="tests_critical_scenarios.CreateEditDeleteHandbook">
    <failure type="org.openqa.selenium.NoSuchElementException" message="no such element: Unable to locate element: {&amp;quot;method&amp;quot;:&amp;quot;xpath&amp;quot;,&amp;quot;selector&amp;quot;:&amp;quot;//a[@class=&amp;apos;primary-action-btn btn-sidebar be-blue&amp;apos;][contains(text(),&amp;apos;Edit Book&amp;apos;)]&amp;quot;}
  (Session info: chrome=91.0.4472.106)
For documentation on this error, please visit: https://www.seleniumhq.org/exceptions/no_such_element.html
Build info: version: &amp;apos;3.141.59&amp;apos;, revision: &amp;apos;e82be7d358&amp;apos;, time: &amp;apos;2018-11-14T08:17:03&amp;apos;
System info: host: &amp;apos;CLT-WIN-11717&amp;apos;, ip: &amp;apos;172.23.74.254&amp;apos;, os.name: &amp;apos;Windows 10&amp;apos;, os.arch: &amp;apos;amd64&amp;apos;, os.version: &amp;apos;10.0&amp;apos;, java.version: &amp;apos;1.8.0_211&amp;apos;
Driver info: org.openqa.selenium.remote.RemoteWebDriver
Capabilities {acceptInsecureCerts: false, browserName: chrome, browserVersion: 91.0.4472.106, chrome: {chromedriverVersion: 91.0.4472.19 (1bf021f248676..., userDataDir: C:\Users\QATEST~1\AppData\L...}, goog:chromeOptions: {debuggerAddress: localhost:55208}, javascriptEnabled: true, networkConnectionEnabled: false, pageLoadStrategy: normal, platform: WINDOWS, platformName: WINDOWS, proxy: Proxy(), setWindowRect: true, strictFileInteractability: false, timeouts: {implicit: 0, pageLoad: 300000, script: 30000}, unhandledPromptBehavior: dismiss and notify, webauthn:extension:largeBlob: true, webauthn:virtualAuthenticators: true, webdriver.remote.sessionid: 4df8a02bbe5ed9f9d6456d87eea...}
Session ID: 4df8a02bbe5ed9f9d6456d87eeabd085
*** Element info: {Using=xpath, value=//a[@class=&amp;apos;primary-action-btn btn-sidebar be-blue&amp;apos;][contains(text(),&amp;apos;Edit Book&amp;apos;)]}">
      <![CDATA[org.openqa.selenium.NoSuchElementException: no such element: Unable to locate element: {"method":"xpath","selector":"//a[@class='primary-action-btn btn-sidebar be-blue'][contains(text(),'Edit Book')]"}
  (Session info: chrome=91.0.4472.106)
For documentation on this error, please visit: https://www.seleniumhq.org/exceptions/no_such_element.html
Build info: version: '3.141.59', revision: 'e82be7d358', time: '2018-11-14T08:17:03'
System info: host: 'CLT-WIN-11717', ip: '172.23.74.254', os.name: 'Windows 10', os.arch: 'amd64', os.version: '10.0', java.version: '1.8.0_211'
Driver info: org.openqa.selenium.remote.RemoteWebDriver
Capabilities {acceptInsecureCerts: false, browserName: chrome, browserVersion: 91.0.4472.106, chrome: {chromedriverVersion: 91.0.4472.19 (1bf021f248676..., userDataDir: C:\Users\QATEST~1\AppData\L...}, goog:chromeOptions: {debuggerAddress: localhost:55208}, javascriptEnabled: true, networkConnectionEnabled: false, pageLoadStrategy: normal, platform: WINDOWS, platformName: WINDOWS, proxy: Proxy(), setWindowRect: true, strictFileInteractability: false, timeouts: {implicit: 0, pageLoad: 300000, script: 30000}, unhandledPromptBehavior: dismiss and notify, webauthn:extension:largeBlob: true, webauthn:virtualAuthenticators: true, webdriver.remote.sessionid: 4df8a02bbe5ed9f9d6456d87eea...}
Session ID: 4df8a02bbe5ed9f9d6456d87eeabd085
*** Element info: {Using=xpath, value=//a[@class='primary-action-btn btn-sidebar be-blue'][contains(text(),'Edit Book')]}
at org.openqa.selenium.remote.http.W3CHttpResponseCodec.createException(W3CHttpResponseCodec.java:187)
at org.openqa.selenium.remote.http.W3CHttpResponseCodec.decode(W3CHttpResponseCodec.java:122)
at org.openqa.selenium.remote.http.W3CHttpResponseCodec.decode(W3CHttpResponseCodec.java:49)
at org.openqa.selenium.remote.HttpCommandExecutor.execute(HttpCommandExecutor.java:158)
at org.openqa.selenium.remote.RemoteWebDriver.execute(RemoteWebDriver.java:552)
at org.openqa.selenium.remote.RemoteWebDriver.findElement(RemoteWebDriver.java:323)
at org.openqa.selenium.remote.RemoteWebDriver.findElementByXPath(RemoteWebDriver.java:428)
at org.openqa.selenium.By$ByXPath.findElement(By.java:353)
at org.openqa.selenium.remote.RemoteWebDriver.findElement(RemoteWebDriver.java:315)
at org.openqa.selenium.support.ui.ExpectedConditions$7.apply(ExpectedConditions.java:205)
at org.openqa.selenium.support.ui.ExpectedConditions$7.apply(ExpectedConditions.java:201)
at org.openqa.selenium.support.ui.ExpectedConditions$22.apply(ExpectedConditions.java:641)
at org.openqa.selenium.support.ui.ExpectedConditions$22.apply(ExpectedConditions.java:638)
at org.openqa.selenium.support.ui.ExpectedConditions$47.apply(ExpectedConditions.java:1370)
at org.openqa.selenium.support.ui.ExpectedConditions$47.apply(ExpectedConditions.java:1364)
at org.openqa.selenium.support.ui.FluentWait.until(FluentWait.java:249)
at page_critical_scenarios.HandbookPage.verify_Edit_BookBtn(HandbookPage.java:460)
at page_critical_scenarios.HandbookPage.make_Handbook_Visible(HandbookPage.java:481)
at tests_critical_scenarios.CreateEditDeleteHandbook.make_Handbook_Visible(CreateEditDeleteHandbook.java:104)
at java.util.ArrayList.forEach(ArrayList.java:1257)
at java.util.concurrent.FutureTask.run(FutureTask.java:266)
at java.util.concurrent.ThreadPoolExecutor.runWorker(ThreadPoolExecutor.java:1149)
at java.util.concurrent.ThreadPoolExecutor$Worker.run(ThreadPoolExecutor.java:624)
at java.lang.Thread.run(Thread.java:748)
... Removed 22 stack frames]]>
    </failure>
  </testcase> <!-- make_Handbook_Visible -->
  <testcase name="edit_Handbook" time="5.221" classname="tests_critical_scenarios.CreateEditDeleteHandbook">
    <failure type="org.openqa.selenium.NoSuchElementException" message="no such element: Unable to locate element: {&amp;quot;method&amp;quot;:&amp;quot;xpath&amp;quot;,&amp;quot;selector&amp;quot;:&amp;quot;//*[contains(text(),&amp;apos;This is a Handbook&amp;apos;)]/following::div[@class=&amp;apos;dropdown header-actions&amp;apos;]&amp;quot;}
  (Session info: chrome=91.0.4472.106)
For documentation on this error, please visit: https://www.seleniumhq.org/exceptions/no_such_element.html
Build info: version: &amp;apos;3.141.59&amp;apos;, revision: &amp;apos;e82be7d358&amp;apos;, time: &amp;apos;2018-11-14T08:17:03&amp;apos;
System info: host: &amp;apos;CLT-WIN-11717&amp;apos;, ip: &amp;apos;172.23.74.254&amp;apos;, os.name: &amp;apos;Windows 10&amp;apos;, os.arch: &amp;apos;amd64&amp;apos;, os.version: &amp;apos;10.0&amp;apos;, java.version: &amp;apos;1.8.0_211&amp;apos;
Driver info: org.openqa.selenium.remote.RemoteWebDriver
Capabilities {acceptInsecureCerts: false, browserName: chrome, browserVersion: 91.0.4472.106, chrome: {chromedriverVersion: 91.0.4472.19 (1bf021f248676..., userDataDir: C:\Users\QATEST~1\AppData\L...}, goog:chromeOptions: {debuggerAddress: localhost:55208}, javascriptEnabled: true, networkConnectionEnabled: false, pageLoadStrategy: normal, platform: WINDOWS, platformName: WINDOWS, proxy: Proxy(), setWindowRect: true, strictFileInteractability: false, timeouts: {implicit: 0, pageLoad: 300000, script: 30000}, unhandledPromptBehavior: dismiss and notify, webauthn:extension:largeBlob: true, webauthn:virtualAuthenticators: true, webdriver.remote.sessionid: 4df8a02bbe5ed9f9d6456d87eea...}
Session ID: 4df8a02bbe5ed9f9d6456d87eeabd085
*** Element info: {Using=xpath, value=//*[contains(text(),&amp;apos;This is a Handbook&amp;apos;)]/following::div[@class=&amp;apos;dropdown header-actions&amp;apos;]}">
      <![CDATA[org.openqa.selenium.NoSuchElementException: no such element: Unable to locate element: {"method":"xpath","selector":"//*[contains(text(),'This is a Handbook')]/following::div[@class='dropdown header-actions']"}
  (Session info: chrome=91.0.4472.106)
For documentation on this error, please visit: https://www.seleniumhq.org/exceptions/no_such_element.html
Build info: version: '3.141.59', revision: 'e82be7d358', time: '2018-11-14T08:17:03'
System info: host: 'CLT-WIN-11717', ip: '172.23.74.254', os.name: 'Windows 10', os.arch: 'amd64', os.version: '10.0', java.version: '1.8.0_211'
Driver info: org.openqa.selenium.remote.RemoteWebDriver
Capabilities {acceptInsecureCerts: false, browserName: chrome, browserVersion: 91.0.4472.106, chrome: {chromedriverVersion: 91.0.4472.19 (1bf021f248676..., userDataDir: C:\Users\QATEST~1\AppData\L...}, goog:chromeOptions: {debuggerAddress: localhost:55208}, javascriptEnabled: true, networkConnectionEnabled: false, pageLoadStrategy: normal, platform: WINDOWS, platformName: WINDOWS, proxy: Proxy(), setWindowRect: true, strictFileInteractability: false, timeouts: {implicit: 0, pageLoad: 300000, script: 30000}, unhandledPromptBehavior: dismiss and notify, webauthn:extension:largeBlob: true, webauthn:virtualAuthenticators: true, webdriver.remote.sessionid: 4df8a02bbe5ed9f9d6456d87eea...}
Session ID: 4df8a02bbe5ed9f9d6456d87eeabd085
*** Element info: {Using=xpath, value=//*[contains(text(),'This is a Handbook')]/following::div[@class='dropdown header-actions']}
at org.openqa.selenium.remote.http.W3CHttpResponseCodec.createException(W3CHttpResponseCodec.java:187)
at org.openqa.selenium.remote.http.W3CHttpResponseCodec.decode(W3CHttpResponseCodec.java:122)
at org.openqa.selenium.remote.http.W3CHttpResponseCodec.decode(W3CHttpResponseCodec.java:49)
at org.openqa.selenium.remote.HttpCommandExecutor.execute(HttpCommandExecutor.java:158)
at org.openqa.selenium.remote.RemoteWebDriver.execute(RemoteWebDriver.java:552)
at org.openqa.selenium.remote.RemoteWebDriver.findElement(RemoteWebDriver.java:323)
at org.openqa.selenium.remote.RemoteWebDriver.findElementByXPath(RemoteWebDriver.java:428)
at org.openqa.selenium.By$ByXPath.findElement(By.java:353)
at org.openqa.selenium.remote.RemoteWebDriver.findElement(RemoteWebDriver.java:315)
at page_critical_scenarios.HandbookPage.click_Handbook_Dropdown(HandbookPage.java:513)
at page_critical_scenarios.HandbookPage.edit_Handbook(HandbookPage.java:604)
at tests_critical_scenarios.CreateEditDeleteHandbook.edit_Handbook(CreateEditDeleteHandbook.java:112)
at java.util.ArrayList.forEach(ArrayList.java:1257)
at java.util.concurrent.FutureTask.run(FutureTask.java:266)
at java.util.concurrent.ThreadPoolExecutor.runWorker(ThreadPoolExecutor.java:1149)
at java.util.concurrent.ThreadPoolExecutor$Worker.run(ThreadPoolExecutor.java:624)
at java.lang.Thread.run(Thread.java:748)
... Removed 22 stack frames]]>
    </failure>
  </testcase> <!-- edit_Handbook -->
  <testcase name="user_Opens_Meeting_Book_Viewer_And_Scroll" time="29.764" classname="tests_critical_scenarios.CreateEditDeleteBookScannedPDF"/>
  <testcase name="delete_Edited_Handbook" time="5.113" classname="tests_critical_scenarios.CreateEditDeleteHandbook">
    <failure type="org.openqa.selenium.NoSuchElementException" message="no such element: Unable to locate element: {&amp;quot;method&amp;quot;:&amp;quot;xpath&amp;quot;,&amp;quot;selector&amp;quot;:&amp;quot;//*[contains(text(),&amp;apos;This is an Edited Handbook&amp;apos;)]/following::div[@class=&amp;apos;dropdown header-actions&amp;apos;]&amp;quot;}
  (Session info: chrome=91.0.4472.106)
For documentation on this error, please visit: https://www.seleniumhq.org/exceptions/no_such_element.html
Build info: version: &amp;apos;3.141.59&amp;apos;, revision: &amp;apos;e82be7d358&amp;apos;, time: &amp;apos;2018-11-14T08:17:03&amp;apos;
System info: host: &amp;apos;CLT-WIN-11717&amp;apos;, ip: &amp;apos;172.23.74.254&amp;apos;, os.name: &amp;apos;Windows 10&amp;apos;, os.arch: &amp;apos;amd64&amp;apos;, os.version: &amp;apos;10.0&amp;apos;, java.version: &amp;apos;1.8.0_211&amp;apos;
Driver info: org.openqa.selenium.remote.RemoteWebDriver
Capabilities {acceptInsecureCerts: false, browserName: chrome, browserVersion: 91.0.4472.106, chrome: {chromedriverVersion: 91.0.4472.19 (1bf021f248676..., userDataDir: C:\Users\QATEST~1\AppData\L...}, goog:chromeOptions: {debuggerAddress: localhost:55208}, javascriptEnabled: true, networkConnectionEnabled: false, pageLoadStrategy: normal, platform: WINDOWS, platformName: WINDOWS, proxy: Proxy(), setWindowRect: true, strictFileInteractability: false, timeouts: {implicit: 0, pageLoad: 300000, script: 30000}, unhandledPromptBehavior: dismiss and notify, webauthn:extension:largeBlob: true, webauthn:virtualAuthenticators: true, webdriver.remote.sessionid: 4df8a02bbe5ed9f9d6456d87eea...}
Session ID: 4df8a02bbe5ed9f9d6456d87eeabd085
*** Element info: {Using=xpath, value=//*[contains(text(),&amp;apos;This is an Edited Handbook&amp;apos;)]/following::div[@class=&amp;apos;dropdown header-actions&amp;apos;]}">
      <![CDATA[org.openqa.selenium.NoSuchElementException: no such element: Unable to locate element: {"method":"xpath","selector":"//*[contains(text(),'This is an Edited Handbook')]/following::div[@class='dropdown header-actions']"}
  (Session info: chrome=91.0.4472.106)
For documentation on this error, please visit: https://www.seleniumhq.org/exceptions/no_such_element.html
Build info: version: '3.141.59', revision: 'e82be7d358', time: '2018-11-14T08:17:03'
System info: host: 'CLT-WIN-11717', ip: '172.23.74.254', os.name: 'Windows 10', os.arch: 'amd64', os.version: '10.0', java.version: '1.8.0_211'
Driver info: org.openqa.selenium.remote.RemoteWebDriver
Capabilities {acceptInsecureCerts: false, browserName: chrome, browserVersion: 91.0.4472.106, chrome: {chromedriverVersion: 91.0.4472.19 (1bf021f248676..., userDataDir: C:\Users\QATEST~1\AppData\L...}, goog:chromeOptions: {debuggerAddress: localhost:55208}, javascriptEnabled: true, networkConnectionEnabled: false, pageLoadStrategy: normal, platform: WINDOWS, platformName: WINDOWS, proxy: Proxy(), setWindowRect: true, strictFileInteractability: false, timeouts: {implicit: 0, pageLoad: 300000, script: 30000}, unhandledPromptBehavior: dismiss and notify, webauthn:extension:largeBlob: true, webauthn:virtualAuthenticators: true, webdriver.remote.sessionid: 4df8a02bbe5ed9f9d6456d87eea...}
Session ID: 4df8a02bbe5ed9f9d6456d87eeabd085
*** Element info: {Using=xpath, value=//*[contains(text(),'This is an Edited Handbook')]/following::div[@class='dropdown header-actions']}
at org.openqa.selenium.remote.http.W3CHttpResponseCodec.createException(W3CHttpResponseCodec.java:187)
at org.openqa.selenium.remote.http.W3CHttpResponseCodec.decode(W3CHttpResponseCodec.java:122)
at org.openqa.selenium.remote.http.W3CHttpResponseCodec.decode(W3CHttpResponseCodec.java:49)
at org.openqa.selenium.remote.HttpCommandExecutor.execute(HttpCommandExecutor.java:158)
at org.openqa.selenium.remote.RemoteWebDriver.execute(RemoteWebDriver.java:552)
at org.openqa.selenium.remote.RemoteWebDriver.findElement(RemoteWebDriver.java:323)
at org.openqa.selenium.remote.RemoteWebDriver.findElementByXPath(RemoteWebDriver.java:428)
at org.openqa.selenium.By$ByXPath.findElement(By.java:353)
at org.openqa.selenium.remote.RemoteWebDriver.findElement(RemoteWebDriver.java:315)
at page_critical_scenarios.HandbookPage.click_Edited_Handbook_Dropdown(HandbookPage.java:518)
at page_critical_scenarios.HandbookPage.delete_Edited_Handbook(HandbookPage.java:666)
at tests_critical_scenarios.CreateEditDeleteHandbook.delete_Edited_Handbook(CreateEditDeleteHandbook.java:120)
at java.util.ArrayList.forEach(ArrayList.java:1257)
at java.util.concurrent.FutureTask.run(FutureTask.java:266)
at java.util.concurrent.ThreadPoolExecutor.runWorker(ThreadPoolExecutor.java:1149)
at java.util.concurrent.ThreadPoolExecutor$Worker.run(ThreadPoolExecutor.java:624)
at java.lang.Thread.run(Thread.java:748)
... Removed 22 stack frames]]>
    </failure>
  </testcase> <!-- delete_Edited_Handbook -->
  <testcase name="workroom_Member_Can_Logout_2nd_Time" time="15.578" classname="tests_critical_scenarios.SetUserWorkroomMemberNoEventPermission"/>
  <testcase name="delete_Event_Verify_Deleted" time="14.671" classname="tests_critical_scenarios.CreateBookCreateEventAttachBookAttachResource"/>
  <testcase name="delete_Reply_To_Discussion_Topic" time="20.561" classname="tests_critical_scenarios.CreateDiscussionSenarios1"/>
  <testcase name="verify_Handbook_Deleted" time="4.252" classname="tests_critical_scenarios.CreateEditDeleteHandbook">
    <failure type="org.openqa.selenium.ElementClickInterceptedException" message="element click intercepted: Element &amp;lt;a href=&amp;quot;/workrooms/2305/books/manuals&amp;quot;&amp;gt;...&amp;lt;/a&amp;gt; is not clickable at point (654, 163). Other element would receive the click: &amp;lt;div class=&amp;quot;modal-body center&amp;quot;&amp;gt;...&amp;lt;/div&amp;gt;
  (Session info: chrome=91.0.4472.106)
Build info: version: &amp;apos;3.141.59&amp;apos;, revision: &amp;apos;e82be7d358&amp;apos;, time: &amp;apos;2018-11-14T08:17:03&amp;apos;
System info: host: &amp;apos;CLT-WIN-11717&amp;apos;, ip: &amp;apos;172.23.74.254&amp;apos;, os.name: &amp;apos;Windows 10&amp;apos;, os.arch: &amp;apos;amd64&amp;apos;, os.version: &amp;apos;10.0&amp;apos;, java.version: &amp;apos;1.8.0_211&amp;apos;
Driver info: org.openqa.selenium.remote.RemoteWebDriver
Capabilities {acceptInsecureCerts: false, browserName: chrome, browserVersion: 91.0.4472.106, chrome: {chromedriverVersion: 91.0.4472.19 (1bf021f248676..., userDataDir: C:\Users\QATEST~1\AppData\L...}, goog:chromeOptions: {debuggerAddress: localhost:55208}, javascriptEnabled: true, networkConnectionEnabled: false, pageLoadStrategy: normal, platform: WINDOWS, platformName: WINDOWS, proxy: Proxy(), setWindowRect: true, strictFileInteractability: false, timeouts: {implicit: 0, pageLoad: 300000, script: 30000}, unhandledPromptBehavior: dismiss and notify, webauthn:extension:largeBlob: true, webauthn:virtualAuthenticators: true, webdriver.remote.sessionid: 4df8a02bbe5ed9f9d6456d87eea...}
Session ID: 4df8a02bbe5ed9f9d6456d87eeabd085">
      <![CDATA[org.openqa.selenium.ElementClickInterceptedException: element click intercepted: Element <a href="/workrooms/2305/books/manuals">...</a> is not clickable at point (654, 163). Other element would receive the click: <div class="modal-body center">...</div>
  (Session info: chrome=91.0.4472.106)
Build info: version: '3.141.59', revision: 'e82be7d358', time: '2018-11-14T08:17:03'
System info: host: 'CLT-WIN-11717', ip: '172.23.74.254', os.name: 'Windows 10', os.arch: 'amd64', os.version: '10.0', java.version: '1.8.0_211'
Driver info: org.openqa.selenium.remote.RemoteWebDriver
Capabilities {acceptInsecureCerts: false, browserName: chrome, browserVersion: 91.0.4472.106, chrome: {chromedriverVersion: 91.0.4472.19 (1bf021f248676..., userDataDir: C:\Users\QATEST~1\AppData\L...}, goog:chromeOptions: {debuggerAddress: localhost:55208}, javascriptEnabled: true, networkConnectionEnabled: false, pageLoadStrategy: normal, platform: WINDOWS, platformName: WINDOWS, proxy: Proxy(), setWindowRect: true, strictFileInteractability: false, timeouts: {implicit: 0, pageLoad: 300000, script: 30000}, unhandledPromptBehavior: dismiss and notify, webauthn:extension:largeBlob: true, webauthn:virtualAuthenticators: true, webdriver.remote.sessionid: 4df8a02bbe5ed9f9d6456d87eea...}
Session ID: 4df8a02bbe5ed9f9d6456d87eeabd085
at org.openqa.selenium.remote.http.W3CHttpResponseCodec.createException(W3CHttpResponseCodec.java:187)
at org.openqa.selenium.remote.http.W3CHttpResponseCodec.decode(W3CHttpResponseCodec.java:122)
at org.openqa.selenium.remote.http.W3CHttpResponseCodec.decode(W3CHttpResponseCodec.java:49)
at org.openqa.selenium.remote.HttpCommandExecutor.execute(HttpCommandExecutor.java:158)
at org.openqa.selenium.remote.RemoteWebDriver.execute(RemoteWebDriver.java:552)
at org.openqa.selenium.remote.RemoteWebElement.execute(RemoteWebElement.java:285)
at org.openqa.selenium.remote.RemoteWebElement.click(RemoteWebElement.java:84)
at page_critical_scenarios.HandbookPage.click_Handbook_Crumb(HandbookPage.java:475)
at page_critical_scenarios.HandbookPage.verify_Handbook_Deleted(HandbookPage.java:682)
at tests_critical_scenarios.CreateEditDeleteHandbook.verify_Handbook_Deleted(CreateEditDeleteHandbook.java:128)
at java.util.ArrayList.forEach(ArrayList.java:1257)
at java.util.concurrent.FutureTask.run(FutureTask.java:266)
at java.util.concurrent.ThreadPoolExecutor.runWorker(ThreadPoolExecutor.java:1149)
at java.util.concurrent.ThreadPoolExecutor$Worker.run(ThreadPoolExecutor.java:624)
at java.lang.Thread.run(Thread.java:748)
... Removed 22 stack frames]]>
    </failure>
  </testcase> <!-- verify_Handbook_Deleted -->
  <testcase name="systemAdmin_Can_Login_To_BoardEffect_3rd_Time" time="4.872" classname="tests_critical_scenarios.SetUserWorkroomMemberNoEventPermission"/>
</testsuite> <!-- Test 9 -->
