<?xml version="1.0" encoding="UTF-8"?>
<!-- Generated by org.testng.reporters.JUnitXMLReporter -->
<testsuite hostname="CLT-WIN-11717" ignored="0" name="Test" tests="281" failures="8" timestamp="2021-06-03T07:43:05 EDT" time="1150.449" errors="0">
  <testcase name="login" time="6.47" classname="tests_critical_scenarios.CreateDiscussionSenarios1"/>
  <testcase name="login" time="6.997" classname="tests_critical_scenarios.CreateTaskAndTaskGroup"/>
  <testcase name="Workroom_Admin_Can_Open_Library_Page_For_Workroom" time="7.749" classname="tests_critical_scenarios.CreateDiscussionSenarios1"/>
  <testcase name="add_Task_Group" time="19.165" classname="tests_critical_scenarios.CreateTaskAndTaskGroup"/>
  <testcase name="create_Task_FillForm" time="8.717" classname="tests_critical_scenarios.CreateTaskAndTaskGroup"/>
  <testcase name="create_Task_AttachFile" time="3.655" classname="tests_critical_scenarios.CreateTaskAndTaskGroup"/>
  <testcase name="create_Upcoming_Discussion_Future_Date" time="26.57" classname="tests_critical_scenarios.CreateDiscussionSenarios1"/>
  <testcase name="create_Task_LinkGroup" time="7.357" classname="tests_critical_scenarios.CreateTaskAndTaskGroup"/>
  <testcase name="create_Task_Add_Users" time="5.902" classname="tests_critical_scenarios.CreateTaskAndTaskGroup"/>
  <testcase name="verify_Task_Group_And_Task_Created" time="1.21" classname="tests_critical_scenarios.CreateTaskAndTaskGroup"/>
  <testcase name="create_Open_Discussion_Current_Date_AssignUsers" time="18.23" classname="tests_critical_scenarios.CreateDiscussionSenarios1"/>
  <testcase name="create_Discussion_MainTopic" time="8.032" classname="tests_critical_scenarios.CreateDiscussionSenarios1"/>
  <testcase name="edit_Task" time="20.199" classname="tests_critical_scenarios.CreateTaskAndTaskGroup"/>
  <testcase name="create_Topic_Reply_And_Attachment" time="6.959" classname="tests_critical_scenarios.CreateDiscussionSenarios1"/>
  <testcase name="delete_Task" time="8.617" classname="tests_critical_scenarios.CreateTaskAndTaskGroup"/>
  <testcase name="discussion_Search_4_Reply" time="11.079" classname="tests_critical_scenarios.CreateDiscussionSenarios1"/>
  <testcase name="delete_Group" time="18.607" classname="tests_critical_scenarios.CreateTaskAndTaskGroup"/>
  <testcase name="edit_Discussion_Topic" time="16.934" classname="tests_critical_scenarios.CreateDiscussionSenarios1"/>
  <testcase name="systemAdmin_login" time="4.853" classname="tests_critical_scenarios.LoginEnglishWorkroomAdmin"/>
  <testcase name="admin_Opens_Site_Settings_Workrooms_And_Groups" time="2.767" classname="tests_critical_scenarios.LoginEnglishWorkroomAdmin"/>
  <testcase name="edit_Discussion_Topic_Reply" time="18.68" classname="tests_critical_scenarios.CreateDiscussionSenarios1"/>
  <testcase name="systemAdmin_Set_User_As_Workroom_Admin" time="13.59" classname="tests_critical_scenarios.LoginEnglishWorkroomAdmin"/>
  <testcase name="system_Admin_Logout_2nd_Time" time="2.835" classname="tests_critical_scenarios.LoginEnglishWorkroomAdmin"/>
  <testcase name="workroomAdminEng_Login" time="4.266" classname="tests_critical_scenarios.LoginEnglishWorkroomAdmin"/>
  <testcase name="user_Can_Open_Directory" time="1.827" classname="tests_critical_scenarios.LoginEnglishWorkroomAdmin"/>
  <testcase name="delete_Reply_To_Discussion_Topic" time="18.865" classname="tests_critical_scenarios.CreateDiscussionSenarios1"/>
  <testcase name="open_User_Profile_Automation_Tester" time="6.37" classname="tests_critical_scenarios.LoginEnglishWorkroomAdmin"/>
  <testcase name="navigate_To_English_Language" time="6.808" classname="tests_critical_scenarios.LoginEnglishWorkroomAdmin"/>
  <testcase name="system_Admin_Logout" time="2.782" classname="tests_critical_scenarios.LoginEnglishWorkroomAdmin"/>
  <testcase name="automation_Tester_Login_English" time="5.275" classname="tests_critical_scenarios.LoginEnglishWorkroomAdmin"/>
  <testcase name="delete_Discussion_Topic" time="17.713" classname="tests_critical_scenarios.CreateDiscussionSenarios1"/>
  <testcase name="admin_Opens_Site_Settings_Workrooms_And_Groups_Agian" time="2.954" classname="tests_critical_scenarios.LoginEnglishWorkroomAdmin"/>
  <testcase name="archive_Discussion" time="5.562" classname="tests_critical_scenarios.CreateDiscussionSenarios1"/>
  <testcase name="restore_Archived_Discussion" time="5.713" classname="tests_critical_scenarios.CreateDiscussionSenarios1"/>
  <testcase name="verify_restored_Archived_Discussion" time="0.286" classname="tests_critical_scenarios.CreateDiscussionSenarios1"/>
  <testcase name="set_User_Back_As_Workroom_Member" time="12.488" classname="tests_critical_scenarios.LoginEnglishWorkroomAdmin"/>
  <testcase name="systemAdmin_login" time="4.749" classname="tests_critical_scenarios.LoginForeignLanguageWorkroomAdmin"/>
  <testcase name="admin_Opens_Site_Settings_Workrooms_And_Groups" time="2.768" classname="tests_critical_scenarios.LoginForeignLanguageWorkroomAdmin"/>
  <testcase name="close_Open_Upcoming_Closed_Discussions" time="18.93" classname="tests_critical_scenarios.CreateDiscussionSenarios1">
    <failure type="org.openqa.selenium.ElementNotInteractableException" message="element not interactable
  (Session info: chrome=91.0.4472.77)
Build info: version: &amp;apos;3.141.59&amp;apos;, revision: &amp;apos;e82be7d358&amp;apos;, time: &amp;apos;2018-11-14T08:17:03&amp;apos;
System info: host: &amp;apos;CLT-WIN-11717&amp;apos;, ip: &amp;apos;172.23.74.86&amp;apos;, os.name: &amp;apos;Windows 10&amp;apos;, os.arch: &amp;apos;amd64&amp;apos;, os.version: &amp;apos;10.0&amp;apos;, java.version: &amp;apos;1.8.0_211&amp;apos;
Driver info: org.openqa.selenium.remote.RemoteWebDriver
Capabilities {acceptInsecureCerts: false, browserName: chrome, browserVersion: 91.0.4472.77, chrome: {chromedriverVersion: 91.0.4472.19 (1bf021f248676..., userDataDir: C:\Users\QATEST~1\AppData\L...}, goog:chromeOptions: {debuggerAddress: localhost:65167}, javascriptEnabled: true, networkConnectionEnabled: false, pageLoadStrategy: normal, platform: WINDOWS, platformName: WINDOWS, proxy: Proxy(), setWindowRect: true, strictFileInteractability: false, timeouts: {implicit: 0, pageLoad: 300000, script: 30000}, unhandledPromptBehavior: dismiss and notify, webauthn:extension:largeBlob: true, webauthn:virtualAuthenticators: true, webdriver.remote.sessionid: 43699cb61bc765dacbe32639765...}
Session ID: 43699cb61bc765dacbe32639765a8e22">
      <![CDATA[org.openqa.selenium.ElementNotInteractableException: element not interactable
  (Session info: chrome=91.0.4472.77)
Build info: version: '3.141.59', revision: 'e82be7d358', time: '2018-11-14T08:17:03'
System info: host: 'CLT-WIN-11717', ip: '172.23.74.86', os.name: 'Windows 10', os.arch: 'amd64', os.version: '10.0', java.version: '1.8.0_211'
Driver info: org.openqa.selenium.remote.RemoteWebDriver
Capabilities {acceptInsecureCerts: false, browserName: chrome, browserVersion: 91.0.4472.77, chrome: {chromedriverVersion: 91.0.4472.19 (1bf021f248676..., userDataDir: C:\Users\QATEST~1\AppData\L...}, goog:chromeOptions: {debuggerAddress: localhost:65167}, javascriptEnabled: true, networkConnectionEnabled: false, pageLoadStrategy: normal, platform: WINDOWS, platformName: WINDOWS, proxy: Proxy(), setWindowRect: true, strictFileInteractability: false, timeouts: {implicit: 0, pageLoad: 300000, script: 30000}, unhandledPromptBehavior: dismiss and notify, webauthn:extension:largeBlob: true, webauthn:virtualAuthenticators: true, webdriver.remote.sessionid: 43699cb61bc765dacbe32639765...}
Session ID: 43699cb61bc765dacbe32639765a8e22
at org.openqa.selenium.remote.http.W3CHttpResponseCodec.createException(W3CHttpResponseCodec.java:187)
at org.openqa.selenium.remote.http.W3CHttpResponseCodec.decode(W3CHttpResponseCodec.java:122)
at org.openqa.selenium.remote.http.W3CHttpResponseCodec.decode(W3CHttpResponseCodec.java:49)
at org.openqa.selenium.remote.HttpCommandExecutor.execute(HttpCommandExecutor.java:158)
at org.openqa.selenium.remote.RemoteWebDriver.execute(RemoteWebDriver.java:552)
at org.openqa.selenium.remote.RemoteWebElement.execute(RemoteWebElement.java:285)
at org.openqa.selenium.remote.RemoteWebElement.click(RemoteWebElement.java:84)
at page_critical_scenarios.DiscussionPage.click_Upcoming_Discussions_Dropdown_Arrow(DiscussionPage.java:1257)
at page_critical_scenarios.DiscussionPage.close_Open_Upcoming_And_Closed_Discussions(DiscussionPage.java:1289)
at tests_critical_scenarios.CreateDiscussionSenarios1.close_Open_Upcoming_Closed_Discussions(CreateDiscussionSenarios1.java:147)
at java.util.concurrent.ThreadPoolExecutor.runWorker(ThreadPoolExecutor.java:1149)
at java.util.concurrent.ThreadPoolExecutor$Worker.run(ThreadPoolExecutor.java:624)
at java.lang.Thread.run(Thread.java:748)
... Removed 16 stack frames]]>
    </failure>
  </testcase> <!-- close_Open_Upcoming_Closed_Discussions -->
  <testcase name="autoUser_login" time="4.584" classname="tests_critical_scenarios.CreateBookSecuredCategory"/>
  <testcase name="systemAdmin_Set_User_As_Workroom_Admin" time="13.418" classname="tests_critical_scenarios.LoginForeignLanguageWorkroomAdmin"/>
  <testcase name="user_Can_Open_Directory" time="1.829" classname="tests_critical_scenarios.LoginForeignLanguageWorkroomAdmin"/>
  <testcase name="open_User_Profile_WorkroomAdmin" time="6.404" classname="tests_critical_scenarios.LoginForeignLanguageWorkroomAdmin"/>
  <testcase name="Workroom_Admin_Can_Open_Library_Page_For_Workroom" time="9.218" classname="tests_critical_scenarios.CreateBookSecuredCategory"/>
  <testcase name="Workroom_Admin_Can_Create_New_Book_And_Add_Title" time="3.866" classname="tests_critical_scenarios.CreateBookSecuredCategory"/>
  <testcase name="Workroom_Admin_Can_Add_Agenda" time="2.46" classname="tests_critical_scenarios.CreateBookSecuredCategory"/>
  <testcase name="select_Foreign_Language_Spanish" time="9.685" classname="tests_critical_scenarios.LoginForeignLanguageWorkroomAdmin"/>
  <testcase name="Workroom_Admin_Click_Save_Continue_Btn" time="4.774" classname="tests_critical_scenarios.CreateBookSecuredCategory"/>
  <testcase name="system_Admin_Logout" time="2.673" classname="tests_critical_scenarios.LoginForeignLanguageWorkroomAdmin"/>
  <testcase name="workroomAdmin_Login_Spanish" time="4.527" classname="tests_critical_scenarios.LoginForeignLanguageWorkroomAdmin"/>
  <testcase name="Workroom_Admin_Add_First_Catagory_To_Book" time="7.018" classname="tests_critical_scenarios.CreateBookSecuredCategory"/>
  <testcase name="user_Can_Open_Directory_Spanish" time="1.752" classname="tests_critical_scenarios.LoginForeignLanguageWorkroomAdmin"/>
  <testcase name="Workroom_Admin_Add_File_To_First_Catagory" time="6.62" classname="tests_critical_scenarios.CreateBookSecuredCategory"/>
  <testcase name="open_User_Profile_WorkroomAdmin_Spanish" time="6.379" classname="tests_critical_scenarios.LoginForeignLanguageWorkroomAdmin"/>
  <testcase name="Workroom_Admin_Can_Open_Secured_Category" time="4.877" classname="tests_critical_scenarios.CreateBookSecuredCategory"/>
  <testcase name="select_Foreign_Language_English" time="9.623" classname="tests_critical_scenarios.LoginForeignLanguageWorkroomAdmin"/>
  <testcase name="steve_System_Logout_Spanish" time="2.556" classname="tests_critical_scenarios.LoginForeignLanguageWorkroomAdmin"/>
  <testcase name="Workroom_Admin_Can_Add_User_As_Secured_Category_User" time="9.08" classname="tests_critical_scenarios.CreateBookSecuredCategory"/>
  <testcase name="automation_Tester_Login_English" time="4.791" classname="tests_critical_scenarios.LoginForeignLanguageWorkroomAdmin"/>
  <testcase name="admin_Opens_Site_Settings_Workrooms_And_Groups_Agian" time="2.744" classname="tests_critical_scenarios.LoginForeignLanguageWorkroomAdmin"/>
  <testcase name="Workroom_Admin_Add_Second_Catagory_To_Book" time="9.176" classname="tests_critical_scenarios.CreateBookSecuredCategory"/>
  <testcase name="Workroom_Admin_add_File_To_Second_Catagory" time="9.145" classname="tests_critical_scenarios.CreateBookSecuredCategory"/>
  <testcase name="set_User_Back_As_Workroom_Member" time="12.895" classname="tests_critical_scenarios.LoginForeignLanguageWorkroomAdmin"/>
  <testcase name="autoUser_login" time="4.676" classname="tests_critical_scenarios.CreateMessageWorkroom"/>
  <testcase name="user_Open_Workroom" time="4.888" classname="tests_critical_scenarios.CreateMessageWorkroom"/>
  <testcase name="user_Open_Message_Workroom_Window" time="1.702" classname="tests_critical_scenarios.CreateMessageWorkroom"/>
  <testcase name="user_Can_Remove_User_From_List" time="5.53" classname="tests_critical_scenarios.CreateMessageWorkroom"/>
  <testcase name="user_Can_Add_Manual_Email_To_List" time="1.672" classname="tests_critical_scenarios.CreateMessageWorkroom"/>
  <testcase name="user_Populate_Email_Form_Send_Message" time="0.966" classname="tests_critical_scenarios.CreateMessageWorkroom"/>
  <testcase name="user_Can_Build_Book" time="24.682" classname="tests_critical_scenarios.CreateBookSecuredCategory"/>
  <testcase name="make_Book_Visible" time="4.787" classname="tests_critical_scenarios.CreateBookSecuredCategory"/>
  <testcase name="workroomAdmin_Close_And_Logout" time="2.712" classname="tests_critical_scenarios.CreateBookSecuredCategory"/>
  <testcase name="verify_Email_Sent_Verification_Messages" time="8.582" classname="tests_critical_scenarios.CreateMessageWorkroom"/>
  <testcase name="workroom_Member_Login_To_BoardEffect" time="5.419" classname="tests_critical_scenarios.CreateBookSecuredCategory"/>
  <testcase name="autoUser_login" time="4.865" classname="tests_critical_scenarios.CreateEditCopyDeleteEvent"/>
  <testcase name="workroom_Member_Open_Workroom_AutoBE_Library_Page" time="9.097" classname="tests_critical_scenarios.CreateBookSecuredCategory"/>
  <testcase name="admin_Open_Workroom_AutoBE_Events" time="7.329" classname="tests_critical_scenarios.CreateEditCopyDeleteEvent"/>
  <testcase name="workroom_Member_Secured_Category_Not_Displayed" time="9.554" classname="tests_critical_scenarios.CreateBookSecuredCategory"/>
  <testcase name="workroom_Member_Sees_New_Category_2_Present" time="0.059" classname="tests_critical_scenarios.CreateBookSecuredCategory"/>
  <testcase name="autoDirector_Close_And_Logout" time="2.799" classname="tests_critical_scenarios.CreateBookSecuredCategory"/>
  <testcase name="user_Can_Create_New_Event" time="15.238" classname="tests_critical_scenarios.CreateEditCopyDeleteEvent"/>
  <testcase name="loginBE_WorkroomAdmin" time="6.431" classname="tests_critical_scenarios.CreateBookSecuredCategory"/>
  <testcase name="workroom_Member_Open_Library_Page_For_Workroom_2nd_Time" time="5.767" classname="tests_critical_scenarios.CreateBookSecuredCategory"/>
  <testcase name="user_Can_Edit_Event" time="10.797" classname="tests_critical_scenarios.CreateEditCopyDeleteEvent"/>
  <testcase name="workroom_Member_NewCatagory_And_NewCatagory2_Is_Displayed" time="5.015" classname="tests_critical_scenarios.CreateBookSecuredCategory"/>
  <testcase name="user_Can_Copy_Event" time="2.904" classname="tests_critical_scenarios.CreateEditCopyDeleteEvent"/>
  <testcase name="workroomAdmin_Close_And_Logout_2nd_Time" time="2.717" classname="tests_critical_scenarios.CreateBookSecuredCategory"/>
  <testcase name="user_Can_Delete_Copied_Event" time="2.574" classname="tests_critical_scenarios.CreateEditCopyDeleteEvent"/>
  <testcase name="autoUser_login_2nd_Time" time="4.326" classname="tests_critical_scenarios.CreateBookSecuredCategory"/>
  <testcase name="workroom_Member_Open_Library_Page_For_Workroom_3rd_Time" time="5.656" classname="tests_critical_scenarios.CreateBookSecuredCategory"/>
  <testcase name="user_Can_Delete_Book" time="6.069" classname="tests_critical_scenarios.CreateBookSecuredCategory"/>
  <testcase name="user_Delete_Event" time="19.007" classname="tests_critical_scenarios.CreateEditCopyDeleteEvent"/>
  <testcase name="verify_Book_Deleted" time="8.388" classname="tests_critical_scenarios.CreateBookSecuredCategory"/>
  <testcase name="autoUser_login" time="5.732" classname="tests_critical_scenarios.CreateBookCreateEventAttachBookAttachResource"/>
  <testcase name="autoUser_login" time="4.768" classname="tests_critical_scenarios.CreateEditDeleteBookTemplate"/>
  <testcase name="user_Can_Open_Library_Page_For_Workroom" time="7.604" classname="tests_critical_scenarios.CreateBookCreateEventAttachBookAttachResource"/>
  <testcase name="open_Library_Page_for_Workroom" time="7.001" classname="tests_critical_scenarios.CreateEditDeleteBookTemplate"/>
  <testcase name="create_Book_Add_Title_A" time="3.829" classname="tests_critical_scenarios.CreateBookCreateEventAttachBookAttachResource"/>
  <testcase name="user_Can_Add_Cover_Page" time="4.98" classname="tests_critical_scenarios.CreateBookCreateEventAttachBookAttachResource"/>
  <testcase name="user_Create_New_BookTemplate" time="5.944" classname="tests_critical_scenarios.CreateEditDeleteBookTemplate"/>
  <testcase name="user_Can_Add_Agenda" time="1.507" classname="tests_critical_scenarios.CreateBookCreateEventAttachBookAttachResource"/>
  <testcase name="user_Can_Save_Book_And_Continue" time="2.921" classname="tests_critical_scenarios.CreateBookCreateEventAttachBookAttachResource"/>
  <testcase name="user_Add_Coverpage_To_Book_Template" time="4.479" classname="tests_critical_scenarios.CreateEditDeleteBookTemplate"/>
  <testcase name="user_Add_Agenda_To_Template" time="1.498" classname="tests_critical_scenarios.CreateEditDeleteBookTemplate"/>
  <testcase name="user_Save_Book_Template" time="3.171" classname="tests_critical_scenarios.CreateEditDeleteBookTemplate"/>
  <testcase name="user_Add_First_Catagory_To_Book" time="5.944" classname="tests_critical_scenarios.CreateBookCreateEventAttachBookAttachResource"/>
  <testcase name="user_Add_First_Catagory_To_Book_Template" time="5.854" classname="tests_critical_scenarios.CreateEditDeleteBookTemplate"/>
  <testcase name="user_Add_File_To_First_Catagory" time="8.409" classname="tests_critical_scenarios.CreateBookCreateEventAttachBookAttachResource"/>
  <testcase name="user_Add_File_To_First_Catagory" time="6.451" classname="tests_critical_scenarios.CreateEditDeleteBookTemplate"/>
  <testcase name="user_Add_Second_Catagory_To_Handbook" time="4.717" classname="tests_critical_scenarios.CreateEditDeleteBookTemplate"/>
  <testcase name="add_File_To_Second_Catagory" time="9.652" classname="tests_critical_scenarios.CreateEditDeleteBookTemplate"/>
  <testcase name="open_Book_From_Templates_Page" time="2.146" classname="tests_critical_scenarios.CreateEditDeleteBookTemplate"/>
  <testcase name="user_Can_Build_Book" time="22.575" classname="tests_critical_scenarios.CreateBookCreateEventAttachBookAttachResource"/>
  <testcase name="make_Book_Visible" time="4.569" classname="tests_critical_scenarios.CreateBookCreateEventAttachBookAttachResource"/>
  <testcase name="edit_Book_Template" time="22.589" classname="tests_critical_scenarios.CreateEditDeleteBookTemplate"/>
  <testcase name="create_New_Event_A" time="16.459" classname="tests_critical_scenarios.CreateBookCreateEventAttachBookAttachResource"/>
  <testcase name="user_Click_Attach_Create_And_Click_Resource_Tab" time="2.864" classname="tests_critical_scenarios.CreateBookCreateEventAttachBookAttachResource"/>
  <testcase name="delete_Edited_Book_Template" time="5.357" classname="tests_critical_scenarios.CreateEditDeleteBookTemplate"/>
  <testcase name="user_Can_Attach_Resource_To_Event_And_Save" time="11.061" classname="tests_critical_scenarios.CreateBookCreateEventAttachBookAttachResource"/>
  <testcase name="verify_Edited_Book_Template_Deleted" time="11.18" classname="tests_critical_scenarios.CreateEditDeleteBookTemplate"/>
  <testcase name="user_Can_Attach_Book_To_Event" time="10.053" classname="tests_critical_scenarios.CreateBookCreateEventAttachBookAttachResource"/>
  <testcase name="autoUser_login" time="5.768" classname="tests_critical_scenarios.CreateEditDeleteHandbook"/>
  <testcase name="verify_Book_And_Resource_Tabs_Appear_On_Event_Card" time="2.476" classname="tests_critical_scenarios.CreateBookCreateEventAttachBookAttachResource"/>
  <testcase name="user_Opens_Library_Page_For_Workroom" time="7.239" classname="tests_critical_scenarios.CreateEditDeleteHandbook"/>
  <testcase name="verify_Book_And_Resource_Tabs_Appear_On_Event_Details" time="6.268" classname="tests_critical_scenarios.CreateBookCreateEventAttachBookAttachResource"/>
  <testcase name="user_Can_Create_New_Handbook" time="4.836" classname="tests_critical_scenarios.CreateEditDeleteHandbook"/>
  <testcase name="user_Add_CoverPage_To_HandBook" time="4.815" classname="tests_critical_scenarios.CreateEditDeleteHandbook"/>
  <testcase name="user_Add_Agenda_To_HandBook" time="1.431" classname="tests_critical_scenarios.CreateEditDeleteHandbook"/>
  <testcase name="delete_Event_Verify_Deleted" time="11.955" classname="tests_critical_scenarios.CreateBookCreateEventAttachBookAttachResource"/>
  <testcase name="user_Save_HandBook" time="4.443" classname="tests_critical_scenarios.CreateEditDeleteHandbook"/>
  <testcase name="delete_Book" time="9.355" classname="tests_critical_scenarios.CreateBookCreateEventAttachBookAttachResource"/>
  <testcase name="user_Add_First_Catagory_To_HandBook" time="5.872" classname="tests_critical_scenarios.CreateEditDeleteHandbook"/>
  <testcase name="user_Add_File_To_First_Catagory" time="6.218" classname="tests_critical_scenarios.CreateEditDeleteHandbook"/>
  <testcase name="verify_Book_Deleted" time="8.299" classname="tests_critical_scenarios.CreateBookCreateEventAttachBookAttachResource"/>
  <testcase name="user_Add_Second_Catagory_To_Handbook" time="4.709" classname="tests_critical_scenarios.CreateEditDeleteHandbook"/>
  <testcase name="add_File_To_Second_Catagory" time="9.574" classname="tests_critical_scenarios.CreateEditDeleteHandbook"/>
  <testcase name="login" time="7.096" classname="tests_critical_scenarios.CreatePollQuestionAndDelete"/>
  <testcase name="create_Poll" time="12.528" classname="tests_critical_scenarios.CreatePollQuestionAndDelete"/>
  <testcase name="create_Poll_Question" time="5.998" classname="tests_critical_scenarios.CreatePollQuestionAndDelete"/>
  <testcase name="build_Handbook" time="22.041" classname="tests_critical_scenarios.CreateEditDeleteHandbook"/>
  <testcase name="make_Handbook_Visible" time="4.606" classname="tests_critical_scenarios.CreateEditDeleteHandbook"/>
  <testcase name="add_Poll_Respondents" time="13.081" classname="tests_critical_scenarios.CreatePollQuestionAndDelete"/>
  <testcase name="build_Poll_Make_Visible" time="8.97" classname="tests_critical_scenarios.CreatePollQuestionAndDelete"/>
  <testcase name="delete_Poll" time="6.064" classname="tests_critical_scenarios.CreatePollQuestionAndDelete"/>
  <testcase name="login" time="5.128" classname="tests_critical_scenarios.CreateSurveyQuestionsAndDelete"/>
  <testcase name="edit_Handbook" time="41.378" classname="tests_critical_scenarios.CreateEditDeleteHandbook"/>
  <testcase name="create_Survey" time="16.319" classname="tests_critical_scenarios.CreateSurveyQuestionsAndDelete"/>
  <testcase name="delete_Edited_Handbook" time="6.728" classname="tests_critical_scenarios.CreateEditDeleteHandbook"/>
  <testcase name="create_TextField_Question" time="8.226" classname="tests_critical_scenarios.CreateSurveyQuestionsAndDelete"/>
  <testcase name="verify_Handbook_Deleted" time="11.607" classname="tests_critical_scenarios.CreateEditDeleteHandbook"/>
  <testcase name="create_CheckBox_Question" time="14.26" classname="tests_critical_scenarios.CreateSurveyQuestionsAndDelete"/>
  <testcase name="systemAdmin_login" time="4.863" classname="tests_critical_scenarios.CreateBookUploadMyOwnBook"/>
  <testcase name="user_Can_Open_Library_Page_For_Workroom" time="7.67" classname="tests_critical_scenarios.CreateBookUploadMyOwnBook"/>
  <testcase name="user_Can_Create_New_Book" time="3.794" classname="tests_critical_scenarios.CreateBookUploadMyOwnBook"/>
  <testcase name="create_DropdownList_Question" time="12.428" classname="tests_critical_scenarios.CreateSurveyQuestionsAndDelete"/>
  <testcase name="user_Can_Upload_New_Book" time="8.926" classname="tests_critical_scenarios.CreateBookUploadMyOwnBook"/>
  <testcase name="user_Can_Make_Upload_Book_Visible" time="1.408" classname="tests_critical_scenarios.CreateBookUploadMyOwnBook"/>
  <testcase name="create_RadioButtons_Question" time="12.395" classname="tests_critical_scenarios.CreateSurveyQuestionsAndDelete"/>
  <testcase name="create_Paragraph_Question" time="7.884" classname="tests_critical_scenarios.CreateSurveyQuestionsAndDelete"/>
  <testcase name="user_Can_Delete_Book" time="13.299" classname="tests_critical_scenarios.CreateBookUploadMyOwnBook"/>
  <testcase name="create_Heading_Question" time="8.834" classname="tests_critical_scenarios.CreateSurveyQuestionsAndDelete"/>
  <testcase name="verify_Book_Deleted" time="10.409" classname="tests_critical_scenarios.CreateBookUploadMyOwnBook"/>
  <testcase name="create_Linear_Scale" time="12.78" classname="tests_critical_scenarios.CreateSurveyQuestionsAndDelete"/>
  <testcase name="systemAdmin_login" time="5.453" classname="tests_critical_scenarios.CreateDeleteWorkgroup"/>
  <testcase name="user_Opens_Settings_Opens_Workroom_And_Group_Settings" time="2.812" classname="tests_critical_scenarios.CreateDeleteWorkgroup"/>
  <testcase name="add_Survey_Respondents" time="11.859" classname="tests_critical_scenarios.CreateSurveyQuestionsAndDelete"/>
  <testcase name="user_Can_Create_New_Group" time="10.625" classname="tests_critical_scenarios.CreateDeleteWorkgroup"/>
  <testcase name="build_Survey_Make_Visible" time="13.369" classname="tests_critical_scenarios.CreateSurveyQuestionsAndDelete"/>
  <testcase name="user_Can_Delete_New_Group" time="15.137" classname="tests_critical_scenarios.CreateDeleteWorkgroup"/>
  <testcase name="user_Opens_Settings_Opens_Workroom_And_Group_Settings_Again" time="2.762" classname="tests_critical_scenarios.CreateDeleteWorkgroup"/>
  <testcase name="delete_Survey" time="8.303" classname="tests_critical_scenarios.CreateSurveyQuestionsAndDelete"/>
  <testcase name="navigate_To_Workgroups_Tab" time="4.977" classname="tests_critical_scenarios.CreateDeleteWorkgroup"/>
  <testcase name="systemAdmin_login" time="4.742" classname="tests_critical_scenarios.CreateDeleteWorkroom"/>
  <testcase name="verify_Group_Deleted" time="5.107" classname="tests_critical_scenarios.CreateDeleteWorkgroup"/>
  <testcase name="user_Opens_Settings_Opens_Workroom_And_Group_Settings" time="2.818" classname="tests_critical_scenarios.CreateDeleteWorkroom"/>
  <testcase name="systemAdmin_login" time="4.84" classname="tests_critical_scenarios.LoginEnglishSystemAdmin"/>
  <testcase name="user_Can_Create_New_Workroom" time="9.278" classname="tests_critical_scenarios.CreateDeleteWorkroom"/>
  <testcase name="user_Can_Open_Directory" time="1.791" classname="tests_critical_scenarios.LoginEnglishSystemAdmin"/>
  <testcase name="user_Can_Deactivate_Workroom" time="5.174" classname="tests_critical_scenarios.CreateDeleteWorkroom"/>
  <testcase name="open_User_Profile_SystemAdminEng" time="5.138" classname="tests_critical_scenarios.LoginEnglishSystemAdmin"/>
  <testcase name="user_Opens_Settings_Opens_Workroom_And_Group_Settings_Again" time="5.686" classname="tests_critical_scenarios.CreateDeleteWorkroom"/>
  <testcase name="navigate_To_English_Language" time="6.737" classname="tests_critical_scenarios.LoginEnglishSystemAdmin"/>
  <testcase name="system_Admin_Logout" time="2.791" classname="tests_critical_scenarios.LoginEnglishSystemAdmin"/>
  <testcase name="user_Can_Delete_Workroom" time="11.638" classname="tests_critical_scenarios.CreateDeleteWorkroom"/>
  <testcase name="systemAdmin_login" time="5.224" classname="tests_critical_scenarios.LoginForeignLanguageNonAdmin"/>
  <testcase name="user_Can_Open_Directory" time="1.863" classname="tests_critical_scenarios.LoginForeignLanguageNonAdmin"/>
  <testcase name="verify_Workroom_Deleted" time="9.614" classname="tests_critical_scenarios.CreateDeleteWorkroom"/>
  <testcase name="open_User_Profile_NonAdmin" time="7.08" classname="tests_critical_scenarios.LoginForeignLanguageNonAdmin"/>
  <testcase name="systemAdmin_login" time="4.706" classname="tests_critical_scenarios.LoginForeignLanguageSystemAdmin"/>
  <testcase name="user_Can_Open_Directory" time="1.845" classname="tests_critical_scenarios.LoginForeignLanguageSystemAdmin"/>
  <testcase name="select_Foreign_Language_Spanish" time="10.991" classname="tests_critical_scenarios.LoginForeignLanguageNonAdmin"/>
  <testcase name="system_Admin_Logout" time="2.833" classname="tests_critical_scenarios.LoginForeignLanguageNonAdmin"/>
  <testcase name="open_User_Profile_SystemAdmin" time="6.489" classname="tests_critical_scenarios.LoginForeignLanguageSystemAdmin"/>
  <testcase name="systemAdmin_Login_Spanish" time="4.691" classname="tests_critical_scenarios.LoginForeignLanguageNonAdmin"/>
  <testcase name="user_Can_Open_Directory_Spanish" time="1.86" classname="tests_critical_scenarios.LoginForeignLanguageNonAdmin"/>
  <testcase name="select_Foreign_Language_Spanish" time="10.061" classname="tests_critical_scenarios.LoginForeignLanguageSystemAdmin"/>
  <testcase name="open_User_Profile_NonAdmin_Spanish" time="6.368" classname="tests_critical_scenarios.LoginForeignLanguageNonAdmin"/>
  <testcase name="system_Admin_Logout" time="2.721" classname="tests_critical_scenarios.LoginForeignLanguageSystemAdmin"/>
  <testcase name="systemAdmin_Login_Spanish" time="4.206" classname="tests_critical_scenarios.LoginForeignLanguageSystemAdmin"/>
  <testcase name="user_Can_Open_Directory_Spanish" time="1.786" classname="tests_critical_scenarios.LoginForeignLanguageSystemAdmin"/>
  <testcase name="select_Foreign_Language_English" time="10.007" classname="tests_critical_scenarios.LoginForeignLanguageNonAdmin"/>
  <testcase name="steve_System_Logout_Spanish" time="2.677" classname="tests_critical_scenarios.LoginForeignLanguageNonAdmin"/>
  <testcase name="open_User_Profile_SystemAdmin_Spanish" time="6.356" classname="tests_critical_scenarios.LoginForeignLanguageSystemAdmin"/>
  <testcase name="systemAdmin_Login_English" time="6.826" classname="tests_critical_scenarios.LoginForeignLanguageNonAdmin"/>
  <testcase name="verify_English_Welcome_Message" time="0.194" classname="tests_critical_scenarios.LoginForeignLanguageNonAdmin"/>
  <testcase name="select_Foreign_Language_English" time="10.905" classname="tests_critical_scenarios.LoginForeignLanguageSystemAdmin"/>
  <testcase name="steve_System_Logout_Spanish" time="2.671" classname="tests_critical_scenarios.LoginForeignLanguageSystemAdmin"/>
  <testcase name="systemAdmin_login" time="4.579" classname="tests_critical_scenarios.ResetUserPassword"/>
  <testcase name="systemAdmin_Opens_Directory_Search_For_User" time="4.213" classname="tests_critical_scenarios.ResetUserPassword"/>
  <testcase name="systemAdmin_Login_English" time="6.96" classname="tests_critical_scenarios.LoginForeignLanguageSystemAdmin"/>
  <testcase name="verify_Atlas_Left_Nav_Bar" time="0.199" classname="tests_critical_scenarios.LoginForeignLanguageSystemAdmin"/>
  <testcase name="systemAdmin_Update_User_Password" time="6.964" classname="tests_critical_scenarios.ResetUserPassword"/>
  <testcase name="systemAdmin_Close_Profile_And_Logout" time="2.92" classname="tests_critical_scenarios.ResetUserPassword"/>
  <testcase name="systemAdmin_login" time="5.109" classname="tests_critical_scenarios.RunAttendanceReport"/>
  <testcase name="workroom_Member_Login_To_BoardEffect" time="1.49" classname="tests_critical_scenarios.ResetUserPassword"/>
  <testcase name="user_Opens_Settings_Form_Open_Reports" time="3.024" classname="tests_critical_scenarios.RunAttendanceReport"/>
  <testcase name="user_Can_Open_Attendance_Menu" time="1.566" classname="tests_critical_scenarios.RunAttendanceReport"/>
  <testcase name="workroom_Member_Close_Profile_And_Logout" time="4.318" classname="tests_critical_scenarios.ResetUserPassword"/>
  <testcase name="systemAdmin_Login_2nd_Time" time="4.259" classname="tests_critical_scenarios.ResetUserPassword"/>
  <testcase name="user_Can_Configure_Attendence_Report" time="4.598" classname="tests_critical_scenarios.RunAttendanceReport"/>
  <testcase name="user_Can_Verify_Filter_Change" time="0.172" classname="tests_critical_scenarios.RunAttendanceReport"/>
  <testcase name="systemAdmin_Update_User_Password_Back_To_Original" time="12.532" classname="tests_critical_scenarios.ResetUserPassword"/>
  <testcase name="user_Generate_And_Download_PDF_Report" time="12.057" classname="tests_critical_scenarios.RunAttendanceReport"/>
  <testcase name="systemAdmin_Can_Sign_Out" time="2.616" classname="tests_critical_scenarios.ResetUserPassword"/>
  <testcase name="workroom_Member_Login_To_BoardEffect_Orginal_Password" time="1.5" classname="tests_critical_scenarios.ResetUserPassword"/>
  <testcase name="workroom_Member_Login_With_Updated_Password" time="1.212" classname="tests_critical_scenarios.ResetUserPassword"/>
  <testcase name="user_Generate_And_Download_Excel_Report" time="10.171" classname="tests_critical_scenarios.RunAttendanceReport"/>
  <testcase name="systemAdmin_login" time="7.351" classname="tests_critical_scenarios.CreateResourceLibraryFolderAddFile"/>
  <testcase name="user_Can_Open_Libraries_Form" time="2.527" classname="tests_critical_scenarios.CreateResourceLibraryFolderAddFile"/>
  <testcase name="systemAdmin_login" time="5.326" classname="tests_critical_scenarios.SetUserWorkroomMemberNoEventPermission"/>
  <testcase name="systemAdmin_Open_Settings_Then_Workroom_And_Group_Settings" time="2.915" classname="tests_critical_scenarios.SetUserWorkroomMemberNoEventPermission"/>
  <testcase name="user_Can_Create_New_Resource_Library_Folder" time="4.115" classname="tests_critical_scenarios.CreateResourceLibraryFolderAddFile"/>
  <testcase name="user_Can_Open_Resource_Library_Folder" time="3.952" classname="tests_critical_scenarios.CreateResourceLibraryFolderAddFile"/>
  <testcase name="user_Can_Add_Resource_File_To_Folder" time="4.954" classname="tests_critical_scenarios.CreateResourceLibraryFolderAddFile"/>
  <testcase name="user_Can_Delete_File" time="4.089" classname="tests_critical_scenarios.CreateResourceLibraryFolderAddFile"/>
  <testcase name="user_Can_Delete_Folder" time="12.012" classname="tests_critical_scenarios.CreateResourceLibraryFolderAddFile">
    <failure type="org.openqa.selenium.NoSuchElementException" message="no such element: Unable to locate element: {&amp;quot;method&amp;quot;:&amp;quot;xpath&amp;quot;,&amp;quot;selector&amp;quot;:&amp;quot;//span[contains(text(),&amp;apos;Libraries&amp;apos;)]&amp;quot;}
  (Session info: chrome=91.0.4472.77)
For documentation on this error, please visit: https://www.seleniumhq.org/exceptions/no_such_element.html
Build info: version: &amp;apos;3.141.59&amp;apos;, revision: &amp;apos;e82be7d358&amp;apos;, time: &amp;apos;2018-11-14T08:17:03&amp;apos;
System info: host: &amp;apos;CLT-WIN-11717&amp;apos;, ip: &amp;apos;172.23.74.86&amp;apos;, os.name: &amp;apos;Windows 10&amp;apos;, os.arch: &amp;apos;amd64&amp;apos;, os.version: &amp;apos;10.0&amp;apos;, java.version: &amp;apos;1.8.0_211&amp;apos;
Driver info: org.openqa.selenium.remote.RemoteWebDriver
Capabilities {acceptInsecureCerts: false, browserName: chrome, browserVersion: 91.0.4472.77, chrome: {chromedriverVersion: 91.0.4472.19 (1bf021f248676..., userDataDir: C:\Users\QATEST~1\AppData\L...}, goog:chromeOptions: {debuggerAddress: localhost:53335}, javascriptEnabled: true, networkConnectionEnabled: false, pageLoadStrategy: normal, platform: WINDOWS, platformName: WINDOWS, proxy: Proxy(), setWindowRect: true, strictFileInteractability: false, timeouts: {implicit: 0, pageLoad: 300000, script: 30000}, unhandledPromptBehavior: dismiss and notify, webauthn:extension:largeBlob: true, webauthn:virtualAuthenticators: true, webdriver.remote.sessionid: bc85f9ad1aace2d9421d75229c3...}
Session ID: bc85f9ad1aace2d9421d75229c3d910f
*** Element info: {Using=xpath, value=//span[contains(text(),&amp;apos;Libraries&amp;apos;)]}">
      <![CDATA[org.openqa.selenium.NoSuchElementException: no such element: Unable to locate element: {"method":"xpath","selector":"//span[contains(text(),'Libraries')]"}
  (Session info: chrome=91.0.4472.77)
For documentation on this error, please visit: https://www.seleniumhq.org/exceptions/no_such_element.html
Build info: version: '3.141.59', revision: 'e82be7d358', time: '2018-11-14T08:17:03'
System info: host: 'CLT-WIN-11717', ip: '172.23.74.86', os.name: 'Windows 10', os.arch: 'amd64', os.version: '10.0', java.version: '1.8.0_211'
Driver info: org.openqa.selenium.remote.RemoteWebDriver
Capabilities {acceptInsecureCerts: false, browserName: chrome, browserVersion: 91.0.4472.77, chrome: {chromedriverVersion: 91.0.4472.19 (1bf021f248676..., userDataDir: C:\Users\QATEST~1\AppData\L...}, goog:chromeOptions: {debuggerAddress: localhost:53335}, javascriptEnabled: true, networkConnectionEnabled: false, pageLoadStrategy: normal, platform: WINDOWS, platformName: WINDOWS, proxy: Proxy(), setWindowRect: true, strictFileInteractability: false, timeouts: {implicit: 0, pageLoad: 300000, script: 30000}, unhandledPromptBehavior: dismiss and notify, webauthn:extension:largeBlob: true, webauthn:virtualAuthenticators: true, webdriver.remote.sessionid: bc85f9ad1aace2d9421d75229c3...}
Session ID: bc85f9ad1aace2d9421d75229c3d910f
*** Element info: {Using=xpath, value=//span[contains(text(),'Libraries')]}
at org.openqa.selenium.remote.http.W3CHttpResponseCodec.createException(W3CHttpResponseCodec.java:187)
at org.openqa.selenium.remote.http.W3CHttpResponseCodec.decode(W3CHttpResponseCodec.java:122)
at org.openqa.selenium.remote.http.W3CHttpResponseCodec.decode(W3CHttpResponseCodec.java:49)
at org.openqa.selenium.remote.HttpCommandExecutor.execute(HttpCommandExecutor.java:158)
at org.openqa.selenium.remote.RemoteWebDriver.execute(RemoteWebDriver.java:552)
at org.openqa.selenium.remote.RemoteWebDriver.findElement(RemoteWebDriver.java:323)
at org.openqa.selenium.remote.RemoteWebDriver.findElementByXPath(RemoteWebDriver.java:428)
at org.openqa.selenium.By$ByXPath.findElement(By.java:353)
at org.openqa.selenium.remote.RemoteWebDriver.findElement(RemoteWebDriver.java:315)
at org.openqa.selenium.support.ui.ExpectedConditions$7.apply(ExpectedConditions.java:205)
at org.openqa.selenium.support.ui.ExpectedConditions$7.apply(ExpectedConditions.java:201)
at org.openqa.selenium.support.ui.ExpectedConditions$22.apply(ExpectedConditions.java:641)
at org.openqa.selenium.support.ui.ExpectedConditions$22.apply(ExpectedConditions.java:638)
at org.openqa.selenium.support.ui.ExpectedConditions$47.apply(ExpectedConditions.java:1370)
at org.openqa.selenium.support.ui.ExpectedConditions$47.apply(ExpectedConditions.java:1364)
at org.openqa.selenium.support.ui.FluentWait.until(FluentWait.java:249)
at page_critical_scenarios.LibrariesPage.verify_Libraries(LibrariesPage.java:38)
at page_critical_scenarios.LibrariesPage.user_Can_Delete_Folder(LibrariesPage.java:251)
at tests_critical_scenarios.CreateResourceLibraryFolderAddFile.user_Can_Delete_Folder(CreateResourceLibraryFolderAddFile.java:65)
at java.util.concurrent.ThreadPoolExecutor.runWorker(ThreadPoolExecutor.java:1149)
at java.util.concurrent.ThreadPoolExecutor$Worker.run(ThreadPoolExecutor.java:624)
at java.lang.Thread.run(Thread.java:748)
... Removed 16 stack frames]]>
    </failure>
  </testcase> <!-- user_Can_Delete_Folder -->
  <testcase name="systemAdmin_Restrict_User_Access_From_Events" time="32.248" classname="tests_critical_scenarios.SetUserWorkroomMemberNoEventPermission">
    <failure type="org.openqa.selenium.TimeoutException" message="Expected condition failed: waiting for at least one condition to be valid: element to be clickable: By.xpath: //div[starts-with (@id,&amp;apos;collapseWorkroom_&amp;apos;)]//div[@class=&amp;apos;row small-left&amp;apos;]//label[contains(text(),&amp;apos;Events&amp;apos;)] (tried for 20 second(s) with 600 milliseconds interval)
Build info: version: &amp;apos;3.141.59&amp;apos;, revision: &amp;apos;e82be7d358&amp;apos;, time: &amp;apos;2018-11-14T08:17:03&amp;apos;
System info: host: &amp;apos;CLT-WIN-11717&amp;apos;, ip: &amp;apos;172.23.74.86&amp;apos;, os.name: &amp;apos;Windows 10&amp;apos;, os.arch: &amp;apos;amd64&amp;apos;, os.version: &amp;apos;10.0&amp;apos;, java.version: &amp;apos;1.8.0_211&amp;apos;
Driver info: driver.version: unknown">
      <![CDATA[org.openqa.selenium.TimeoutException: Expected condition failed: waiting for at least one condition to be valid: element to be clickable: By.xpath: //div[starts-with (@id,'collapseWorkroom_')]//div[@class='row small-left']//label[contains(text(),'Events')] (tried for 20 second(s) with 600 milliseconds interval)
Build info: version: '3.141.59', revision: 'e82be7d358', time: '2018-11-14T08:17:03'
System info: host: 'CLT-WIN-11717', ip: '172.23.74.86', os.name: 'Windows 10', os.arch: 'amd64', os.version: '10.0', java.version: '1.8.0_211'
Driver info: driver.version: unknown
at org.openqa.selenium.support.ui.FluentWait.timeoutException(FluentWait.java:304)
at org.openqa.selenium.support.ui.FluentWait.until(FluentWait.java:272)
at page_critical_scenarios.PermissionPage.verify_Events(PermissionPage.java:170)
at page_critical_scenarios.PermissionPage.systemAdmin_Restrict_User_Access_From_Events(PermissionPage.java:262)
at tests_critical_scenarios.SetUserWorkroomMemberNoEventPermission.systemAdmin_Restrict_User_Access_From_Events(SetUserWorkroomMemberNoEventPermission.java:34)
at java.util.concurrent.ThreadPoolExecutor.runWorker(ThreadPoolExecutor.java:1149)
at java.util.concurrent.ThreadPoolExecutor$Worker.run(ThreadPoolExecutor.java:624)
at java.lang.Thread.run(Thread.java:748)
... Removed 12 stack frames]]>
    </failure>
  </testcase> <!-- systemAdmin_Restrict_User_Access_From_Events -->
  <testcase name="verify_Folder_Deleted" time="13.195" classname="tests_critical_scenarios.CreateResourceLibraryFolderAddFile">
    <failure type="org.openqa.selenium.ElementNotInteractableException" message="element not interactable
  (Session info: chrome=91.0.4472.77)
Build info: version: &amp;apos;3.141.59&amp;apos;, revision: &amp;apos;e82be7d358&amp;apos;, time: &amp;apos;2018-11-14T08:17:03&amp;apos;
System info: host: &amp;apos;CLT-WIN-11717&amp;apos;, ip: &amp;apos;172.23.74.86&amp;apos;, os.name: &amp;apos;Windows 10&amp;apos;, os.arch: &amp;apos;amd64&amp;apos;, os.version: &amp;apos;10.0&amp;apos;, java.version: &amp;apos;1.8.0_211&amp;apos;
Driver info: org.openqa.selenium.remote.RemoteWebDriver
Capabilities {acceptInsecureCerts: false, browserName: chrome, browserVersion: 91.0.4472.77, chrome: {chromedriverVersion: 91.0.4472.19 (1bf021f248676..., userDataDir: C:\Users\QATEST~1\AppData\L...}, goog:chromeOptions: {debuggerAddress: localhost:53335}, javascriptEnabled: true, networkConnectionEnabled: false, pageLoadStrategy: normal, platform: WINDOWS, platformName: WINDOWS, proxy: Proxy(), setWindowRect: true, strictFileInteractability: false, timeouts: {implicit: 0, pageLoad: 300000, script: 30000}, unhandledPromptBehavior: dismiss and notify, webauthn:extension:largeBlob: true, webauthn:virtualAuthenticators: true, webdriver.remote.sessionid: bc85f9ad1aace2d9421d75229c3...}
Session ID: bc85f9ad1aace2d9421d75229c3d910f">
      <![CDATA[org.openqa.selenium.ElementNotInteractableException: element not interactable
  (Session info: chrome=91.0.4472.77)
Build info: version: '3.141.59', revision: 'e82be7d358', time: '2018-11-14T08:17:03'
System info: host: 'CLT-WIN-11717', ip: '172.23.74.86', os.name: 'Windows 10', os.arch: 'amd64', os.version: '10.0', java.version: '1.8.0_211'
Driver info: org.openqa.selenium.remote.RemoteWebDriver
Capabilities {acceptInsecureCerts: false, browserName: chrome, browserVersion: 91.0.4472.77, chrome: {chromedriverVersion: 91.0.4472.19 (1bf021f248676..., userDataDir: C:\Users\QATEST~1\AppData\L...}, goog:chromeOptions: {debuggerAddress: localhost:53335}, javascriptEnabled: true, networkConnectionEnabled: false, pageLoadStrategy: normal, platform: WINDOWS, platformName: WINDOWS, proxy: Proxy(), setWindowRect: true, strictFileInteractability: false, timeouts: {implicit: 0, pageLoad: 300000, script: 30000}, unhandledPromptBehavior: dismiss and notify, webauthn:extension:largeBlob: true, webauthn:virtualAuthenticators: true, webdriver.remote.sessionid: bc85f9ad1aace2d9421d75229c3...}
Session ID: bc85f9ad1aace2d9421d75229c3d910f
at org.openqa.selenium.remote.http.W3CHttpResponseCodec.createException(W3CHttpResponseCodec.java:187)
at org.openqa.selenium.remote.http.W3CHttpResponseCodec.decode(W3CHttpResponseCodec.java:122)
at org.openqa.selenium.remote.http.W3CHttpResponseCodec.decode(W3CHttpResponseCodec.java:49)
at org.openqa.selenium.remote.HttpCommandExecutor.execute(HttpCommandExecutor.java:158)
at org.openqa.selenium.remote.RemoteWebDriver.execute(RemoteWebDriver.java:552)
at org.openqa.selenium.remote.RemoteWebElement.execute(RemoteWebElement.java:285)
at org.openqa.selenium.remote.RemoteWebElement.click(RemoteWebElement.java:84)
at page_critical_scenarios.LibrariesPage.click_CloseBtn(LibrariesPage.java:274)
at page_critical_scenarios.LibrariesPage.verify_Folder_Deleted(LibrariesPage.java:281)
at tests_critical_scenarios.CreateResourceLibraryFolderAddFile.verify_Folder_Deleted(CreateResourceLibraryFolderAddFile.java:73)
at java.util.concurrent.ThreadPoolExecutor.runWorker(ThreadPoolExecutor.java:1149)
at java.util.concurrent.ThreadPoolExecutor$Worker.run(ThreadPoolExecutor.java:624)
at java.lang.Thread.run(Thread.java:748)
... Removed 16 stack frames]]>
    </failure>
  </testcase> <!-- verify_Folder_Deleted -->
  <testcase name="systemAdmin_Close_And_Logout" time="8.464" classname="tests_critical_scenarios.SetUserWorkroomMemberNoEventPermission"/>
  <testcase name="workroom_Member_Login_To_BoardEffect" time="6.352" classname="tests_critical_scenarios.SetUserWorkroomMemberNoEventPermission"/>
  <testcase name="systemAdmin_login" time="4.644" classname="tests_critical_scenarios.CreateWorkgroupAttachWorkroom"/>
  <testcase name="user_Opens_Settings_Opens_Workroom_And_Group_Settings" time="2.773" classname="tests_critical_scenarios.CreateWorkgroupAttachWorkroom"/>
  <testcase name="user_Can_Create_New_Group" time="8.078" classname="tests_critical_scenarios.CreateWorkgroupAttachWorkroom"/>
  <testcase name="user_attach_workgroup_to_workroom" time="6.694" classname="tests_critical_scenarios.CreateWorkgroupAttachWorkroom"/>
  <testcase name="workroom_Admin_Not_See_Event_Due_To_Permissions" time="20.02" classname="tests_critical_scenarios.SetUserWorkroomMemberNoEventPermission">
    <failure type="org.openqa.selenium.TimeoutException" message="Expected condition failed: waiting for at least one condition to be valid: element to be clickable: By.xpath: //a[contains(text(),&amp;apos;AutoBE&amp;apos;)] (tried for 20 second(s) with 600 milliseconds interval)
Build info: version: &amp;apos;3.141.59&amp;apos;, revision: &amp;apos;e82be7d358&amp;apos;, time: &amp;apos;2018-11-14T08:17:03&amp;apos;
System info: host: &amp;apos;CLT-WIN-11717&amp;apos;, ip: &amp;apos;172.23.74.86&amp;apos;, os.name: &amp;apos;Windows 10&amp;apos;, os.arch: &amp;apos;amd64&amp;apos;, os.version: &amp;apos;10.0&amp;apos;, java.version: &amp;apos;1.8.0_211&amp;apos;
Driver info: driver.version: unknown">
      <![CDATA[org.openqa.selenium.TimeoutException: Expected condition failed: waiting for at least one condition to be valid: element to be clickable: By.xpath: //a[contains(text(),'AutoBE')] (tried for 20 second(s) with 600 milliseconds interval)
Build info: version: '3.141.59', revision: 'e82be7d358', time: '2018-11-14T08:17:03'
System info: host: 'CLT-WIN-11717', ip: '172.23.74.86', os.name: 'Windows 10', os.arch: 'amd64', os.version: '10.0', java.version: '1.8.0_211'
Driver info: driver.version: unknown
at org.openqa.selenium.support.ui.FluentWait.timeoutException(FluentWait.java:304)
at org.openqa.selenium.support.ui.FluentWait.until(FluentWait.java:272)
at page_critical_scenarios.PermissionPage.verify_AutoBE(PermissionPage.java:338)
at page_critical_scenarios.PermissionPage.workroom_Admin_Not_See_Event_Due_To_Permissions(PermissionPage.java:361)
at tests_critical_scenarios.SetUserWorkroomMemberNoEventPermission.workroom_Admin_Not_See_Event_Due_To_Permissions(SetUserWorkroomMemberNoEventPermission.java:58)
at java.util.concurrent.ThreadPoolExecutor.runWorker(ThreadPoolExecutor.java:1149)
at java.util.concurrent.ThreadPoolExecutor$Worker.run(ThreadPoolExecutor.java:624)
at java.lang.Thread.run(Thread.java:748)
... Removed 12 stack frames]]>
    </failure>
  </testcase> <!-- workroom_Admin_Not_See_Event_Due_To_Permissions -->
  <testcase name="workroom_Member_Can_Logout" time="4.644" classname="tests_critical_scenarios.SetUserWorkroomMemberNoEventPermission"/>
  <testcase name="verify_Workroom_Attached" time="8.009" classname="tests_critical_scenarios.CreateWorkgroupAttachWorkroom"/>
  <testcase name="systemAdmin_Can_Login_To_BoardEffect_2nd_Time" time="4.452" classname="tests_critical_scenarios.SetUserWorkroomMemberNoEventPermission"/>
  <testcase name="systemAdmin_Open_Settings_Then_Workroom_And_Group_Settings_2nd_Time" time="2.841" classname="tests_critical_scenarios.SetUserWorkroomMemberNoEventPermission"/>
  <testcase name="deactivate_Workgroup" time="5.684" classname="tests_critical_scenarios.CreateWorkgroupAttachWorkroom"/>
  <testcase name="delete_Workroom" time="7.722" classname="tests_critical_scenarios.CreateWorkgroupAttachWorkroom"/>
  <testcase name="verify_Group_Deleted" time="12.593" classname="tests_critical_scenarios.CreateWorkgroupAttachWorkroom"/>
  <testcase name="systemAdmin_Enable_Events_For_Workroom_Member" time="29.735" classname="tests_critical_scenarios.SetUserWorkroomMemberNoEventPermission">
    <failure type="org.openqa.selenium.TimeoutException" message="Expected condition failed: waiting for at least one condition to be valid: element to be clickable: By.xpath: //div[starts-with (@id,&amp;apos;collapseWorkroom_&amp;apos;)]//div[@class=&amp;apos;row small-left&amp;apos;]//label[contains(text(),&amp;apos;Events&amp;apos;)] (tried for 20 second(s) with 600 milliseconds interval)
Build info: version: &amp;apos;3.141.59&amp;apos;, revision: &amp;apos;e82be7d358&amp;apos;, time: &amp;apos;2018-11-14T08:17:03&amp;apos;
System info: host: &amp;apos;CLT-WIN-11717&amp;apos;, ip: &amp;apos;172.23.74.86&amp;apos;, os.name: &amp;apos;Windows 10&amp;apos;, os.arch: &amp;apos;amd64&amp;apos;, os.version: &amp;apos;10.0&amp;apos;, java.version: &amp;apos;1.8.0_211&amp;apos;
Driver info: driver.version: unknown">
      <![CDATA[org.openqa.selenium.TimeoutException: Expected condition failed: waiting for at least one condition to be valid: element to be clickable: By.xpath: //div[starts-with (@id,'collapseWorkroom_')]//div[@class='row small-left']//label[contains(text(),'Events')] (tried for 20 second(s) with 600 milliseconds interval)
Build info: version: '3.141.59', revision: 'e82be7d358', time: '2018-11-14T08:17:03'
System info: host: 'CLT-WIN-11717', ip: '172.23.74.86', os.name: 'Windows 10', os.arch: 'amd64', os.version: '10.0', java.version: '1.8.0_211'
Driver info: driver.version: unknown
at org.openqa.selenium.support.ui.FluentWait.timeoutException(FluentWait.java:304)
at org.openqa.selenium.support.ui.FluentWait.until(FluentWait.java:272)
at page_critical_scenarios.PermissionPage.verify_Events(PermissionPage.java:170)
at page_critical_scenarios.PermissionPage.systemAdmin_Enable_Events_For_Workroom_Member(PermissionPage.java:395)
at tests_critical_scenarios.SetUserWorkroomMemberNoEventPermission.systemAdmin_Enable_Events_For_Workroom_Member(SetUserWorkroomMemberNoEventPermission.java:90)
at java.util.concurrent.ThreadPoolExecutor.runWorker(ThreadPoolExecutor.java:1149)
at java.util.concurrent.ThreadPoolExecutor$Worker.run(ThreadPoolExecutor.java:624)
at java.lang.Thread.run(Thread.java:748)
... Removed 12 stack frames]]>
    </failure>
  </testcase> <!-- systemAdmin_Enable_Events_For_Workroom_Member -->
  <testcase name="systemAdmin_login" time="6.311" classname="tests_critical_scenarios.CreateEditDeleteBookScannedPDF"/>
  <testcase name="systemAdmin_Close_And_Logout_2nd_Time" time="8.734" classname="tests_critical_scenarios.SetUserWorkroomMemberNoEventPermission"/>
  <testcase name="user_Open_Library_Page_For_Workroom" time="7.69" classname="tests_critical_scenarios.CreateEditDeleteBookScannedPDF"/>
  <testcase name="user_Can_Create_New_Book_Add_Title" time="4.649" classname="tests_critical_scenarios.CreateEditDeleteBookScannedPDF"/>
  <testcase name="workroom_Member_Login_To_BoardEffect_2nd_Time" time="6.217" classname="tests_critical_scenarios.SetUserWorkroomMemberNoEventPermission"/>
  <testcase name="user_Can_Add_CoverPage" time="5.798" classname="tests_critical_scenarios.CreateEditDeleteBookScannedPDF"/>
  <testcase name="user_Add_Agenda_To_Template" time="2.195" classname="tests_critical_scenarios.CreateEditDeleteBookScannedPDF"/>
  <testcase name="user_Can_Save_Scanned_Book" time="3.197" classname="tests_critical_scenarios.CreateEditDeleteBookScannedPDF"/>
  <testcase name="user_Add_First_Catagory_To_Scanned_Book" time="5.764" classname="tests_critical_scenarios.CreateEditDeleteBookScannedPDF"/>
  <testcase name="workroom_Member_Sees_Event_Due_To_Permissions" time="20.593" classname="tests_critical_scenarios.SetUserWorkroomMemberNoEventPermission">
    <failure type="org.openqa.selenium.TimeoutException" message="Expected condition failed: waiting for at least one condition to be valid: element to be clickable: By.xpath: //a[contains(text(),&amp;apos;AutoBE&amp;apos;)] (tried for 20 second(s) with 600 milliseconds interval)
Build info: version: &amp;apos;3.141.59&amp;apos;, revision: &amp;apos;e82be7d358&amp;apos;, time: &amp;apos;2018-11-14T08:17:03&amp;apos;
System info: host: &amp;apos;CLT-WIN-11717&amp;apos;, ip: &amp;apos;172.23.74.86&amp;apos;, os.name: &amp;apos;Windows 10&amp;apos;, os.arch: &amp;apos;amd64&amp;apos;, os.version: &amp;apos;10.0&amp;apos;, java.version: &amp;apos;1.8.0_211&amp;apos;
Driver info: driver.version: unknown">
      <![CDATA[org.openqa.selenium.TimeoutException: Expected condition failed: waiting for at least one condition to be valid: element to be clickable: By.xpath: //a[contains(text(),'AutoBE')] (tried for 20 second(s) with 600 milliseconds interval)
Build info: version: '3.141.59', revision: 'e82be7d358', time: '2018-11-14T08:17:03'
System info: host: 'CLT-WIN-11717', ip: '172.23.74.86', os.name: 'Windows 10', os.arch: 'amd64', os.version: '10.0', java.version: '1.8.0_211'
Driver info: driver.version: unknown
at org.openqa.selenium.support.ui.FluentWait.timeoutException(FluentWait.java:304)
at org.openqa.selenium.support.ui.FluentWait.until(FluentWait.java:272)
at page_critical_scenarios.PermissionPage.verify_AutoBE(PermissionPage.java:338)
at page_critical_scenarios.PermissionPage.workroom_Member_Sees_Event_Due_To_Permissions(PermissionPage.java:414)
at tests_critical_scenarios.SetUserWorkroomMemberNoEventPermission.workroom_Member_Sees_Event_Due_To_Permissions(SetUserWorkroomMemberNoEventPermission.java:114)
at java.util.concurrent.ThreadPoolExecutor.runWorker(ThreadPoolExecutor.java:1149)
at java.util.concurrent.ThreadPoolExecutor$Worker.run(ThreadPoolExecutor.java:624)
at java.lang.Thread.run(Thread.java:748)
... Removed 12 stack frames]]>
    </failure>
  </testcase> <!-- workroom_Member_Sees_Event_Due_To_Permissions -->
  <testcase name="user_Add_Scanned_Book_To_New_Catagory" time="7.469" classname="tests_critical_scenarios.CreateEditDeleteBookScannedPDF"/>
  <testcase name="workroom_Member_Can_Logout_2nd_Time" time="4.482" classname="tests_critical_scenarios.SetUserWorkroomMemberNoEventPermission"/>
  <testcase name="systemAdmin_Can_Login_To_BoardEffect_3rd_Time" time="4.409" classname="tests_critical_scenarios.SetUserWorkroomMemberNoEventPermission"/>
  <testcase name="systemAdmin_Open_Settings_Then_Workroom_And_Group_Settings_3rd_Time" time="2.74" classname="tests_critical_scenarios.SetUserWorkroomMemberNoEventPermission"/>
  <testcase name="user_Can_Build_Book" time="14.377" classname="tests_critical_scenarios.CreateEditDeleteBookScannedPDF"/>
  <testcase name="make_Scanned_Book_Visible" time="4.757" classname="tests_critical_scenarios.CreateEditDeleteBookScannedPDF"/>
  <testcase name="systemAdmin_Set_User_As_Workroom_Admin" time="18.332" classname="tests_critical_scenarios.SetUserWorkroomMemberNoEventPermission"/>
  <testcase name="systemAdmin_Close_And_Logout_Agian_2nd_Time" time="8.413" classname="tests_critical_scenarios.SetUserWorkroomMemberNoEventPermission"/>
  <testcase name="workroom_Member_Login_To_BoardEffect_3rd_Time" time="4.387" classname="tests_critical_scenarios.SetUserWorkroomMemberNoEventPermission"/>
  <testcase name="workroom_Member_Open_Library_For_Workroom_Has_New_Book_Button" time="22.055" classname="tests_critical_scenarios.SetUserWorkroomMemberNoEventPermission">
    <failure type="org.openqa.selenium.TimeoutException" message="Expected condition failed: waiting for at least one condition to be valid: element to be clickable: By.xpath: //a[contains(text(),&amp;apos;AutoBE&amp;apos;)] (tried for 20 second(s) with 600 milliseconds interval)
Build info: version: &amp;apos;3.141.59&amp;apos;, revision: &amp;apos;e82be7d358&amp;apos;, time: &amp;apos;2018-11-14T08:17:03&amp;apos;
System info: host: &amp;apos;CLT-WIN-11717&amp;apos;, ip: &amp;apos;172.23.74.86&amp;apos;, os.name: &amp;apos;Windows 10&amp;apos;, os.arch: &amp;apos;amd64&amp;apos;, os.version: &amp;apos;10.0&amp;apos;, java.version: &amp;apos;1.8.0_211&amp;apos;
Driver info: driver.version: unknown">
      <![CDATA[org.openqa.selenium.TimeoutException: Expected condition failed: waiting for at least one condition to be valid: element to be clickable: By.xpath: //a[contains(text(),'AutoBE')] (tried for 20 second(s) with 600 milliseconds interval)
Build info: version: '3.141.59', revision: 'e82be7d358', time: '2018-11-14T08:17:03'
System info: host: 'CLT-WIN-11717', ip: '172.23.74.86', os.name: 'Windows 10', os.arch: 'amd64', os.version: '10.0', java.version: '1.8.0_211'
Driver info: driver.version: unknown
at org.openqa.selenium.support.ui.FluentWait.timeoutException(FluentWait.java:304)
at org.openqa.selenium.support.ui.FluentWait.until(FluentWait.java:272)
at page_critical_scenarios.PermissionPage.verify_AutoBE(PermissionPage.java:338)
at page_critical_scenarios.PermissionPage.workroom_Member_Open_Library_For_Workroom_Has_New_Book_Button(PermissionPage.java:519)
at tests_critical_scenarios.SetUserWorkroomMemberNoEventPermission.workroom_Member_Open_Library_For_Workroom_Has_New_Book_Button(SetUserWorkroomMemberNoEventPermission.java:171)
at java.util.concurrent.ThreadPoolExecutor.runWorker(ThreadPoolExecutor.java:1149)
at java.util.concurrent.ThreadPoolExecutor$Worker.run(ThreadPoolExecutor.java:624)
at java.lang.Thread.run(Thread.java:748)
... Removed 12 stack frames]]>
    </failure>
  </testcase> <!-- workroom_Member_Open_Library_For_Workroom_Has_New_Book_Button -->
  <testcase name="edit_Scanned_Book" time="48.788" classname="tests_critical_scenarios.CreateEditDeleteBookScannedPDF"/>
  <testcase name="workroom_Member_Can_Logout_3rd_Time" time="6.156" classname="tests_critical_scenarios.SetUserWorkroomMemberNoEventPermission"/>
  <testcase name="systemAdmin_Can_Login_To_BoardEffect_4th_Time" time="4.408" classname="tests_critical_scenarios.SetUserWorkroomMemberNoEventPermission"/>
  <testcase name="systemAdmin_Open_Settings_Then_Workroom_And_Group_Settings_4th_Time" time="2.905" classname="tests_critical_scenarios.SetUserWorkroomMemberNoEventPermission"/>
  <testcase name="systemAdmin_Set_User_As_Workroom_Member" time="12.6" classname="tests_critical_scenarios.SetUserWorkroomMemberNoEventPermission"/>
  <testcase name="user_Opens_Meeting_Book_Viewer_And_Scroll" time="21.466" classname="tests_critical_scenarios.CreateEditDeleteBookScannedPDF"/>
  <testcase name="delete_Edited_Scanned_Book" time="7.971" classname="tests_critical_scenarios.CreateEditDeleteBookScannedPDF"/>
  <testcase name="verify_Edited_Scanned_Book_Deleted" time="8.406" classname="tests_critical_scenarios.CreateEditDeleteBookScannedPDF"/>
</testsuite> <!-- Test -->
